Log file open, 05/20/20 19:31:43
LogWindows: Failed to load 'aqProf.dll' (GetLastError=126)
LogWindows: File 'aqProf.dll' does not exist
LogWindows: Failed to load 'VtuneApi.dll' (GetLastError=126)
LogWindows: File 'VtuneApi.dll' does not exist
LogWindows: Failed to load 'VtuneApi32e.dll' (GetLastError=126)
LogWindows: File 'VtuneApi32e.dll' does not exist
LogConsoleResponse: Display: Failed to find resolution value strings in scalability ini. Falling back to default.
LogInit: Display: Running engine for game: IK2
LogPlatformFile: Not using cached read wrapper
LogTaskGraph: Started task graph with 5 named threads and 14 total threads with 3 sets of task threads.
LogStats: Stats thread started at 0.262735
LogD3D11RHI: Loaded GFSDK_Aftermath_Lib.x64.dll
LogICUInternationalization: ICU TimeZone Detection - Raw Offset: +9:00, Platform Override: ''
LogPluginManager: Mounting plugin Paper2D
LogPluginManager: Mounting plugin AISupport
LogPluginManager: Mounting plugin LightPropagationVolume
LogPluginManager: Mounting plugin ActorLayerUtilities
LogPluginManager: Mounting plugin AnimationSharing
LogPluginManager: Mounting plugin CLionSourceCodeAccess
LogPluginManager: Mounting plugin CodeLiteSourceCodeAccess
LogPluginManager: Mounting plugin GitSourceControl
LogPluginManager: Mounting plugin KDevelopSourceCodeAccess
LogPluginManager: Mounting plugin NullSourceCodeAccess
LogPluginManager: Mounting plugin PerforceSourceControl
LogPluginManager: Mounting plugin SubversionSourceControl
LogPluginManager: Mounting plugin UObjectPlugin
LogPluginManager: Mounting plugin VisualStudioCodeSourceCodeAccess
LogPluginManager: Mounting plugin VisualStudioSourceCodeAccess
LogPluginManager: Mounting plugin XCodeSourceCodeAccess
LogPluginManager: Mounting plugin AssetManagerEditor
LogPluginManager: Mounting plugin CryptoKeys
LogPluginManager: Mounting plugin CurveEditorTools
LogPluginManager: Mounting plugin DataValidation
LogPluginManager: Mounting plugin FacialAnimation
LogPluginManager: Mounting plugin GameplayTagsEditor
LogPluginManager: Mounting plugin MacGraphicsSwitching
LogPluginManager: Mounting plugin MaterialAnalyzer
LogPluginManager: Mounting plugin MobileLauncherProfileWizard
LogPluginManager: Mounting plugin PluginBrowser
LogPluginManager: Mounting plugin SpeedTreeImporter
LogPluginManager: Mounting plugin DatasmithContent
LogPluginManager: Mounting plugin VariantManagerContent
LogPluginManager: Mounting plugin AlembicImporter
LogPluginManager: Mounting plugin AutomationUtils
LogPluginManager: Mounting plugin BackChannel
LogPluginManager: Mounting plugin CharacterAI
LogPluginManager: Mounting plugin GeometryCache
LogPluginManager: Mounting plugin HTML5Networking
LogPluginManager: Mounting plugin PlatformCrypto
LogPluginManager: Mounting plugin ProxyLODPlugin
LogPluginManager: Mounting plugin SkeletalReduction
LogPluginManager: Mounting plugin MagicLeap
LogPluginManager: Mounting plugin MagicLeapMedia
LogPluginManager: Mounting plugin AndroidMedia
LogPluginManager: Mounting plugin AvfMedia
LogPluginManager: Mounting plugin ImgMedia
LogPluginManager: Mounting plugin MediaCompositing
LogPluginManager: Mounting plugin MediaPlayerEditor
LogPluginManager: Mounting plugin WebMMedia
LogPluginManager: Mounting plugin WmfMedia
LogPluginManager: Mounting plugin TcpMessaging
LogPluginManager: Mounting plugin UdpMessaging
LogPluginManager: Mounting plugin ActorSequence
LogPluginManager: Mounting plugin LevelSequenceEditor
LogPluginManager: Mounting plugin MatineeToLevelSequence
LogPluginManager: Mounting plugin NetcodeUnitTest
LogPluginManager: Mounting plugin NUTUnrealEngine4
LogPluginManager: Mounting plugin OnlineSubsystemGooglePlay
LogPluginManager: Mounting plugin OnlineSubsystemIOS
LogPluginManager: Mounting plugin OnlineSubsystem
LogPluginManager: Mounting plugin OnlineSubsystemNull
LogPluginManager: Mounting plugin OnlineSubsystemUtils
LogPluginManager: Mounting plugin LauncherChunkInstaller
LogPluginManager: Mounting plugin AndroidDeviceProfileSelector
LogPluginManager: Mounting plugin AndroidMoviePlayer
LogPluginManager: Mounting plugin AndroidPermission
LogPluginManager: Mounting plugin AppleImageUtils
LogPluginManager: Mounting plugin AppleMoviePlayer
LogPluginManager: Mounting plugin ArchVisCharacter
LogPluginManager: Mounting plugin AudioCapture
LogPluginManager: Mounting plugin CableComponent
LogPluginManager: Mounting plugin CustomMeshComponent
LogPluginManager: Mounting plugin EditableMesh
LogPluginManager: Mounting plugin ExampleDeviceProfileSelector
LogPluginManager: Mounting plugin GoogleCloudMessaging
LogPluginManager: Mounting plugin IOSDeviceProfileSelector
LogPluginManager: Mounting plugin LinuxDeviceProfileSelector
LogPluginManager: Mounting plugin LocationServicesBPLibrary
LogPluginManager: Mounting plugin MobilePatchingUtils
LogPluginManager: Mounting plugin OculusVR
LogPluginManager: Mounting plugin PhysXVehicles
LogPluginManager: Mounting plugin ProceduralMeshComponent
LogPluginManager: Mounting plugin RuntimePhysXCooking
LogPluginManager: Mounting plugin SignificanceManager
LogPluginManager: Mounting plugin SteamVR
LogPluginManager: Mounting plugin WebMMoviePlayer
LogPluginManager: Mounting plugin WindowsMoviePlayer
LogPluginManager: Mounting plugin ScreenshotTools
LogInit: Using libcurl 7.55.1-DEV
LogInit:  - built for x86_64-pc-win32
LogInit:  - supports SSL with OpenSSL/1.1.1
LogInit:  - supports HTTP deflate (compression) using libz 1.2.8
LogInit:  - other features:
LogInit:      CURL_VERSION_SSL
LogInit:      CURL_VERSION_LIBZ
LogInit:      CURL_VERSION_IPV6
LogInit:      CURL_VERSION_ASYNCHDNS
LogInit:      CURL_VERSION_LARGEFILE
LogInit:      CURL_VERSION_IDN
LogInit:  CurlRequestOptions (configurable via config and command line):
LogInit:  - bVerifyPeer = true  - Libcurl will verify peer certificate
LogInit:  - bUseHttpProxy = false  - Libcurl will NOT use HTTP proxy
LogInit:  - bDontReuseConnections = false  - Libcurl will reuse connections
LogInit:  - MaxHostConnections = 16  - Libcurl will limit the number of connections to a host
LogInit:  - LocalHostAddr = Default
LogInit:  - BufferSize = 65536
LogOnline: OSS: Creating online subsystem instance for: NULL
LogInit: WinSock: version 1.1 (2.2), MaxSocks=32767, MaxUdp=65467
LogInit: Build: ++UE4+Release-4.23-CL-9631420
LogInit: Engine Version: 4.23.1-9631420+++UE4+Release-4.23
LogInit: Compatible Engine Version: 4.23.0-8386587+++UE4+Release-4.23
LogInit: Net CL: 8386587
LogInit: OS: Windows 10 (Release 1903) (), CPU: Intel(R) Core(TM) i5 CPU         760  @ 2.80GHz, GPU: NVIDIA GeForce GT 730
LogInit: Compiled (64-bit): Oct 18 2019 02:07:44
LogInit: Compiled with Visual C++: 19.16.27030.01
LogInit: Build Configuration: DebugGame
LogInit: Branch Name: ++UE4+Release-4.23
LogInit: Command Line:  -skipcompile
LogInit: Base Directory: C:/Program Files/Epic Games/UE_4.23/Engine/Binaries/Win64/
LogInit: Installed Engine Build: 1
LogDevObjectVersion: Number of dev versions registered: 23
LogDevObjectVersion:   Dev-Blueprints (B0D832E4-1F89-4F0D-ACCF-7EB736FD4AA2): 10
LogDevObjectVersion:   Dev-Build (E1C64328-A22C-4D53-A36C-8E866417BD8C): 0
LogDevObjectVersion:   Dev-Core (375EC13C-06E4-48FB-B500-84F0262A717E): 3
LogDevObjectVersion:   Dev-Editor (E4B068ED-F494-42E9-A231-DA0B2E46BB41): 34
LogDevObjectVersion:   Dev-Framework (CFFC743F-43B0-4480-9391-14DF171D2073): 35
LogDevObjectVersion:   Dev-Mobile (B02B49B5-BB20-44E9-A304-32B752E40360): 2
LogDevObjectVersion:   Dev-Networking (A4E4105C-59A1-49B5-A7C5-40C4547EDFEE): 0
LogDevObjectVersion:   Dev-Online (39C831C9-5AE6-47DC-9A44-9C173E1C8E7C): 0
LogDevObjectVersion:   Dev-Physics (78F01B33-EBEA-4F98-B9B4-84EACCB95AA2): 0
LogDevObjectVersion:   Dev-Platform (6631380F-2D4D-43E0-8009-CF276956A95A): 0
LogDevObjectVersion:   Dev-Rendering (12F88B9F-8875-4AFC-A67C-D90C383ABD29): 31
LogDevObjectVersion:   Dev-Sequencer (7B5AE74C-D270-4C10-A958-57980B212A5A): 11
LogDevObjectVersion:   Dev-VR (D7296918-1DD6-4BDD-9DE2-64A83CC13884): 2
LogDevObjectVersion:   Dev-LoadTimes (C2A15278-BFE7-4AFE-6C17-90FF531DF755): 1
LogDevObjectVersion:   Private-Geometry (6EACA3D4-40EC-4CC1-B786-8BED09428FC5): 3
LogDevObjectVersion:   Dev-AnimPhys (29E575DD-E0A3-4627-9D10-D276232CDCEA): 17
LogDevObjectVersion:   Dev-Anim (AF43A65D-7FD3-4947-9873-3E8ED9C1BB05): 2
LogDevObjectVersion:   Dev-ReflectionCapture (6B266CEC-1EC7-4B8F-A30B-E4D90942FC07): 1
LogDevObjectVersion:   Dev-Automation (0DF73D61-A23F-47EA-B727-89E90C41499A): 1
LogDevObjectVersion:   FortniteMain (601D1886-AC64-4F84-AA16-D3DE0DEAC7D6): 27
LogDevObjectVersion:   Dev-Enterprise (9DFFBCD6-494F-0158-E221-12823C92A888): 6
LogDevObjectVersion:   Dev-Niagara (F2AED0AC-9AFE-416F-8664-AA7FFA26D6FC): 1
LogDevObjectVersion:   Dev-Destruction (174F1F0B-B4C6-45A5-B13F-2EE8D0FB917D): 9
LogInit: Presizing for max 16777216 objects, including 0 objects not considered by GC, pre-allocating 0 bytes for permanent pool.
LogInit: Object subsystem initialized
LogConfig: Setting CVar [[con.DebugEarlyDefault:1]]
LogConfig: Setting CVar [[r.setres:1280x720]]
[2020.05.20-10.31.44:658][  0]LogConfig: Setting CVar [[r.VSync:0]]
[2020.05.20-10.31.44:658][  0]LogConfig: Setting CVar [[r.RHICmdBypass:0]]
[2020.05.20-10.31.44:658][  0]LogConfig: Applying CVar settings from Section [/Script/Engine.RendererSettings] File [D:/SC/UE4Practice/UE4Practice/IK2/Saved/Config/Windows/Engine.ini]
[2020.05.20-10.31.44:658][  0]LogConfig: Setting CVar [[r.GPUCrashDebugging:0]]
[2020.05.20-10.31.44:658][  0]LogConfig: Applying CVar settings from Section [/Script/Engine.RendererOverrideSettings] File [D:/SC/UE4Practice/UE4Practice/IK2/Saved/Config/Windows/Engine.ini]
[2020.05.20-10.31.44:658][  0]LogConfig: Applying CVar settings from Section [/Script/Engine.StreamingSettings] File [D:/SC/UE4Practice/UE4Practice/IK2/Saved/Config/Windows/Engine.ini]
[2020.05.20-10.31.44:658][  0]LogConfig: Setting CVar [[s.MinBulkDataSizeForAsyncLoading:131072]]
[2020.05.20-10.31.44:658][  0]LogConfig: Setting CVar [[s.AsyncLoadingThreadEnabled:0]]
[2020.05.20-10.31.44:659][  0]LogConfig: Setting CVar [[s.EventDrivenLoaderEnabled:1]]
[2020.05.20-10.31.44:659][  0]LogConfig: Setting CVar [[s.WarnIfTimeLimitExceeded:0]]
[2020.05.20-10.31.44:659][  0]LogConfig: Setting CVar [[s.TimeLimitExceededMultiplier:1.5]]
[2020.05.20-10.31.44:659][  0]LogConfig: Setting CVar [[s.TimeLimitExceededMinTime:0.005]]
[2020.05.20-10.31.44:659][  0]LogConfig: Setting CVar [[s.UseBackgroundLevelStreaming:1]]
[2020.05.20-10.31.44:659][  0]LogConfig: Setting CVar [[s.PriorityAsyncLoadingExtraTime:15.0]]
[2020.05.20-10.31.44:659][  0]LogConfig: Setting CVar [[s.LevelStreamingActorsUpdateTimeLimit:5.0]]
[2020.05.20-10.31.44:659][  0]LogConfig: Setting CVar [[s.PriorityLevelStreamingActorsUpdateExtraTime:5.0]]
[2020.05.20-10.31.44:659][  0]LogConfig: Setting CVar [[s.LevelStreamingComponentsRegistrationGranularity:10]]
[2020.05.20-10.31.44:659][  0]LogConfig: Setting CVar [[s.UnregisterComponentsTimeLimit:1.0]]
[2020.05.20-10.31.44:659][  0]LogConfig: Setting CVar [[s.LevelStreamingComponentsUnregistrationGranularity:5]]
[2020.05.20-10.31.44:659][  0]LogConfig: Applying CVar settings from Section [/Script/Engine.GarbageCollectionSettings] File [D:/SC/UE4Practice/UE4Practice/IK2/Saved/Config/Windows/Engine.ini]
[2020.05.20-10.31.44:659][  0]LogConfig: Setting CVar [[gc.MaxObjectsNotConsideredByGC:1]]
[2020.05.20-10.31.44:659][  0]LogConfig: Setting CVar [[gc.SizeOfPermanentObjectPool:0]]
[2020.05.20-10.31.44:659][  0]LogConfig: Setting CVar [[gc.FlushStreamingOnGC:0]]
[2020.05.20-10.31.44:659][  0]LogConfig: Setting CVar [[gc.NumRetriesBeforeForcingGC:10]]
[2020.05.20-10.31.44:660][  0]LogConfig: Setting CVar [[gc.AllowParallelGC:1]]
[2020.05.20-10.31.44:660][  0]LogConfig: Setting CVar [[gc.TimeBetweenPurgingPendingKillObjects:61.1]]
[2020.05.20-10.31.44:660][  0]LogConfig: Setting CVar [[gc.MaxObjectsInEditor:16777216]]
[2020.05.20-10.31.44:660][  0]LogConfig: Setting CVar [[gc.IncrementalBeginDestroyEnabled:1]]
[2020.05.20-10.31.44:660][  0]LogConfig: Setting CVar [[gc.CreateGCClusters:1]]
[2020.05.20-10.31.44:660][  0]LogConfig: Setting CVar [[gc.MinGCClusterSize:5]]
[2020.05.20-10.31.44:660][  0]LogConfig: Setting CVar [[gc.ActorClusteringEnabled:0]]
[2020.05.20-10.31.44:660][  0]LogConfig: Setting CVar [[gc.BlueprintClusteringEnabled:0]]
[2020.05.20-10.31.44:660][  0]LogConfig: Setting CVar [[gc.UseDisregardForGCOnDedicatedServers:0]]
[2020.05.20-10.31.44:660][  0]LogConfig: Applying CVar settings from Section [/Script/Engine.NetworkSettings] File [D:/SC/UE4Practice/UE4Practice/IK2/Saved/Config/Windows/Engine.ini]
[2020.05.20-10.31.44:660][  0]LogConfig: Applying CVar settings from Section [/Script/UnrealEd.CookerSettings] File [D:/SC/UE4Practice/UE4Practice/IK2/Saved/Config/Windows/Engine.ini]
[2020.05.20-10.31.44:672][  0]LogConfig: Applying CVar settings from Section [ViewDistanceQuality@3] File [D:/SC/UE4Practice/UE4Practice/IK2/Saved/Config/Windows/Scalability.ini]
[2020.05.20-10.31.44:672][  0]LogConfig: Setting CVar [[r.SkeletalMeshLODBias:0]]
[2020.05.20-10.31.44:673][  0]LogConfig: Setting CVar [[r.ViewDistanceScale:1.0]]
[2020.05.20-10.31.44:673][  0]LogConfig: Applying CVar settings from Section [AntiAliasingQuality@3] File [D:/SC/UE4Practice/UE4Practice/IK2/Saved/Config/Windows/Scalability.ini]
[2020.05.20-10.31.44:673][  0]LogConfig: Setting CVar [[r.PostProcessAAQuality:4]]
[2020.05.20-10.31.44:673][  0]LogConfig: Applying CVar settings from Section [ShadowQuality@3] File [D:/SC/UE4Practice/UE4Practice/IK2/Saved/Config/Windows/Scalability.ini]
[2020.05.20-10.31.44:673][  0]LogConfig: Setting CVar [[r.LightFunctionQuality:1]]
[2020.05.20-10.31.44:673][  0]LogConfig: Setting CVar [[r.ShadowQuality:5]]
[2020.05.20-10.31.44:673][  0]LogConfig: Setting CVar [[r.Shadow.CSM.MaxCascades:10]]
[2020.05.20-10.31.44:673][  0]LogConfig: Setting CVar [[r.Shadow.MaxResolution:2048]]
[2020.05.20-10.31.44:673][  0]LogConfig: Setting CVar [[r.Shadow.MaxCSMResolution:2048]]
[2020.05.20-10.31.44:673][  0]LogConfig: Setting CVar [[r.Shadow.RadiusThreshold:0.01]]
[2020.05.20-10.31.44:673][  0]LogConfig: Setting CVar [[r.Shadow.DistanceScale:1.0]]
[2020.05.20-10.31.44:673][  0]LogConfig: Setting CVar [[r.Shadow.CSM.TransitionScale:1.0]]
[2020.05.20-10.31.44:673][  0]LogConfig: Setting CVar [[r.Shadow.PreShadowResolutionFactor:1.0]]
[2020.05.20-10.31.44:674][  0]LogConfig: Setting CVar [[r.DistanceFieldShadowing:1]]
[2020.05.20-10.31.44:674][  0]LogConfig: Setting CVar [[r.DistanceFieldAO:1]]
[2020.05.20-10.31.44:674][  0]LogConfig: Setting CVar [[r.AOQuality:2]]
[2020.05.20-10.31.44:674][  0]LogConfig: Setting CVar [[r.VolumetricFog:1]]
[2020.05.20-10.31.44:674][  0]LogConfig: Setting CVar [[r.VolumetricFog.GridPixelSize:8]]
[2020.05.20-10.31.44:674][  0]LogConfig: Setting CVar [[r.VolumetricFog.GridSizeZ:128]]
[2020.05.20-10.31.44:674][  0]LogConfig: Setting CVar [[r.VolumetricFog.HistoryMissSupersampleCount:4]]
[2020.05.20-10.31.44:674][  0]LogConfig: Setting CVar [[r.LightMaxDrawDistanceScale:1]]
[2020.05.20-10.31.44:675][  0]LogConfig: Setting CVar [[r.CapsuleShadows:1]]
[2020.05.20-10.31.44:675][  0]LogConfig: Applying CVar settings from Section [PostProcessQuality@3] File [D:/SC/UE4Practice/UE4Practice/IK2/Saved/Config/Windows/Scalability.ini]
[2020.05.20-10.31.44:675][  0]LogConfig: Setting CVar [[r.MotionBlurQuality:4]]
[2020.05.20-10.31.44:675][  0]LogConfig: Setting CVar [[r.AmbientOcclusionMipLevelFactor:0.4]]
[2020.05.20-10.31.44:675][  0]LogConfig: Setting CVar [[r.AmbientOcclusionMaxQuality:100]]
[2020.05.20-10.31.44:675][  0]LogConfig: Setting CVar [[r.AmbientOcclusionLevels:-1]]
[2020.05.20-10.31.44:675][  0]LogConfig: Setting CVar [[r.AmbientOcclusionRadiusScale:1.0]]
[2020.05.20-10.31.44:675][  0]LogConfig: Setting CVar [[r.DepthOfFieldQuality:2]]
[2020.05.20-10.31.44:677][  0]LogConfig: Setting CVar [[r.RenderTargetPoolMin:400]]
[2020.05.20-10.31.44:677][  0]LogConfig: Setting CVar [[r.LensFlareQuality:2]]
[2020.05.20-10.31.44:677][  0]LogConfig: Setting CVar [[r.SceneColorFringeQuality:1]]
[2020.05.20-10.31.44:677][  0]LogConfig: Setting CVar [[r.EyeAdaptationQuality:2]]
[2020.05.20-10.31.44:677][  0]LogConfig: Setting CVar [[r.BloomQuality:5]]
[2020.05.20-10.31.44:677][  0]LogConfig: Setting CVar [[r.FastBlurThreshold:100]]
[2020.05.20-10.31.44:677][  0]LogConfig: Setting CVar [[r.Upscale.Quality:3]]
[2020.05.20-10.31.44:677][  0]LogConfig: Setting CVar [[r.Tonemapper.GrainQuantization:1]]
[2020.05.20-10.31.44:677][  0]LogConfig: Setting CVar [[r.LightShaftQuality:1]]
[2020.05.20-10.31.44:677][  0]LogConfig: Setting CVar [[r.Filter.SizeScale:1]]
[2020.05.20-10.31.44:677][  0]LogConfig: Setting CVar [[r.Tonemapper.Quality:5]]
[2020.05.20-10.31.44:677][  0]LogConfig: Setting CVar [[r.DOF.Gather.AccumulatorQuality:1        ; higher gathering accumulator quality]]
[2020.05.20-10.31.44:677][  0]LogConfig: Setting CVar [[r.DOF.Gather.PostfilterMethod:1          ; Median3x3 postfilering method]]
[2020.05.20-10.31.44:677][  0]LogConfig: Setting CVar [[r.DOF.Gather.EnableBokehSettings:0       ; no bokeh simulation when gathering]]
[2020.05.20-10.31.44:677][  0]LogConfig: Setting CVar [[r.DOF.Gather.RingCount:4                 ; medium number of samples when gathering]]
[2020.05.20-10.31.44:677][  0]LogConfig: Setting CVar [[r.DOF.Scatter.ForegroundCompositing:1    ; additive foreground scattering]]
[2020.05.20-10.31.44:677][  0]LogConfig: Setting CVar [[r.DOF.Scatter.BackgroundCompositing:2    ; additive background scattering]]
[2020.05.20-10.31.44:677][  0]LogConfig: Setting CVar [[r.DOF.Scatter.EnableBokehSettings:1      ; bokeh simulation when scattering]]
[2020.05.20-10.31.44:677][  0]LogConfig: Setting CVar [[r.DOF.Scatter.MaxSpriteRatio:0.1         ; only a maximum of 10% of scattered bokeh]]
[2020.05.20-10.31.44:677][  0]LogConfig: Setting CVar [[r.DOF.Recombine.Quality:1                ; cheap slight out of focus]]
[2020.05.20-10.31.44:677][  0]LogConfig: Setting CVar [[r.DOF.Recombine.EnableBokehSettings:0    ; no bokeh simulation on slight out of focus]]
[2020.05.20-10.31.44:677][  0]LogConfig: Setting CVar [[r.DOF.TemporalAAQuality:1                ; more stable temporal accumulation]]
[2020.05.20-10.31.44:678][  0]LogConfig: Setting CVar [[r.DOF.Kernel.MaxForegroundRadius:0.025]]
[2020.05.20-10.31.44:678][  0]LogConfig: Setting CVar [[r.DOF.Kernel.MaxBackgroundRadius:0.025]]
[2020.05.20-10.31.44:678][  0]LogConfig: Applying CVar settings from Section [TextureQuality@3] File [D:/SC/UE4Practice/UE4Practice/IK2/Saved/Config/Windows/Scalability.ini]
[2020.05.20-10.31.44:678][  0]LogConfig: Setting CVar [[r.Streaming.MipBias:0]]
[2020.05.20-10.31.44:678][  0]LogConfig: Setting CVar [[r.Streaming.AmortizeCPUToGPUCopy:0]]
[2020.05.20-10.31.44:678][  0]LogConfig: Setting CVar [[r.Streaming.MaxNumTexturesToStreamPerFrame:0]]
[2020.05.20-10.31.44:678][  0]LogConfig: Setting CVar [[r.Streaming.Boost:1]]
[2020.05.20-10.31.44:678][  0]LogConfig: Setting CVar [[r.MaxAnisotropy:8]]
[2020.05.20-10.31.44:678][  0]LogConfig: Setting CVar [[r.Streaming.LimitPoolSizeToVRAM:0]]
[2020.05.20-10.31.44:678][  0]LogConfig: Setting CVar [[r.Streaming.PoolSize:1000]]
[2020.05.20-10.31.44:678][  0]LogConfig: Setting CVar [[r.Streaming.MaxEffectiveScreenSize:0]]
[2020.05.20-10.31.44:678][  0]LogConfig: Applying CVar settings from Section [EffectsQuality@3] File [D:/SC/UE4Practice/UE4Practice/IK2/Saved/Config/Windows/Scalability.ini]
[2020.05.20-10.31.44:678][  0]LogConfig: Setting CVar [[r.TranslucencyLightingVolumeDim:64]]
[2020.05.20-10.31.44:678][  0]LogConfig: Setting CVar [[r.RefractionQuality:2]]
[2020.05.20-10.31.44:679][  0]LogConfig: Setting CVar [[r.SSR.Quality:3]]
[2020.05.20-10.31.44:679][  0]LogConfig: Setting CVar [[r.SceneColorFormat:4]]
[2020.05.20-10.31.44:679][  0]LogConfig: Setting CVar [[r.DetailMode:2]]
[2020.05.20-10.31.44:679][  0]LogConfig: Setting CVar [[r.TranslucencyVolumeBlur:1]]
[2020.05.20-10.31.44:679][  0]LogConfig: Setting CVar [[r.MaterialQualityLevel:1 ; High quality]]
[2020.05.20-10.31.44:679][  0]LogConfig: Setting CVar [[r.SSS.Scale:1]]
[2020.05.20-10.31.44:679][  0]LogConfig: Setting CVar [[r.SSS.SampleSet:2]]
[2020.05.20-10.31.44:679][  0]LogConfig: Setting CVar [[r.SSS.Quality:1]]
[2020.05.20-10.31.44:679][  0]LogConfig: Setting CVar [[r.SSS.HalfRes:1]]
[2020.05.20-10.31.44:679][  0]LogConfig: Setting CVar [[r.EmitterSpawnRateScale:1.0]]
[2020.05.20-10.31.44:679][  0]LogConfig: Setting CVar [[r.ParticleLightQuality:2]]
[2020.05.20-10.31.44:679][  0]LogConfig: Applying CVar settings from Section [FoliageQuality@3] File [D:/SC/UE4Practice/UE4Practice/IK2/Saved/Config/Windows/Scalability.ini]
[2020.05.20-10.31.44:679][  0]LogConfig: Setting CVar [[foliage.DensityScale:1.0]]
[2020.05.20-10.31.44:680][  0]LogConfig: Setting CVar [[grass.DensityScale:1.0]]
[2020.05.20-10.31.44:680][  0]LogInit: Selected Device Profile: [Windows]
[2020.05.20-10.31.44:680][  0]LogInit: Applying CVar settings loaded from the selected device profile: [Windows]
[2020.05.20-10.31.44:684][  0]LogHAL: Display: Platform has ~ 16 GB [17144270848 / 17179869184 / 16], which maps to Larger [LargestMinGB=32, LargerMinGB=12, DefaultMinGB=8, SmallerMinGB=6, SmallestMinGB=0)
[2020.05.20-10.31.44:684][  0]LogInit: Going up to parent DeviceProfile []
[2020.05.20-10.31.44:684][  0]LogConfig: Applying CVar settings from Section [ViewDistanceQuality@1] File [D:/SC/UE4Practice/UE4Practice/IK2/Saved/Config/Windows/Scalability.ini]
[2020.05.20-10.31.44:684][  0]LogConfig: Setting CVar [[r.SkeletalMeshLODBias:1]]
[2020.05.20-10.31.44:684][  0]LogConfig: Setting CVar [[r.ViewDistanceScale:0.6]]
[2020.05.20-10.31.44:685][  0]LogConfig: Applying CVar settings from Section [AntiAliasingQuality@1] File [D:/SC/UE4Practice/UE4Practice/IK2/Saved/Config/Windows/Scalability.ini]
[2020.05.20-10.31.44:685][  0]LogConfig: Setting CVar [[r.PostProcessAAQuality:2]]
[2020.05.20-10.31.44:685][  0]LogConfig: Applying CVar settings from Section [ShadowQuality@1] File [D:/SC/UE4Practice/UE4Practice/IK2/Saved/Config/Windows/Scalability.ini]
[2020.05.20-10.31.44:685][  0]LogConfig: Setting CVar [[r.LightFunctionQuality:1]]
[2020.05.20-10.31.44:685][  0]LogConfig: Setting CVar [[r.ShadowQuality:3]]
[2020.05.20-10.31.44:685][  0]LogConfig: Setting CVar [[r.Shadow.CSM.MaxCascades:1]]
[2020.05.20-10.31.44:685][  0]LogConfig: Setting CVar [[r.Shadow.MaxResolution:1024]]
[2020.05.20-10.31.44:685][  0]LogConfig: Setting CVar [[r.Shadow.MaxCSMResolution:1024]]
[2020.05.20-10.31.44:685][  0]LogConfig: Setting CVar [[r.Shadow.RadiusThreshold:0.05]]
[2020.05.20-10.31.44:685][  0]LogConfig: Setting CVar [[r.Shadow.DistanceScale:0.7]]
[2020.05.20-10.31.44:685][  0]LogConfig: Setting CVar [[r.Shadow.CSM.TransitionScale:0.25]]
[2020.05.20-10.31.44:685][  0]LogConfig: Setting CVar [[r.Shadow.PreShadowResolutionFactor:0.5]]
[2020.05.20-10.31.44:685][  0]LogConfig: Setting CVar [[r.DistanceFieldShadowing:0]]
[2020.05.20-10.31.44:685][  0]LogConfig: Setting CVar [[r.DistanceFieldAO:0]]
[2020.05.20-10.31.44:686][  0]LogConfig: Setting CVar [[r.VolumetricFog:0]]
[2020.05.20-10.31.44:686][  0]LogConfig: Setting CVar [[r.LightMaxDrawDistanceScale:.5]]
[2020.05.20-10.31.44:686][  0]LogConfig: Setting CVar [[r.CapsuleShadows:1]]
[2020.05.20-10.31.44:686][  0]LogConfig: Applying CVar settings from Section [PostProcessQuality@1] File [D:/SC/UE4Practice/UE4Practice/IK2/Saved/Config/Windows/Scalability.ini]
[2020.05.20-10.31.44:686][  0]LogConfig: Setting CVar [[r.MotionBlurQuality:3]]
[2020.05.20-10.31.44:686][  0]LogConfig: Setting CVar [[r.AmbientOcclusionMipLevelFactor:1.0]]
[2020.05.20-10.31.44:686][  0]LogConfig: Setting CVar [[r.AmbientOcclusionMaxQuality:60]]
[2020.05.20-10.31.44:686][  0]LogConfig: Setting CVar [[r.AmbientOcclusionLevels:-1]]
[2020.05.20-10.31.44:686][  0]LogConfig: Setting CVar [[r.AmbientOcclusionRadiusScale:1.5]]
[2020.05.20-10.31.44:686][  0]LogConfig: Setting CVar [[r.DepthOfFieldQuality:1]]
[2020.05.20-10.31.44:686][  0]LogConfig: Setting CVar [[r.RenderTargetPoolMin:350]]
[2020.05.20-10.31.44:686][  0]LogConfig: Setting CVar [[r.LensFlareQuality:0]]
[2020.05.20-10.31.44:686][  0]LogConfig: Setting CVar [[r.SceneColorFringeQuality:0]]
[2020.05.20-10.31.44:686][  0]LogConfig: Setting CVar [[r.EyeAdaptationQuality:0]]
[2020.05.20-10.31.44:686][  0]LogConfig: Setting CVar [[r.BloomQuality:4]]
[2020.05.20-10.31.44:687][  0]LogConfig: Setting CVar [[r.FastBlurThreshold:2]]
[2020.05.20-10.31.44:687][  0]LogConfig: Setting CVar [[r.Upscale.Quality:2]]
[2020.05.20-10.31.44:687][  0]LogConfig: Setting CVar [[r.Tonemapper.GrainQuantization:0]]
[2020.05.20-10.31.44:687][  0]LogConfig: Setting CVar [[r.LightShaftQuality:0]]
[2020.05.20-10.31.44:687][  0]LogConfig: Setting CVar [[r.Filter.SizeScale:0.7]]
[2020.05.20-10.31.44:687][  0]LogConfig: Setting CVar [[r.Tonemapper.Quality:2]]
[2020.05.20-10.31.44:687][  0]LogConfig: Setting CVar [[r.DOF.Gather.AccumulatorQuality:0        ; lower gathering accumulator quality]]
[2020.05.20-10.31.44:687][  0]LogConfig: Setting CVar [[r.DOF.Gather.PostfilterMethod:2          ; Max3x3 postfilering method]]
[2020.05.20-10.31.44:687][  0]LogConfig: Setting CVar [[r.DOF.Gather.EnableBokehSettings:0       ; no bokeh simulation when gathering]]
[2020.05.20-10.31.44:687][  0]LogConfig: Setting CVar [[r.DOF.Gather.RingCount:3                 ; low number of samples when gathering]]
[2020.05.20-10.31.44:687][  0]LogConfig: Setting CVar [[r.DOF.Scatter.ForegroundCompositing:0    ; no foreground scattering]]
[2020.05.20-10.31.44:687][  0]LogConfig: Setting CVar [[r.DOF.Scatter.BackgroundCompositing:0    ; no foreground scattering]]
[2020.05.20-10.31.44:687][  0]LogConfig: Setting CVar [[r.DOF.Recombine.Quality:0                ; no slight out of focus]]
[2020.05.20-10.31.44:687][  0]LogConfig: Setting CVar [[r.DOF.TemporalAAQuality:0                ; faster temporal accumulation]]
[2020.05.20-10.31.44:687][  0]LogConfig: Setting CVar [[r.DOF.Kernel.MaxForegroundRadius:0.006   ; required because low gathering and no scattering and not looking great at 1080p]]
[2020.05.20-10.31.44:688][  0]LogConfig: Setting CVar [[r.DOF.Kernel.MaxBackgroundRadius:0.006   ; required because low gathering and no scattering and not looking great at 1080p]]
[2020.05.20-10.31.44:688][  0]LogConfig: Applying CVar settings from Section [TextureQuality@1] File [D:/SC/UE4Practice/UE4Practice/IK2/Saved/Config/Windows/Scalability.ini]
[2020.05.20-10.31.44:688][  0]LogConfig: Setting CVar [[r.Streaming.MipBias:1]]
[2020.05.20-10.31.44:688][  0]LogConfig: Setting CVar [[r.Streaming.AmortizeCPUToGPUCopy:0]]
[2020.05.20-10.31.44:688][  0]LogConfig: Setting CVar [[r.Streaming.MaxNumTexturesToStreamPerFrame:0]]
[2020.05.20-10.31.44:688][  0]LogConfig: Setting CVar [[r.Streaming.Boost:1]]
[2020.05.20-10.31.44:688][  0]LogConfig: Setting CVar [[r.MaxAnisotropy:2]]
[2020.05.20-10.31.44:688][  0]LogConfig: Setting CVar [[r.Streaming.LimitPoolSizeToVRAM:1]]
[2020.05.20-10.31.44:688][  0]LogConfig: Setting CVar [[r.Streaming.PoolSize:600]]
[2020.05.20-10.31.44:688][  0]LogConfig: Setting CVar [[r.Streaming.MaxEffectiveScreenSize:0]]
[2020.05.20-10.31.44:688][  0]LogConfig: Applying CVar settings from Section [EffectsQuality@1] File [D:/SC/UE4Practice/UE4Practice/IK2/Saved/Config/Windows/Scalability.ini]
[2020.05.20-10.31.44:688][  0]LogConfig: Setting CVar [[r.TranslucencyLightingVolumeDim:32]]
[2020.05.20-10.31.44:688][  0]LogConfig: Setting CVar [[r.RefractionQuality:0]]
[2020.05.20-10.31.44:688][  0]LogConfig: Setting CVar [[r.SSR.Quality:0]]
[2020.05.20-10.31.44:688][  0]LogConfig: Setting CVar [[r.SceneColorFormat:3]]
[2020.05.20-10.31.44:688][  0]LogConfig: Setting CVar [[r.DetailMode:1]]
[2020.05.20-10.31.44:689][  0]LogConfig: Setting CVar [[r.TranslucencyVolumeBlur:0]]
[2020.05.20-10.31.44:689][  0]LogConfig: Setting CVar [[r.MaterialQualityLevel:2 ; Medium quality]]
[2020.05.20-10.31.44:689][  0]LogConfig: Setting CVar [[r.SSS.Scale:0.75]]
[2020.05.20-10.31.44:689][  0]LogConfig: Setting CVar [[r.SSS.SampleSet:0]]
[2020.05.20-10.31.44:689][  0]LogConfig: Setting CVar [[r.SSS.Quality:0]]
[2020.05.20-10.31.44:689][  0]LogConfig: Setting CVar [[r.SSS.HalfRes:1]]
[2020.05.20-10.31.44:689][  0]LogConfig: Setting CVar [[r.EmitterSpawnRateScale:0.25]]
[2020.05.20-10.31.44:689][  0]LogConfig: Setting CVar [[r.ParticleLightQuality:0]]
[2020.05.20-10.31.44:689][  0]LogConfig: Applying CVar settings from Section [FoliageQuality@1] File [D:/SC/UE4Practice/UE4Practice/IK2/Saved/Config/Windows/Scalability.ini]
[2020.05.20-10.31.44:689][  0]LogConfig: Setting CVar [[foliage.DensityScale:0.4]]
[2020.05.20-10.31.44:689][  0]LogConfig: Setting CVar [[grass.DensityScale:0.4]]
[2020.05.20-10.31.44:689][  0]LogConfig: Applying CVar settings from Section [Startup] File [../../../Engine/Config/ConsoleVariables.ini]
[2020.05.20-10.31.44:690][  0]LogConfig: Setting CVar [[net.UseAdaptiveNetUpdateFrequency:0]]
[2020.05.20-10.31.44:690][  0]LogConfig: Setting CVar [[p.chaos.AllowCreatePhysxBodies:1]]
[2020.05.20-10.31.44:690][  0]LogConfig: Applying CVar settings from Section [ConsoleVariables] File [D:/SC/UE4Practice/UE4Practice/IK2/Saved/Config/Windows/Engine.ini]
[2020.05.20-10.31.44:690][  0]LogInit: Computer: DESKTOP-4SDQ2H7
[2020.05.20-10.31.44:690][  0]LogInit: User: kgca009
[2020.05.20-10.31.44:690][  0]LogInit: CPU Page size=4096, Cores=4
[2020.05.20-10.31.44:690][  0]LogInit: High frequency timer resolution =10.000000 MHz
[2020.05.20-10.31.44:691][  0]LogMemory: Memory total: Physical=16.0GB (16GB approx)
[2020.05.20-10.31.44:691][  0]LogMemory: Platform Memory Stats for Windows
[2020.05.20-10.31.44:691][  0]LogMemory: Process Physical Memory: 105.50 MB used, 105.50 MB peak
[2020.05.20-10.31.44:691][  0]LogMemory: Process Virtual Memory: 101.03 MB used, 101.03 MB peak
[2020.05.20-10.31.44:691][  0]LogMemory: Physical Memory: 9913.19 MB used,  6436.86 MB free, 16350.05 MB total
[2020.05.20-10.31.44:691][  0]LogMemory: Virtual Memory: 4660.61 MB used,  134213064.00 MB free, 134217728.00 MB total
[2020.05.20-10.31.44:709][  0]LogWindows: WindowsPlatformFeatures enabled
[2020.05.20-10.31.44:876][  0]LogInit: Using OS detected language (ko-KR).
[2020.05.20-10.31.44:876][  0]LogInit: Using OS detected locale (ko-KR).
[2020.05.20-10.31.44:877][  0]LogTextLocalizationManager: No specific localization for 'ko-KR' exists, so the 'ko' localization will be used.
[2020.05.20-10.31.45:020][  0]LogInit: Setting process to per monitor DPI aware
[2020.05.20-10.31.45:155][  0]LogSlate: New Slate User Created.  User Index 0, Is Virtual User: 0
[2020.05.20-10.31.45:155][  0]LogSlate: Slate User Registered.  User Index 0, Is Virtual User: 0
[2020.05.20-10.31.45:459][  0]LogHMD: Failed to initialize OpenVR with code 110
[2020.05.20-10.31.45:459][  0]LogD3D11RHI: D3D11 adapters:
[2020.05.20-10.31.45:598][  0]LogD3D11RHI:    0. 'NVIDIA GeForce GT 730' (Feature Level 11_0)
[2020.05.20-10.31.45:598][  0]LogD3D11RHI:       1989/0/8175 MB DedicatedVideo/DedicatedSystem/SharedSystem, Outputs:2, VendorId:0x10de
[2020.05.20-10.31.45:610][  0]LogD3D11RHI:    1. 'Microsoft Basic Render Driver' (Feature Level 11_0)
[2020.05.20-10.31.45:610][  0]LogD3D11RHI:       0/0/8175 MB DedicatedVideo/DedicatedSystem/SharedSystem, Outputs:0, VendorId:0x1414
[2020.05.20-10.31.45:610][  0]LogD3D11RHI: Chosen D3D11 Adapter: 0
[2020.05.20-10.31.45:621][  0]LogD3D11RHI: Creating new Direct3DDevice
[2020.05.20-10.31.45:621][  0]LogD3D11RHI:     GPU DeviceId: 0xf02 (for the marketing name, search the web for "GPU Device Id")
[2020.05.20-10.31.45:621][  0]LogWindows: EnumDisplayDevices:
[2020.05.20-10.31.45:622][  0]LogWindows:    0. 'NVIDIA GeForce GT 730' (P:0 D:1)
[2020.05.20-10.31.45:624][  0]LogWindows:    1. 'NVIDIA GeForce GT 730' (P:1 D:1)
[2020.05.20-10.31.45:625][  0]LogWindows: DebugString: FoundDriverCount:2 
[2020.05.20-10.31.45:625][  0]LogD3D11RHI:     Adapter Name: NVIDIA GeForce GT 730
[2020.05.20-10.31.45:625][  0]LogD3D11RHI:   Driver Version: 391.35 (internal:23.21.13.9135, unified:391.35)
[2020.05.20-10.31.45:625][  0]LogD3D11RHI:      Driver Date: 3-23-2018
[2020.05.20-10.31.45:625][  0]LogRHI: Texture pool is 1392 MB (70% of 1989 MB)
[2020.05.20-10.31.45:698][  0]LogD3D11RHI: Display: Timestamp queries are currently disabled on this hardware due to instability. Realtime GPU stats will not be available. You can override this behaviour by setting r.NVIDIATimestampWorkaround to 0
[2020.05.20-10.31.45:698][  0]LogD3D11RHI: Async texture creation enabled
[2020.05.20-10.31.45:719][  0]LogD3D11RHI: GPU Timing Frequency: 1000.000000 (Debug: 2 2)
[2020.05.20-10.31.46:432][  0]LogTemp: Display: Module 'AllDesktopTargetPlatform' loaded TargetPlatform 'AllDesktop'
[2020.05.20-10.31.46:455][  0]LogTemp: Display: Module 'MacClientTargetPlatform' loaded TargetPlatform 'MacClient'
[2020.05.20-10.31.46:480][  0]LogTemp: Display: Module 'MacNoEditorTargetPlatform' loaded TargetPlatform 'MacNoEditor'
[2020.05.20-10.31.46:503][  0]LogTemp: Display: Module 'MacServerTargetPlatform' loaded TargetPlatform 'MacServer'
[2020.05.20-10.31.46:527][  0]LogTemp: Display: Module 'MacTargetPlatform' loaded TargetPlatform 'Mac'
[2020.05.20-10.31.46:551][  0]LogTemp: Display: Module 'WindowsClientTargetPlatform' loaded TargetPlatform 'WindowsClient'
[2020.05.20-10.31.46:574][  0]LogTemp: Display: Module 'WindowsNoEditorTargetPlatform' loaded TargetPlatform 'WindowsNoEditor'
[2020.05.20-10.31.46:597][  0]LogTemp: Display: Module 'WindowsServerTargetPlatform' loaded TargetPlatform 'WindowsServer'
[2020.05.20-10.31.46:614][  0]LogTemp: Display: Module 'WindowsTargetPlatform' loaded TargetPlatform 'Windows'
[2020.05.20-10.31.46:665][  0]LogTemp: Display: Module 'AndroidTargetPlatform' loaded TargetPlatform 'Android'
[2020.05.20-10.31.46:665][  0]LogTemp: Display: Module 'AndroidTargetPlatform' loaded TargetPlatform 'Android_ASTC'
[2020.05.20-10.31.46:666][  0]LogTemp: Display: Module 'AndroidTargetPlatform' loaded TargetPlatform 'Android_ATC'
[2020.05.20-10.31.46:666][  0]LogTemp: Display: Module 'AndroidTargetPlatform' loaded TargetPlatform 'Android_DXT'
[2020.05.20-10.31.46:666][  0]LogTemp: Display: Module 'AndroidTargetPlatform' loaded TargetPlatform 'Android_ETC1'
[2020.05.20-10.31.46:666][  0]LogTemp: Display: Module 'AndroidTargetPlatform' loaded TargetPlatform 'Android_ETC1a'
[2020.05.20-10.31.46:666][  0]LogTemp: Display: Module 'AndroidTargetPlatform' loaded TargetPlatform 'Android_ETC2'
[2020.05.20-10.31.46:666][  0]LogTemp: Display: Module 'AndroidTargetPlatform' loaded TargetPlatform 'Android_PVRTC'
[2020.05.20-10.31.46:666][  0]LogTemp: Display: Module 'AndroidTargetPlatform' loaded TargetPlatform 'AndroidClient'
[2020.05.20-10.31.46:666][  0]LogTemp: Display: Module 'AndroidTargetPlatform' loaded TargetPlatform 'Android_ASTCClient'
[2020.05.20-10.31.46:666][  0]LogTemp: Display: Module 'AndroidTargetPlatform' loaded TargetPlatform 'Android_ATCClient'
[2020.05.20-10.31.46:666][  0]LogTemp: Display: Module 'AndroidTargetPlatform' loaded TargetPlatform 'Android_DXTClient'
[2020.05.20-10.31.46:666][  0]LogTemp: Display: Module 'AndroidTargetPlatform' loaded TargetPlatform 'Android_ETC1Client'
[2020.05.20-10.31.46:666][  0]LogTemp: Display: Module 'AndroidTargetPlatform' loaded TargetPlatform 'Android_ETC1aClient'
[2020.05.20-10.31.46:666][  0]LogTemp: Display: Module 'AndroidTargetPlatform' loaded TargetPlatform 'Android_ETC2Client'
[2020.05.20-10.31.46:667][  0]LogTemp: Display: Module 'AndroidTargetPlatform' loaded TargetPlatform 'Android_PVRTCClient'
[2020.05.20-10.31.46:667][  0]LogTemp: Display: Module 'AndroidTargetPlatform' loaded TargetPlatform 'Android_Multi'
[2020.05.20-10.31.46:667][  0]LogTemp: Display: Module 'AndroidTargetPlatform' loaded TargetPlatform 'Android_MultiClient'
[2020.05.20-10.31.46:675][  0]LogTemp: Display: Module 'HTML5TargetPlatform' loaded TargetPlatform 'HTML5'
[2020.05.20-10.31.46:723][  0]LogTemp: Display: Module 'IOSTargetPlatform' loaded TargetPlatform 'IOSClient'
[2020.05.20-10.31.46:723][  0]LogTemp: Display: Module 'IOSTargetPlatform' loaded TargetPlatform 'IOS'
[2020.05.20-10.31.46:749][  0]LogTemp: Display: Module 'TVOSTargetPlatform' loaded TargetPlatform 'TVOSClient'
[2020.05.20-10.31.46:749][  0]LogTemp: Display: Module 'TVOSTargetPlatform' loaded TargetPlatform 'TVOS'
[2020.05.20-10.31.46:764][  0]LogTemp: Display: Module 'LinuxClientTargetPlatform' loaded TargetPlatform 'LinuxClient'
[2020.05.20-10.31.46:780][  0]LogTemp: Display: Module 'LinuxNoEditorTargetPlatform' loaded TargetPlatform 'LinuxNoEditor'
[2020.05.20-10.31.46:795][  0]LogTemp: Display: Module 'LinuxServerTargetPlatform' loaded TargetPlatform 'LinuxServer'
[2020.05.20-10.31.46:812][  0]LogTemp: Display: Module 'LinuxTargetPlatform' loaded TargetPlatform 'Linux'
[2020.05.20-10.31.46:855][  0]LogTemp: Display: Module 'LuminTargetPlatform' loaded TargetPlatform 'Lumin'
[2020.05.20-10.31.46:856][  0]LogTemp: Display: Module 'LuminTargetPlatform' loaded TargetPlatform 'LuminClient'
[2020.05.20-10.31.46:856][  0]LogTargetPlatformManager: Display: Building Assets For Windows
[2020.05.20-10.31.46:909][  0]LogAudioDebug: Display: Lib vorbis DLL was dynamically loaded.
[2020.05.20-10.31.47:160][  0]LogShaderCompilers: Guid format shader working directory is 14 characters bigger than the processId version (D:/SC/UE4Practice/UE4Practice/IK2/Intermediate/Shaders/WorkingDirectory/12388/).
[2020.05.20-10.31.47:160][  0]LogShaderCompilers: Cleaned the shader compiler working directory 'C:/Users/kgca009/AppData/Local/Temp/UnrealShaderWorkingDir/0BE95B264A27C7C852F85F9DB15766FD/'.
[2020.05.20-10.31.47:165][  0]LogXGEController: Cleaning working directory: C:/Users/kgca009/AppData/Local/Temp/UnrealXGEWorkingDir/
[2020.05.20-10.31.47:168][  0]LogShaderCompilers: Display: Using XGE Shader Compiler (Interception Interface).
[2020.05.20-10.31.48:142][  0]LogDerivedDataCache: Display: Max Cache Size: 512 MB
[2020.05.20-10.31.48:221][  0]LogDerivedDataCache: Loaded boot cache 0.08s 77MB C:/Users/kgca009/AppData/Local/UnrealEngine/4.23/DerivedDataCache/Boot.ddc.
[2020.05.20-10.31.48:222][  0]LogDerivedDataCache: Display: Loaded Boot cache: C:/Users/kgca009/AppData/Local/UnrealEngine/4.23/DerivedDataCache/Boot.ddc
[2020.05.20-10.31.48:222][  0]LogDerivedDataCache: FDerivedDataBackendGraph:  Pak pak cache file D:/SC/UE4Practice/UE4Practice/IK2/DerivedDataCache/DDC.ddp not found, will not use a pak cache.
[2020.05.20-10.31.48:222][  0]LogDerivedDataCache: Unable to find inner node Pak for hierarchical cache Hierarchy.
[2020.05.20-10.31.48:222][  0]LogDerivedDataCache: FDerivedDataBackendGraph:  CompressedPak pak cache file D:/SC/UE4Practice/UE4Practice/IK2/DerivedDataCache/Compressed.ddp not found, will not use a pak cache.
[2020.05.20-10.31.48:222][  0]LogDerivedDataCache: Unable to find inner node CompressedPak for hierarchical cache Hierarchy.
[2020.05.20-10.31.48:237][  0]LogDerivedDataCache: Display: Pak cache opened for reading ../../../Engine/DerivedDataCache/Compressed.ddp.
[2020.05.20-10.31.48:237][  0]LogDerivedDataCache: FDerivedDataBackendGraph:  EnterprisePak pak cache file ../../../Enterprise/DerivedDataCache/Compressed.ddp not found, will not use a pak cache.
[2020.05.20-10.31.48:238][  0]LogDerivedDataCache: Unable to find inner node EnterprisePak for hierarchical cache Hierarchy.
[2020.05.20-10.31.48:241][  0]LogDerivedDataCache: Using Local data cache path C:/Users/kgca009/AppData/Local/UnrealEngine/Common/DerivedDataCache: Writable
[2020.05.20-10.31.48:241][  0]LogDerivedDataCache: Shared data cache path not found in *engine.ini, will not use an Shared cache.
[2020.05.20-10.31.48:242][  0]LogDerivedDataCache: Unable to find inner node Shared for hierarchical cache Hierarchy.
[2020.05.20-10.31.48:274][  0]LogMaterial: Verifying Global Shaders for PCD3D_SM5
[2020.05.20-10.31.48:279][  0]LogSlate: Using FreeType 2.6.0
[2020.05.20-10.31.48:280][  0]LogSlate: SlateFontServices - WITH_FREETYPE: 1, WITH_HARFBUZZ: 1
[2020.05.20-10.31.48:378][  0]LogAssetRegistry: FAssetRegistry took 0.0057 seconds to start up
[2020.05.20-10.31.48:810][  0]LogInit: Selected Device Profile: [Windows]
[2020.05.20-10.31.49:123][  0]LogMeshReduction: Using QuadricMeshReduction for automatic static mesh reduction
[2020.05.20-10.31.49:123][  0]LogMeshReduction: Using SimplygonMeshReduction for automatic skeletal mesh reduction
[2020.05.20-10.31.49:123][  0]LogMeshReduction: Using ProxyLODMeshReduction for automatic mesh merging
[2020.05.20-10.31.49:123][  0]LogMeshReduction: No distributed automatic mesh merging module available
[2020.05.20-10.31.49:123][  0]LogMeshMerging: No distributed automatic mesh merging module available
[2020.05.20-10.31.49:136][  0]LogNetVersion: IK2 1.0.0, NetCL: 8386587, EngineNetVer: 11, GameNetVer: 0 (Checksum: 4186048603)
[2020.05.20-10.31.49:744][  0]LogPackageLocalizationCache: Processed 12 localized package path(s) for 1 prioritized culture(s) in 0.066144 seconds
[2020.05.20-10.31.49:755][  0]LogUObjectArray: 43444 objects as part of root set at end of initial load.
[2020.05.20-10.31.49:755][  0]LogUObjectAllocator: 7548648 out of 0 bytes used by permanent object pool.
[2020.05.20-10.31.49:756][  0]LogUObjectArray: CloseDisregardForGC: 0/0 objects in disregard for GC pool
[2020.05.20-10.31.51:655][  0]LogTcpMessaging: Initializing TcpMessaging bridge
[2020.05.20-10.31.51:666][  0]LogUdpMessaging: Initializing bridge on interface 0.0.0.0:0 to multicast group 230.0.0.1:6666.
