Log file open, 05/20/20 17:44:17
LogWindows: Failed to load 'aqProf.dll' (GetLastError=126)
LogWindows: File 'aqProf.dll' does not exist
LogWindows: Failed to load 'VtuneApi.dll' (GetLastError=126)
LogWindows: File 'VtuneApi.dll' does not exist
LogWindows: Failed to load 'VtuneApi32e.dll' (GetLastError=126)
LogWindows: File 'VtuneApi32e.dll' does not exist
LogConsoleResponse: Display: Failed to find resolution value strings in scalability ini. Falling back to default.
LogInit: Display: Running engine for game: IK2
LogPlatformFile: Not using cached read wrapper
LogTaskGraph: Started task graph with 5 named threads and 14 total threads with 3 sets of task threads.
LogStats: Stats thread started at 0.345164
LogD3D11RHI: Loaded GFSDK_Aftermath_Lib.x64.dll
LogICUInternationalization: ICU TimeZone Detection - Raw Offset: +9:00, Platform Override: ''
LogPluginManager: Mounting plugin Paper2D
LogPluginManager: Mounting plugin AISupport
LogPluginManager: Mounting plugin LightPropagationVolume
LogPluginManager: Mounting plugin ActorLayerUtilities
LogPluginManager: Mounting plugin AnimationSharing
LogPluginManager: Mounting plugin CLionSourceCodeAccess
LogPluginManager: Mounting plugin CodeLiteSourceCodeAccess
LogPluginManager: Mounting plugin GitSourceControl
LogPluginManager: Mounting plugin KDevelopSourceCodeAccess
LogPluginManager: Mounting plugin NullSourceCodeAccess
LogPluginManager: Mounting plugin PerforceSourceControl
LogPluginManager: Mounting plugin SubversionSourceControl
LogPluginManager: Mounting plugin UObjectPlugin
LogPluginManager: Mounting plugin VisualStudioCodeSourceCodeAccess
LogPluginManager: Mounting plugin VisualStudioSourceCodeAccess
LogPluginManager: Mounting plugin XCodeSourceCodeAccess
LogPluginManager: Mounting plugin AssetManagerEditor
LogPluginManager: Mounting plugin CryptoKeys
LogPluginManager: Mounting plugin CurveEditorTools
LogPluginManager: Mounting plugin DataValidation
LogPluginManager: Mounting plugin FacialAnimation
LogPluginManager: Mounting plugin GameplayTagsEditor
LogPluginManager: Mounting plugin MacGraphicsSwitching
LogPluginManager: Mounting plugin MaterialAnalyzer
LogPluginManager: Mounting plugin MobileLauncherProfileWizard
LogPluginManager: Mounting plugin PluginBrowser
LogPluginManager: Mounting plugin SpeedTreeImporter
LogPluginManager: Mounting plugin DatasmithContent
LogPluginManager: Mounting plugin VariantManagerContent
LogPluginManager: Mounting plugin AlembicImporter
LogPluginManager: Mounting plugin AutomationUtils
LogPluginManager: Mounting plugin BackChannel
LogPluginManager: Mounting plugin CharacterAI
LogPluginManager: Mounting plugin GeometryCache
LogPluginManager: Mounting plugin HTML5Networking
LogPluginManager: Mounting plugin PlatformCrypto
LogPluginManager: Mounting plugin ProxyLODPlugin
LogPluginManager: Mounting plugin SkeletalReduction
LogPluginManager: Mounting plugin MagicLeap
LogPluginManager: Mounting plugin MagicLeapMedia
LogPluginManager: Mounting plugin AndroidMedia
LogPluginManager: Mounting plugin AvfMedia
LogPluginManager: Mounting plugin ImgMedia
LogPluginManager: Mounting plugin MediaCompositing
LogPluginManager: Mounting plugin MediaPlayerEditor
LogPluginManager: Mounting plugin WebMMedia
LogPluginManager: Mounting plugin WmfMedia
LogPluginManager: Mounting plugin TcpMessaging
LogPluginManager: Mounting plugin UdpMessaging
LogPluginManager: Mounting plugin ActorSequence
LogPluginManager: Mounting plugin LevelSequenceEditor
LogPluginManager: Mounting plugin MatineeToLevelSequence
LogPluginManager: Mounting plugin NetcodeUnitTest
LogPluginManager: Mounting plugin NUTUnrealEngine4
LogPluginManager: Mounting plugin OnlineSubsystemGooglePlay
LogPluginManager: Mounting plugin OnlineSubsystemIOS
LogPluginManager: Mounting plugin OnlineSubsystem
LogPluginManager: Mounting plugin OnlineSubsystemNull
LogPluginManager: Mounting plugin OnlineSubsystemUtils
LogPluginManager: Mounting plugin LauncherChunkInstaller
LogPluginManager: Mounting plugin AndroidDeviceProfileSelector
LogPluginManager: Mounting plugin AndroidMoviePlayer
LogPluginManager: Mounting plugin AndroidPermission
LogPluginManager: Mounting plugin AppleImageUtils
LogPluginManager: Mounting plugin AppleMoviePlayer
LogPluginManager: Mounting plugin ArchVisCharacter
LogPluginManager: Mounting plugin AudioCapture
LogPluginManager: Mounting plugin CableComponent
LogPluginManager: Mounting plugin CustomMeshComponent
LogPluginManager: Mounting plugin EditableMesh
LogPluginManager: Mounting plugin ExampleDeviceProfileSelector
LogPluginManager: Mounting plugin GoogleCloudMessaging
LogPluginManager: Mounting plugin IOSDeviceProfileSelector
LogPluginManager: Mounting plugin LinuxDeviceProfileSelector
LogPluginManager: Mounting plugin LocationServicesBPLibrary
LogPluginManager: Mounting plugin MobilePatchingUtils
LogPluginManager: Mounting plugin OculusVR
LogPluginManager: Mounting plugin PhysXVehicles
LogPluginManager: Mounting plugin ProceduralMeshComponent
LogPluginManager: Mounting plugin RuntimePhysXCooking
LogPluginManager: Mounting plugin SignificanceManager
LogPluginManager: Mounting plugin SteamVR
LogPluginManager: Mounting plugin WebMMoviePlayer
LogPluginManager: Mounting plugin WindowsMoviePlayer
LogPluginManager: Mounting plugin ScreenshotTools
LogInit: Using libcurl 7.55.1-DEV
LogInit:  - built for x86_64-pc-win32
LogInit:  - supports SSL with OpenSSL/1.1.1
LogInit:  - supports HTTP deflate (compression) using libz 1.2.8
LogInit:  - other features:
LogInit:      CURL_VERSION_SSL
LogInit:      CURL_VERSION_LIBZ
LogInit:      CURL_VERSION_IPV6
LogInit:      CURL_VERSION_ASYNCHDNS
LogInit:      CURL_VERSION_LARGEFILE
LogInit:      CURL_VERSION_IDN
LogInit:  CurlRequestOptions (configurable via config and command line):
LogInit:  - bVerifyPeer = true  - Libcurl will verify peer certificate
LogInit:  - bUseHttpProxy = false  - Libcurl will NOT use HTTP proxy
LogInit:  - bDontReuseConnections = false  - Libcurl will reuse connections
LogInit:  - MaxHostConnections = 16  - Libcurl will limit the number of connections to a host
LogInit:  - LocalHostAddr = Default
LogInit:  - BufferSize = 65536
LogOnline: OSS: Creating online subsystem instance for: NULL
LogInit: WinSock: version 1.1 (2.2), MaxSocks=32767, MaxUdp=65467
LogInit: Build: ++UE4+Release-4.23-CL-9631420
LogInit: Engine Version: 4.23.1-9631420+++UE4+Release-4.23
LogInit: Compatible Engine Version: 4.23.0-8386587+++UE4+Release-4.23
LogInit: Net CL: 8386587
LogInit: OS: Windows 10 (Release 1903) (), CPU: Intel(R) Core(TM) i5 CPU         760  @ 2.80GHz, GPU: NVIDIA GeForce GT 730
LogInit: Compiled (64-bit): Oct 18 2019 02:07:44
LogInit: Compiled with Visual C++: 19.16.27030.01
LogInit: Build Configuration: DebugGame
LogInit: Branch Name: ++UE4+Release-4.23
LogInit: Command Line:  -skipcompile
LogInit: Base Directory: C:/Program Files/Epic Games/UE_4.23/Engine/Binaries/Win64/
LogInit: Installed Engine Build: 1
LogDevObjectVersion: Number of dev versions registered: 23
LogDevObjectVersion:   Dev-Blueprints (B0D832E4-1F89-4F0D-ACCF-7EB736FD4AA2): 10
LogDevObjectVersion:   Dev-Build (E1C64328-A22C-4D53-A36C-8E866417BD8C): 0
LogDevObjectVersion:   Dev-Core (375EC13C-06E4-48FB-B500-84F0262A717E): 3
LogDevObjectVersion:   Dev-Editor (E4B068ED-F494-42E9-A231-DA0B2E46BB41): 34
LogDevObjectVersion:   Dev-Framework (CFFC743F-43B0-4480-9391-14DF171D2073): 35
LogDevObjectVersion:   Dev-Mobile (B02B49B5-BB20-44E9-A304-32B752E40360): 2
LogDevObjectVersion:   Dev-Networking (A4E4105C-59A1-49B5-A7C5-40C4547EDFEE): 0
LogDevObjectVersion:   Dev-Online (39C831C9-5AE6-47DC-9A44-9C173E1C8E7C): 0
LogDevObjectVersion:   Dev-Physics (78F01B33-EBEA-4F98-B9B4-84EACCB95AA2): 0
LogDevObjectVersion:   Dev-Platform (6631380F-2D4D-43E0-8009-CF276956A95A): 0
LogDevObjectVersion:   Dev-Rendering (12F88B9F-8875-4AFC-A67C-D90C383ABD29): 31
LogDevObjectVersion:   Dev-Sequencer (7B5AE74C-D270-4C10-A958-57980B212A5A): 11
LogDevObjectVersion:   Dev-VR (D7296918-1DD6-4BDD-9DE2-64A83CC13884): 2
LogDevObjectVersion:   Dev-LoadTimes (C2A15278-BFE7-4AFE-6C17-90FF531DF755): 1
LogDevObjectVersion:   Private-Geometry (6EACA3D4-40EC-4CC1-B786-8BED09428FC5): 3
LogDevObjectVersion:   Dev-AnimPhys (29E575DD-E0A3-4627-9D10-D276232CDCEA): 17
LogDevObjectVersion:   Dev-Anim (AF43A65D-7FD3-4947-9873-3E8ED9C1BB05): 2
LogDevObjectVersion:   Dev-ReflectionCapture (6B266CEC-1EC7-4B8F-A30B-E4D90942FC07): 1
LogDevObjectVersion:   Dev-Automation (0DF73D61-A23F-47EA-B727-89E90C41499A): 1
LogDevObjectVersion:   FortniteMain (601D1886-AC64-4F84-AA16-D3DE0DEAC7D6): 27
LogDevObjectVersion:   Dev-Enterprise (9DFFBCD6-494F-0158-E221-12823C92A888): 6
LogDevObjectVersion:   Dev-Niagara (F2AED0AC-9AFE-416F-8664-AA7FFA26D6FC): 1
LogDevObjectVersion:   Dev-Destruction (174F1F0B-B4C6-45A5-B13F-2EE8D0FB917D): 9
LogInit: Presizing for max 16777216 objects, including 0 objects not considered by GC, pre-allocating 0 bytes for permanent pool.
LogInit: Object subsystem initialized
LogConfig: Setting CVar [[con.DebugEarlyDefault:1]]
LogConfig: Setting CVar [[r.setres:1280x720]]
[2020.05.20-08.44.17:925][  0]LogConfig: Setting CVar [[r.VSync:0]]
[2020.05.20-08.44.17:925][  0]LogConfig: Setting CVar [[r.RHICmdBypass:0]]
[2020.05.20-08.44.17:926][  0]LogConfig: Applying CVar settings from Section [/Script/Engine.RendererSettings] File [D:/SC/UE4Practice/UE4Practice/IK2/Saved/Config/Windows/Engine.ini]
[2020.05.20-08.44.17:926][  0]LogConfig: Setting CVar [[r.GPUCrashDebugging:0]]
[2020.05.20-08.44.17:926][  0]LogConfig: Applying CVar settings from Section [/Script/Engine.RendererOverrideSettings] File [D:/SC/UE4Practice/UE4Practice/IK2/Saved/Config/Windows/Engine.ini]
[2020.05.20-08.44.17:926][  0]LogConfig: Applying CVar settings from Section [/Script/Engine.StreamingSettings] File [D:/SC/UE4Practice/UE4Practice/IK2/Saved/Config/Windows/Engine.ini]
[2020.05.20-08.44.17:926][  0]LogConfig: Setting CVar [[s.MinBulkDataSizeForAsyncLoading:131072]]
[2020.05.20-08.44.17:926][  0]LogConfig: Setting CVar [[s.AsyncLoadingThreadEnabled:0]]
[2020.05.20-08.44.17:926][  0]LogConfig: Setting CVar [[s.EventDrivenLoaderEnabled:1]]
[2020.05.20-08.44.17:926][  0]LogConfig: Setting CVar [[s.WarnIfTimeLimitExceeded:0]]
[2020.05.20-08.44.17:926][  0]LogConfig: Setting CVar [[s.TimeLimitExceededMultiplier:1.5]]
[2020.05.20-08.44.17:926][  0]LogConfig: Setting CVar [[s.TimeLimitExceededMinTime:0.005]]
[2020.05.20-08.44.17:926][  0]LogConfig: Setting CVar [[s.UseBackgroundLevelStreaming:1]]
[2020.05.20-08.44.17:926][  0]LogConfig: Setting CVar [[s.PriorityAsyncLoadingExtraTime:15.0]]
[2020.05.20-08.44.17:926][  0]LogConfig: Setting CVar [[s.LevelStreamingActorsUpdateTimeLimit:5.0]]
[2020.05.20-08.44.17:926][  0]LogConfig: Setting CVar [[s.PriorityLevelStreamingActorsUpdateExtraTime:5.0]]
[2020.05.20-08.44.17:926][  0]LogConfig: Setting CVar [[s.LevelStreamingComponentsRegistrationGranularity:10]]
[2020.05.20-08.44.17:927][  0]LogConfig: Setting CVar [[s.UnregisterComponentsTimeLimit:1.0]]
[2020.05.20-08.44.17:927][  0]LogConfig: Setting CVar [[s.LevelStreamingComponentsUnregistrationGranularity:5]]
[2020.05.20-08.44.17:927][  0]LogConfig: Applying CVar settings from Section [/Script/Engine.GarbageCollectionSettings] File [D:/SC/UE4Practice/UE4Practice/IK2/Saved/Config/Windows/Engine.ini]
[2020.05.20-08.44.17:927][  0]LogConfig: Setting CVar [[gc.MaxObjectsNotConsideredByGC:1]]
[2020.05.20-08.44.17:927][  0]LogConfig: Setting CVar [[gc.SizeOfPermanentObjectPool:0]]
[2020.05.20-08.44.17:927][  0]LogConfig: Setting CVar [[gc.FlushStreamingOnGC:0]]
[2020.05.20-08.44.17:927][  0]LogConfig: Setting CVar [[gc.NumRetriesBeforeForcingGC:10]]
[2020.05.20-08.44.17:927][  0]LogConfig: Setting CVar [[gc.AllowParallelGC:1]]
[2020.05.20-08.44.17:927][  0]LogConfig: Setting CVar [[gc.TimeBetweenPurgingPendingKillObjects:61.1]]
[2020.05.20-08.44.17:927][  0]LogConfig: Setting CVar [[gc.MaxObjectsInEditor:16777216]]
[2020.05.20-08.44.17:927][  0]LogConfig: Setting CVar [[gc.IncrementalBeginDestroyEnabled:1]]
[2020.05.20-08.44.17:927][  0]LogConfig: Setting CVar [[gc.CreateGCClusters:1]]
[2020.05.20-08.44.17:927][  0]LogConfig: Setting CVar [[gc.MinGCClusterSize:5]]
[2020.05.20-08.44.17:928][  0]LogConfig: Setting CVar [[gc.ActorClusteringEnabled:0]]
[2020.05.20-08.44.17:928][  0]LogConfig: Setting CVar [[gc.BlueprintClusteringEnabled:0]]
[2020.05.20-08.44.17:928][  0]LogConfig: Setting CVar [[gc.UseDisregardForGCOnDedicatedServers:0]]
[2020.05.20-08.44.17:928][  0]LogConfig: Applying CVar settings from Section [/Script/Engine.NetworkSettings] File [D:/SC/UE4Practice/UE4Practice/IK2/Saved/Config/Windows/Engine.ini]
[2020.05.20-08.44.17:928][  0]LogConfig: Applying CVar settings from Section [/Script/UnrealEd.CookerSettings] File [D:/SC/UE4Practice/UE4Practice/IK2/Saved/Config/Windows/Engine.ini]
[2020.05.20-08.44.17:945][  0]LogConfig: Applying CVar settings from Section [ViewDistanceQuality@3] File [D:/SC/UE4Practice/UE4Practice/IK2/Saved/Config/Windows/Scalability.ini]
[2020.05.20-08.44.17:945][  0]LogConfig: Setting CVar [[r.SkeletalMeshLODBias:0]]
[2020.05.20-08.44.17:945][  0]LogConfig: Setting CVar [[r.ViewDistanceScale:1.0]]
[2020.05.20-08.44.17:945][  0]LogConfig: Applying CVar settings from Section [AntiAliasingQuality@3] File [D:/SC/UE4Practice/UE4Practice/IK2/Saved/Config/Windows/Scalability.ini]
[2020.05.20-08.44.17:946][  0]LogConfig: Setting CVar [[r.PostProcessAAQuality:4]]
[2020.05.20-08.44.17:946][  0]LogConfig: Applying CVar settings from Section [ShadowQuality@3] File [D:/SC/UE4Practice/UE4Practice/IK2/Saved/Config/Windows/Scalability.ini]
[2020.05.20-08.44.17:946][  0]LogConfig: Setting CVar [[r.LightFunctionQuality:1]]
[2020.05.20-08.44.17:946][  0]LogConfig: Setting CVar [[r.ShadowQuality:5]]
[2020.05.20-08.44.17:946][  0]LogConfig: Setting CVar [[r.Shadow.CSM.MaxCascades:10]]
[2020.05.20-08.44.17:946][  0]LogConfig: Setting CVar [[r.Shadow.MaxResolution:2048]]
[2020.05.20-08.44.17:946][  0]LogConfig: Setting CVar [[r.Shadow.MaxCSMResolution:2048]]
[2020.05.20-08.44.17:946][  0]LogConfig: Setting CVar [[r.Shadow.RadiusThreshold:0.01]]
[2020.05.20-08.44.17:946][  0]LogConfig: Setting CVar [[r.Shadow.DistanceScale:1.0]]
[2020.05.20-08.44.17:946][  0]LogConfig: Setting CVar [[r.Shadow.CSM.TransitionScale:1.0]]
[2020.05.20-08.44.17:946][  0]LogConfig: Setting CVar [[r.Shadow.PreShadowResolutionFactor:1.0]]
[2020.05.20-08.44.17:946][  0]LogConfig: Setting CVar [[r.DistanceFieldShadowing:1]]
[2020.05.20-08.44.17:946][  0]LogConfig: Setting CVar [[r.DistanceFieldAO:1]]
[2020.05.20-08.44.17:947][  0]LogConfig: Setting CVar [[r.AOQuality:2]]
[2020.05.20-08.44.17:947][  0]LogConfig: Setting CVar [[r.VolumetricFog:1]]
[2020.05.20-08.44.17:947][  0]LogConfig: Setting CVar [[r.VolumetricFog.GridPixelSize:8]]
[2020.05.20-08.44.17:947][  0]LogConfig: Setting CVar [[r.VolumetricFog.GridSizeZ:128]]
[2020.05.20-08.44.17:947][  0]LogConfig: Setting CVar [[r.VolumetricFog.HistoryMissSupersampleCount:4]]
[2020.05.20-08.44.17:947][  0]LogConfig: Setting CVar [[r.LightMaxDrawDistanceScale:1]]
[2020.05.20-08.44.17:947][  0]LogConfig: Setting CVar [[r.CapsuleShadows:1]]
[2020.05.20-08.44.17:947][  0]LogConfig: Applying CVar settings from Section [PostProcessQuality@3] File [D:/SC/UE4Practice/UE4Practice/IK2/Saved/Config/Windows/Scalability.ini]
[2020.05.20-08.44.17:947][  0]LogConfig: Setting CVar [[r.MotionBlurQuality:4]]
[2020.05.20-08.44.17:947][  0]LogConfig: Setting CVar [[r.AmbientOcclusionMipLevelFactor:0.4]]
[2020.05.20-08.44.17:947][  0]LogConfig: Setting CVar [[r.AmbientOcclusionMaxQuality:100]]
[2020.05.20-08.44.17:947][  0]LogConfig: Setting CVar [[r.AmbientOcclusionLevels:-1]]
[2020.05.20-08.44.17:948][  0]LogConfig: Setting CVar [[r.AmbientOcclusionRadiusScale:1.0]]
[2020.05.20-08.44.17:948][  0]LogConfig: Setting CVar [[r.DepthOfFieldQuality:2]]
[2020.05.20-08.44.17:948][  0]LogConfig: Setting CVar [[r.RenderTargetPoolMin:400]]
[2020.05.20-08.44.17:948][  0]LogConfig: Setting CVar [[r.LensFlareQuality:2]]
[2020.05.20-08.44.17:948][  0]LogConfig: Setting CVar [[r.SceneColorFringeQuality:1]]
[2020.05.20-08.44.17:948][  0]LogConfig: Setting CVar [[r.EyeAdaptationQuality:2]]
[2020.05.20-08.44.17:948][  0]LogConfig: Setting CVar [[r.BloomQuality:5]]
[2020.05.20-08.44.17:948][  0]LogConfig: Setting CVar [[r.FastBlurThreshold:100]]
[2020.05.20-08.44.17:948][  0]LogConfig: Setting CVar [[r.Upscale.Quality:3]]
[2020.05.20-08.44.17:948][  0]LogConfig: Setting CVar [[r.Tonemapper.GrainQuantization:1]]
[2020.05.20-08.44.17:948][  0]LogConfig: Setting CVar [[r.LightShaftQuality:1]]
[2020.05.20-08.44.17:948][  0]LogConfig: Setting CVar [[r.Filter.SizeScale:1]]
[2020.05.20-08.44.17:948][  0]LogConfig: Setting CVar [[r.Tonemapper.Quality:5]]
[2020.05.20-08.44.17:948][  0]LogConfig: Setting CVar [[r.DOF.Gather.AccumulatorQuality:1        ; higher gathering accumulator quality]]
[2020.05.20-08.44.17:948][  0]LogConfig: Setting CVar [[r.DOF.Gather.PostfilterMethod:1          ; Median3x3 postfilering method]]
[2020.05.20-08.44.17:949][  0]LogConfig: Setting CVar [[r.DOF.Gather.EnableBokehSettings:0       ; no bokeh simulation when gathering]]
[2020.05.20-08.44.17:949][  0]LogConfig: Setting CVar [[r.DOF.Gather.RingCount:4                 ; medium number of samples when gathering]]
[2020.05.20-08.44.17:949][  0]LogConfig: Setting CVar [[r.DOF.Scatter.ForegroundCompositing:1    ; additive foreground scattering]]
[2020.05.20-08.44.17:949][  0]LogConfig: Setting CVar [[r.DOF.Scatter.BackgroundCompositing:2    ; additive background scattering]]
[2020.05.20-08.44.17:949][  0]LogConfig: Setting CVar [[r.DOF.Scatter.EnableBokehSettings:1      ; bokeh simulation when scattering]]
[2020.05.20-08.44.17:949][  0]LogConfig: Setting CVar [[r.DOF.Scatter.MaxSpriteRatio:0.1         ; only a maximum of 10% of scattered bokeh]]
[2020.05.20-08.44.17:949][  0]LogConfig: Setting CVar [[r.DOF.Recombine.Quality:1                ; cheap slight out of focus]]
[2020.05.20-08.44.17:949][  0]LogConfig: Setting CVar [[r.DOF.Recombine.EnableBokehSettings:0    ; no bokeh simulation on slight out of focus]]
[2020.05.20-08.44.17:949][  0]LogConfig: Setting CVar [[r.DOF.TemporalAAQuality:1                ; more stable temporal accumulation]]
[2020.05.20-08.44.17:949][  0]LogConfig: Setting CVar [[r.DOF.Kernel.MaxForegroundRadius:0.025]]
[2020.05.20-08.44.17:949][  0]LogConfig: Setting CVar [[r.DOF.Kernel.MaxBackgroundRadius:0.025]]
[2020.05.20-08.44.17:949][  0]LogConfig: Applying CVar settings from Section [TextureQuality@3] File [D:/SC/UE4Practice/UE4Practice/IK2/Saved/Config/Windows/Scalability.ini]
[2020.05.20-08.44.17:949][  0]LogConfig: Setting CVar [[r.Streaming.MipBias:0]]
[2020.05.20-08.44.17:950][  0]LogConfig: Setting CVar [[r.Streaming.AmortizeCPUToGPUCopy:0]]
[2020.05.20-08.44.17:950][  0]LogConfig: Setting CVar [[r.Streaming.MaxNumTexturesToStreamPerFrame:0]]
[2020.05.20-08.44.17:950][  0]LogConfig: Setting CVar [[r.Streaming.Boost:1]]
[2020.05.20-08.44.17:950][  0]LogConfig: Setting CVar [[r.MaxAnisotropy:8]]
[2020.05.20-08.44.17:950][  0]LogConfig: Setting CVar [[r.Streaming.LimitPoolSizeToVRAM:0]]
[2020.05.20-08.44.17:950][  0]LogConfig: Setting CVar [[r.Streaming.PoolSize:1000]]
[2020.05.20-08.44.17:950][  0]LogConfig: Setting CVar [[r.Streaming.MaxEffectiveScreenSize:0]]
[2020.05.20-08.44.17:950][  0]LogConfig: Applying CVar settings from Section [EffectsQuality@3] File [D:/SC/UE4Practice/UE4Practice/IK2/Saved/Config/Windows/Scalability.ini]
[2020.05.20-08.44.17:950][  0]LogConfig: Setting CVar [[r.TranslucencyLightingVolumeDim:64]]
[2020.05.20-08.44.17:951][  0]LogConfig: Setting CVar [[r.RefractionQuality:2]]
[2020.05.20-08.44.17:951][  0]LogConfig: Setting CVar [[r.SSR.Quality:3]]
[2020.05.20-08.44.17:951][  0]LogConfig: Setting CVar [[r.SceneColorFormat:4]]
[2020.05.20-08.44.17:951][  0]LogConfig: Setting CVar [[r.DetailMode:2]]
[2020.05.20-08.44.17:951][  0]LogConfig: Setting CVar [[r.TranslucencyVolumeBlur:1]]
[2020.05.20-08.44.17:951][  0]LogConfig: Setting CVar [[r.MaterialQualityLevel:1 ; High quality]]
[2020.05.20-08.44.17:951][  0]LogConfig: Setting CVar [[r.SSS.Scale:1]]
[2020.05.20-08.44.17:952][  0]LogConfig: Setting CVar [[r.SSS.SampleSet:2]]
[2020.05.20-08.44.17:952][  0]LogConfig: Setting CVar [[r.SSS.Quality:1]]
[2020.05.20-08.44.17:952][  0]LogConfig: Setting CVar [[r.SSS.HalfRes:1]]
[2020.05.20-08.44.17:952][  0]LogConfig: Setting CVar [[r.EmitterSpawnRateScale:1.0]]
[2020.05.20-08.44.17:952][  0]LogConfig: Setting CVar [[r.ParticleLightQuality:2]]
[2020.05.20-08.44.17:952][  0]LogConfig: Applying CVar settings from Section [FoliageQuality@3] File [D:/SC/UE4Practice/UE4Practice/IK2/Saved/Config/Windows/Scalability.ini]
[2020.05.20-08.44.17:952][  0]LogConfig: Setting CVar [[foliage.DensityScale:1.0]]
[2020.05.20-08.44.17:952][  0]LogConfig: Setting CVar [[grass.DensityScale:1.0]]
[2020.05.20-08.44.17:952][  0]LogInit: Selected Device Profile: [Windows]
[2020.05.20-08.44.17:955][  0]LogInit: Applying CVar settings loaded from the selected device profile: [Windows]
[2020.05.20-08.44.17:960][  0]LogHAL: Display: Platform has ~ 16 GB [17144270848 / 17179869184 / 16], which maps to Larger [LargestMinGB=32, LargerMinGB=12, DefaultMinGB=8, SmallerMinGB=6, SmallestMinGB=0)
[2020.05.20-08.44.17:960][  0]LogInit: Going up to parent DeviceProfile []
[2020.05.20-08.44.17:960][  0]LogConfig: Applying CVar settings from Section [ViewDistanceQuality@1] File [D:/SC/UE4Practice/UE4Practice/IK2/Saved/Config/Windows/Scalability.ini]
[2020.05.20-08.44.17:960][  0]LogConfig: Setting CVar [[r.SkeletalMeshLODBias:1]]
[2020.05.20-08.44.17:961][  0]LogConfig: Setting CVar [[r.ViewDistanceScale:0.6]]
[2020.05.20-08.44.17:961][  0]LogConfig: Applying CVar settings from Section [AntiAliasingQuality@1] File [D:/SC/UE4Practice/UE4Practice/IK2/Saved/Config/Windows/Scalability.ini]
[2020.05.20-08.44.17:961][  0]LogConfig: Setting CVar [[r.PostProcessAAQuality:2]]
[2020.05.20-08.44.17:961][  0]LogConfig: Applying CVar settings from Section [ShadowQuality@1] File [D:/SC/UE4Practice/UE4Practice/IK2/Saved/Config/Windows/Scalability.ini]
[2020.05.20-08.44.17:961][  0]LogConfig: Setting CVar [[r.LightFunctionQuality:1]]
[2020.05.20-08.44.17:961][  0]LogConfig: Setting CVar [[r.ShadowQuality:3]]
[2020.05.20-08.44.17:961][  0]LogConfig: Setting CVar [[r.Shadow.CSM.MaxCascades:1]]
[2020.05.20-08.44.17:961][  0]LogConfig: Setting CVar [[r.Shadow.MaxResolution:1024]]
[2020.05.20-08.44.17:962][  0]LogConfig: Setting CVar [[r.Shadow.MaxCSMResolution:1024]]
[2020.05.20-08.44.17:962][  0]LogConfig: Setting CVar [[r.Shadow.RadiusThreshold:0.05]]
[2020.05.20-08.44.17:962][  0]LogConfig: Setting CVar [[r.Shadow.DistanceScale:0.7]]
[2020.05.20-08.44.17:962][  0]LogConfig: Setting CVar [[r.Shadow.CSM.TransitionScale:0.25]]
[2020.05.20-08.44.17:962][  0]LogConfig: Setting CVar [[r.Shadow.PreShadowResolutionFactor:0.5]]
[2020.05.20-08.44.17:962][  0]LogConfig: Setting CVar [[r.DistanceFieldShadowing:0]]
[2020.05.20-08.44.17:962][  0]LogConfig: Setting CVar [[r.DistanceFieldAO:0]]
[2020.05.20-08.44.17:962][  0]LogConfig: Setting CVar [[r.VolumetricFog:0]]
[2020.05.20-08.44.17:962][  0]LogConfig: Setting CVar [[r.LightMaxDrawDistanceScale:.5]]
[2020.05.20-08.44.17:962][  0]LogConfig: Setting CVar [[r.CapsuleShadows:1]]
[2020.05.20-08.44.17:962][  0]LogConfig: Applying CVar settings from Section [PostProcessQuality@1] File [D:/SC/UE4Practice/UE4Practice/IK2/Saved/Config/Windows/Scalability.ini]
[2020.05.20-08.44.17:963][  0]LogConfig: Setting CVar [[r.MotionBlurQuality:3]]
[2020.05.20-08.44.17:963][  0]LogConfig: Setting CVar [[r.AmbientOcclusionMipLevelFactor:1.0]]
[2020.05.20-08.44.17:963][  0]LogConfig: Setting CVar [[r.AmbientOcclusionMaxQuality:60]]
[2020.05.20-08.44.17:963][  0]LogConfig: Setting CVar [[r.AmbientOcclusionLevels:-1]]
[2020.05.20-08.44.17:963][  0]LogConfig: Setting CVar [[r.AmbientOcclusionRadiusScale:1.5]]
[2020.05.20-08.44.17:963][  0]LogConfig: Setting CVar [[r.DepthOfFieldQuality:1]]
[2020.05.20-08.44.17:963][  0]LogConfig: Setting CVar [[r.RenderTargetPoolMin:350]]
[2020.05.20-08.44.17:963][  0]LogConfig: Setting CVar [[r.LensFlareQuality:0]]
[2020.05.20-08.44.17:963][  0]LogConfig: Setting CVar [[r.SceneColorFringeQuality:0]]
[2020.05.20-08.44.17:963][  0]LogConfig: Setting CVar [[r.EyeAdaptationQuality:0]]
[2020.05.20-08.44.17:964][  0]LogConfig: Setting CVar [[r.BloomQuality:4]]
[2020.05.20-08.44.17:964][  0]LogConfig: Setting CVar [[r.FastBlurThreshold:2]]
[2020.05.20-08.44.17:964][  0]LogConfig: Setting CVar [[r.Upscale.Quality:2]]
[2020.05.20-08.44.17:964][  0]LogConfig: Setting CVar [[r.Tonemapper.GrainQuantization:0]]
[2020.05.20-08.44.17:964][  0]LogConfig: Setting CVar [[r.LightShaftQuality:0]]
[2020.05.20-08.44.17:964][  0]LogConfig: Setting CVar [[r.Filter.SizeScale:0.7]]
[2020.05.20-08.44.17:964][  0]LogConfig: Setting CVar [[r.Tonemapper.Quality:2]]
[2020.05.20-08.44.17:964][  0]LogConfig: Setting CVar [[r.DOF.Gather.AccumulatorQuality:0        ; lower gathering accumulator quality]]
[2020.05.20-08.44.17:964][  0]LogConfig: Setting CVar [[r.DOF.Gather.PostfilterMethod:2          ; Max3x3 postfilering method]]
[2020.05.20-08.44.17:964][  0]LogConfig: Setting CVar [[r.DOF.Gather.EnableBokehSettings:0       ; no bokeh simulation when gathering]]
[2020.05.20-08.44.17:964][  0]LogConfig: Setting CVar [[r.DOF.Gather.RingCount:3                 ; low number of samples when gathering]]
[2020.05.20-08.44.17:964][  0]LogConfig: Setting CVar [[r.DOF.Scatter.ForegroundCompositing:0    ; no foreground scattering]]
[2020.05.20-08.44.17:965][  0]LogConfig: Setting CVar [[r.DOF.Scatter.BackgroundCompositing:0    ; no foreground scattering]]
[2020.05.20-08.44.17:965][  0]LogConfig: Setting CVar [[r.DOF.Recombine.Quality:0                ; no slight out of focus]]
[2020.05.20-08.44.17:965][  0]LogConfig: Setting CVar [[r.DOF.TemporalAAQuality:0                ; faster temporal accumulation]]
[2020.05.20-08.44.17:965][  0]LogConfig: Setting CVar [[r.DOF.Kernel.MaxForegroundRadius:0.006   ; required because low gathering and no scattering and not looking great at 1080p]]
[2020.05.20-08.44.17:966][  0]LogConfig: Setting CVar [[r.DOF.Kernel.MaxBackgroundRadius:0.006   ; required because low gathering and no scattering and not looking great at 1080p]]
[2020.05.20-08.44.17:966][  0]LogConfig: Applying CVar settings from Section [TextureQuality@1] File [D:/SC/UE4Practice/UE4Practice/IK2/Saved/Config/Windows/Scalability.ini]
[2020.05.20-08.44.17:966][  0]LogConfig: Setting CVar [[r.Streaming.MipBias:1]]
[2020.05.20-08.44.17:966][  0]LogConfig: Setting CVar [[r.Streaming.AmortizeCPUToGPUCopy:0]]
[2020.05.20-08.44.17:966][  0]LogConfig: Setting CVar [[r.Streaming.MaxNumTexturesToStreamPerFrame:0]]
[2020.05.20-08.44.17:966][  0]LogConfig: Setting CVar [[r.Streaming.Boost:1]]
[2020.05.20-08.44.17:966][  0]LogConfig: Setting CVar [[r.MaxAnisotropy:2]]
[2020.05.20-08.44.17:967][  0]LogConfig: Setting CVar [[r.Streaming.LimitPoolSizeToVRAM:1]]
[2020.05.20-08.44.17:967][  0]LogConfig: Setting CVar [[r.Streaming.PoolSize:600]]
[2020.05.20-08.44.17:967][  0]LogConfig: Setting CVar [[r.Streaming.MaxEffectiveScreenSize:0]]
[2020.05.20-08.44.17:967][  0]LogConfig: Applying CVar settings from Section [EffectsQuality@1] File [D:/SC/UE4Practice/UE4Practice/IK2/Saved/Config/Windows/Scalability.ini]
[2020.05.20-08.44.17:967][  0]LogConfig: Setting CVar [[r.TranslucencyLightingVolumeDim:32]]
[2020.05.20-08.44.17:967][  0]LogConfig: Setting CVar [[r.RefractionQuality:0]]
[2020.05.20-08.44.17:967][  0]LogConfig: Setting CVar [[r.SSR.Quality:0]]
[2020.05.20-08.44.17:967][  0]LogConfig: Setting CVar [[r.SceneColorFormat:3]]
[2020.05.20-08.44.17:967][  0]LogConfig: Setting CVar [[r.DetailMode:1]]
[2020.05.20-08.44.17:967][  0]LogConfig: Setting CVar [[r.TranslucencyVolumeBlur:0]]
[2020.05.20-08.44.17:968][  0]LogConfig: Setting CVar [[r.MaterialQualityLevel:2 ; Medium quality]]
[2020.05.20-08.44.17:968][  0]LogConfig: Setting CVar [[r.SSS.Scale:0.75]]
[2020.05.20-08.44.17:968][  0]LogConfig: Setting CVar [[r.SSS.SampleSet:0]]
[2020.05.20-08.44.17:968][  0]LogConfig: Setting CVar [[r.SSS.Quality:0]]
[2020.05.20-08.44.17:968][  0]LogConfig: Setting CVar [[r.SSS.HalfRes:1]]
[2020.05.20-08.44.17:968][  0]LogConfig: Setting CVar [[r.EmitterSpawnRateScale:0.25]]
[2020.05.20-08.44.17:968][  0]LogConfig: Setting CVar [[r.ParticleLightQuality:0]]
[2020.05.20-08.44.17:968][  0]LogConfig: Applying CVar settings from Section [FoliageQuality@1] File [D:/SC/UE4Practice/UE4Practice/IK2/Saved/Config/Windows/Scalability.ini]
[2020.05.20-08.44.17:968][  0]LogConfig: Setting CVar [[foliage.DensityScale:0.4]]
[2020.05.20-08.44.17:968][  0]LogConfig: Setting CVar [[grass.DensityScale:0.4]]
[2020.05.20-08.44.17:968][  0]LogConfig: Applying CVar settings from Section [Startup] File [../../../Engine/Config/ConsoleVariables.ini]
[2020.05.20-08.44.17:969][  0]LogConfig: Setting CVar [[net.UseAdaptiveNetUpdateFrequency:0]]
[2020.05.20-08.44.17:969][  0]LogConfig: Setting CVar [[p.chaos.AllowCreatePhysxBodies:1]]
[2020.05.20-08.44.17:969][  0]LogConfig: Applying CVar settings from Section [ConsoleVariables] File [D:/SC/UE4Practice/UE4Practice/IK2/Saved/Config/Windows/Engine.ini]
[2020.05.20-08.44.17:969][  0]LogInit: Computer: DESKTOP-4SDQ2H7
[2020.05.20-08.44.17:970][  0]LogInit: User: kgca009
[2020.05.20-08.44.17:970][  0]LogInit: CPU Page size=4096, Cores=4
[2020.05.20-08.44.17:970][  0]LogInit: High frequency timer resolution =10.000000 MHz
[2020.05.20-08.44.17:970][  0]LogMemory: Memory total: Physical=16.0GB (16GB approx)
[2020.05.20-08.44.17:970][  0]LogMemory: Platform Memory Stats for Windows
[2020.05.20-08.44.17:970][  0]LogMemory: Process Physical Memory: 105.25 MB used, 105.25 MB peak
[2020.05.20-08.44.17:970][  0]LogMemory: Process Virtual Memory: 88.91 MB used, 88.91 MB peak
[2020.05.20-08.44.17:970][  0]LogMemory: Physical Memory: 11458.27 MB used,  4891.79 MB free, 16350.05 MB total
[2020.05.20-08.44.17:970][  0]LogMemory: Virtual Memory: 4648.61 MB used,  134213080.00 MB free, 134217728.00 MB total
[2020.05.20-08.44.17:988][  0]LogWindows: WindowsPlatformFeatures enabled
[2020.05.20-08.44.18:162][  0]LogInit: Using OS detected language (ko-KR).
[2020.05.20-08.44.18:162][  0]LogInit: Using OS detected locale (ko-KR).
[2020.05.20-08.44.18:163][  0]LogTextLocalizationManager: No specific localization for 'ko-KR' exists, so the 'ko' localization will be used.
[2020.05.20-08.44.18:329][  0]LogInit: Setting process to per monitor DPI aware
[2020.05.20-08.44.18:479][  0]LogSlate: New Slate User Created.  User Index 0, Is Virtual User: 0
[2020.05.20-08.44.18:480][  0]LogSlate: Slate User Registered.  User Index 0, Is Virtual User: 0
[2020.05.20-08.44.18:810][  0]LogHMD: Failed to initialize OpenVR with code 110
[2020.05.20-08.44.18:810][  0]LogD3D11RHI: D3D11 adapters:
[2020.05.20-08.44.18:983][  0]LogD3D11RHI:    0. 'NVIDIA GeForce GT 730' (Feature Level 11_0)
[2020.05.20-08.44.18:983][  0]LogD3D11RHI:       1989/0/8175 MB DedicatedVideo/DedicatedSystem/SharedSystem, Outputs:2, VendorId:0x10de
[2020.05.20-08.44.18:993][  0]LogD3D11RHI:    1. 'Microsoft Basic Render Driver' (Feature Level 11_0)
[2020.05.20-08.44.18:994][  0]LogD3D11RHI:       0/0/8175 MB DedicatedVideo/DedicatedSystem/SharedSystem, Outputs:0, VendorId:0x1414
[2020.05.20-08.44.18:994][  0]LogD3D11RHI: Chosen D3D11 Adapter: 0
[2020.05.20-08.44.19:004][  0]LogD3D11RHI: Creating new Direct3DDevice
[2020.05.20-08.44.19:004][  0]LogD3D11RHI:     GPU DeviceId: 0xf02 (for the marketing name, search the web for "GPU Device Id")
[2020.05.20-08.44.19:005][  0]LogWindows: EnumDisplayDevices:
[2020.05.20-08.44.19:005][  0]LogWindows:    0. 'NVIDIA GeForce GT 730' (P:0 D:1)
[2020.05.20-08.44.19:008][  0]LogWindows:    1. 'NVIDIA GeForce GT 730' (P:1 D:1)
[2020.05.20-08.44.19:009][  0]LogWindows: DebugString: FoundDriverCount:2 
[2020.05.20-08.44.19:009][  0]LogD3D11RHI:     Adapter Name: NVIDIA GeForce GT 730
[2020.05.20-08.44.19:009][  0]LogD3D11RHI:   Driver Version: 391.35 (internal:23.21.13.9135, unified:391.35)
[2020.05.20-08.44.19:009][  0]LogD3D11RHI:      Driver Date: 3-23-2018
[2020.05.20-08.44.19:009][  0]LogRHI: Texture pool is 1392 MB (70% of 1989 MB)
[2020.05.20-08.44.19:096][  0]LogD3D11RHI: Display: Timestamp queries are currently disabled on this hardware due to instability. Realtime GPU stats will not be available. You can override this behaviour by setting r.NVIDIATimestampWorkaround to 0
[2020.05.20-08.44.19:096][  0]LogD3D11RHI: Async texture creation enabled
[2020.05.20-08.44.19:116][  0]LogD3D11RHI: GPU Timing Frequency: 1000.000000 (Debug: 2 2)
[2020.05.20-08.44.19:922][  0]LogTemp: Display: Module 'AllDesktopTargetPlatform' loaded TargetPlatform 'AllDesktop'
[2020.05.20-08.44.19:948][  0]LogTemp: Display: Module 'MacClientTargetPlatform' loaded TargetPlatform 'MacClient'
[2020.05.20-08.44.19:972][  0]LogTemp: Display: Module 'MacNoEditorTargetPlatform' loaded TargetPlatform 'MacNoEditor'
[2020.05.20-08.44.19:999][  0]LogTemp: Display: Module 'MacServerTargetPlatform' loaded TargetPlatform 'MacServer'
[2020.05.20-08.44.20:025][  0]LogTemp: Display: Module 'MacTargetPlatform' loaded TargetPlatform 'Mac'
[2020.05.20-08.44.20:052][  0]LogTemp: Display: Module 'WindowsClientTargetPlatform' loaded TargetPlatform 'WindowsClient'
[2020.05.20-08.44.20:078][  0]LogTemp: Display: Module 'WindowsNoEditorTargetPlatform' loaded TargetPlatform 'WindowsNoEditor'
[2020.05.20-08.44.20:104][  0]LogTemp: Display: Module 'WindowsServerTargetPlatform' loaded TargetPlatform 'WindowsServer'
[2020.05.20-08.44.20:123][  0]LogTemp: Display: Module 'WindowsTargetPlatform' loaded TargetPlatform 'Windows'
[2020.05.20-08.44.20:182][  0]LogTemp: Display: Module 'AndroidTargetPlatform' loaded TargetPlatform 'Android'
[2020.05.20-08.44.20:182][  0]LogTemp: Display: Module 'AndroidTargetPlatform' loaded TargetPlatform 'Android_ASTC'
[2020.05.20-08.44.20:182][  0]LogTemp: Display: Module 'AndroidTargetPlatform' loaded TargetPlatform 'Android_ATC'
[2020.05.20-08.44.20:182][  0]LogTemp: Display: Module 'AndroidTargetPlatform' loaded TargetPlatform 'Android_DXT'
[2020.05.20-08.44.20:182][  0]LogTemp: Display: Module 'AndroidTargetPlatform' loaded TargetPlatform 'Android_ETC1'
[2020.05.20-08.44.20:182][  0]LogTemp: Display: Module 'AndroidTargetPlatform' loaded TargetPlatform 'Android_ETC1a'
[2020.05.20-08.44.20:183][  0]LogTemp: Display: Module 'AndroidTargetPlatform' loaded TargetPlatform 'Android_ETC2'
[2020.05.20-08.44.20:183][  0]LogTemp: Display: Module 'AndroidTargetPlatform' loaded TargetPlatform 'Android_PVRTC'
[2020.05.20-08.44.20:183][  0]LogTemp: Display: Module 'AndroidTargetPlatform' loaded TargetPlatform 'AndroidClient'
[2020.05.20-08.44.20:183][  0]LogTemp: Display: Module 'AndroidTargetPlatform' loaded TargetPlatform 'Android_ASTCClient'
[2020.05.20-08.44.20:183][  0]LogTemp: Display: Module 'AndroidTargetPlatform' loaded TargetPlatform 'Android_ATCClient'
[2020.05.20-08.44.20:183][  0]LogTemp: Display: Module 'AndroidTargetPlatform' loaded TargetPlatform 'Android_DXTClient'
[2020.05.20-08.44.20:183][  0]LogTemp: Display: Module 'AndroidTargetPlatform' loaded TargetPlatform 'Android_ETC1Client'
[2020.05.20-08.44.20:183][  0]LogTemp: Display: Module 'AndroidTargetPlatform' loaded TargetPlatform 'Android_ETC1aClient'
[2020.05.20-08.44.20:183][  0]LogTemp: Display: Module 'AndroidTargetPlatform' loaded TargetPlatform 'Android_ETC2Client'
[2020.05.20-08.44.20:183][  0]LogTemp: Display: Module 'AndroidTargetPlatform' loaded TargetPlatform 'Android_PVRTCClient'
[2020.05.20-08.44.20:183][  0]LogTemp: Display: Module 'AndroidTargetPlatform' loaded TargetPlatform 'Android_Multi'
[2020.05.20-08.44.20:184][  0]LogTemp: Display: Module 'AndroidTargetPlatform' loaded TargetPlatform 'Android_MultiClient'
[2020.05.20-08.44.20:193][  0]LogTemp: Display: Module 'HTML5TargetPlatform' loaded TargetPlatform 'HTML5'
[2020.05.20-08.44.20:253][  0]LogTemp: Display: Module 'IOSTargetPlatform' loaded TargetPlatform 'IOSClient'
[2020.05.20-08.44.20:253][  0]LogTemp: Display: Module 'IOSTargetPlatform' loaded TargetPlatform 'IOS'
[2020.05.20-08.44.20:283][  0]LogTemp: Display: Module 'TVOSTargetPlatform' loaded TargetPlatform 'TVOSClient'
[2020.05.20-08.44.20:283][  0]LogTemp: Display: Module 'TVOSTargetPlatform' loaded TargetPlatform 'TVOS'
[2020.05.20-08.44.20:300][  0]LogTemp: Display: Module 'LinuxClientTargetPlatform' loaded TargetPlatform 'LinuxClient'
[2020.05.20-08.44.20:320][  0]LogTemp: Display: Module 'LinuxNoEditorTargetPlatform' loaded TargetPlatform 'LinuxNoEditor'
[2020.05.20-08.44.20:337][  0]LogTemp: Display: Module 'LinuxServerTargetPlatform' loaded TargetPlatform 'LinuxServer'
[2020.05.20-08.44.20:355][  0]LogTemp: Display: Module 'LinuxTargetPlatform' loaded TargetPlatform 'Linux'
[2020.05.20-08.44.20:404][  0]LogTemp: Display: Module 'LuminTargetPlatform' loaded TargetPlatform 'Lumin'
[2020.05.20-08.44.20:405][  0]LogTemp: Display: Module 'LuminTargetPlatform' loaded TargetPlatform 'LuminClient'
[2020.05.20-08.44.20:405][  0]LogTargetPlatformManager: Display: Building Assets For Windows
[2020.05.20-08.44.20:459][  0]LogAudioDebug: Display: Lib vorbis DLL was dynamically loaded.
[2020.05.20-08.44.20:738][  0]LogShaderCompilers: Guid format shader working directory is 16 characters bigger than the processId version (D:/SC/UE4Practice/UE4Practice/IK2/Intermediate/Shaders/WorkingDirectory/904/).
[2020.05.20-08.44.20:739][  0]LogShaderCompilers: Cleaned the shader compiler working directory 'C:/Users/kgca009/AppData/Local/Temp/UnrealShaderWorkingDir/1C3E1DA943A33887F974E0B7F5613C6A/'.
[2020.05.20-08.44.20:747][  0]LogShaderCompilers: Display: Using XGE Shader Compiler (Interception Interface).
[2020.05.20-08.44.21:878][  0]LogDerivedDataCache: Display: Max Cache Size: 512 MB
[2020.05.20-08.44.21:969][  0]LogDerivedDataCache: Loaded boot cache 0.09s 77MB C:/Users/kgca009/AppData/Local/UnrealEngine/4.23/DerivedDataCache/Boot.ddc.
[2020.05.20-08.44.21:969][  0]LogDerivedDataCache: Display: Loaded Boot cache: C:/Users/kgca009/AppData/Local/UnrealEngine/4.23/DerivedDataCache/Boot.ddc
[2020.05.20-08.44.21:969][  0]LogDerivedDataCache: FDerivedDataBackendGraph:  Pak pak cache file D:/SC/UE4Practice/UE4Practice/IK2/DerivedDataCache/DDC.ddp not found, will not use a pak cache.
[2020.05.20-08.44.21:969][  0]LogDerivedDataCache: Unable to find inner node Pak for hierarchical cache Hierarchy.
[2020.05.20-08.44.21:969][  0]LogDerivedDataCache: FDerivedDataBackendGraph:  CompressedPak pak cache file D:/SC/UE4Practice/UE4Practice/IK2/DerivedDataCache/Compressed.ddp not found, will not use a pak cache.
[2020.05.20-08.44.21:970][  0]LogDerivedDataCache: Unable to find inner node CompressedPak for hierarchical cache Hierarchy.
[2020.05.20-08.44.21:989][  0]LogDerivedDataCache: Display: Pak cache opened for reading ../../../Engine/DerivedDataCache/Compressed.ddp.
[2020.05.20-08.44.21:989][  0]LogDerivedDataCache: FDerivedDataBackendGraph:  EnterprisePak pak cache file ../../../Enterprise/DerivedDataCache/Compressed.ddp not found, will not use a pak cache.
[2020.05.20-08.44.21:990][  0]LogDerivedDataCache: Unable to find inner node EnterprisePak for hierarchical cache Hierarchy.
[2020.05.20-08.44.21:994][  0]LogDerivedDataCache: Using Local data cache path C:/Users/kgca009/AppData/Local/UnrealEngine/Common/DerivedDataCache: Writable
[2020.05.20-08.44.21:995][  0]LogDerivedDataCache: Shared data cache path not found in *engine.ini, will not use an Shared cache.
[2020.05.20-08.44.21:995][  0]LogDerivedDataCache: Unable to find inner node Shared for hierarchical cache Hierarchy.
[2020.05.20-08.44.22:032][  0]LogMaterial: Verifying Global Shaders for PCD3D_SM5
[2020.05.20-08.44.22:037][  0]LogSlate: Using FreeType 2.6.0
[2020.05.20-08.44.22:039][  0]LogSlate: SlateFontServices - WITH_FREETYPE: 1, WITH_HARFBUZZ: 1
[2020.05.20-08.44.22:153][  0]LogAssetRegistry: FAssetRegistry took 0.0064 seconds to start up
[2020.05.20-08.44.22:635][  0]LogInit: Selected Device Profile: [Windows]
[2020.05.20-08.44.22:979][  0]LogMeshReduction: Using QuadricMeshReduction for automatic static mesh reduction
[2020.05.20-08.44.22:979][  0]LogMeshReduction: Using SimplygonMeshReduction for automatic skeletal mesh reduction
[2020.05.20-08.44.22:979][  0]LogMeshReduction: Using ProxyLODMeshReduction for automatic mesh merging
[2020.05.20-08.44.22:979][  0]LogMeshReduction: No distributed automatic mesh merging module available
[2020.05.20-08.44.22:979][  0]LogMeshMerging: No distributed automatic mesh merging module available
[2020.05.20-08.44.22:993][  0]LogNetVersion: IK2 1.0.0, NetCL: 8386587, EngineNetVer: 11, GameNetVer: 0 (Checksum: 4186048603)
[2020.05.20-08.44.23:676][  0]LogPackageLocalizationCache: Processed 12 localized package path(s) for 1 prioritized culture(s) in 0.067541 seconds
[2020.05.20-08.44.23:686][  0]LogUObjectArray: 43444 objects as part of root set at end of initial load.
[2020.05.20-08.44.23:686][  0]LogUObjectAllocator: 7548648 out of 0 bytes used by permanent object pool.
[2020.05.20-08.44.23:686][  0]LogUObjectArray: CloseDisregardForGC: 0/0 objects in disregard for GC pool
[2020.05.20-08.44.25:795][  0]LogTcpMessaging: Initializing TcpMessaging bridge
[2020.05.20-08.44.25:808][  0]LogUdpMessaging: Initializing bridge on interface 0.0.0.0:0 to multicast group 230.0.0.1:6666.
[2020.05.20-08.44.26:338][  0]SourceControl: 소스 컨트롤이 꺼졌습니다.
[2020.05.20-08.44.26:338][  0]SourceControl: 소스 컨트롤이 꺼졌습니다.
[2020.05.20-08.44.26:361][  0]SourceControl: 소스 컨트롤이 꺼졌습니다.
[2020.05.20-08.44.26:370][  0]SourceControl: 소스 컨트롤이 꺼졌습니다.
[2020.05.20-08.44.26:901][  0]LogAndroidPermission: UAndroidPermissionCallbackProxy::GetInstance
[2020.05.20-08.44.27:476][  0]LogOcInput: OculusInput pre-init called
[2020.05.20-08.44.27:504][  0]LogWindows: Failed to load 'OVRPlugin.dll' (GetLastError=126)
[2020.05.20-08.44.27:504][  0]LogWindows: File 'OVRPlugin.dll' does not exist
[2020.05.20-08.44.27:682][  0]LogEngine: Initializing Engine...
[2020.05.20-08.44.27:684][  0]LogHMD: Failed to initialize OpenVR with code 110
[2020.05.20-08.44.27:685][  0]LogStats: UGameplayTagsManager::InitializeManager -  0.000 s
[2020.05.20-08.44.28:068][  0]LogInit: Initializing FReadOnlyCVARCache
[2020.05.20-08.44.28:112][  0]LogAIModule: Creating AISystem for world Untitled
[2020.05.20-08.44.28:207][  0]LogInit: XAudio2 using '스피커(High Definition Audio Device)' : 2 channels at 48 kHz using 16 bits per sample (channel mask 0x3)
[2020.05.20-08.44.28:272][  0]LogInit: FAudioDevice initialized.
[2020.05.20-08.44.28:273][  0]LogNetVersion: Set ProjectVersion to 1.0.0.0. Version Checksum will be recalculated on next use.
[2020.05.20-08.44.28:484][  0]LogDerivedDataCache: Saved boot cache 0.21s 77MB C:/Users/kgca009/AppData/Local/UnrealEngine/4.23/DerivedDataCache/Boot.ddc.
[2020.05.20-08.44.28:494][  0]LogInit: Texture streaming: Enabled
[2020.05.20-08.44.28:571][  0]LogEngineSessionManager: EngineSessionManager initialized
[2020.05.20-08.44.28:573][  0]LogEngineSessionManager: EngineSessionManager sent abnormal shutdown report. Type=Debugger, SessionId={7046E635-46EB-00C5-0D57-8AA9D69073F7}
[2020.05.20-08.44.28:574][  0]LogEditorSessionSummary: Verbose: Initializing EditorSessionSummaryWriter for editor session tracking
[2020.05.20-08.44.28:577][  0]LogEditorSessionSummary: EditorSessionSummaryWriter initialized
[2020.05.20-08.44.28:688][  0]LogInit: Transaction tracking system initialized
[2020.05.20-08.44.28:825][  0]BlueprintLog: New page: 에디터 로드
[2020.05.20-08.44.29:149][  0]LocalizationService: 현지화 서비스가 비활성화되었습니다.
[2020.05.20-08.44.30:578][  0]LogFileCache: Scanning file cache for directory 'D:/SC/UE4Practice/UE4Practice/IK2/Content/' took 0.01s
[2020.05.20-08.44.30:578][  0]LogCook: Display: Max memory allowance for cook 16384mb min free memory 0mb
[2020.05.20-08.44.30:578][  0]LogCook: Display: Mobile HDR setting 1
[2020.05.20-08.44.31:217][  0]SourceControl: 소스 컨트롤이 꺼졌습니다.
[2020.05.20-08.44.31:218][  0]Cmd: MAP LOAD FILE="D:/SC/UE4Practice/UE4Practice/IK2/Content/ThirdPersonCPP/Maps/ThirdPersonExampleMap.umap" TEMPLATE=0 SHOWPROGRESS=1 FEATURELEVEL=3
[2020.05.20-08.44.31:219][  0]LightingResults: New page: 라이팅 빌드
[2020.05.20-08.44.31:225][  0]LogWorld: UWorld::CleanupWorld for Untitled, bSessionEnded=true, bCleanupResources=true
[2020.05.20-08.44.31:225][  0]MapCheck: New page: 맵 체크
[2020.05.20-08.44.31:225][  0]LightingResults: New page: 라이팅 빌드
[2020.05.20-08.44.31:257][  0]LogUObjectHash: Compacting FUObjectHashTables data took   5.10ms
[2020.05.20-08.44.31:415][  0]LogAIModule: Creating AISystem for world ThirdPersonExampleMap
[2020.05.20-08.44.31:427][  0]LogEditorServer: Finished looking for orphan Actors (0.000 secs)
[2020.05.20-08.44.31:466][  0]LogUObjectHash: Compacting FUObjectHashTables data took   5.31ms
[2020.05.20-08.44.31:467][  0]Cmd: MAP CHECKDEP NOCLEARLOG
[2020.05.20-08.44.31:468][  0]MapCheck: 맵 체크 완료: 오류 0 회, 경고 0 회, 소요 시간 0.165ms.
[2020.05.20-08.44.31:468][  0]LogFileHelpers: Loading map 'ThirdPersonExampleMap' took 0.250
[2020.05.20-08.44.31:647][  0]LogSlate: Updating window title bar state: overlay mode, drag disabled, window buttons hidden, title bar hidden
[2020.05.20-08.44.31:660][  0]LogSlate: Updating window title bar state: overlay mode, drag disabled, window buttons hidden, title bar hidden
[2020.05.20-08.44.31:672][  0]LogSlate: Updating window title bar state: overlay mode, drag disabled, window buttons hidden, title bar hidden
[2020.05.20-08.44.31:686][  0]LogSlate: Updating window title bar state: overlay mode, drag disabled, window buttons hidden, title bar hidden
[2020.05.20-08.44.31:710][  0]LogCollectionManager: Loaded 0 collections in 0.005024 seconds
[2020.05.20-08.44.31:735][  0]LogFileCache: Scanning file cache for directory 'D:/SC/UE4Practice/UE4Practice/IK2/Saved/Collections/' took 0.00s
[2020.05.20-08.44.31:735][  0]LogFileCache: Scanning file cache for directory 'D:/SC/UE4Practice/UE4Practice/IK2/Content/Developers/kgca009/Collections/' took 0.00s
[2020.05.20-08.44.31:735][  0]LogFileCache: Scanning file cache for directory 'D:/SC/UE4Practice/UE4Practice/IK2/Content/Collections/' took 0.01s
[2020.05.20-08.44.31:736][  0]LogCollectionManager: Rebuilt the GUID cache for 0 collections in 0.000002 seconds
[2020.05.20-08.44.31:749][  0]LogContentBrowser: Native class hierarchy populated in 0.0133 seconds. Added 2867 classes and 682 folders.
[2020.05.20-08.44.31:765][  0]LogContentBrowser: Native class hierarchy updated for 'WidgetCarousel' in 0.0005 seconds. Added 0 classes and 0 folders.
[2020.05.20-08.44.31:851][  0]LogContentBrowser: Native class hierarchy updated for 'AddContentDialog' in 0.0005 seconds. Added 0 classes and 0 folders.
[2020.05.20-08.44.31:872][  0]LogContentBrowser: Native class hierarchy updated for 'SceneOutliner' in 0.0005 seconds. Added 1 classes and 2 folders.
[2020.05.20-08.44.32:002][  0]LogSlate: Took 0.000244 seconds to synchronously load lazily loaded font '../../../Engine/Content/Slate/Fonts/Roboto-Regular.ttf' (155K)
[2020.05.20-08.44.32:010][  0]LogSlate: Took 0.002763 seconds to synchronously load lazily loaded font '../../../Engine/Content/Editor/Slate/Fonts/NanumGothic.ttf' (4243K)
[2020.05.20-08.44.32:015][  0]LogSlate: Took 0.002735 seconds to synchronously load lazily loaded font '../../../Engine/Content/Editor/Slate/Fonts/NanumGothicBold.ttf' (4188K)
[2020.05.20-08.44.32:016][  0]LogSlate: Took 0.000299 seconds to synchronously load lazily loaded font '../../../Engine/Content/Slate/Fonts/Roboto-Bold.ttf' (160K)
[2020.05.20-08.44.32:022][  0]LogSlate: Took 0.000323 seconds to synchronously load lazily loaded font '../../../Engine/Content/Editor/Slate/Fonts/FontAwesome.ttf' (139K)
[2020.05.20-08.44.32:130][  0]LogRenderer: Reallocating scene render targets to support 1128x588 Format 9 NumSamples 1 (Frame:1).
[2020.05.20-08.44.32:197][  0]LogSlate: Took 0.000370 seconds to synchronously load lazily loaded font '../../../Engine/Content/Slate/Fonts/Roboto-Light.ttf' (167K)
[2020.05.20-08.44.32:284][  0]LogContentBrowser: Native class hierarchy updated for 'HierarchicalLODOutliner' in 0.0005 seconds. Added 0 classes and 0 folders.
[2020.05.20-08.44.32:284][  0]LogLoad: (Engine Initialization) Total time: 17.46 seconds
[2020.05.20-08.44.32:284][  0]LogLoad: (Engine Initialization) Total Blueprint compile time: 0.00 seconds
[2020.05.20-08.44.32:350][  0]LogContentStreaming: Texture pool size now 600 MB
[2020.05.20-08.44.32:411][  1]LogAssetRegistry: Asset discovery search completed in 10.2613 seconds
[2020.05.20-08.44.32:417][  1]LogCollectionManager: Rebuilt the object cache for 0 collections in 0.000006 seconds (found 0 objects)
[2020.05.20-08.44.32:417][  1]LogCollectionManager: Fixed up redirectors for 0 collections in 0.000212 seconds (updated 0 objects)
[2020.05.20-08.52.32:424][311]LogEditorSessionSummary: EditorSessionSummary sent report. Type=Debugger, SessionId={D5903257-424D-2DC8-7909-79A3C95D30DD}
[2020.05.20-08.56.40:710][717]LogSlate: FSceneViewport::OnFocusLost() reason 0
[2020.05.20-08.56.40:745][718]LogTemp: Repeating last play command: 선택된 뷰포트
[2020.05.20-08.56.40:765][718]LogBlueprintUserMessages: Early PlayInEditor Detection: Level '/Game/ThirdPersonCPP/Maps/ThirdPersonExampleMap.ThirdPersonExampleMap:PersistentLevel' has LevelScriptBlueprint '/Game/ThirdPersonCPP/Maps/ThirdPersonExampleMap.ThirdPersonExampleMap:PersistentLevel.ThirdPersonExampleMap' with GeneratedClass '/Game/ThirdPersonCPP/Maps/ThirdPersonExampleMap.ThirdPersonExampleMap_C' with ClassGeneratedBy '/Game/ThirdPersonCPP/Maps/ThirdPersonExampleMap.ThirdPersonExampleMap:PersistentLevel.ThirdPersonExampleMap'
[2020.05.20-08.56.40:765][718]LogPlayLevel: PlayLevel: No blueprints needed recompiling
[2020.05.20-08.56.40:766][718]PIE: New page: PIE 세션: ThirdPersonExampleMap (2020. 5. 21. 오전 2:56:40)
[2020.05.20-08.56.40:768][718]LogOnline: OSS: Creating online subsystem instance for: NULL
[2020.05.20-08.56.40:771][718]LogPlayLevel: Creating play world package: /Game/ThirdPersonCPP/Maps/UEDPIE_0_ThirdPersonExampleMap
[2020.05.20-08.56.40:796][718]LogPlayLevel: PIE: StaticDuplicateObject took: (0.024521s)
[2020.05.20-08.56.40:799][718]LogAIModule: Creating AISystem for world ThirdPersonExampleMap
[2020.05.20-08.56.40:799][718]LogPlayLevel: PIE: World Init took: (0.002127s)
[2020.05.20-08.56.40:800][718]LogPlayLevel: PIE: Created PIE world by copying editor world from /Game/ThirdPersonCPP/Maps/ThirdPersonExampleMap.ThirdPersonExampleMap to /Game/ThirdPersonCPP/Maps/UEDPIE_0_ThirdPersonExampleMap.ThirdPersonExampleMap (0.028250s)
[2020.05.20-08.56.40:832][718]LogUObjectHash: Compacting FUObjectHashTables data took   3.06ms
[2020.05.20-08.56.40:916][718]LogInit: XAudio2 using '스피커(High Definition Audio Device)' : 2 channels at 48 kHz using 16 bits per sample (channel mask 0x3)
[2020.05.20-08.56.40:955][718]LogInit: FAudioDevice initialized.
[2020.05.20-08.56.40:972][718]LogLoad: Game class is 'IK2GameMode'
[2020.05.20-08.56.40:976][718]LogWorld: Bringing World /Game/ThirdPersonCPP/Maps/UEDPIE_0_ThirdPersonExampleMap.ThirdPersonExampleMap up for play (max tick rate 0) at 2020.05.20-17.56.40
[2020.05.20-08.56.40:977][718]LogWorld: Bringing up level for play took: 0.003156
[2020.05.20-08.56.40:977][718]LogOnline: OSS: Creating online subsystem instance for: :Context_1
[2020.05.20-08.56.40:994][718]LogContentBrowser: Native class hierarchy updated for 'MovieSceneCapture' in 0.0006 seconds. Added 20 classes and 0 folders.
[2020.05.20-08.56.40:995][718]PIE: /Game/ThirdPersonCPP/Maps/UEDPIE_0_ThirdPersonExampleMap 에 대한 에디터에서 플레이 시작 시간: -0.666
[2020.05.20-08.56.40:995][718]LogBlueprintUserMessages: Late PlayInEditor Detection: Level '/Game/ThirdPersonCPP/Maps/ThirdPersonExampleMap.ThirdPersonExampleMap:PersistentLevel' has LevelScriptBlueprint '/Game/ThirdPersonCPP/Maps/ThirdPersonExampleMap.ThirdPersonExampleMap:PersistentLevel.ThirdPersonExampleMap' with GeneratedClass '/Game/ThirdPersonCPP/Maps/ThirdPersonExampleMap.ThirdPersonExampleMap_C' with ClassGeneratedBy '/Game/ThirdPersonCPP/Maps/ThirdPersonExampleMap.ThirdPersonExampleMap:PersistentLevel.ThirdPersonExampleMap'
[2020.05.20-08.56.40:996][718]LogTemp: BoneRotation.... 0.000000 0.000281 0.000000
[2020.05.20-08.56.40:996][718]LogTemp: BoneRotation.... 0.000000 0.000000 0.000000
[2020.05.20-08.56.40:996][718]LogTemp: BoneRotation.... 0.000000 0.000000 0.000000
[2020.05.20-08.56.41:019][719]LogTemp: BoneRotation.... 0.000000 0.001544 0.000000
[2020.05.20-08.56.41:020][719]LogTemp: BoneRotation.... 0.000000 0.000000 0.000000
[2020.05.20-08.56.41:020][719]LogTemp: BoneRotation.... 0.000000 0.000000 0.000000
[2020.05.20-08.56.41:074][720]LogTemp: BoneRotation.... 0.000000 0.001544 -0.000000
[2020.05.20-08.56.41:074][720]LogTemp: BoneRotation.... 0.000000 0.000000 0.000000
[2020.05.20-08.56.41:078][720]LogTemp: BoneRotation.... 0.000000 0.000000 0.000000
[2020.05.20-08.56.41:095][721]LogTemp: BoneRotation.... 0.000000 0.001544 -0.000000
[2020.05.20-08.56.41:095][721]LogTemp: BoneRotation.... 0.000000 0.000000 0.000000
[2020.05.20-08.56.41:095][721]LogTemp: BoneRotation.... 0.000000 0.000000 0.000000
[2020.05.20-08.56.41:155][722]LogTemp: BoneRotation.... 0.000000 0.001544 -0.000000
[2020.05.20-08.56.41:155][722]LogTemp: BoneRotation.... 0.000000 0.000000 0.000000
[2020.05.20-08.56.41:155][722]LogTemp: BoneRotation.... 0.000000 0.000000 0.000000
[2020.05.20-08.56.41:183][723]LogTemp: BoneRotation.... 0.000000 0.001544 -0.000000
[2020.05.20-08.56.41:183][723]LogTemp: BoneRotation.... 0.000000 0.000000 0.000000
[2020.05.20-08.56.41:183][723]LogTemp: BoneRotation.... 0.000000 0.000000 0.000000
[2020.05.20-08.56.41:210][724]LogTemp: BoneRotation.... 0.000000 0.001544 -0.000000
[2020.05.20-08.56.41:210][724]LogTemp: BoneRotation.... 0.000000 0.000000 0.000000
[2020.05.20-08.56.41:210][724]LogTemp: BoneRotation.... 0.000000 0.000000 0.000000
[2020.05.20-08.56.41:235][725]LogTemp: BoneRotation.... 0.000000 0.001544 -0.000000
[2020.05.20-08.56.41:235][725]LogTemp: BoneRotation.... 0.000000 0.000000 0.000000
[2020.05.20-08.56.41:236][725]LogTemp: BoneRotation.... 0.000000 0.000000 0.000000
[2020.05.20-08.56.41:269][726]LogTemp: BoneRotation.... 0.000000 0.001544 -0.000000
[2020.05.20-08.56.41:269][726]LogTemp: BoneRotation.... 0.000000 0.000000 0.000000
[2020.05.20-08.56.41:269][726]LogTemp: BoneRotation.... 0.000000 0.000000 0.000000
[2020.05.20-08.56.41:290][727]LogTemp: BoneRotation.... 0.000000 0.001544 -0.000000
[2020.05.20-08.56.41:291][727]LogTemp: BoneRotation.... 0.000000 0.000000 0.000000
[2020.05.20-08.56.41:291][727]LogTemp: BoneRotation.... 0.000000 0.000000 0.000000
[2020.05.20-08.56.41:318][728]LogTemp: BoneRotation.... 0.000000 0.001544 -0.000000
[2020.05.20-08.56.41:318][728]LogTemp: BoneRotation.... 0.000000 0.000000 0.000000
[2020.05.20-08.56.41:318][728]LogTemp: BoneRotation.... 0.000000 0.000000 0.000000
[2020.05.20-08.56.41:344][729]LogTemp: BoneRotation.... 0.000000 0.001544 -0.000000
[2020.05.20-08.56.41:344][729]LogTemp: BoneRotation.... 0.000000 0.000000 0.000000
[2020.05.20-08.56.41:344][729]LogTemp: BoneRotation.... 0.000000 0.000000 0.000000
[2020.05.20-08.56.41:373][730]LogTemp: BoneRotation.... 0.000000 0.001544 -0.000000
[2020.05.20-08.56.41:373][730]LogTemp: BoneRotation.... 0.000000 0.000000 0.000000
[2020.05.20-08.56.41:374][730]LogTemp: BoneRotation.... 0.000000 0.000000 0.000000
[2020.05.20-08.56.41:397][731]LogTemp: BoneRotation.... 0.000000 0.001544 -0.000000
[2020.05.20-08.56.41:397][731]LogTemp: BoneRotation.... 0.000000 0.000000 0.000000
[2020.05.20-08.56.41:397][731]LogTemp: BoneRotation.... 0.000000 0.000000 0.000000
[2020.05.20-08.56.41:423][732]LogTemp: BoneRotation.... 0.000000 0.001544 -0.000000
[2020.05.20-08.56.41:424][732]LogTemp: BoneRotation.... 0.000000 0.000000 0.000000
[2020.05.20-08.56.41:424][732]LogTemp: BoneRotation.... 0.000000 0.000000 0.000000
[2020.05.20-08.56.41:448][733]LogTemp: BoneRotation.... 0.000000 0.001544 -0.000000
[2020.05.20-08.56.41:448][733]LogTemp: BoneRotation.... 0.000000 0.000000 0.000000
[2020.05.20-08.56.41:448][733]LogTemp: BoneRotation.... 0.000000 0.000000 0.000000
[2020.05.20-08.56.41:478][734]LogTemp: BoneRotation.... 0.000000 0.001544 -0.000000
[2020.05.20-08.56.41:479][734]LogTemp: BoneRotation.... 0.000000 0.000000 0.000000
[2020.05.20-08.56.41:482][734]LogTemp: BoneRotation.... 0.000000 0.000000 0.000000
[2020.05.20-08.56.41:502][735]LogTemp: BoneRotation.... 0.000000 0.001544 -0.000000
[2020.05.20-08.56.41:502][735]LogTemp: BoneRotation.... 0.000000 0.000000 0.000000
[2020.05.20-08.56.41:502][735]LogTemp: BoneRotation.... 0.000000 0.000000 0.000000
[2020.05.20-08.56.41:534][736]LogTemp: BoneRotation.... 0.000000 0.001544 -0.000000
[2020.05.20-08.56.41:534][736]LogTemp: BoneRotation.... 0.000000 0.000000 0.000000
[2020.05.20-08.56.41:534][736]LogTemp: BoneRotation.... 0.000000 0.000000 0.000000
[2020.05.20-08.56.41:555][737]LogTemp: BoneRotation.... 0.000000 0.001544 -0.000000
[2020.05.20-08.56.41:555][737]LogTemp: BoneRotation.... 0.000000 0.000000 0.000000
[2020.05.20-08.56.41:555][737]LogTemp: BoneRotation.... 0.000000 0.000000 0.000000
[2020.05.20-08.56.41:586][738]LogTemp: BoneRotation.... 0.000000 0.001544 -0.000000
[2020.05.20-08.56.41:586][738]LogTemp: BoneRotation.... 0.000000 0.000000 0.000000
[2020.05.20-08.56.41:586][738]LogTemp: BoneRotation.... 0.000000 0.000000 0.000000
[2020.05.20-08.56.41:607][739]LogTemp: BoneRotation.... 0.000000 0.001544 -0.000000
[2020.05.20-08.56.41:607][739]LogTemp: BoneRotation.... 0.000000 0.000000 0.000000
[2020.05.20-08.56.41:607][739]LogTemp: BoneRotation.... 0.000000 0.000000 0.000000
[2020.05.20-08.56.41:634][740]LogTemp: BoneRotation.... 0.000000 0.001544 -0.000000
[2020.05.20-08.56.41:634][740]LogTemp: BoneRotation.... 0.000000 0.000000 0.000000
[2020.05.20-08.56.41:634][740]LogTemp: BoneRotation.... 0.000000 0.000000 0.000000
[2020.05.20-08.56.41:657][741]LogTemp: BoneRotation.... 0.000000 0.001544 -0.000000
[2020.05.20-08.56.41:657][741]LogTemp: BoneRotation.... 0.000000 0.000000 0.000000
[2020.05.20-08.56.41:658][741]LogTemp: BoneRotation.... 0.000000 0.000000 0.000000
[2020.05.20-08.56.41:688][742]LogTemp: BoneRotation.... 0.000000 0.001544 -0.000000
[2020.05.20-08.56.41:688][742]LogTemp: BoneRotation.... 0.000000 0.000000 0.000000
[2020.05.20-08.56.41:688][742]LogTemp: BoneRotation.... 0.000000 0.000000 0.000000
[2020.05.20-08.56.41:711][743]LogTemp: BoneRotation.... 0.000000 0.001544 -0.000000
[2020.05.20-08.56.41:711][743]LogTemp: BoneRotation.... 0.000000 0.000000 0.000000
[2020.05.20-08.56.41:712][743]LogTemp: BoneRotation.... 0.000000 0.000000 0.000000
[2020.05.20-08.56.41:739][744]LogTemp: BoneRotation.... 0.000000 0.001544 -0.000000
[2020.05.20-08.56.41:739][744]LogTemp: BoneRotation.... 0.000000 0.000000 0.000000
[2020.05.20-08.56.41:739][744]LogTemp: BoneRotation.... 0.000000 0.000000 0.000000
[2020.05.20-08.56.41:764][745]LogTemp: BoneRotation.... 0.000000 0.001544 -0.000000
[2020.05.20-08.56.41:764][745]LogTemp: BoneRotation.... 0.000000 0.000000 0.000000
[2020.05.20-08.56.41:764][745]LogTemp: BoneRotation.... 0.000000 0.000000 0.000000
[2020.05.20-08.56.41:793][746]LogTemp: BoneRotation.... 0.000000 0.001544 -0.000000
[2020.05.20-08.56.41:793][746]LogTemp: BoneRotation.... 0.000000 0.000000 0.000000
[2020.05.20-08.56.41:793][746]LogTemp: BoneRotation.... 0.000000 0.000000 0.000000
[2020.05.20-08.56.41:817][747]LogTemp: BoneRotation.... 0.000000 0.001544 -0.000000
[2020.05.20-08.56.41:817][747]LogTemp: BoneRotation.... 0.000000 0.000000 0.000000
[2020.05.20-08.56.41:818][747]LogTemp: BoneRotation.... 0.000000 0.000000 0.000000
[2020.05.20-08.56.41:844][748]LogTemp: BoneRotation.... 0.000000 0.001544 -0.000000
[2020.05.20-08.56.41:844][748]LogTemp: BoneRotation.... 0.000000 0.000000 0.000000
[2020.05.20-08.56.41:844][748]LogTemp: BoneRotation.... 0.000000 0.000000 0.000000
[2020.05.20-08.56.41:868][749]LogTemp: BoneRotation.... 0.000000 0.001544 -0.000000
[2020.05.20-08.56.41:868][749]LogTemp: BoneRotation.... 0.000000 0.000000 0.000000
[2020.05.20-08.56.41:868][749]LogTemp: BoneRotation.... 0.000000 0.000000 0.000000
[2020.05.20-08.56.41:900][750]LogTemp: BoneRotation.... 0.000000 0.001544 -0.000000
[2020.05.20-08.56.41:900][750]LogTemp: BoneRotation.... 0.000000 0.000000 0.000000
[2020.05.20-08.56.41:901][750]LogTemp: BoneRotation.... 0.000000 0.000000 0.000000
[2020.05.20-08.56.41:920][751]LogTemp: BoneRotation.... 0.000000 0.001544 -0.000000
[2020.05.20-08.56.41:920][751]LogTemp: BoneRotation.... 0.000000 0.000000 0.000000
[2020.05.20-08.56.41:920][751]LogTemp: BoneRotation.... 0.000000 0.000000 0.000000
[2020.05.20-08.56.41:945][752]LogTemp: BoneRotation.... 0.000000 0.001544 -0.000000
[2020.05.20-08.56.41:945][752]LogTemp: BoneRotation.... 0.000000 0.000000 0.000000
[2020.05.20-08.56.41:945][752]LogTemp: BoneRotation.... 0.000000 0.000000 0.000000
[2020.05.20-08.56.41:970][753]LogTemp: BoneRotation.... 0.000000 0.001544 -0.000000
[2020.05.20-08.56.41:970][753]LogTemp: BoneRotation.... 0.000000 0.000000 0.000000
[2020.05.20-08.56.41:970][753]LogTemp: BoneRotation.... 0.000000 0.000000 0.000000
[2020.05.20-08.56.41:996][754]LogTemp: BoneRotation.... 0.000000 0.001544 -0.000000
[2020.05.20-08.56.41:997][754]LogTemp: BoneRotation.... 0.000000 0.000000 0.000000
[2020.05.20-08.56.41:997][754]LogTemp: BoneRotation.... 0.000000 0.000000 0.000000
[2020.05.20-08.56.42:023][755]LogTemp: BoneRotation.... 0.000000 0.001544 -0.000000
[2020.05.20-08.56.42:023][755]LogTemp: BoneRotation.... 0.000000 0.000000 0.000000
[2020.05.20-08.56.42:024][755]LogTemp: BoneRotation.... 0.000000 0.000000 0.000000
[2020.05.20-08.56.42:046][756]LogTemp: BoneRotation.... 0.000000 0.001544 -0.000000
[2020.05.20-08.56.42:046][756]LogTemp: BoneRotation.... 0.000000 0.000000 0.000000
[2020.05.20-08.56.42:047][756]LogTemp: BoneRotation.... 0.000000 0.000000 0.000000
[2020.05.20-08.56.42:075][757]LogTemp: BoneRotation.... 0.000000 0.001544 -0.000000
[2020.05.20-08.56.42:075][757]LogTemp: BoneRotation.... 0.000000 0.000000 0.000000
[2020.05.20-08.56.42:075][757]LogTemp: BoneRotation.... 0.000000 0.000000 0.000000
[2020.05.20-08.56.42:099][758]LogTemp: BoneRotation.... 0.000000 0.001544 -0.000000
[2020.05.20-08.56.42:100][758]LogTemp: BoneRotation.... 0.000000 0.000000 0.000000
[2020.05.20-08.56.42:100][758]LogTemp: BoneRotation.... 0.000000 0.000000 0.000000
[2020.05.20-08.56.42:129][759]LogTemp: BoneRotation.... 0.000000 0.001544 -0.000000
[2020.05.20-08.56.42:131][759]LogTemp: BoneRotation.... 0.000000 0.000000 0.000000
[2020.05.20-08.56.42:132][759]LogTemp: BoneRotation.... 0.000000 0.000000 0.000000
[2020.05.20-08.56.42:152][760]LogTemp: BoneRotation.... 0.000000 0.001544 -0.000000
[2020.05.20-08.56.42:152][760]LogTemp: BoneRotation.... 0.000000 0.000000 0.000000
[2020.05.20-08.56.42:152][760]LogTemp: BoneRotation.... 0.000000 0.000000 0.000000
[2020.05.20-08.56.42:183][761]LogTemp: BoneRotation.... 0.000000 0.001544 -0.000000
[2020.05.20-08.56.42:183][761]LogTemp: BoneRotation.... 0.000000 0.000000 0.000000
[2020.05.20-08.56.42:183][761]LogTemp: BoneRotation.... 0.000000 0.000000 0.000000
[2020.05.20-08.56.42:204][762]LogTemp: BoneRotation.... 0.000000 0.001544 -0.000000
[2020.05.20-08.56.42:204][762]LogTemp: BoneRotation.... 0.000000 0.000000 0.000000
[2020.05.20-08.56.42:204][762]LogTemp: BoneRotation.... 0.000000 0.000000 0.000000
[2020.05.20-08.56.42:237][763]LogTemp: BoneRotation.... 0.000000 0.001544 -0.000000
[2020.05.20-08.56.42:238][763]LogTemp: BoneRotation.... 0.000000 0.000000 0.000000
[2020.05.20-08.56.42:238][763]LogTemp: BoneRotation.... 0.000000 0.000000 0.000000
[2020.05.20-08.56.42:260][764]LogTemp: BoneRotation.... 0.000000 0.001544 -0.000000
[2020.05.20-08.56.42:260][764]LogTemp: BoneRotation.... 0.000000 0.000000 0.000000
[2020.05.20-08.56.42:260][764]LogTemp: BoneRotation.... 0.000000 0.000000 0.000000
[2020.05.20-08.56.42:288][765]LogTemp: BoneRotation.... 0.000000 0.001544 -0.000000
[2020.05.20-08.56.42:288][765]LogTemp: BoneRotation.... 0.000000 0.000000 0.000000
[2020.05.20-08.56.42:288][765]LogTemp: BoneRotation.... 0.000000 0.000000 0.000000
[2020.05.20-08.56.42:312][766]LogTemp: BoneRotation.... 0.000000 0.001544 -0.000000
[2020.05.20-08.56.42:312][766]LogTemp: BoneRotation.... 0.000000 0.000000 0.000000
[2020.05.20-08.56.42:312][766]LogTemp: BoneRotation.... 0.000000 0.000000 0.000000
[2020.05.20-08.56.42:343][767]LogTemp: BoneRotation.... 0.000000 0.001544 -0.000000
[2020.05.20-08.56.42:343][767]LogTemp: BoneRotation.... 0.000000 0.000000 0.000000
[2020.05.20-08.56.42:343][767]LogTemp: BoneRotation.... 0.000000 0.000000 0.000000
[2020.05.20-08.56.42:366][768]LogTemp: BoneRotation.... 0.000000 0.001544 -0.000000
[2020.05.20-08.56.42:366][768]LogTemp: BoneRotation.... 0.000000 0.000000 0.000000
[2020.05.20-08.56.42:366][768]LogTemp: BoneRotation.... 0.000000 0.000000 0.000000
[2020.05.20-08.56.42:395][769]LogTemp: BoneRotation.... 0.000000 0.001544 -0.000000
[2020.05.20-08.56.42:395][769]LogTemp: BoneRotation.... 0.000000 0.000000 0.000000
[2020.05.20-08.56.42:395][769]LogTemp: BoneRotation.... 0.000000 0.000000 0.000000
[2020.05.20-08.56.42:419][770]LogTemp: BoneRotation.... 0.000000 0.001544 -0.000000
[2020.05.20-08.56.42:419][770]LogTemp: BoneRotation.... 0.000000 0.000000 0.000000
[2020.05.20-08.56.42:419][770]LogTemp: BoneRotation.... 0.000000 0.000000 0.000000
[2020.05.20-08.56.42:451][771]LogTemp: BoneRotation.... 0.000000 0.001544 -0.000000
[2020.05.20-08.56.42:452][771]LogTemp: BoneRotation.... 0.000000 0.000000 0.000000
[2020.05.20-08.56.42:452][771]LogTemp: BoneRotation.... 0.000000 0.000000 0.000000
[2020.05.20-08.56.42:474][772]LogTemp: BoneRotation.... 0.000000 0.001544 -0.000000
[2020.05.20-08.56.42:474][772]LogTemp: BoneRotation.... 0.000000 0.000000 0.000000
[2020.05.20-08.56.42:474][772]LogTemp: BoneRotation.... 0.000000 0.000000 0.000000
[2020.05.20-08.56.42:500][773]LogTemp: BoneRotation.... 0.000000 0.001544 -0.000000
[2020.05.20-08.56.42:500][773]LogTemp: BoneRotation.... 0.000000 0.000000 0.000000
[2020.05.20-08.56.42:500][773]LogTemp: BoneRotation.... 0.000000 0.000000 0.000000
[2020.05.20-08.56.42:523][774]LogTemp: BoneRotation.... 0.000000 0.001544 -0.000000
[2020.05.20-08.56.42:524][774]LogTemp: BoneRotation.... 0.000000 0.000000 0.000000
[2020.05.20-08.56.42:524][774]LogTemp: BoneRotation.... 0.000000 0.000000 0.000000
[2020.05.20-08.56.42:556][775]LogTemp: BoneRotation.... 0.000000 0.001544 -0.000000
[2020.05.20-08.56.42:556][775]LogTemp: BoneRotation.... 0.000000 0.000000 0.000000
[2020.05.20-08.56.42:556][775]LogTemp: BoneRotation.... 0.000000 0.000000 0.000000
[2020.05.20-08.56.42:578][776]LogTemp: BoneRotation.... 0.000000 0.001544 -0.000000
[2020.05.20-08.56.42:579][776]LogTemp: BoneRotation.... 0.000000 0.000000 0.000000
[2020.05.20-08.56.42:579][776]LogTemp: BoneRotation.... 0.000000 0.000000 0.000000
[2020.05.20-08.56.42:605][777]LogTemp: BoneRotation.... 0.000000 0.001544 -0.000000
[2020.05.20-08.56.42:605][777]LogTemp: BoneRotation.... 0.000000 0.000000 0.000000
[2020.05.20-08.56.42:605][777]LogTemp: BoneRotation.... 0.000000 0.000000 0.000000
[2020.05.20-08.56.42:629][778]LogTemp: BoneRotation.... 0.000000 0.001544 -0.000000
[2020.05.20-08.56.42:630][778]LogTemp: BoneRotation.... 0.000000 0.000000 0.000000
[2020.05.20-08.56.42:630][778]LogTemp: BoneRotation.... 0.000000 0.000000 0.000000
[2020.05.20-08.56.42:659][779]LogTemp: BoneRotation.... 0.000000 0.001544 -0.000000
[2020.05.20-08.56.42:659][779]LogTemp: BoneRotation.... 0.000000 0.000000 0.000000
[2020.05.20-08.56.42:659][779]LogTemp: BoneRotation.... 0.000000 0.000000 0.000000
[2020.05.20-08.56.42:682][780]LogTemp: BoneRotation.... 0.000000 0.001544 -0.000000
[2020.05.20-08.56.42:682][780]LogTemp: BoneRotation.... 0.000000 0.000000 0.000000
[2020.05.20-08.56.42:682][780]LogTemp: BoneRotation.... 0.000000 0.000000 0.000000
[2020.05.20-08.56.42:709][781]LogTemp: BoneRotation.... 0.000000 0.001544 -0.000000
[2020.05.20-08.56.42:709][781]LogTemp: BoneRotation.... 0.000000 0.000000 0.000000
[2020.05.20-08.56.42:709][781]LogTemp: BoneRotation.... 0.000000 0.000000 0.000000
[2020.05.20-08.56.42:732][782]LogTemp: BoneRotation.... 0.000000 0.001544 -0.000000
[2020.05.20-08.56.42:732][782]LogTemp: BoneRotation.... 0.000000 0.000000 0.000000
[2020.05.20-08.56.42:732][782]LogTemp: BoneRotation.... 0.000000 0.000000 0.000000
[2020.05.20-08.56.42:762][783]LogTemp: BoneRotation.... 0.000000 0.001544 -0.000000
[2020.05.20-08.56.42:762][783]LogTemp: BoneRotation.... 0.000000 0.000000 0.000000
[2020.05.20-08.56.42:762][783]LogTemp: BoneRotation.... 0.000000 0.000000 0.000000
[2020.05.20-08.56.42:786][784]LogTemp: BoneRotation.... 0.000000 0.001544 -0.000000
[2020.05.20-08.56.42:786][784]LogTemp: BoneRotation.... 0.000000 0.000000 0.000000
[2020.05.20-08.56.42:786][784]LogTemp: BoneRotation.... 0.000000 0.000000 0.000000
[2020.05.20-08.56.42:811][785]LogTemp: BoneRotation.... 0.000000 0.001544 -0.000000
[2020.05.20-08.56.42:811][785]LogTemp: BoneRotation.... 0.000000 0.000000 0.000000
[2020.05.20-08.56.42:811][785]LogTemp: BoneRotation.... 0.000000 0.000000 0.000000
[2020.05.20-08.56.42:834][786]LogTemp: BoneRotation.... 0.000000 0.001544 -0.000000
[2020.05.20-08.56.42:834][786]LogTemp: BoneRotation.... 0.000000 0.000000 0.000000
[2020.05.20-08.56.42:834][786]LogTemp: BoneRotation.... 0.000000 0.000000 0.000000
[2020.05.20-08.56.42:860][787]LogTemp: BoneRotation.... 0.000000 0.001544 -0.000000
[2020.05.20-08.56.42:860][787]LogTemp: BoneRotation.... 0.000000 0.000000 0.000000
[2020.05.20-08.56.42:860][787]LogTemp: BoneRotation.... 0.000000 0.000000 0.000000
[2020.05.20-08.56.42:883][788]LogTemp: BoneRotation.... 0.000000 0.001544 -0.000000
[2020.05.20-08.56.42:883][788]LogTemp: BoneRotation.... 0.000000 0.000000 0.000000
[2020.05.20-08.56.42:883][788]LogTemp: BoneRotation.... 0.000000 0.000000 0.000000
[2020.05.20-08.56.42:915][789]LogTemp: BoneRotation.... 0.000000 0.001544 -0.000000
[2020.05.20-08.56.42:916][789]LogTemp: BoneRotation.... 0.000000 0.000000 0.000000
[2020.05.20-08.56.42:916][789]LogTemp: BoneRotation.... 0.000000 0.000000 0.000000
[2020.05.20-08.56.42:937][790]LogTemp: BoneRotation.... 0.000000 0.001544 -0.000000
[2020.05.20-08.56.42:937][790]LogTemp: BoneRotation.... 0.000000 0.000000 0.000000
[2020.05.20-08.56.42:937][790]LogTemp: BoneRotation.... 0.000000 0.000000 0.000000
[2020.05.20-08.56.42:961][791]LogTemp: BoneRotation.... 0.000000 0.001544 -0.000000
[2020.05.20-08.56.42:961][791]LogTemp: BoneRotation.... 0.000000 0.000000 0.000000
[2020.05.20-08.56.42:961][791]LogTemp: BoneRotation.... 0.000000 0.000000 0.000000
[2020.05.20-08.56.42:983][792]LogTemp: BoneRotation.... 0.000000 0.001544 -0.000000
[2020.05.20-08.56.42:983][792]LogTemp: BoneRotation.... 0.000000 0.000000 0.000000
[2020.05.20-08.56.42:983][792]LogTemp: BoneRotation.... 0.000000 0.000000 0.000000
[2020.05.20-08.56.43:010][793]LogTemp: BoneRotation.... 0.000000 0.001544 -0.000000
[2020.05.20-08.56.43:010][793]LogTemp: BoneRotation.... 0.000000 0.000000 0.000000
[2020.05.20-08.56.43:010][793]LogTemp: BoneRotation.... 0.000000 0.000000 0.000000
[2020.05.20-08.56.43:033][794]LogTemp: BoneRotation.... 0.000000 0.001544 -0.000000
[2020.05.20-08.56.43:034][794]LogTemp: BoneRotation.... 0.000000 0.000000 0.000000
[2020.05.20-08.56.43:034][794]LogTemp: BoneRotation.... 0.000000 0.000000 0.000000
[2020.05.20-08.56.43:065][795]LogTemp: BoneRotation.... 0.000000 0.001544 -0.000000
[2020.05.20-08.56.43:065][795]LogTemp: BoneRotation.... 0.000000 0.000000 0.000000
[2020.05.20-08.56.43:065][795]LogTemp: BoneRotation.... 0.000000 0.000000 0.000000
[2020.05.20-08.56.43:086][796]LogTemp: BoneRotation.... 0.000000 0.001544 -0.000000
[2020.05.20-08.56.43:087][796]LogTemp: BoneRotation.... 0.000000 0.000000 0.000000
[2020.05.20-08.56.43:087][796]LogTemp: BoneRotation.... 0.000000 0.000000 0.000000
[2020.05.20-08.56.43:111][797]LogTemp: BoneRotation.... 0.000000 0.001544 -0.000000
[2020.05.20-08.56.43:111][797]LogTemp: BoneRotation.... 0.000000 0.000000 0.000000
[2020.05.20-08.56.43:111][797]LogTemp: BoneRotation.... 0.000000 0.000000 0.000000
[2020.05.20-08.56.43:134][798]LogTemp: BoneRotation.... 0.000000 0.001544 -0.000000
[2020.05.20-08.56.43:135][798]LogTemp: BoneRotation.... 0.000000 0.000000 0.000000
[2020.05.20-08.56.43:135][798]LogTemp: BoneRotation.... 0.000000 0.000000 0.000000
[2020.05.20-08.56.43:159][799]LogTemp: BoneRotation.... 0.000000 0.001544 -0.000000
[2020.05.20-08.56.43:159][799]LogTemp: BoneRotation.... 0.000000 0.000000 0.000000
[2020.05.20-08.56.43:159][799]LogTemp: BoneRotation.... 0.000000 0.000000 0.000000
[2020.05.20-08.56.43:180][800]LogTemp: BoneRotation.... 0.000000 0.001544 -0.000000
[2020.05.20-08.56.43:181][800]LogTemp: BoneRotation.... 0.000000 0.000000 0.000000
[2020.05.20-08.56.43:181][800]LogTemp: BoneRotation.... 0.000000 0.000000 0.000000
[2020.05.20-08.56.43:210][801]LogTemp: BoneRotation.... 0.000000 0.001544 -0.000000
[2020.05.20-08.56.43:210][801]LogTemp: BoneRotation.... 0.000000 0.000000 0.000000
[2020.05.20-08.56.43:212][801]LogTemp: BoneRotation.... 0.000000 0.000000 0.000000
[2020.05.20-08.56.43:233][802]LogTemp: BoneRotation.... 0.000000 0.001544 -0.000000
[2020.05.20-08.56.43:234][802]LogTemp: BoneRotation.... 0.000000 0.000000 0.000000
[2020.05.20-08.56.43:234][802]LogTemp: BoneRotation.... 0.000000 0.000000 0.000000
[2020.05.20-08.56.43:257][803]LogTemp: BoneRotation.... 0.000000 0.001544 -0.000000
[2020.05.20-08.56.43:257][803]LogTemp: BoneRotation.... 0.000000 0.000000 0.000000
[2020.05.20-08.56.43:257][803]LogTemp: BoneRotation.... 0.000000 0.000000 0.000000
[2020.05.20-08.56.43:281][804]LogTemp: BoneRotation.... 0.000000 0.001544 -0.000000
[2020.05.20-08.56.43:281][804]LogTemp: BoneRotation.... 0.000000 0.000000 0.000000
[2020.05.20-08.56.43:281][804]LogTemp: BoneRotation.... 0.000000 0.000000 0.000000
[2020.05.20-08.56.43:305][805]LogTemp: BoneRotation.... 0.000000 0.001544 -0.000000
[2020.05.20-08.56.43:305][805]LogTemp: BoneRotation.... 0.000000 0.000000 0.000000
[2020.05.20-08.56.43:305][805]LogTemp: BoneRotation.... 0.000000 0.000000 0.000000
[2020.05.20-08.56.43:329][806]LogTemp: BoneRotation.... 0.000000 0.001544 -0.000000
[2020.05.20-08.56.43:329][806]LogTemp: BoneRotation.... 0.000000 0.000000 0.000000
[2020.05.20-08.56.43:329][806]LogTemp: BoneRotation.... 0.000000 0.000000 0.000000
[2020.05.20-08.56.43:357][807]LogTemp: BoneRotation.... 0.000000 0.001544 -0.000000
[2020.05.20-08.56.43:358][807]LogTemp: BoneRotation.... 0.000000 0.000000 0.000000
[2020.05.20-08.56.43:358][807]LogTemp: BoneRotation.... 0.000000 0.000000 0.000000
[2020.05.20-08.56.43:382][808]LogTemp: BoneRotation.... 0.000000 0.001544 -0.000000
[2020.05.20-08.56.43:382][808]LogTemp: BoneRotation.... 0.000000 0.000000 0.000000
[2020.05.20-08.56.43:382][808]LogTemp: BoneRotation.... 0.000000 0.000000 0.000000
[2020.05.20-08.56.43:406][809]LogTemp: BoneRotation.... 0.000000 0.001544 -0.000000
[2020.05.20-08.56.43:406][809]LogTemp: BoneRotation.... 0.000000 0.000000 0.000000
[2020.05.20-08.56.43:406][809]LogTemp: BoneRotation.... 0.000000 0.000000 0.000000
[2020.05.20-08.56.43:429][810]LogTemp: BoneRotation.... 0.000000 0.001544 -0.000000
[2020.05.20-08.56.43:429][810]LogTemp: BoneRotation.... 0.000000 0.000000 0.000000
[2020.05.20-08.56.43:430][810]LogTemp: BoneRotation.... 0.000000 0.000000 0.000000
[2020.05.20-08.56.43:455][811]LogTemp: BoneRotation.... 0.000000 0.001544 -0.000000
[2020.05.20-08.56.43:455][811]LogTemp: BoneRotation.... 0.000000 0.000000 0.000000
[2020.05.20-08.56.43:455][811]LogTemp: BoneRotation.... 0.000000 0.000000 0.000000
[2020.05.20-08.56.43:478][812]LogTemp: BoneRotation.... 0.000000 0.001544 -0.000000
[2020.05.20-08.56.43:478][812]LogTemp: BoneRotation.... 0.000000 0.000000 0.000000
[2020.05.20-08.56.43:479][812]LogTemp: BoneRotation.... 0.000000 0.000000 0.000000
[2020.05.20-08.56.43:508][813]LogTemp: BoneRotation.... 0.000000 0.001544 -0.000000
[2020.05.20-08.56.43:508][813]LogTemp: BoneRotation.... 0.000000 0.000000 0.000000
[2020.05.20-08.56.43:508][813]LogTemp: BoneRotation.... 0.000000 0.000000 0.000000
[2020.05.20-08.56.43:532][814]LogTemp: BoneRotation.... 0.000000 0.001544 -0.000000
[2020.05.20-08.56.43:532][814]LogTemp: BoneRotation.... 0.000000 0.000000 0.000000
[2020.05.20-08.56.43:532][814]LogTemp: BoneRotation.... 0.000000 0.000000 0.000000
[2020.05.20-08.56.43:557][815]LogTemp: BoneRotation.... 0.000000 0.001544 -0.000000
[2020.05.20-08.56.43:557][815]LogTemp: BoneRotation.... 0.000000 0.000000 0.000000
[2020.05.20-08.56.43:557][815]LogTemp: BoneRotation.... 0.000000 0.000000 0.000000
[2020.05.20-08.56.43:580][816]LogTemp: BoneRotation.... 0.000000 0.001544 -0.000000
[2020.05.20-08.56.43:582][816]LogTemp: BoneRotation.... 0.000000 0.000000 0.000000
[2020.05.20-08.56.43:582][816]LogTemp: BoneRotation.... 0.000000 0.000000 0.000000
[2020.05.20-08.56.43:606][817]LogTemp: BoneRotation.... 0.000000 0.001544 -0.000000
[2020.05.20-08.56.43:606][817]LogTemp: BoneRotation.... 0.000000 0.000000 0.000000
[2020.05.20-08.56.43:606][817]LogTemp: BoneRotation.... 0.000000 0.000000 0.000000
[2020.05.20-08.56.43:629][818]LogTemp: BoneRotation.... 0.000000 0.001544 -0.000000
[2020.05.20-08.56.43:629][818]LogTemp: BoneRotation.... 0.000000 0.000000 0.000000
[2020.05.20-08.56.43:629][818]LogTemp: BoneRotation.... 0.000000 0.000000 0.000000
[2020.05.20-08.56.43:652][819]LogTemp: BoneRotation.... 0.000000 0.001544 -0.000000
[2020.05.20-08.56.43:653][819]LogTemp: BoneRotation.... 0.000000 0.000000 0.000000
[2020.05.20-08.56.43:653][819]LogTemp: BoneRotation.... 0.000000 0.000000 0.000000
[2020.05.20-08.56.43:682][820]LogTemp: BoneRotation.... 0.000000 0.001544 -0.000000
[2020.05.20-08.56.43:683][820]LogTemp: BoneRotation.... 0.000000 0.000000 0.000000
[2020.05.20-08.56.43:683][820]LogTemp: BoneRotation.... 0.000000 0.000000 0.000000
[2020.05.20-08.56.43:710][821]LogTemp: BoneRotation.... 0.000000 0.001544 -0.000000
[2020.05.20-08.56.43:711][821]LogTemp: BoneRotation.... 0.000000 0.000000 0.000000
[2020.05.20-08.56.43:711][821]LogTemp: BoneRotation.... 0.000000 0.000000 0.000000
[2020.05.20-08.56.43:734][822]LogTemp: BoneRotation.... 0.000000 0.001544 -0.000000
[2020.05.20-08.56.43:734][822]LogTemp: BoneRotation.... 0.000000 0.000000 0.000000
[2020.05.20-08.56.43:734][822]LogTemp: BoneRotation.... 0.000000 0.000000 0.000000
[2020.05.20-08.56.43:766][823]LogTemp: BoneRotation.... 0.000000 0.001544 -0.000000
[2020.05.20-08.56.43:767][823]LogTemp: BoneRotation.... 0.000000 0.000000 0.000000
[2020.05.20-08.56.43:767][823]LogTemp: BoneRotation.... 0.000000 0.000000 0.000000
[2020.05.20-08.56.43:786][824]LogTemp: BoneRotation.... 0.000000 0.001544 -0.000000
[2020.05.20-08.56.43:786][824]LogTemp: BoneRotation.... 0.000000 0.000000 0.000000
[2020.05.20-08.56.43:786][824]LogTemp: BoneRotation.... 0.000000 0.000000 0.000000
[2020.05.20-08.56.43:812][825]LogTemp: BoneRotation.... 0.000000 0.001544 -0.000000
[2020.05.20-08.56.43:812][825]LogTemp: BoneRotation.... 0.000000 0.000000 0.000000
[2020.05.20-08.56.43:812][825]LogTemp: BoneRotation.... 0.000000 0.000000 0.000000
[2020.05.20-08.56.43:836][826]LogTemp: BoneRotation.... 0.000000 0.001544 -0.000000
[2020.05.20-08.56.43:837][826]LogTemp: BoneRotation.... 0.000000 0.000000 0.000000
[2020.05.20-08.56.43:837][826]LogTemp: BoneRotation.... 0.000000 0.000000 0.000000
[2020.05.20-08.56.43:865][827]LogTemp: BoneRotation.... 0.000000 0.001544 -0.000000
[2020.05.20-08.56.43:865][827]LogTemp: BoneRotation.... 0.000000 0.000000 0.000000
[2020.05.20-08.56.43:866][827]LogTemp: BoneRotation.... 0.000000 0.000000 0.000000
[2020.05.20-08.56.43:886][828]LogTemp: BoneRotation.... 0.000000 0.001544 -0.000000
[2020.05.20-08.56.43:886][828]LogTemp: BoneRotation.... 0.000000 0.000000 0.000000
[2020.05.20-08.56.43:886][828]LogTemp: BoneRotation.... 0.000000 0.000000 0.000000
[2020.05.20-08.56.43:918][829]LogTemp: BoneRotation.... 0.000000 0.001544 -0.000000
[2020.05.20-08.56.43:918][829]LogTemp: BoneRotation.... 0.000000 0.000000 0.000000
[2020.05.20-08.56.43:919][829]LogTemp: BoneRotation.... 0.000000 0.000000 0.000000
[2020.05.20-08.56.43:938][830]LogTemp: BoneRotation.... 0.000000 0.001544 -0.000000
[2020.05.20-08.56.43:939][830]LogTemp: BoneRotation.... 0.000000 0.000000 0.000000
[2020.05.20-08.56.43:939][830]LogTemp: BoneRotation.... 0.000000 0.000000 0.000000
[2020.05.20-08.56.43:963][831]LogTemp: BoneRotation.... 0.000000 0.001544 -0.000000
[2020.05.20-08.56.43:963][831]LogTemp: BoneRotation.... 0.000000 0.000000 0.000000
[2020.05.20-08.56.43:963][831]LogTemp: BoneRotation.... 0.000000 0.000000 0.000000
[2020.05.20-08.56.43:985][832]LogTemp: BoneRotation.... 0.000000 0.001544 -0.000000
[2020.05.20-08.56.43:985][832]LogTemp: BoneRotation.... 0.000000 0.000000 0.000000
[2020.05.20-08.56.43:986][832]LogTemp: BoneRotation.... 0.000000 0.000000 0.000000
[2020.05.20-08.56.44:010][833]LogTemp: BoneRotation.... 0.000000 0.001544 -0.000000
[2020.05.20-08.56.44:011][833]LogTemp: BoneRotation.... 0.000000 0.000000 0.000000
[2020.05.20-08.56.44:011][833]LogTemp: BoneRotation.... 0.000000 0.000000 0.000000
[2020.05.20-08.56.44:034][834]LogTemp: BoneRotation.... 0.000000 0.001544 -0.000000
[2020.05.20-08.56.44:035][834]LogTemp: BoneRotation.... 0.000000 0.000000 0.000000
[2020.05.20-08.56.44:035][834]LogTemp: BoneRotation.... 0.000000 0.000000 0.000000
[2020.05.20-08.56.44:063][835]LogTemp: BoneRotation.... 0.000000 0.001544 -0.000000
[2020.05.20-08.56.44:063][835]LogTemp: BoneRotation.... 0.000000 0.000000 0.000000
[2020.05.20-08.56.44:063][835]LogTemp: BoneRotation.... 0.000000 0.000000 0.000000
[2020.05.20-08.56.44:086][836]LogTemp: BoneRotation.... 0.000000 0.001544 -0.000000
[2020.05.20-08.56.44:086][836]LogTemp: BoneRotation.... 0.000000 0.000000 0.000000
[2020.05.20-08.56.44:087][836]LogTemp: BoneRotation.... 0.000000 0.000000 0.000000
[2020.05.20-08.56.44:115][837]LogTemp: BoneRotation.... 0.000000 0.001544 -0.000000
[2020.05.20-08.56.44:115][837]LogTemp: BoneRotation.... 0.000000 0.000000 0.000000
[2020.05.20-08.56.44:115][837]LogTemp: BoneRotation.... 0.000000 0.000000 0.000000
[2020.05.20-08.56.44:137][838]LogTemp: BoneRotation.... 0.000000 0.001544 -0.000000
[2020.05.20-08.56.44:138][838]LogTemp: BoneRotation.... 0.000000 0.000000 0.000000
[2020.05.20-08.56.44:138][838]LogTemp: BoneRotation.... 0.000000 0.000000 0.000000
[2020.05.20-08.56.44:169][839]LogTemp: BoneRotation.... 0.000000 0.001544 -0.000000
[2020.05.20-08.56.44:169][839]LogTemp: BoneRotation.... 0.000000 0.000000 0.000000
[2020.05.20-08.56.44:169][839]LogTemp: BoneRotation.... 0.000000 0.000000 0.000000
[2020.05.20-08.56.44:190][840]LogTemp: BoneRotation.... 0.000000 0.001544 -0.000000
[2020.05.20-08.56.44:191][840]LogTemp: BoneRotation.... 0.000000 0.000000 0.000000
[2020.05.20-08.56.44:191][840]LogTemp: BoneRotation.... 0.000000 0.000000 0.000000
[2020.05.20-08.56.44:213][841]LogTemp: BoneRotation.... 0.000000 0.001544 -0.000000
[2020.05.20-08.56.44:213][841]LogTemp: BoneRotation.... 0.000000 0.000000 0.000000
[2020.05.20-08.56.44:213][841]LogTemp: BoneRotation.... 0.000000 0.000000 0.000000
[2020.05.20-08.56.44:239][842]LogTemp: BoneRotation.... 0.000000 0.001544 -0.000000
[2020.05.20-08.56.44:240][842]LogTemp: BoneRotation.... 0.000000 0.000000 0.000000
[2020.05.20-08.56.44:240][842]LogTemp: BoneRotation.... 0.000000 0.000000 0.000000
[2020.05.20-08.56.44:262][843]LogTemp: BoneRotation.... 0.000000 0.001544 -0.000000
[2020.05.20-08.56.44:262][843]LogTemp: BoneRotation.... 0.000000 0.000000 0.000000
[2020.05.20-08.56.44:262][843]LogTemp: BoneRotation.... 0.000000 0.000000 0.000000
[2020.05.20-08.56.44:290][844]LogTemp: BoneRotation.... 0.000000 0.001544 -0.000000
[2020.05.20-08.56.44:291][844]LogTemp: BoneRotation.... 0.000000 0.000000 0.000000
[2020.05.20-08.56.44:291][844]LogTemp: BoneRotation.... 0.000000 0.000000 0.000000
[2020.05.20-08.56.44:315][845]LogTemp: BoneRotation.... 0.000000 0.001544 -0.000000
[2020.05.20-08.56.44:316][845]LogTemp: BoneRotation.... 0.000000 0.000000 0.000000
[2020.05.20-08.56.44:316][845]LogTemp: BoneRotation.... 0.000000 0.000000 0.000000
[2020.05.20-08.56.44:341][846]LogTemp: BoneRotation.... 0.000000 0.001544 -0.000000
[2020.05.20-08.56.44:342][846]LogTemp: BoneRotation.... 0.000000 0.000000 0.000000
[2020.05.20-08.56.44:342][846]LogTemp: BoneRotation.... 0.000000 0.000000 0.000000
[2020.05.20-08.56.44:364][847]LogTemp: BoneRotation.... 0.000000 0.001544 -0.000000
[2020.05.20-08.56.44:364][847]LogTemp: BoneRotation.... 0.000000 0.000000 0.000000
[2020.05.20-08.56.44:364][847]LogTemp: BoneRotation.... 0.000000 0.000000 0.000000
[2020.05.20-08.56.44:393][848]LogTemp: BoneRotation.... 0.000000 0.001544 -0.000000
[2020.05.20-08.56.44:393][848]LogTemp: BoneRotation.... 0.000000 0.000000 0.000000
[2020.05.20-08.56.44:394][848]LogTemp: BoneRotation.... 0.000000 0.000000 0.000000
[2020.05.20-08.56.44:415][849]LogTemp: BoneRotation.... 0.000000 0.001544 -0.000000
[2020.05.20-08.56.44:416][849]LogTemp: BoneRotation.... 0.000000 0.000000 0.000000
[2020.05.20-08.56.44:416][849]LogTemp: BoneRotation.... 0.000000 0.000000 0.000000
[2020.05.20-08.56.44:440][850]LogTemp: BoneRotation.... 0.000000 0.001544 -0.000000
[2020.05.20-08.56.44:440][850]LogTemp: BoneRotation.... 0.000000 0.000000 0.000000
[2020.05.20-08.56.44:440][850]LogTemp: BoneRotation.... 0.000000 0.000000 0.000000
[2020.05.20-08.56.44:461][851]LogTemp: BoneRotation.... 0.000000 0.001544 -0.000000
[2020.05.20-08.56.44:461][851]LogTemp: BoneRotation.... 0.000000 0.000000 0.000000
[2020.05.20-08.56.44:462][851]LogTemp: BoneRotation.... 0.000000 0.000000 0.000000
[2020.05.20-08.56.44:487][852]LogTemp: BoneRotation.... 0.000000 0.001544 -0.000000
[2020.05.20-08.56.44:487][852]LogTemp: BoneRotation.... 0.000000 0.000000 0.000000
[2020.05.20-08.56.44:488][852]LogTemp: BoneRotation.... 0.000000 0.000000 0.000000
[2020.05.20-08.56.44:510][853]LogTemp: BoneRotation.... 0.000000 0.001544 -0.000000
[2020.05.20-08.56.44:511][853]LogTemp: BoneRotation.... 0.000000 0.000000 0.000000
[2020.05.20-08.56.44:511][853]LogTemp: BoneRotation.... 0.000000 0.000000 0.000000
[2020.05.20-08.56.44:538][854]LogTemp: BoneRotation.... 0.000000 0.001544 -0.000000
[2020.05.20-08.56.44:538][854]LogTemp: BoneRotation.... 0.000000 0.000000 0.000000
[2020.05.20-08.56.44:538][854]LogTemp: BoneRotation.... 0.000000 0.000000 0.000000
[2020.05.20-08.56.44:561][855]LogTemp: BoneRotation.... 0.000000 0.001544 -0.000000
[2020.05.20-08.56.44:562][855]LogTemp: BoneRotation.... 0.000000 0.000000 0.000000
[2020.05.20-08.56.44:562][855]LogTemp: BoneRotation.... 0.000000 0.000000 0.000000
[2020.05.20-08.56.44:583][856]LogTemp: BoneRotation.... 0.000000 0.001544 -0.000000
[2020.05.20-08.56.44:583][856]LogTemp: BoneRotation.... 0.000000 0.000000 0.000000
[2020.05.20-08.56.44:583][856]LogTemp: BoneRotation.... 0.000000 0.000000 0.000000
[2020.05.20-08.56.44:609][857]LogTemp: BoneRotation.... 0.000000 0.001544 -0.000000
[2020.05.20-08.56.44:609][857]LogTemp: BoneRotation.... 0.000000 0.000000 0.000000
[2020.05.20-08.56.44:609][857]LogTemp: BoneRotation.... 0.000000 0.000000 0.000000
[2020.05.20-08.56.44:634][858]LogTemp: BoneRotation.... 0.000000 0.001544 -0.000000
[2020.05.20-08.56.44:634][858]LogTemp: BoneRotation.... 0.000000 0.000000 0.000000
[2020.05.20-08.56.44:635][858]LogTemp: BoneRotation.... 0.000000 0.000000 0.000000
[2020.05.20-08.56.44:657][859]LogTemp: BoneRotation.... 0.000000 0.001544 -0.000000
[2020.05.20-08.56.44:658][859]LogTemp: BoneRotation.... 0.000000 0.000000 0.000000
[2020.05.20-08.56.44:658][859]LogTemp: BoneRotation.... 0.000000 0.000000 0.000000
[2020.05.20-08.56.44:686][860]LogTemp: BoneRotation.... 0.000000 0.001544 -0.000000
[2020.05.20-08.56.44:686][860]LogTemp: BoneRotation.... 0.000000 0.000000 0.000000
[2020.05.20-08.56.44:686][860]LogTemp: BoneRotation.... 0.000000 0.000000 0.000000
[2020.05.20-08.56.44:707][861]LogTemp: BoneRotation.... 0.000000 0.001544 -0.000000
[2020.05.20-08.56.44:708][861]LogTemp: BoneRotation.... 0.000000 0.000000 0.000000
[2020.05.20-08.56.44:708][861]LogTemp: BoneRotation.... 0.000000 0.000000 0.000000
[2020.05.20-08.56.44:736][862]LogTemp: BoneRotation.... 0.000000 0.001544 -0.000000
[2020.05.20-08.56.44:736][862]LogTemp: BoneRotation.... 0.000000 0.000000 0.000000
[2020.05.20-08.56.44:736][862]LogTemp: BoneRotation.... 0.000000 0.000000 0.000000
[2020.05.20-08.56.44:757][863]LogTemp: BoneRotation.... 0.000000 0.001544 -0.000000
[2020.05.20-08.56.44:758][863]LogTemp: BoneRotation.... 0.000000 0.000000 0.000000
[2020.05.20-08.56.44:758][863]LogTemp: BoneRotation.... 0.000000 0.000000 0.000000
[2020.05.20-08.56.44:787][864]LogTemp: BoneRotation.... 0.000000 0.001544 -0.000000
[2020.05.20-08.56.44:787][864]LogTemp: BoneRotation.... 0.000000 0.000000 0.000000
[2020.05.20-08.56.44:787][864]LogTemp: BoneRotation.... 0.000000 0.000000 0.000000
[2020.05.20-08.56.44:810][865]LogTemp: BoneRotation.... 0.000000 0.001544 -0.000000
[2020.05.20-08.56.44:810][865]LogTemp: BoneRotation.... 0.000000 0.000000 0.000000
[2020.05.20-08.56.44:810][865]LogTemp: BoneRotation.... 0.000000 0.000000 0.000000
[2020.05.20-08.56.44:836][866]LogTemp: BoneRotation.... 0.000000 0.001544 -0.000000
[2020.05.20-08.56.44:837][866]LogTemp: BoneRotation.... 0.000000 0.000000 0.000000
[2020.05.20-08.56.44:837][866]LogTemp: BoneRotation.... 0.000000 0.000000 0.000000
[2020.05.20-08.56.44:859][867]LogTemp: BoneRotation.... 0.000000 0.001544 -0.000000
[2020.05.20-08.56.44:859][867]LogTemp: BoneRotation.... 0.000000 0.000000 0.000000
[2020.05.20-08.56.44:859][867]LogTemp: BoneRotation.... 0.000000 0.000000 0.000000
[2020.05.20-08.56.44:889][868]LogTemp: BoneRotation.... 0.000000 0.001544 -0.000000
[2020.05.20-08.56.44:889][868]LogTemp: BoneRotation.... 0.000000 0.000000 0.000000
[2020.05.20-08.56.44:889][868]LogTemp: BoneRotation.... 0.000000 0.000000 0.000000
[2020.05.20-08.56.44:912][869]LogTemp: BoneRotation.... 0.000000 0.001544 -0.000000
[2020.05.20-08.56.44:912][869]LogTemp: BoneRotation.... 0.000000 0.000000 0.000000
[2020.05.20-08.56.44:913][869]LogTemp: BoneRotation.... 0.000000 0.000000 0.000000
[2020.05.20-08.56.44:938][870]LogTemp: BoneRotation.... 0.000000 0.001544 -0.000000
[2020.05.20-08.56.44:938][870]LogTemp: BoneRotation.... 0.000000 0.000000 0.000000
[2020.05.20-08.56.44:939][870]LogTemp: BoneRotation.... 0.000000 0.000000 0.000000
[2020.05.20-08.56.44:961][871]LogTemp: BoneRotation.... 0.000000 0.001544 -0.000000
[2020.05.20-08.56.44:962][871]LogTemp: BoneRotation.... 0.000000 0.000000 0.000000
[2020.05.20-08.56.44:962][871]LogTemp: BoneRotation.... 0.000000 0.000000 0.000000
[2020.05.20-08.56.44:990][872]LogTemp: BoneRotation.... 0.000000 0.001544 -0.000000
[2020.05.20-08.56.44:990][872]LogTemp: BoneRotation.... 0.000000 0.000000 0.000000
[2020.05.20-08.56.44:991][872]LogTemp: BoneRotation.... 0.000000 0.000000 0.000000
[2020.05.20-08.56.45:012][873]LogTemp: BoneRotation.... 0.000000 0.001544 -0.000000
[2020.05.20-08.56.45:013][873]LogTemp: BoneRotation.... 0.000000 0.000000 0.000000
[2020.05.20-08.56.45:013][873]LogTemp: BoneRotation.... 0.000000 0.000000 0.000000
[2020.05.20-08.56.45:039][874]LogTemp: BoneRotation.... 0.000000 0.001544 -0.000000
[2020.05.20-08.56.45:040][874]LogTemp: BoneRotation.... 0.000000 0.000000 0.000000
[2020.05.20-08.56.45:040][874]LogTemp: BoneRotation.... 0.000000 0.000000 0.000000
[2020.05.20-08.56.45:061][875]LogTemp: BoneRotation.... 0.000000 0.001544 -0.000000
[2020.05.20-08.56.45:062][875]LogTemp: BoneRotation.... 0.000000 0.000000 0.000000
[2020.05.20-08.56.45:062][875]LogTemp: BoneRotation.... 0.000000 0.000000 0.000000
[2020.05.20-08.56.45:091][876]LogTemp: BoneRotation.... 0.000000 0.001544 -0.000000
[2020.05.20-08.56.45:092][876]LogTemp: BoneRotation.... 0.000000 0.000000 0.000000
[2020.05.20-08.56.45:092][876]LogTemp: BoneRotation.... 0.000000 0.000000 0.000000
[2020.05.20-08.56.45:113][877]LogTemp: BoneRotation.... 0.000000 0.001544 -0.000000
[2020.05.20-08.56.45:114][877]LogTemp: BoneRotation.... 0.000000 0.000000 0.000000
[2020.05.20-08.56.45:114][877]LogTemp: BoneRotation.... 0.000000 0.000000 0.000000
[2020.05.20-08.56.45:141][878]LogTemp: BoneRotation.... 0.000000 0.001544 -0.000000
[2020.05.20-08.56.45:141][878]LogTemp: BoneRotation.... 0.000000 0.000000 0.000000
[2020.05.20-08.56.45:142][878]LogTemp: BoneRotation.... 0.000000 0.000000 0.000000
[2020.05.20-08.56.45:163][879]LogTemp: BoneRotation.... 0.000000 0.001544 -0.000000
[2020.05.20-08.56.45:164][879]LogTemp: BoneRotation.... 0.000000 0.000000 0.000000
[2020.05.20-08.56.45:164][879]LogTemp: BoneRotation.... 0.000000 0.000000 0.000000
[2020.05.20-08.56.45:192][880]LogTemp: BoneRotation.... 0.000000 0.001544 -0.000000
[2020.05.20-08.56.45:192][880]LogTemp: BoneRotation.... 0.000000 0.000000 0.000000
[2020.05.20-08.56.45:193][880]LogTemp: BoneRotation.... 0.000000 0.000000 0.000000
[2020.05.20-08.56.45:215][881]LogTemp: BoneRotation.... 0.000000 0.001544 -0.000000
[2020.05.20-08.56.45:216][881]LogTemp: BoneRotation.... 0.000000 0.000000 0.000000
[2020.05.20-08.56.45:216][881]LogTemp: BoneRotation.... 0.000000 0.000000 0.000000
[2020.05.20-08.56.45:242][882]LogTemp: BoneRotation.... 0.000000 0.001544 -0.000000
[2020.05.20-08.56.45:242][882]LogTemp: BoneRotation.... 0.000000 0.000000 0.000000
[2020.05.20-08.56.45:242][882]LogTemp: BoneRotation.... 0.000000 0.000000 0.000000
[2020.05.20-08.56.45:264][883]LogTemp: BoneRotation.... 0.000000 0.001544 -0.000000
[2020.05.20-08.56.45:265][883]LogTemp: BoneRotation.... 0.000000 0.000000 0.000000
[2020.05.20-08.56.45:265][883]LogTemp: BoneRotation.... 0.000000 0.000000 0.000000
[2020.05.20-08.56.45:294][884]LogTemp: BoneRotation.... 0.000000 0.001544 -0.000000
[2020.05.20-08.56.45:294][884]LogTemp: BoneRotation.... 0.000000 0.000000 0.000000
[2020.05.20-08.56.45:294][884]LogTemp: BoneRotation.... 0.000000 0.000000 0.000000
[2020.05.20-08.56.45:317][885]LogTemp: BoneRotation.... 0.000000 0.001544 -0.000000
[2020.05.20-08.56.45:318][885]LogTemp: BoneRotation.... 0.000000 0.000000 0.000000
[2020.05.20-08.56.45:318][885]LogTemp: BoneRotation.... 0.000000 0.000000 0.000000
[2020.05.20-08.56.45:343][886]LogTemp: BoneRotation.... 0.000000 0.001544 -0.000000
[2020.05.20-08.56.45:343][886]LogTemp: BoneRotation.... 0.000000 0.000000 0.000000
[2020.05.20-08.56.45:343][886]LogTemp: BoneRotation.... 0.000000 0.000000 0.000000
[2020.05.20-08.56.45:367][887]LogTemp: BoneRotation.... 0.000000 0.001544 -0.000000
[2020.05.20-08.56.45:367][887]LogTemp: BoneRotation.... 0.000000 0.000000 0.000000
[2020.05.20-08.56.45:368][887]LogTemp: BoneRotation.... 0.000000 0.000000 0.000000
[2020.05.20-08.56.45:394][888]LogTemp: BoneRotation.... 0.000000 0.001544 -0.000000
[2020.05.20-08.56.45:395][888]LogTemp: BoneRotation.... 0.000000 0.000000 0.000000
[2020.05.20-08.56.45:395][888]LogTemp: BoneRotation.... 0.000000 0.000000 0.000000
[2020.05.20-08.56.45:418][889]LogTemp: BoneRotation.... 0.000000 0.001544 -0.000000
[2020.05.20-08.56.45:418][889]LogTemp: BoneRotation.... 0.000000 0.000000 0.000000
[2020.05.20-08.56.45:418][889]LogTemp: BoneRotation.... 0.000000 0.000000 0.000000
[2020.05.20-08.56.45:445][890]LogTemp: BoneRotation.... 0.000000 0.001544 -0.000000
[2020.05.20-08.56.45:445][890]LogTemp: BoneRotation.... 0.000000 0.000000 0.000000
[2020.05.20-08.56.45:445][890]LogTemp: BoneRotation.... 0.000000 0.000000 0.000000
[2020.05.20-08.56.45:469][891]LogTemp: BoneRotation.... 0.000000 0.001544 -0.000000
[2020.05.20-08.56.45:469][891]LogTemp: BoneRotation.... 0.000000 0.000000 0.000000
[2020.05.20-08.56.45:469][891]LogTemp: BoneRotation.... 0.000000 0.000000 0.000000
[2020.05.20-08.56.45:499][892]LogTemp: BoneRotation.... 0.000000 0.001544 -0.000000
[2020.05.20-08.56.45:499][892]LogTemp: BoneRotation.... 0.000000 0.000000 0.000000
[2020.05.20-08.56.45:499][892]LogTemp: BoneRotation.... 0.000000 0.000000 0.000000
[2020.05.20-08.56.45:521][893]LogTemp: BoneRotation.... 0.000000 0.001544 -0.000000
[2020.05.20-08.56.45:521][893]LogTemp: BoneRotation.... 0.000000 0.000000 0.000000
[2020.05.20-08.56.45:521][893]LogTemp: BoneRotation.... 0.000000 0.000000 0.000000
[2020.05.20-08.56.45:521][893]LogBlueprintUserMessages: Early EndPlayMap Detection: Level '/Game/ThirdPersonCPP/Maps/ThirdPersonExampleMap.ThirdPersonExampleMap:PersistentLevel' has LevelScriptBlueprint '/Game/ThirdPersonCPP/Maps/ThirdPersonExampleMap.ThirdPersonExampleMap:PersistentLevel.ThirdPersonExampleMap' with GeneratedClass '/Game/ThirdPersonCPP/Maps/ThirdPersonExampleMap.ThirdPersonExampleMap_C' with ClassGeneratedBy '/Game/ThirdPersonCPP/Maps/ThirdPersonExampleMap.ThirdPersonExampleMap:PersistentLevel.ThirdPersonExampleMap'
[2020.05.20-08.56.45:522][893]LogSlate: Updating window title bar state: overlay mode, drag disabled, window buttons hidden, title bar hidden
[2020.05.20-08.56.45:522][893]LogWorld: BeginTearingDown for /Game/ThirdPersonCPP/Maps/UEDPIE_0_ThirdPersonExampleMap
[2020.05.20-08.56.45:522][893]LogWorld: UWorld::CleanupWorld for ThirdPersonExampleMap, bSessionEnded=true, bCleanupResources=true
[2020.05.20-08.56.45:567][893]LogPlayLevel: Display: Shutting down PIE online subsystems
[2020.05.20-08.56.45:567][893]LogBlueprintUserMessages: Late EndPlayMap Detection: Level '/Game/ThirdPersonCPP/Maps/ThirdPersonExampleMap.ThirdPersonExampleMap:PersistentLevel' has LevelScriptBlueprint '/Game/ThirdPersonCPP/Maps/ThirdPersonExampleMap.ThirdPersonExampleMap:PersistentLevel.ThirdPersonExampleMap' with GeneratedClass '/Game/ThirdPersonCPP/Maps/ThirdPersonExampleMap.ThirdPersonExampleMap_C' with ClassGeneratedBy '/Game/ThirdPersonCPP/Maps/ThirdPersonExampleMap.ThirdPersonExampleMap:PersistentLevel.ThirdPersonExampleMap'
[2020.05.20-08.56.45:615][893]LogSlate: Updating window title bar state: overlay mode, drag disabled, window buttons hidden, title bar hidden
[2020.05.20-08.56.45:620][893]LogUObjectHash: Compacting FUObjectHashTables data took   3.09ms
[2020.05.20-08.56.45:665][894]LogPlayLevel: Display: Destroying online subsystem :Context_1
