Log file open, 05/20/20 17:09:21
LogWindows: Failed to load 'aqProf.dll' (GetLastError=126)
LogWindows: File 'aqProf.dll' does not exist
LogWindows: Failed to load 'VtuneApi.dll' (GetLastError=126)
LogWindows: File 'VtuneApi.dll' does not exist
LogWindows: Failed to load 'VtuneApi32e.dll' (GetLastError=126)
LogWindows: File 'VtuneApi32e.dll' does not exist
LogConsoleResponse: Display: Failed to find resolution value strings in scalability ini. Falling back to default.
LogInit: Display: Running engine for game: IK2
LogPlatformFile: Not using cached read wrapper
LogTaskGraph: Started task graph with 5 named threads and 14 total threads with 3 sets of task threads.
LogStats: Stats thread started at 0.154702
LogD3D11RHI: Loaded GFSDK_Aftermath_Lib.x64.dll
LogICUInternationalization: ICU TimeZone Detection - Raw Offset: +9:00, Platform Override: ''
LogPluginManager: Mounting plugin Paper2D
LogPluginManager: Mounting plugin AISupport
LogPluginManager: Mounting plugin LightPropagationVolume
LogPluginManager: Mounting plugin ActorLayerUtilities
LogPluginManager: Mounting plugin AnimationSharing
LogPluginManager: Mounting plugin CLionSourceCodeAccess
LogPluginManager: Mounting plugin CodeLiteSourceCodeAccess
LogPluginManager: Mounting plugin GitSourceControl
LogPluginManager: Mounting plugin KDevelopSourceCodeAccess
LogPluginManager: Mounting plugin NullSourceCodeAccess
LogPluginManager: Mounting plugin PerforceSourceControl
LogPluginManager: Mounting plugin SubversionSourceControl
LogPluginManager: Mounting plugin UObjectPlugin
LogPluginManager: Mounting plugin VisualStudioCodeSourceCodeAccess
LogPluginManager: Mounting plugin VisualStudioSourceCodeAccess
LogPluginManager: Mounting plugin XCodeSourceCodeAccess
LogPluginManager: Mounting plugin AssetManagerEditor
LogPluginManager: Mounting plugin CryptoKeys
LogPluginManager: Mounting plugin CurveEditorTools
LogPluginManager: Mounting plugin DataValidation
LogPluginManager: Mounting plugin FacialAnimation
LogPluginManager: Mounting plugin GameplayTagsEditor
LogPluginManager: Mounting plugin MacGraphicsSwitching
LogPluginManager: Mounting plugin MaterialAnalyzer
LogPluginManager: Mounting plugin MobileLauncherProfileWizard
LogPluginManager: Mounting plugin PluginBrowser
LogPluginManager: Mounting plugin SpeedTreeImporter
LogPluginManager: Mounting plugin DatasmithContent
LogPluginManager: Mounting plugin VariantManagerContent
LogPluginManager: Mounting plugin AlembicImporter
LogPluginManager: Mounting plugin AutomationUtils
LogPluginManager: Mounting plugin BackChannel
LogPluginManager: Mounting plugin CharacterAI
LogPluginManager: Mounting plugin GeometryCache
LogPluginManager: Mounting plugin HTML5Networking
LogPluginManager: Mounting plugin PlatformCrypto
LogPluginManager: Mounting plugin ProxyLODPlugin
LogPluginManager: Mounting plugin SkeletalReduction
LogPluginManager: Mounting plugin MagicLeap
LogPluginManager: Mounting plugin MagicLeapMedia
LogPluginManager: Mounting plugin AndroidMedia
LogPluginManager: Mounting plugin AvfMedia
LogPluginManager: Mounting plugin ImgMedia
LogPluginManager: Mounting plugin MediaCompositing
LogPluginManager: Mounting plugin MediaPlayerEditor
LogPluginManager: Mounting plugin WebMMedia
LogPluginManager: Mounting plugin WmfMedia
LogPluginManager: Mounting plugin TcpMessaging
LogPluginManager: Mounting plugin UdpMessaging
LogPluginManager: Mounting plugin ActorSequence
LogPluginManager: Mounting plugin LevelSequenceEditor
LogPluginManager: Mounting plugin MatineeToLevelSequence
LogPluginManager: Mounting plugin NetcodeUnitTest
LogPluginManager: Mounting plugin NUTUnrealEngine4
LogPluginManager: Mounting plugin OnlineSubsystemGooglePlay
LogPluginManager: Mounting plugin OnlineSubsystemIOS
LogPluginManager: Mounting plugin OnlineSubsystem
LogPluginManager: Mounting plugin OnlineSubsystemNull
LogPluginManager: Mounting plugin OnlineSubsystemUtils
LogPluginManager: Mounting plugin LauncherChunkInstaller
LogPluginManager: Mounting plugin AndroidDeviceProfileSelector
LogPluginManager: Mounting plugin AndroidMoviePlayer
LogPluginManager: Mounting plugin AndroidPermission
LogPluginManager: Mounting plugin AppleImageUtils
LogPluginManager: Mounting plugin AppleMoviePlayer
LogPluginManager: Mounting plugin ArchVisCharacter
LogPluginManager: Mounting plugin AudioCapture
LogPluginManager: Mounting plugin CableComponent
LogPluginManager: Mounting plugin CustomMeshComponent
LogPluginManager: Mounting plugin EditableMesh
LogPluginManager: Mounting plugin ExampleDeviceProfileSelector
LogPluginManager: Mounting plugin GoogleCloudMessaging
LogPluginManager: Mounting plugin IOSDeviceProfileSelector
LogPluginManager: Mounting plugin LinuxDeviceProfileSelector
LogPluginManager: Mounting plugin LocationServicesBPLibrary
LogPluginManager: Mounting plugin MobilePatchingUtils
LogPluginManager: Mounting plugin OculusVR
LogPluginManager: Mounting plugin PhysXVehicles
LogPluginManager: Mounting plugin ProceduralMeshComponent
LogPluginManager: Mounting plugin RuntimePhysXCooking
LogPluginManager: Mounting plugin SignificanceManager
LogPluginManager: Mounting plugin SteamVR
LogPluginManager: Mounting plugin WebMMoviePlayer
LogPluginManager: Mounting plugin WindowsMoviePlayer
LogPluginManager: Mounting plugin ScreenshotTools
LogInit: Using libcurl 7.55.1-DEV
LogInit:  - built for x86_64-pc-win32
LogInit:  - supports SSL with OpenSSL/1.1.1
LogInit:  - supports HTTP deflate (compression) using libz 1.2.8
LogInit:  - other features:
LogInit:      CURL_VERSION_SSL
LogInit:      CURL_VERSION_LIBZ
LogInit:      CURL_VERSION_IPV6
LogInit:      CURL_VERSION_ASYNCHDNS
LogInit:      CURL_VERSION_LARGEFILE
LogInit:      CURL_VERSION_IDN
LogInit:  CurlRequestOptions (configurable via config and command line):
LogInit:  - bVerifyPeer = true  - Libcurl will verify peer certificate
LogInit:  - bUseHttpProxy = false  - Libcurl will NOT use HTTP proxy
LogInit:  - bDontReuseConnections = false  - Libcurl will reuse connections
LogInit:  - MaxHostConnections = 16  - Libcurl will limit the number of connections to a host
LogInit:  - LocalHostAddr = Default
LogInit:  - BufferSize = 65536
LogOnline: OSS: Creating online subsystem instance for: NULL
LogInit: WinSock: version 1.1 (2.2), MaxSocks=32767, MaxUdp=65467
LogInit: Build: ++UE4+Release-4.23-CL-9631420
LogInit: Engine Version: 4.23.1-9631420+++UE4+Release-4.23
LogInit: Compatible Engine Version: 4.23.0-8386587+++UE4+Release-4.23
LogInit: Net CL: 8386587
LogInit: OS: Windows 10 (Release 1903) (), CPU: Intel(R) Core(TM) i5 CPU         760  @ 2.80GHz, GPU: NVIDIA GeForce GT 730
LogInit: Compiled (64-bit): Oct 18 2019 02:07:44
LogInit: Compiled with Visual C++: 19.16.27030.01
LogInit: Build Configuration: Development
LogInit: Branch Name: ++UE4+Release-4.23
LogInit: Command Line: 
LogInit: Base Directory: C:/Program Files/Epic Games/UE_4.23/Engine/Binaries/Win64/
LogInit: Installed Engine Build: 1
LogDevObjectVersion: Number of dev versions registered: 23
LogDevObjectVersion:   Dev-Blueprints (B0D832E4-1F89-4F0D-ACCF-7EB736FD4AA2): 10
LogDevObjectVersion:   Dev-Build (E1C64328-A22C-4D53-A36C-8E866417BD8C): 0
LogDevObjectVersion:   Dev-Core (375EC13C-06E4-48FB-B500-84F0262A717E): 3
LogDevObjectVersion:   Dev-Editor (E4B068ED-F494-42E9-A231-DA0B2E46BB41): 34
LogDevObjectVersion:   Dev-Framework (CFFC743F-43B0-4480-9391-14DF171D2073): 35
LogDevObjectVersion:   Dev-Mobile (B02B49B5-BB20-44E9-A304-32B752E40360): 2
LogDevObjectVersion:   Dev-Networking (A4E4105C-59A1-49B5-A7C5-40C4547EDFEE): 0
LogDevObjectVersion:   Dev-Online (39C831C9-5AE6-47DC-9A44-9C173E1C8E7C): 0
LogDevObjectVersion:   Dev-Physics (78F01B33-EBEA-4F98-B9B4-84EACCB95AA2): 0
LogDevObjectVersion:   Dev-Platform (6631380F-2D4D-43E0-8009-CF276956A95A): 0
LogDevObjectVersion:   Dev-Rendering (12F88B9F-8875-4AFC-A67C-D90C383ABD29): 31
LogDevObjectVersion:   Dev-Sequencer (7B5AE74C-D270-4C10-A958-57980B212A5A): 11
LogDevObjectVersion:   Dev-VR (D7296918-1DD6-4BDD-9DE2-64A83CC13884): 2
LogDevObjectVersion:   Dev-LoadTimes (C2A15278-BFE7-4AFE-6C17-90FF531DF755): 1
LogDevObjectVersion:   Private-Geometry (6EACA3D4-40EC-4CC1-B786-8BED09428FC5): 3
LogDevObjectVersion:   Dev-AnimPhys (29E575DD-E0A3-4627-9D10-D276232CDCEA): 17
LogDevObjectVersion:   Dev-Anim (AF43A65D-7FD3-4947-9873-3E8ED9C1BB05): 2
LogDevObjectVersion:   Dev-ReflectionCapture (6B266CEC-1EC7-4B8F-A30B-E4D90942FC07): 1
LogDevObjectVersion:   Dev-Automation (0DF73D61-A23F-47EA-B727-89E90C41499A): 1
LogDevObjectVersion:   FortniteMain (601D1886-AC64-4F84-AA16-D3DE0DEAC7D6): 27
LogDevObjectVersion:   Dev-Enterprise (9DFFBCD6-494F-0158-E221-12823C92A888): 6
LogDevObjectVersion:   Dev-Niagara (F2AED0AC-9AFE-416F-8664-AA7FFA26D6FC): 1
LogDevObjectVersion:   Dev-Destruction (174F1F0B-B4C6-45A5-B13F-2EE8D0FB917D): 9
LogInit: Presizing for max 16777216 objects, including 0 objects not considered by GC, pre-allocating 0 bytes for permanent pool.
LogInit: Object subsystem initialized
LogConfig: Setting CVar [[con.DebugEarlyDefault:1]]
LogConfig: Setting CVar [[r.setres:1280x720]]
[2020.05.20-08.09.21:499][  0]LogConfig: Setting CVar [[r.VSync:0]]
[2020.05.20-08.09.21:499][  0]LogConfig: Setting CVar [[r.RHICmdBypass:0]]
[2020.05.20-08.09.21:499][  0]LogConfig: Applying CVar settings from Section [/Script/Engine.RendererSettings] File [D:/SC/UE4Practice/UE4Practice/IK2/Saved/Config/Windows/Engine.ini]
[2020.05.20-08.09.21:499][  0]LogConfig: Setting CVar [[r.GPUCrashDebugging:0]]
[2020.05.20-08.09.21:499][  0]LogConfig: Applying CVar settings from Section [/Script/Engine.RendererOverrideSettings] File [D:/SC/UE4Practice/UE4Practice/IK2/Saved/Config/Windows/Engine.ini]
[2020.05.20-08.09.21:499][  0]LogConfig: Applying CVar settings from Section [/Script/Engine.StreamingSettings] File [D:/SC/UE4Practice/UE4Practice/IK2/Saved/Config/Windows/Engine.ini]
[2020.05.20-08.09.21:499][  0]LogConfig: Setting CVar [[s.MinBulkDataSizeForAsyncLoading:131072]]
[2020.05.20-08.09.21:499][  0]LogConfig: Setting CVar [[s.AsyncLoadingThreadEnabled:0]]
[2020.05.20-08.09.21:499][  0]LogConfig: Setting CVar [[s.EventDrivenLoaderEnabled:1]]
[2020.05.20-08.09.21:499][  0]LogConfig: Setting CVar [[s.WarnIfTimeLimitExceeded:0]]
[2020.05.20-08.09.21:499][  0]LogConfig: Setting CVar [[s.TimeLimitExceededMultiplier:1.5]]
[2020.05.20-08.09.21:499][  0]LogConfig: Setting CVar [[s.TimeLimitExceededMinTime:0.005]]
[2020.05.20-08.09.21:499][  0]LogConfig: Setting CVar [[s.UseBackgroundLevelStreaming:1]]
[2020.05.20-08.09.21:499][  0]LogConfig: Setting CVar [[s.PriorityAsyncLoadingExtraTime:15.0]]
[2020.05.20-08.09.21:499][  0]LogConfig: Setting CVar [[s.LevelStreamingActorsUpdateTimeLimit:5.0]]
[2020.05.20-08.09.21:499][  0]LogConfig: Setting CVar [[s.PriorityLevelStreamingActorsUpdateExtraTime:5.0]]
[2020.05.20-08.09.21:499][  0]LogConfig: Setting CVar [[s.LevelStreamingComponentsRegistrationGranularity:10]]
[2020.05.20-08.09.21:499][  0]LogConfig: Setting CVar [[s.UnregisterComponentsTimeLimit:1.0]]
[2020.05.20-08.09.21:499][  0]LogConfig: Setting CVar [[s.LevelStreamingComponentsUnregistrationGranularity:5]]
[2020.05.20-08.09.21:499][  0]LogConfig: Applying CVar settings from Section [/Script/Engine.GarbageCollectionSettings] File [D:/SC/UE4Practice/UE4Practice/IK2/Saved/Config/Windows/Engine.ini]
[2020.05.20-08.09.21:499][  0]LogConfig: Setting CVar [[gc.MaxObjectsNotConsideredByGC:1]]
[2020.05.20-08.09.21:499][  0]LogConfig: Setting CVar [[gc.SizeOfPermanentObjectPool:0]]
[2020.05.20-08.09.21:499][  0]LogConfig: Setting CVar [[gc.FlushStreamingOnGC:0]]
[2020.05.20-08.09.21:499][  0]LogConfig: Setting CVar [[gc.NumRetriesBeforeForcingGC:10]]
[2020.05.20-08.09.21:499][  0]LogConfig: Setting CVar [[gc.AllowParallelGC:1]]
[2020.05.20-08.09.21:499][  0]LogConfig: Setting CVar [[gc.TimeBetweenPurgingPendingKillObjects:61.1]]
[2020.05.20-08.09.21:499][  0]LogConfig: Setting CVar [[gc.MaxObjectsInEditor:16777216]]
[2020.05.20-08.09.21:499][  0]LogConfig: Setting CVar [[gc.IncrementalBeginDestroyEnabled:1]]
[2020.05.20-08.09.21:499][  0]LogConfig: Setting CVar [[gc.CreateGCClusters:1]]
[2020.05.20-08.09.21:499][  0]LogConfig: Setting CVar [[gc.MinGCClusterSize:5]]
[2020.05.20-08.09.21:499][  0]LogConfig: Setting CVar [[gc.ActorClusteringEnabled:0]]
[2020.05.20-08.09.21:499][  0]LogConfig: Setting CVar [[gc.BlueprintClusteringEnabled:0]]
[2020.05.20-08.09.21:499][  0]LogConfig: Setting CVar [[gc.UseDisregardForGCOnDedicatedServers:0]]
[2020.05.20-08.09.21:499][  0]LogConfig: Applying CVar settings from Section [/Script/Engine.NetworkSettings] File [D:/SC/UE4Practice/UE4Practice/IK2/Saved/Config/Windows/Engine.ini]
[2020.05.20-08.09.21:499][  0]LogConfig: Applying CVar settings from Section [/Script/UnrealEd.CookerSettings] File [D:/SC/UE4Practice/UE4Practice/IK2/Saved/Config/Windows/Engine.ini]
[2020.05.20-08.09.21:505][  0]LogConfig: Applying CVar settings from Section [ViewDistanceQuality@3] File [D:/SC/UE4Practice/UE4Practice/IK2/Saved/Config/Windows/Scalability.ini]
[2020.05.20-08.09.21:505][  0]LogConfig: Setting CVar [[r.SkeletalMeshLODBias:0]]
[2020.05.20-08.09.21:505][  0]LogConfig: Setting CVar [[r.ViewDistanceScale:1.0]]
[2020.05.20-08.09.21:505][  0]LogConfig: Applying CVar settings from Section [AntiAliasingQuality@3] File [D:/SC/UE4Practice/UE4Practice/IK2/Saved/Config/Windows/Scalability.ini]
[2020.05.20-08.09.21:505][  0]LogConfig: Setting CVar [[r.PostProcessAAQuality:4]]
[2020.05.20-08.09.21:505][  0]LogConfig: Applying CVar settings from Section [ShadowQuality@3] File [D:/SC/UE4Practice/UE4Practice/IK2/Saved/Config/Windows/Scalability.ini]
[2020.05.20-08.09.21:506][  0]LogConfig: Setting CVar [[r.LightFunctionQuality:1]]
[2020.05.20-08.09.21:506][  0]LogConfig: Setting CVar [[r.ShadowQuality:5]]
[2020.05.20-08.09.21:506][  0]LogConfig: Setting CVar [[r.Shadow.CSM.MaxCascades:10]]
[2020.05.20-08.09.21:506][  0]LogConfig: Setting CVar [[r.Shadow.MaxResolution:2048]]
[2020.05.20-08.09.21:506][  0]LogConfig: Setting CVar [[r.Shadow.MaxCSMResolution:2048]]
[2020.05.20-08.09.21:506][  0]LogConfig: Setting CVar [[r.Shadow.RadiusThreshold:0.01]]
[2020.05.20-08.09.21:506][  0]LogConfig: Setting CVar [[r.Shadow.DistanceScale:1.0]]
[2020.05.20-08.09.21:506][  0]LogConfig: Setting CVar [[r.Shadow.CSM.TransitionScale:1.0]]
[2020.05.20-08.09.21:506][  0]LogConfig: Setting CVar [[r.Shadow.PreShadowResolutionFactor:1.0]]
[2020.05.20-08.09.21:506][  0]LogConfig: Setting CVar [[r.DistanceFieldShadowing:1]]
[2020.05.20-08.09.21:506][  0]LogConfig: Setting CVar [[r.DistanceFieldAO:1]]
[2020.05.20-08.09.21:506][  0]LogConfig: Setting CVar [[r.AOQuality:2]]
[2020.05.20-08.09.21:506][  0]LogConfig: Setting CVar [[r.VolumetricFog:1]]
[2020.05.20-08.09.21:506][  0]LogConfig: Setting CVar [[r.VolumetricFog.GridPixelSize:8]]
[2020.05.20-08.09.21:506][  0]LogConfig: Setting CVar [[r.VolumetricFog.GridSizeZ:128]]
[2020.05.20-08.09.21:506][  0]LogConfig: Setting CVar [[r.VolumetricFog.HistoryMissSupersampleCount:4]]
[2020.05.20-08.09.21:506][  0]LogConfig: Setting CVar [[r.LightMaxDrawDistanceScale:1]]
[2020.05.20-08.09.21:506][  0]LogConfig: Setting CVar [[r.CapsuleShadows:1]]
[2020.05.20-08.09.21:506][  0]LogConfig: Applying CVar settings from Section [PostProcessQuality@3] File [D:/SC/UE4Practice/UE4Practice/IK2/Saved/Config/Windows/Scalability.ini]
[2020.05.20-08.09.21:506][  0]LogConfig: Setting CVar [[r.MotionBlurQuality:4]]
[2020.05.20-08.09.21:506][  0]LogConfig: Setting CVar [[r.AmbientOcclusionMipLevelFactor:0.4]]
[2020.05.20-08.09.21:506][  0]LogConfig: Setting CVar [[r.AmbientOcclusionMaxQuality:100]]
[2020.05.20-08.09.21:506][  0]LogConfig: Setting CVar [[r.AmbientOcclusionLevels:-1]]
[2020.05.20-08.09.21:506][  0]LogConfig: Setting CVar [[r.AmbientOcclusionRadiusScale:1.0]]
[2020.05.20-08.09.21:507][  0]LogConfig: Setting CVar [[r.DepthOfFieldQuality:2]]
[2020.05.20-08.09.21:507][  0]LogConfig: Setting CVar [[r.RenderTargetPoolMin:400]]
[2020.05.20-08.09.21:507][  0]LogConfig: Setting CVar [[r.LensFlareQuality:2]]
[2020.05.20-08.09.21:507][  0]LogConfig: Setting CVar [[r.SceneColorFringeQuality:1]]
[2020.05.20-08.09.21:507][  0]LogConfig: Setting CVar [[r.EyeAdaptationQuality:2]]
[2020.05.20-08.09.21:507][  0]LogConfig: Setting CVar [[r.BloomQuality:5]]
[2020.05.20-08.09.21:507][  0]LogConfig: Setting CVar [[r.FastBlurThreshold:100]]
[2020.05.20-08.09.21:507][  0]LogConfig: Setting CVar [[r.Upscale.Quality:3]]
[2020.05.20-08.09.21:507][  0]LogConfig: Setting CVar [[r.Tonemapper.GrainQuantization:1]]
[2020.05.20-08.09.21:507][  0]LogConfig: Setting CVar [[r.LightShaftQuality:1]]
[2020.05.20-08.09.21:507][  0]LogConfig: Setting CVar [[r.Filter.SizeScale:1]]
[2020.05.20-08.09.21:507][  0]LogConfig: Setting CVar [[r.Tonemapper.Quality:5]]
[2020.05.20-08.09.21:507][  0]LogConfig: Setting CVar [[r.DOF.Gather.AccumulatorQuality:1        ; higher gathering accumulator quality]]
[2020.05.20-08.09.21:507][  0]LogConfig: Setting CVar [[r.DOF.Gather.PostfilterMethod:1          ; Median3x3 postfilering method]]
[2020.05.20-08.09.21:507][  0]LogConfig: Setting CVar [[r.DOF.Gather.EnableBokehSettings:0       ; no bokeh simulation when gathering]]
[2020.05.20-08.09.21:507][  0]LogConfig: Setting CVar [[r.DOF.Gather.RingCount:4                 ; medium number of samples when gathering]]
[2020.05.20-08.09.21:507][  0]LogConfig: Setting CVar [[r.DOF.Scatter.ForegroundCompositing:1    ; additive foreground scattering]]
[2020.05.20-08.09.21:507][  0]LogConfig: Setting CVar [[r.DOF.Scatter.BackgroundCompositing:2    ; additive background scattering]]
[2020.05.20-08.09.21:507][  0]LogConfig: Setting CVar [[r.DOF.Scatter.EnableBokehSettings:1      ; bokeh simulation when scattering]]
[2020.05.20-08.09.21:507][  0]LogConfig: Setting CVar [[r.DOF.Scatter.MaxSpriteRatio:0.1         ; only a maximum of 10% of scattered bokeh]]
[2020.05.20-08.09.21:507][  0]LogConfig: Setting CVar [[r.DOF.Recombine.Quality:1                ; cheap slight out of focus]]
[2020.05.20-08.09.21:507][  0]LogConfig: Setting CVar [[r.DOF.Recombine.EnableBokehSettings:0    ; no bokeh simulation on slight out of focus]]
[2020.05.20-08.09.21:507][  0]LogConfig: Setting CVar [[r.DOF.TemporalAAQuality:1                ; more stable temporal accumulation]]
[2020.05.20-08.09.21:507][  0]LogConfig: Setting CVar [[r.DOF.Kernel.MaxForegroundRadius:0.025]]
[2020.05.20-08.09.21:507][  0]LogConfig: Setting CVar [[r.DOF.Kernel.MaxBackgroundRadius:0.025]]
[2020.05.20-08.09.21:507][  0]LogConfig: Applying CVar settings from Section [TextureQuality@3] File [D:/SC/UE4Practice/UE4Practice/IK2/Saved/Config/Windows/Scalability.ini]
[2020.05.20-08.09.21:507][  0]LogConfig: Setting CVar [[r.Streaming.MipBias:0]]
[2020.05.20-08.09.21:507][  0]LogConfig: Setting CVar [[r.Streaming.AmortizeCPUToGPUCopy:0]]
[2020.05.20-08.09.21:507][  0]LogConfig: Setting CVar [[r.Streaming.MaxNumTexturesToStreamPerFrame:0]]
[2020.05.20-08.09.21:507][  0]LogConfig: Setting CVar [[r.Streaming.Boost:1]]
[2020.05.20-08.09.21:507][  0]LogConfig: Setting CVar [[r.MaxAnisotropy:8]]
[2020.05.20-08.09.21:507][  0]LogConfig: Setting CVar [[r.Streaming.LimitPoolSizeToVRAM:0]]
[2020.05.20-08.09.21:507][  0]LogConfig: Setting CVar [[r.Streaming.PoolSize:1000]]
[2020.05.20-08.09.21:507][  0]LogConfig: Setting CVar [[r.Streaming.MaxEffectiveScreenSize:0]]
[2020.05.20-08.09.21:508][  0]LogConfig: Applying CVar settings from Section [EffectsQuality@3] File [D:/SC/UE4Practice/UE4Practice/IK2/Saved/Config/Windows/Scalability.ini]
[2020.05.20-08.09.21:508][  0]LogConfig: Setting CVar [[r.TranslucencyLightingVolumeDim:64]]
[2020.05.20-08.09.21:508][  0]LogConfig: Setting CVar [[r.RefractionQuality:2]]
[2020.05.20-08.09.21:508][  0]LogConfig: Setting CVar [[r.SSR.Quality:3]]
[2020.05.20-08.09.21:508][  0]LogConfig: Setting CVar [[r.SceneColorFormat:4]]
[2020.05.20-08.09.21:508][  0]LogConfig: Setting CVar [[r.DetailMode:2]]
[2020.05.20-08.09.21:508][  0]LogConfig: Setting CVar [[r.TranslucencyVolumeBlur:1]]
[2020.05.20-08.09.21:508][  0]LogConfig: Setting CVar [[r.MaterialQualityLevel:1 ; High quality]]
[2020.05.20-08.09.21:508][  0]LogConfig: Setting CVar [[r.SSS.Scale:1]]
[2020.05.20-08.09.21:508][  0]LogConfig: Setting CVar [[r.SSS.SampleSet:2]]
[2020.05.20-08.09.21:508][  0]LogConfig: Setting CVar [[r.SSS.Quality:1]]
[2020.05.20-08.09.21:508][  0]LogConfig: Setting CVar [[r.SSS.HalfRes:1]]
[2020.05.20-08.09.21:508][  0]LogConfig: Setting CVar [[r.EmitterSpawnRateScale:1.0]]
[2020.05.20-08.09.21:508][  0]LogConfig: Setting CVar [[r.ParticleLightQuality:2]]
[2020.05.20-08.09.21:508][  0]LogConfig: Applying CVar settings from Section [FoliageQuality@3] File [D:/SC/UE4Practice/UE4Practice/IK2/Saved/Config/Windows/Scalability.ini]
[2020.05.20-08.09.21:508][  0]LogConfig: Setting CVar [[foliage.DensityScale:1.0]]
[2020.05.20-08.09.21:508][  0]LogConfig: Setting CVar [[grass.DensityScale:1.0]]
[2020.05.20-08.09.21:508][  0]LogInit: Selected Device Profile: [Windows]
[2020.05.20-08.09.21:508][  0]LogInit: Applying CVar settings loaded from the selected device profile: [Windows]
[2020.05.20-08.09.21:512][  0]LogHAL: Display: Platform has ~ 16 GB [17144270848 / 17179869184 / 16], which maps to Larger [LargestMinGB=32, LargerMinGB=12, DefaultMinGB=8, SmallerMinGB=6, SmallestMinGB=0)
[2020.05.20-08.09.21:512][  0]LogInit: Going up to parent DeviceProfile []
[2020.05.20-08.09.21:513][  0]LogConfig: Applying CVar settings from Section [ViewDistanceQuality@1] File [D:/SC/UE4Practice/UE4Practice/IK2/Saved/Config/Windows/Scalability.ini]
[2020.05.20-08.09.21:513][  0]LogConfig: Setting CVar [[r.SkeletalMeshLODBias:1]]
[2020.05.20-08.09.21:513][  0]LogConfig: Setting CVar [[r.ViewDistanceScale:0.6]]
[2020.05.20-08.09.21:513][  0]LogConfig: Applying CVar settings from Section [AntiAliasingQuality@1] File [D:/SC/UE4Practice/UE4Practice/IK2/Saved/Config/Windows/Scalability.ini]
[2020.05.20-08.09.21:513][  0]LogConfig: Setting CVar [[r.PostProcessAAQuality:2]]
[2020.05.20-08.09.21:513][  0]LogConfig: Applying CVar settings from Section [ShadowQuality@1] File [D:/SC/UE4Practice/UE4Practice/IK2/Saved/Config/Windows/Scalability.ini]
[2020.05.20-08.09.21:513][  0]LogConfig: Setting CVar [[r.LightFunctionQuality:1]]
[2020.05.20-08.09.21:513][  0]LogConfig: Setting CVar [[r.ShadowQuality:3]]
[2020.05.20-08.09.21:513][  0]LogConfig: Setting CVar [[r.Shadow.CSM.MaxCascades:1]]
[2020.05.20-08.09.21:513][  0]LogConfig: Setting CVar [[r.Shadow.MaxResolution:1024]]
[2020.05.20-08.09.21:513][  0]LogConfig: Setting CVar [[r.Shadow.MaxCSMResolution:1024]]
[2020.05.20-08.09.21:513][  0]LogConfig: Setting CVar [[r.Shadow.RadiusThreshold:0.05]]
[2020.05.20-08.09.21:513][  0]LogConfig: Setting CVar [[r.Shadow.DistanceScale:0.7]]
[2020.05.20-08.09.21:513][  0]LogConfig: Setting CVar [[r.Shadow.CSM.TransitionScale:0.25]]
[2020.05.20-08.09.21:513][  0]LogConfig: Setting CVar [[r.Shadow.PreShadowResolutionFactor:0.5]]
[2020.05.20-08.09.21:513][  0]LogConfig: Setting CVar [[r.DistanceFieldShadowing:0]]
[2020.05.20-08.09.21:513][  0]LogConfig: Setting CVar [[r.DistanceFieldAO:0]]
[2020.05.20-08.09.21:513][  0]LogConfig: Setting CVar [[r.VolumetricFog:0]]
[2020.05.20-08.09.21:513][  0]LogConfig: Setting CVar [[r.LightMaxDrawDistanceScale:.5]]
[2020.05.20-08.09.21:513][  0]LogConfig: Setting CVar [[r.CapsuleShadows:1]]
[2020.05.20-08.09.21:513][  0]LogConfig: Applying CVar settings from Section [PostProcessQuality@1] File [D:/SC/UE4Practice/UE4Practice/IK2/Saved/Config/Windows/Scalability.ini]
[2020.05.20-08.09.21:513][  0]LogConfig: Setting CVar [[r.MotionBlurQuality:3]]
[2020.05.20-08.09.21:513][  0]LogConfig: Setting CVar [[r.AmbientOcclusionMipLevelFactor:1.0]]
[2020.05.20-08.09.21:513][  0]LogConfig: Setting CVar [[r.AmbientOcclusionMaxQuality:60]]
[2020.05.20-08.09.21:513][  0]LogConfig: Setting CVar [[r.AmbientOcclusionLevels:-1]]
[2020.05.20-08.09.21:513][  0]LogConfig: Setting CVar [[r.AmbientOcclusionRadiusScale:1.5]]
[2020.05.20-08.09.21:513][  0]LogConfig: Setting CVar [[r.DepthOfFieldQuality:1]]
[2020.05.20-08.09.21:513][  0]LogConfig: Setting CVar [[r.RenderTargetPoolMin:350]]
[2020.05.20-08.09.21:513][  0]LogConfig: Setting CVar [[r.LensFlareQuality:0]]
[2020.05.20-08.09.21:513][  0]LogConfig: Setting CVar [[r.SceneColorFringeQuality:0]]
[2020.05.20-08.09.21:513][  0]LogConfig: Setting CVar [[r.EyeAdaptationQuality:0]]
[2020.05.20-08.09.21:513][  0]LogConfig: Setting CVar [[r.BloomQuality:4]]
[2020.05.20-08.09.21:513][  0]LogConfig: Setting CVar [[r.FastBlurThreshold:2]]
[2020.05.20-08.09.21:513][  0]LogConfig: Setting CVar [[r.Upscale.Quality:2]]
[2020.05.20-08.09.21:513][  0]LogConfig: Setting CVar [[r.Tonemapper.GrainQuantization:0]]
[2020.05.20-08.09.21:513][  0]LogConfig: Setting CVar [[r.LightShaftQuality:0]]
[2020.05.20-08.09.21:513][  0]LogConfig: Setting CVar [[r.Filter.SizeScale:0.7]]
[2020.05.20-08.09.21:513][  0]LogConfig: Setting CVar [[r.Tonemapper.Quality:2]]
[2020.05.20-08.09.21:513][  0]LogConfig: Setting CVar [[r.DOF.Gather.AccumulatorQuality:0        ; lower gathering accumulator quality]]
[2020.05.20-08.09.21:513][  0]LogConfig: Setting CVar [[r.DOF.Gather.PostfilterMethod:2          ; Max3x3 postfilering method]]
[2020.05.20-08.09.21:513][  0]LogConfig: Setting CVar [[r.DOF.Gather.EnableBokehSettings:0       ; no bokeh simulation when gathering]]
[2020.05.20-08.09.21:513][  0]LogConfig: Setting CVar [[r.DOF.Gather.RingCount:3                 ; low number of samples when gathering]]
[2020.05.20-08.09.21:514][  0]LogConfig: Setting CVar [[r.DOF.Scatter.ForegroundCompositing:0    ; no foreground scattering]]
[2020.05.20-08.09.21:514][  0]LogConfig: Setting CVar [[r.DOF.Scatter.BackgroundCompositing:0    ; no foreground scattering]]
[2020.05.20-08.09.21:514][  0]LogConfig: Setting CVar [[r.DOF.Recombine.Quality:0                ; no slight out of focus]]
[2020.05.20-08.09.21:514][  0]LogConfig: Setting CVar [[r.DOF.TemporalAAQuality:0                ; faster temporal accumulation]]
[2020.05.20-08.09.21:514][  0]LogConfig: Setting CVar [[r.DOF.Kernel.MaxForegroundRadius:0.006   ; required because low gathering and no scattering and not looking great at 1080p]]
[2020.05.20-08.09.21:514][  0]LogConfig: Setting CVar [[r.DOF.Kernel.MaxBackgroundRadius:0.006   ; required because low gathering and no scattering and not looking great at 1080p]]
[2020.05.20-08.09.21:514][  0]LogConfig: Applying CVar settings from Section [TextureQuality@1] File [D:/SC/UE4Practice/UE4Practice/IK2/Saved/Config/Windows/Scalability.ini]
[2020.05.20-08.09.21:514][  0]LogConfig: Setting CVar [[r.Streaming.MipBias:1]]
[2020.05.20-08.09.21:514][  0]LogConfig: Setting CVar [[r.Streaming.AmortizeCPUToGPUCopy:0]]
[2020.05.20-08.09.21:514][  0]LogConfig: Setting CVar [[r.Streaming.MaxNumTexturesToStreamPerFrame:0]]
[2020.05.20-08.09.21:514][  0]LogConfig: Setting CVar [[r.Streaming.Boost:1]]
[2020.05.20-08.09.21:514][  0]LogConfig: Setting CVar [[r.MaxAnisotropy:2]]
[2020.05.20-08.09.21:514][  0]LogConfig: Setting CVar [[r.Streaming.LimitPoolSizeToVRAM:1]]
[2020.05.20-08.09.21:514][  0]LogConfig: Setting CVar [[r.Streaming.PoolSize:600]]
[2020.05.20-08.09.21:514][  0]LogConfig: Setting CVar [[r.Streaming.MaxEffectiveScreenSize:0]]
[2020.05.20-08.09.21:514][  0]LogConfig: Applying CVar settings from Section [EffectsQuality@1] File [D:/SC/UE4Practice/UE4Practice/IK2/Saved/Config/Windows/Scalability.ini]
[2020.05.20-08.09.21:514][  0]LogConfig: Setting CVar [[r.TranslucencyLightingVolumeDim:32]]
[2020.05.20-08.09.21:514][  0]LogConfig: Setting CVar [[r.RefractionQuality:0]]
[2020.05.20-08.09.21:514][  0]LogConfig: Setting CVar [[r.SSR.Quality:0]]
[2020.05.20-08.09.21:514][  0]LogConfig: Setting CVar [[r.SceneColorFormat:3]]
[2020.05.20-08.09.21:514][  0]LogConfig: Setting CVar [[r.DetailMode:1]]
[2020.05.20-08.09.21:514][  0]LogConfig: Setting CVar [[r.TranslucencyVolumeBlur:0]]
[2020.05.20-08.09.21:514][  0]LogConfig: Setting CVar [[r.MaterialQualityLevel:2 ; Medium quality]]
[2020.05.20-08.09.21:514][  0]LogConfig: Setting CVar [[r.SSS.Scale:0.75]]
[2020.05.20-08.09.21:514][  0]LogConfig: Setting CVar [[r.SSS.SampleSet:0]]
[2020.05.20-08.09.21:514][  0]LogConfig: Setting CVar [[r.SSS.Quality:0]]
[2020.05.20-08.09.21:514][  0]LogConfig: Setting CVar [[r.SSS.HalfRes:1]]
[2020.05.20-08.09.21:514][  0]LogConfig: Setting CVar [[r.EmitterSpawnRateScale:0.25]]
[2020.05.20-08.09.21:514][  0]LogConfig: Setting CVar [[r.ParticleLightQuality:0]]
[2020.05.20-08.09.21:514][  0]LogConfig: Applying CVar settings from Section [FoliageQuality@1] File [D:/SC/UE4Practice/UE4Practice/IK2/Saved/Config/Windows/Scalability.ini]
[2020.05.20-08.09.21:514][  0]LogConfig: Setting CVar [[foliage.DensityScale:0.4]]
[2020.05.20-08.09.21:514][  0]LogConfig: Setting CVar [[grass.DensityScale:0.4]]
[2020.05.20-08.09.21:514][  0]LogConfig: Applying CVar settings from Section [Startup] File [../../../Engine/Config/ConsoleVariables.ini]
[2020.05.20-08.09.21:515][  0]LogConfig: Setting CVar [[net.UseAdaptiveNetUpdateFrequency:0]]
[2020.05.20-08.09.21:515][  0]LogConfig: Setting CVar [[p.chaos.AllowCreatePhysxBodies:1]]
[2020.05.20-08.09.21:515][  0]LogConfig: Applying CVar settings from Section [ConsoleVariables] File [D:/SC/UE4Practice/UE4Practice/IK2/Saved/Config/Windows/Engine.ini]
[2020.05.20-08.09.21:515][  0]LogInit: Computer: DESKTOP-4SDQ2H7
[2020.05.20-08.09.21:515][  0]LogInit: User: kgca009
[2020.05.20-08.09.21:515][  0]LogInit: CPU Page size=4096, Cores=4
[2020.05.20-08.09.21:515][  0]LogInit: High frequency timer resolution =10.000000 MHz
[2020.05.20-08.09.21:515][  0]LogMemory: Memory total: Physical=16.0GB (16GB approx)
[2020.05.20-08.09.21:515][  0]LogMemory: Platform Memory Stats for Windows
[2020.05.20-08.09.21:515][  0]LogMemory: Process Physical Memory: 101.53 MB used, 101.54 MB peak
[2020.05.20-08.09.21:515][  0]LogMemory: Process Virtual Memory: 88.65 MB used, 88.65 MB peak
[2020.05.20-08.09.21:515][  0]LogMemory: Physical Memory: 9554.32 MB used,  6795.73 MB free, 16350.05 MB total
[2020.05.20-08.09.21:515][  0]LogMemory: Virtual Memory: 4648.05 MB used,  134213080.00 MB free, 134217728.00 MB total
[2020.05.20-08.09.21:525][  0]LogWindows: WindowsPlatformFeatures enabled
[2020.05.20-08.09.21:569][  0]LogInit: Using OS detected language (ko-KR).
[2020.05.20-08.09.21:569][  0]LogInit: Using OS detected locale (ko-KR).
[2020.05.20-08.09.21:570][  0]LogTextLocalizationManager: No specific localization for 'ko-KR' exists, so the 'ko' localization will be used.
[2020.05.20-08.09.21:722][  0]LogInit: Setting process to per monitor DPI aware
[2020.05.20-08.09.21:799][  0]LogSlate: New Slate User Created.  User Index 0, Is Virtual User: 0
[2020.05.20-08.09.21:799][  0]LogSlate: Slate User Registered.  User Index 0, Is Virtual User: 0
[2020.05.20-08.09.22:092][  0]LogHMD: Failed to initialize OpenVR with code 110
[2020.05.20-08.09.22:092][  0]LogD3D11RHI: D3D11 adapters:
[2020.05.20-08.09.22:199][  0]LogD3D11RHI:    0. 'NVIDIA GeForce GT 730' (Feature Level 11_0)
[2020.05.20-08.09.22:199][  0]LogD3D11RHI:       1989/0/8175 MB DedicatedVideo/DedicatedSystem/SharedSystem, Outputs:2, VendorId:0x10de
[2020.05.20-08.09.22:203][  0]LogD3D11RHI:    1. 'Microsoft Basic Render Driver' (Feature Level 11_0)
[2020.05.20-08.09.22:203][  0]LogD3D11RHI:       0/0/8175 MB DedicatedVideo/DedicatedSystem/SharedSystem, Outputs:0, VendorId:0x1414
[2020.05.20-08.09.22:203][  0]LogD3D11RHI: Chosen D3D11 Adapter: 0
[2020.05.20-08.09.22:212][  0]LogD3D11RHI: Creating new Direct3DDevice
[2020.05.20-08.09.22:212][  0]LogD3D11RHI:     GPU DeviceId: 0xf02 (for the marketing name, search the web for "GPU Device Id")
[2020.05.20-08.09.22:212][  0]LogWindows: EnumDisplayDevices:
[2020.05.20-08.09.22:213][  0]LogWindows:    0. 'NVIDIA GeForce GT 730' (P:0 D:1)
[2020.05.20-08.09.22:214][  0]LogWindows:    1. 'NVIDIA GeForce GT 730' (P:1 D:1)
[2020.05.20-08.09.22:215][  0]LogWindows: DebugString: FoundDriverCount:2 
[2020.05.20-08.09.22:215][  0]LogD3D11RHI:     Adapter Name: NVIDIA GeForce GT 730
[2020.05.20-08.09.22:215][  0]LogD3D11RHI:   Driver Version: 391.35 (internal:23.21.13.9135, unified:391.35)
[2020.05.20-08.09.22:216][  0]LogD3D11RHI:      Driver Date: 3-23-2018
[2020.05.20-08.09.22:216][  0]LogRHI: Texture pool is 1392 MB (70% of 1989 MB)
[2020.05.20-08.09.22:288][  0]LogD3D11RHI: Display: Timestamp queries are currently disabled on this hardware due to instability. Realtime GPU stats will not be available. You can override this behaviour by setting r.NVIDIATimestampWorkaround to 0
[2020.05.20-08.09.22:290][  0]LogD3D11RHI: Async texture creation enabled
[2020.05.20-08.09.22:310][  0]LogD3D11RHI: GPU Timing Frequency: 1000.000000 (Debug: 2 2)
[2020.05.20-08.09.23:145][  0]LogTemp: Display: Module 'AllDesktopTargetPlatform' loaded TargetPlatform 'AllDesktop'
[2020.05.20-08.09.23:160][  0]LogTemp: Display: Module 'MacClientTargetPlatform' loaded TargetPlatform 'MacClient'
[2020.05.20-08.09.23:176][  0]LogTemp: Display: Module 'MacNoEditorTargetPlatform' loaded TargetPlatform 'MacNoEditor'
[2020.05.20-08.09.23:192][  0]LogTemp: Display: Module 'MacServerTargetPlatform' loaded TargetPlatform 'MacServer'
[2020.05.20-08.09.23:208][  0]LogTemp: Display: Module 'MacTargetPlatform' loaded TargetPlatform 'Mac'
[2020.05.20-08.09.23:224][  0]LogTemp: Display: Module 'WindowsClientTargetPlatform' loaded TargetPlatform 'WindowsClient'
[2020.05.20-08.09.23:239][  0]LogTemp: Display: Module 'WindowsNoEditorTargetPlatform' loaded TargetPlatform 'WindowsNoEditor'
[2020.05.20-08.09.23:255][  0]LogTemp: Display: Module 'WindowsServerTargetPlatform' loaded TargetPlatform 'WindowsServer'
[2020.05.20-08.09.23:264][  0]LogTemp: Display: Module 'WindowsTargetPlatform' loaded TargetPlatform 'Windows'
[2020.05.20-08.09.23:312][  0]LogTemp: Display: Module 'AndroidTargetPlatform' loaded TargetPlatform 'Android'
[2020.05.20-08.09.23:312][  0]LogTemp: Display: Module 'AndroidTargetPlatform' loaded TargetPlatform 'Android_ASTC'
[2020.05.20-08.09.23:312][  0]LogTemp: Display: Module 'AndroidTargetPlatform' loaded TargetPlatform 'Android_ATC'
[2020.05.20-08.09.23:312][  0]LogTemp: Display: Module 'AndroidTargetPlatform' loaded TargetPlatform 'Android_DXT'
[2020.05.20-08.09.23:312][  0]LogTemp: Display: Module 'AndroidTargetPlatform' loaded TargetPlatform 'Android_ETC1'
[2020.05.20-08.09.23:312][  0]LogTemp: Display: Module 'AndroidTargetPlatform' loaded TargetPlatform 'Android_ETC1a'
[2020.05.20-08.09.23:312][  0]LogTemp: Display: Module 'AndroidTargetPlatform' loaded TargetPlatform 'Android_ETC2'
[2020.05.20-08.09.23:312][  0]LogTemp: Display: Module 'AndroidTargetPlatform' loaded TargetPlatform 'Android_PVRTC'
[2020.05.20-08.09.23:312][  0]LogTemp: Display: Module 'AndroidTargetPlatform' loaded TargetPlatform 'AndroidClient'
[2020.05.20-08.09.23:312][  0]LogTemp: Display: Module 'AndroidTargetPlatform' loaded TargetPlatform 'Android_ASTCClient'
[2020.05.20-08.09.23:313][  0]LogTemp: Display: Module 'AndroidTargetPlatform' loaded TargetPlatform 'Android_ATCClient'
[2020.05.20-08.09.23:313][  0]LogTemp: Display: Module 'AndroidTargetPlatform' loaded TargetPlatform 'Android_DXTClient'
[2020.05.20-08.09.23:313][  0]LogTemp: Display: Module 'AndroidTargetPlatform' loaded TargetPlatform 'Android_ETC1Client'
[2020.05.20-08.09.23:313][  0]LogTemp: Display: Module 'AndroidTargetPlatform' loaded TargetPlatform 'Android_ETC1aClient'
[2020.05.20-08.09.23:313][  0]LogTemp: Display: Module 'AndroidTargetPlatform' loaded TargetPlatform 'Android_ETC2Client'
[2020.05.20-08.09.23:313][  0]LogTemp: Display: Module 'AndroidTargetPlatform' loaded TargetPlatform 'Android_PVRTCClient'
[2020.05.20-08.09.23:313][  0]LogTemp: Display: Module 'AndroidTargetPlatform' loaded TargetPlatform 'Android_Multi'
[2020.05.20-08.09.23:313][  0]LogTemp: Display: Module 'AndroidTargetPlatform' loaded TargetPlatform 'Android_MultiClient'
[2020.05.20-08.09.23:316][  0]LogTemp: Display: Module 'HTML5TargetPlatform' loaded TargetPlatform 'HTML5'
[2020.05.20-08.09.23:347][  0]LogTemp: Display: Module 'IOSTargetPlatform' loaded TargetPlatform 'IOSClient'
[2020.05.20-08.09.23:347][  0]LogTemp: Display: Module 'IOSTargetPlatform' loaded TargetPlatform 'IOS'
[2020.05.20-08.09.23:369][  0]LogTemp: Display: Module 'TVOSTargetPlatform' loaded TargetPlatform 'TVOSClient'
[2020.05.20-08.09.23:369][  0]LogTemp: Display: Module 'TVOSTargetPlatform' loaded TargetPlatform 'TVOS'
[2020.05.20-08.09.23:380][  0]LogTemp: Display: Module 'LinuxClientTargetPlatform' loaded TargetPlatform 'LinuxClient'
[2020.05.20-08.09.23:392][  0]LogTemp: Display: Module 'LinuxNoEditorTargetPlatform' loaded TargetPlatform 'LinuxNoEditor'
[2020.05.20-08.09.23:404][  0]LogTemp: Display: Module 'LinuxServerTargetPlatform' loaded TargetPlatform 'LinuxServer'
[2020.05.20-08.09.23:416][  0]LogTemp: Display: Module 'LinuxTargetPlatform' loaded TargetPlatform 'Linux'
[2020.05.20-08.09.23:457][  0]LogTemp: Display: Module 'LuminTargetPlatform' loaded TargetPlatform 'Lumin'
[2020.05.20-08.09.23:457][  0]LogTemp: Display: Module 'LuminTargetPlatform' loaded TargetPlatform 'LuminClient'
[2020.05.20-08.09.23:457][  0]LogTargetPlatformManager: Display: Building Assets For Windows
[2020.05.20-08.09.23:476][  0]LogAudioDebug: Display: Lib vorbis DLL was dynamically loaded.
[2020.05.20-08.09.23:588][  0]LogShaderCompilers: Guid format shader working directory is 15 characters bigger than the processId version (D:/SC/UE4Practice/UE4Practice/IK2/Intermediate/Shaders/WorkingDirectory/9424/).
[2020.05.20-08.09.23:589][  0]LogShaderCompilers: Cleaned the shader compiler working directory 'C:/Users/kgca009/AppData/Local/Temp/UnrealShaderWorkingDir/B9EBBE7941C6C0FBC1A328908EC8F410/'.
[2020.05.20-08.09.23:595][  0]LogXGEController: Cleaning working directory: C:/Users/kgca009/AppData/Local/Temp/UnrealXGEWorkingDir/
[2020.05.20-08.09.23:597][  0]LogShaderCompilers: Display: Using XGE Shader Compiler (Interception Interface).
[2020.05.20-08.09.24:620][  0]LogDerivedDataCache: Display: Max Cache Size: 512 MB
[2020.05.20-08.09.24:711][  0]LogDerivedDataCache: Loaded boot cache 0.09s 82MB C:/Users/kgca009/AppData/Local/UnrealEngine/4.23/DerivedDataCache/Boot.ddc.
[2020.05.20-08.09.24:711][  0]LogDerivedDataCache: Display: Loaded Boot cache: C:/Users/kgca009/AppData/Local/UnrealEngine/4.23/DerivedDataCache/Boot.ddc
[2020.05.20-08.09.24:711][  0]LogDerivedDataCache: FDerivedDataBackendGraph:  Pak pak cache file D:/SC/UE4Practice/UE4Practice/IK2/DerivedDataCache/DDC.ddp not found, will not use a pak cache.
[2020.05.20-08.09.24:712][  0]LogDerivedDataCache: Unable to find inner node Pak for hierarchical cache Hierarchy.
[2020.05.20-08.09.24:712][  0]LogDerivedDataCache: FDerivedDataBackendGraph:  CompressedPak pak cache file D:/SC/UE4Practice/UE4Practice/IK2/DerivedDataCache/Compressed.ddp not found, will not use a pak cache.
[2020.05.20-08.09.24:712][  0]LogDerivedDataCache: Unable to find inner node CompressedPak for hierarchical cache Hierarchy.
[2020.05.20-08.09.24:729][  0]LogDerivedDataCache: Display: Pak cache opened for reading ../../../Engine/DerivedDataCache/Compressed.ddp.
[2020.05.20-08.09.24:729][  0]LogDerivedDataCache: FDerivedDataBackendGraph:  EnterprisePak pak cache file ../../../Enterprise/DerivedDataCache/Compressed.ddp not found, will not use a pak cache.
[2020.05.20-08.09.24:729][  0]LogDerivedDataCache: Unable to find inner node EnterprisePak for hierarchical cache Hierarchy.
[2020.05.20-08.09.24:731][  0]LogDerivedDataCache: Using Local data cache path C:/Users/kgca009/AppData/Local/UnrealEngine/Common/DerivedDataCache: Writable
[2020.05.20-08.09.24:731][  0]LogDerivedDataCache: Shared data cache path not found in *engine.ini, will not use an Shared cache.
[2020.05.20-08.09.24:731][  0]LogDerivedDataCache: Unable to find inner node Shared for hierarchical cache Hierarchy.
[2020.05.20-08.09.24:767][  0]LogMaterial: Verifying Global Shaders for PCD3D_SM5
[2020.05.20-08.09.24:772][  0]LogSlate: Using FreeType 2.6.0
[2020.05.20-08.09.24:772][  0]LogSlate: SlateFontServices - WITH_FREETYPE: 1, WITH_HARFBUZZ: 1
[2020.05.20-08.09.24:877][  0]LogAssetRegistry: FAssetRegistry took 0.0050 seconds to start up
[2020.05.20-08.09.25:314][  0]LogInit: Selected Device Profile: [Windows]
[2020.05.20-08.09.25:560][  0]LogMeshReduction: Using QuadricMeshReduction for automatic static mesh reduction
[2020.05.20-08.09.25:560][  0]LogMeshReduction: Using SimplygonMeshReduction for automatic skeletal mesh reduction
[2020.05.20-08.09.25:560][  0]LogMeshReduction: Using ProxyLODMeshReduction for automatic mesh merging
[2020.05.20-08.09.25:560][  0]LogMeshReduction: No distributed automatic mesh merging module available
[2020.05.20-08.09.25:560][  0]LogMeshMerging: No distributed automatic mesh merging module available
[2020.05.20-08.09.25:573][  0]LogNetVersion: IK2 1.0.0, NetCL: 8386587, EngineNetVer: 11, GameNetVer: 0 (Checksum: 4186048603)
[2020.05.20-08.09.26:191][  0]LogPackageLocalizationCache: Processed 12 localized package path(s) for 1 prioritized culture(s) in 0.066290 seconds
[2020.05.20-08.09.26:200][  0]LogUObjectArray: 43444 objects as part of root set at end of initial load.
[2020.05.20-08.09.26:201][  0]LogUObjectAllocator: 7548648 out of 0 bytes used by permanent object pool.
[2020.05.20-08.09.26:201][  0]LogUObjectArray: CloseDisregardForGC: 0/0 objects in disregard for GC pool
[2020.05.20-08.09.27:603][  0]LogTcpMessaging: Initializing TcpMessaging bridge
[2020.05.20-08.09.27:607][  0]LogUdpMessaging: Initializing bridge on interface 0.0.0.0:0 to multicast group 230.0.0.1:6666.
[2020.05.20-08.09.27:907][  0]SourceControl: 소스 컨트롤이 꺼졌습니다.
[2020.05.20-08.09.27:907][  0]SourceControl: 소스 컨트롤이 꺼졌습니다.
[2020.05.20-08.09.27:909][  0]SourceControl: 소스 컨트롤이 꺼졌습니다.
[2020.05.20-08.09.27:911][  0]SourceControl: 소스 컨트롤이 꺼졌습니다.
[2020.05.20-08.09.28:078][  0]LogAndroidPermission: UAndroidPermissionCallbackProxy::GetInstance
[2020.05.20-08.09.28:396][  0]LogOcInput: OculusInput pre-init called
[2020.05.20-08.09.28:408][  0]LogWindows: Failed to load 'OVRPlugin.dll' (GetLastError=126)
[2020.05.20-08.09.28:408][  0]LogWindows: File 'OVRPlugin.dll' does not exist
[2020.05.20-08.09.28:516][  0]LogEngine: Initializing Engine...
[2020.05.20-08.09.28:517][  0]LogHMD: Failed to initialize OpenVR with code 110
[2020.05.20-08.09.28:519][  0]LogStats: UGameplayTagsManager::InitializeManager -  0.000 s
[2020.05.20-08.09.28:855][  0]LogInit: Initializing FReadOnlyCVARCache
[2020.05.20-08.09.28:883][  0]LogAIModule: Creating AISystem for world Untitled
[2020.05.20-08.09.28:957][  0]LogInit: XAudio2 using '스피커(High Definition Audio Device)' : 2 channels at 48 kHz using 16 bits per sample (channel mask 0x3)
[2020.05.20-08.09.29:007][  0]LogInit: FAudioDevice initialized.
[2020.05.20-08.09.29:007][  0]LogNetVersion: Set ProjectVersion to 1.0.0.0. Version Checksum will be recalculated on next use.
[2020.05.20-08.09.29:233][  0]LogDerivedDataCache: Saved boot cache 0.23s 82MB C:/Users/kgca009/AppData/Local/UnrealEngine/4.23/DerivedDataCache/Boot.ddc.
[2020.05.20-08.09.29:248][  0]LogInit: Texture streaming: Enabled
[2020.05.20-08.09.29:291][  0]LogEngineSessionManager: EngineSessionManager initialized
[2020.05.20-08.09.29:292][  0]LogEngineSessionManager: EngineSessionManager sent abnormal shutdown report. Type=Debugger, SessionId={1CA9DC6D-44BD-E34A-E659-75A3DEA8B228}
[2020.05.20-08.09.29:292][  0]LogEditorSessionSummary: Verbose: Initializing EditorSessionSummaryWriter for editor session tracking
[2020.05.20-08.09.29:297][  0]LogEditorSessionSummary: EditorSessionSummaryWriter initialized
[2020.05.20-08.09.29:389][  0]LogInit: Transaction tracking system initialized
[2020.05.20-08.09.29:465][  0]BlueprintLog: New page: 에디터 로드
[2020.05.20-08.09.29:631][  0]LocalizationService: 현지화 서비스가 비활성화되었습니다.
[2020.05.20-08.09.30:794][  0]LogFileCache: Scanning file cache for directory 'D:/SC/UE4Practice/UE4Practice/IK2/Content/' took 0.00s
[2020.05.20-08.09.30:794][  0]LogCook: Display: Max memory allowance for cook 16384mb min free memory 0mb
[2020.05.20-08.09.30:795][  0]LogCook: Display: Mobile HDR setting 1
[2020.05.20-08.09.31:114][  0]SourceControl: 소스 컨트롤이 꺼졌습니다.
[2020.05.20-08.09.31:114][  0]Cmd: MAP LOAD FILE="D:/SC/UE4Practice/UE4Practice/IK2/Content/ThirdPersonCPP/Maps/ThirdPersonExampleMap.umap" TEMPLATE=0 SHOWPROGRESS=1 FEATURELEVEL=3
[2020.05.20-08.09.31:114][  0]LightingResults: New page: 라이팅 빌드
[2020.05.20-08.09.31:120][  0]LogWorld: UWorld::CleanupWorld for Untitled, bSessionEnded=true, bCleanupResources=true
[2020.05.20-08.09.31:121][  0]MapCheck: New page: 맵 체크
[2020.05.20-08.09.31:121][  0]LightingResults: New page: 라이팅 빌드
[2020.05.20-08.09.31:154][  0]LogUObjectHash: Compacting FUObjectHashTables data took   4.58ms
[2020.05.20-08.09.31:307][  0]LogAIModule: Creating AISystem for world ThirdPersonExampleMap
[2020.05.20-08.09.31:316][  0]LogEditorServer: Finished looking for orphan Actors (0.000 secs)
[2020.05.20-08.09.31:346][  0]LogUObjectHash: Compacting FUObjectHashTables data took   4.33ms
[2020.05.20-08.09.31:346][  0]Cmd: MAP CHECKDEP NOCLEARLOG
[2020.05.20-08.09.31:346][  0]MapCheck: 맵 체크 완료: 오류 0 회, 경고 0 회, 소요 시간 0.116ms.
[2020.05.20-08.09.31:346][  0]LogFileHelpers: Loading map 'ThirdPersonExampleMap' took 0.232
[2020.05.20-08.09.31:486][  0]LogSlate: Updating window title bar state: overlay mode, drag disabled, window buttons hidden, title bar hidden
[2020.05.20-08.09.31:497][  0]LogSlate: Updating window title bar state: overlay mode, drag disabled, window buttons hidden, title bar hidden
[2020.05.20-08.09.31:508][  0]LogSlate: Updating window title bar state: overlay mode, drag disabled, window buttons hidden, title bar hidden
[2020.05.20-08.09.31:519][  0]LogSlate: Updating window title bar state: overlay mode, drag disabled, window buttons hidden, title bar hidden
[2020.05.20-08.09.31:532][  0]LogCollectionManager: Loaded 0 collections in 0.004212 seconds
[2020.05.20-08.09.31:543][  0]LogFileCache: Scanning file cache for directory 'D:/SC/UE4Practice/UE4Practice/IK2/Saved/Collections/' took 0.00s
[2020.05.20-08.09.31:543][  0]LogFileCache: Scanning file cache for directory 'D:/SC/UE4Practice/UE4Practice/IK2/Content/Developers/kgca009/Collections/' took 0.00s
[2020.05.20-08.09.31:543][  0]LogFileCache: Scanning file cache for directory 'D:/SC/UE4Practice/UE4Practice/IK2/Content/Collections/' took 0.00s
[2020.05.20-08.09.31:543][  0]LogCollectionManager: Rebuilt the GUID cache for 0 collections in 0.000002 seconds
[2020.05.20-08.09.31:555][  0]LogContentBrowser: Native class hierarchy populated in 0.0118 seconds. Added 2867 classes and 682 folders.
[2020.05.20-08.09.31:568][  0]LogContentBrowser: Native class hierarchy updated for 'WidgetCarousel' in 0.0007 seconds. Added 0 classes and 0 folders.
[2020.05.20-08.09.31:649][  0]LogContentBrowser: Native class hierarchy updated for 'AddContentDialog' in 0.0004 seconds. Added 0 classes and 0 folders.
[2020.05.20-08.09.31:660][  0]LogContentBrowser: Native class hierarchy updated for 'SceneOutliner' in 0.0005 seconds. Added 1 classes and 2 folders.
[2020.05.20-08.09.31:780][  0]LogSlate: Took 0.000226 seconds to synchronously load lazily loaded font '../../../Engine/Content/Slate/Fonts/Roboto-Regular.ttf' (155K)
[2020.05.20-08.09.31:784][  0]LogSlate: Took 0.002445 seconds to synchronously load lazily loaded font '../../../Engine/Content/Editor/Slate/Fonts/NanumGothic.ttf' (4243K)
[2020.05.20-08.09.31:788][  0]LogSlate: Took 0.002720 seconds to synchronously load lazily loaded font '../../../Engine/Content/Editor/Slate/Fonts/NanumGothicBold.ttf' (4188K)
[2020.05.20-08.09.31:788][  0]LogSlate: Took 0.000267 seconds to synchronously load lazily loaded font '../../../Engine/Content/Slate/Fonts/Roboto-Bold.ttf' (160K)
[2020.05.20-08.09.31:794][  0]LogSlate: Took 0.000247 seconds to synchronously load lazily loaded font '../../../Engine/Content/Editor/Slate/Fonts/FontAwesome.ttf' (139K)
[2020.05.20-08.09.31:894][  0]LogRenderer: Reallocating scene render targets to support 1128x588 Format 9 NumSamples 1 (Frame:1).
[2020.05.20-08.09.31:960][  0]LogSlate: Took 0.000250 seconds to synchronously load lazily loaded font '../../../Engine/Content/Slate/Fonts/Roboto-Light.ttf' (167K)
[2020.05.20-08.09.32:027][  0]LogContentBrowser: Native class hierarchy updated for 'HierarchicalLODOutliner' in 0.0005 seconds. Added 0 classes and 0 folders.
[2020.05.20-08.09.32:027][  0]LogLoad: (Engine Initialization) Total time: 12.86 seconds
[2020.05.20-08.09.32:027][  0]LogLoad: (Engine Initialization) Total Blueprint compile time: 0.00 seconds
[2020.05.20-08.09.32:095][  0]LogContentStreaming: Texture pool size now 600 MB
[2020.05.20-08.09.32:149][  1]LogAssetRegistry: Asset discovery search completed in 7.2748 seconds
[2020.05.20-08.09.32:154][  1]LogCollectionManager: Rebuilt the object cache for 0 collections in 0.000006 seconds (found 0 objects)
[2020.05.20-08.09.32:154][  1]LogCollectionManager: Fixed up redirectors for 0 collections in 0.000109 seconds (updated 0 objects)
[2020.05.20-08.10.32:068][681]LogEditorSessionSummary: EditorSessionSummary sent report. Type=Crashed, SessionId={ED906B98-40B8-1D37-3AB6-398ADACA875C}
[2020.05.20-08.10.32:068][681]LogEditorSessionSummary: EditorSessionSummary sent report. Type=Debugger, SessionId={1CA9DC6D-44BD-E34A-E659-75A3DEA8B228}
[2020.05.20-08.10.40:730][933]LogSlate: FSceneViewport::OnFocusLost() reason 0
[2020.05.20-08.10.40:910][939]LogSlate: Took 0.000235 seconds to synchronously load lazily loaded font '../../../Engine/Content/Slate/Fonts/Roboto-Light.ttf' (167K)
[2020.05.20-08.10.40:922][939]LogAssetEditorManager: Opening Asset editor for Class /Script/IK2.IK2Character
[2020.05.20-08.10.41:261][939]LogVSAccessor: Warning: Couldn't goto line number '1' in 'D:/SC/UE4Practice/UE4Practice/IK2/Source/IK2/IK2Character.cpp'
[2020.05.20-08.10.52:223][280]LogAssetEditorManager: Opening Asset editor for SkeletalMesh /Game/Mannequin/Character/Mesh/SK_Mannequin.SK_Mannequin
[2020.05.20-08.10.52:234][280]LogContentBrowser: Native class hierarchy updated for 'SkeletonEditor' in 0.0005 seconds. Added 1 classes and 2 folders.
[2020.05.20-08.10.52:610][280]LogActorComponent: RegisterComponentWithWorld: (/Engine/Transient.World_2:PersistentLevel.AnimationEditorPreviewActor_0.DebugSkelMeshComponent_0) Already registered. Aborting.
[2020.05.20-08.10.52:616][280]LogContentBrowser: Native class hierarchy updated for 'PinnedCommandList' in 0.0004 seconds. Added 1 classes and 0 folders.
[2020.05.20-08.10.52:704][280]LogSkeletalMesh: USkeletalMeshComponent::InitArticulated : Bodies already created (/Engine/Transient.World_2:PersistentLevel.AnimationEditorPreviewActor_0.DebugSkelMeshComponent_0) - call TermArticulated first.
[2020.05.20-08.10.53:106][280]LogSlate: Took 0.000369 seconds to synchronously load lazily loaded font '../../../Engine/Content/Slate/Fonts/Roboto-Italic.ttf' (157K)
[2020.05.20-08.10.53:154][280]LogRenderer: Reallocating scene render targets to support 1128x884 Format 9 NumSamples 1 (Frame:1).
[2020.05.20-08.14.33:994][817]LogSlate: Window 'SK_Mannequin' being destroyed
[2020.05.20-08.14.34:046][817]LogWorld: UWorld::CleanupWorld for World_2, bSessionEnded=true, bCleanupResources=true
[2020.05.20-08.29.12:636][114]LogTemp: Repeating last play command: 선택된 뷰포트
[2020.05.20-08.29.12:655][114]LogBlueprintUserMessages: Early PlayInEditor Detection: Level '/Game/ThirdPersonCPP/Maps/ThirdPersonExampleMap.ThirdPersonExampleMap:PersistentLevel' has LevelScriptBlueprint '/Game/ThirdPersonCPP/Maps/ThirdPersonExampleMap.ThirdPersonExampleMap:PersistentLevel.ThirdPersonExampleMap' with GeneratedClass '/Game/ThirdPersonCPP/Maps/ThirdPersonExampleMap.ThirdPersonExampleMap_C' with ClassGeneratedBy '/Game/ThirdPersonCPP/Maps/ThirdPersonExampleMap.ThirdPersonExampleMap:PersistentLevel.ThirdPersonExampleMap'
[2020.05.20-08.29.12:655][114]LogPlayLevel: PlayLevel: No blueprints needed recompiling
[2020.05.20-08.29.12:656][114]PIE: New page: PIE 세션: ThirdPersonExampleMap (2020. 5. 21. 오전 2:29:12)
[2020.05.20-08.29.12:657][114]LogOnline: OSS: Creating online subsystem instance for: NULL
[2020.05.20-08.29.12:659][114]LogPlayLevel: Creating play world package: /Game/ThirdPersonCPP/Maps/UEDPIE_0_ThirdPersonExampleMap
[2020.05.20-08.29.12:694][114]LogPlayLevel: PIE: StaticDuplicateObject took: (0.035094s)
[2020.05.20-08.29.12:698][114]LogAIModule: Creating AISystem for world ThirdPersonExampleMap
[2020.05.20-08.29.12:699][114]LogPlayLevel: PIE: World Init took: (0.004169s)
[2020.05.20-08.29.12:700][114]LogPlayLevel: PIE: Created PIE world by copying editor world from /Game/ThirdPersonCPP/Maps/ThirdPersonExampleMap.ThirdPersonExampleMap to /Game/ThirdPersonCPP/Maps/UEDPIE_0_ThirdPersonExampleMap.ThirdPersonExampleMap (0.041021s)
[2020.05.20-08.29.12:742][114]LogUObjectHash: Compacting FUObjectHashTables data took   3.56ms
[2020.05.20-08.29.12:841][114]LogInit: XAudio2 using '스피커(High Definition Audio Device)' : 2 channels at 48 kHz using 16 bits per sample (channel mask 0x3)
[2020.05.20-08.29.12:880][114]LogInit: FAudioDevice initialized.
[2020.05.20-08.29.12:900][114]LogLoad: Game class is 'IK2GameMode'
[2020.05.20-08.29.12:905][114]LogWorld: Bringing World /Game/ThirdPersonCPP/Maps/UEDPIE_0_ThirdPersonExampleMap.ThirdPersonExampleMap up for play (max tick rate 0) at 2020.05.20-17.29.12
[2020.05.20-08.29.12:910][114]LogWorld: Bringing up level for play took: 0.009001
[2020.05.20-08.29.12:912][114]LogOnline: OSS: Creating online subsystem instance for: :Context_10
[2020.05.20-08.29.12:974][114]LogContentBrowser: Native class hierarchy updated for 'MovieSceneCapture' in 0.0006 seconds. Added 20 classes and 0 folders.
[2020.05.20-08.29.12:980][114]PIE: /Game/ThirdPersonCPP/Maps/UEDPIE_0_ThirdPersonExampleMap 에 대한 에디터에서 플레이 시작 시간: 1.32
[2020.05.20-08.29.12:980][114]LogBlueprintUserMessages: Late PlayInEditor Detection: Level '/Game/ThirdPersonCPP/Maps/ThirdPersonExampleMap.ThirdPersonExampleMap:PersistentLevel' has LevelScriptBlueprint '/Game/ThirdPersonCPP/Maps/ThirdPersonExampleMap.ThirdPersonExampleMap:PersistentLevel.ThirdPersonExampleMap' with GeneratedClass '/Game/ThirdPersonCPP/Maps/ThirdPersonExampleMap.ThirdPersonExampleMap_C' with ClassGeneratedBy '/Game/ThirdPersonCPP/Maps/ThirdPersonExampleMap.ThirdPersonExampleMap:PersistentLevel.ThirdPersonExampleMap'
[2020.05.20-08.29.35:356][114]LogWindows: Error: === Critical error: ===
[2020.05.20-08.29.35:356][114]LogWindows: Error: 
[2020.05.20-08.29.35:356][114]LogWindows: Error: Fatal error!
[2020.05.20-08.29.35:356][114]LogWindows: Error: 
[2020.05.20-08.29.35:356][114]LogWindows: Error: Unhandled Exception: EXCEPTION_ACCESS_VIOLATION reading address 0x000002a8
[2020.05.20-08.29.35:356][114]LogWindows: Error: 
[2020.05.20-08.29.35:356][114]LogWindows: Error: [Callstack] 0x00007ffa6dee2763 UE4Editor-IK2-9808.dll!UIK2AnimInstance::ChangeBoneRotation() [d:\sc\ue4practice\ue4practice\ik2\source\ik2\ik2animinstance.cpp:20]
[2020.05.20-08.29.35:356][114]LogWindows: Error: [Callstack] 0x00007ffa6dee5a42 UE4Editor-IK2-9808.dll!AIK2Character::Tick() [d:\sc\ue4practice\ue4practice\ik2\source\ik2\ik2character.cpp:107]
[2020.05.20-08.29.35:356][114]LogWindows: Error: [Callstack] 0x00007ffa86172562 UE4Editor-Engine.dll!AActor::TickActor() [d:\build\++ue4\sync\engine\source\runtime\engine\private\actor.cpp:971]
[2020.05.20-08.29.35:357][114]LogWindows: Error: [Callstack] 0x00007ffa861396f1 UE4Editor-Engine.dll!FActorTickFunction::ExecuteTick() [d:\build\++ue4\sync\engine\source\runtime\engine\private\actor.cpp:164]
[2020.05.20-08.29.35:357][114]LogWindows: Error: [Callstack] 0x00007ffa871d64d3 UE4Editor-Engine.dll!FTickFunctionTask::DoTask() [d:\build\++ue4\sync\engine\source\runtime\engine\private\ticktaskmanager.cpp:285]
[2020.05.20-08.29.35:357][114]LogWindows: Error: [Callstack] 0x00007ffa871e3757 UE4Editor-Engine.dll!TGraphTask<FTickFunctionTask>::ExecuteTask() [d:\build\++ue4\sync\engine\source\runtime\core\public\async\taskgraphinterfaces.h:847]
[2020.05.20-08.29.35:357][114]LogWindows: Error: [Callstack] 0x00007ffa88d84e4a UE4Editor-Core.dll!FNamedTaskThread::ProcessTasksNamedThread() [d:\build\++ue4\sync\engine\source\runtime\core\private\async\taskgraph.cpp:686]
[2020.05.20-08.29.35:357][114]LogWindows: Error: [Callstack] 0x00007ffa88d851f3 UE4Editor-Core.dll!FNamedTaskThread::ProcessTasksUntilQuit() [d:\build\++ue4\sync\engine\source\runtime\core\private\async\taskgraph.cpp:583]
[2020.05.20-08.29.35:357][114]LogWindows: Error: [Callstack] 0x00007ffa88d951f9 UE4Editor-Core.dll!FTaskGraphImplementation::WaitUntilTasksComplete() [d:\build\++ue4\sync\engine\source\runtime\core\private\async\taskgraph.cpp:1465]
[2020.05.20-08.29.35:357][114]LogWindows: Error: [Callstack] 0x00007ffa87202b50 UE4Editor-Engine.dll!FTickTaskSequencer::ReleaseTickGroup() [d:\build\++ue4\sync\engine\source\runtime\engine\private\ticktaskmanager.cpp:557]
[2020.05.20-08.29.35:357][114]LogWindows: Error: [Callstack] 0x00007ffa87208a82 UE4Editor-Engine.dll!FTickTaskManager::RunTickGroup() [d:\build\++ue4\sync\engine\source\runtime\engine\private\ticktaskmanager.cpp:1518]
[2020.05.20-08.29.35:357][114]LogWindows: Error: [Callstack] 0x00007ffa869fd6ef UE4Editor-Engine.dll!UWorld::RunTickGroup() [d:\build\++ue4\sync\engine\source\runtime\engine\private\leveltick.cpp:782]
[2020.05.20-08.29.35:357][114]LogWindows: Error: [Callstack] 0x00007ffa86a08808 UE4Editor-Engine.dll!UWorld::Tick() [d:\build\++ue4\sync\engine\source\runtime\engine\private\leveltick.cpp:1535]
[2020.05.20-08.29.35:357][114]LogWindows: Error: [Callstack] 0x00007ffa83ece00b UE4Editor-UnrealEd.dll!UEditorEngine::Tick() [d:\build\++ue4\sync\engine\source\editor\unrealed\private\editorengine.cpp:1638]
[2020.05.20-08.29.35:357][114]LogWindows: Error: [Callstack] 0x00007ffa84725296 UE4Editor-UnrealEd.dll!UUnrealEdEngine::Tick() [d:\build\++ue4\sync\engine\source\editor\unrealed\private\unrealedengine.cpp:407]
[2020.05.20-08.29.35:357][114]LogWindows: Error: [Callstack] 0x00007ff6fcde7b0a UE4Editor.exe!FEngineLoop::Tick() [d:\build\++ue4\sync\engine\source\runtime\launch\private\launchengineloop.cpp:4257]
[2020.05.20-08.29.35:357][114]LogWindows: Error: [Callstack] 0x00007ff6fcdfa91c UE4Editor.exe!GuardedMain() [d:\build\++ue4\sync\engine\source\runtime\launch\private\launch.cpp:173]
[2020.05.20-08.29.35:357][114]LogWindows: Error: [Callstack] 0x00007ff6fcdfa9fa UE4Editor.exe!GuardedMainWrapper() [d:\build\++ue4\sync\engine\source\runtime\launch\private\windows\launchwindows.cpp:147]
[2020.05.20-08.29.35:357][114]LogWindows: Error: [Callstack] 0x00007ff6fce0b92c UE4Editor.exe!WinMain() [d:\build\++ue4\sync\engine\source\runtime\launch\private\windows\launchwindows.cpp:279]
[2020.05.20-08.29.35:357][114]LogWindows: Error: [Callstack] 0x00007ff6fce0e60e UE4Editor.exe!__scrt_common_main_seh() [d:\agent\_work\1\s\src\vctools\crt\vcstartup\src\startup\exe_common.inl:288]
[2020.05.20-08.29.35:357][114]LogWindows: Error: [Callstack] 0x00007ffada1a7bd4 KERNEL32.DLL!UnknownFunction []
[2020.05.20-08.29.35:357][114]LogWindows: Error: [Callstack] 0x00007ffada92ce51 ntdll.dll!UnknownFunction []
[2020.05.20-08.29.35:357][114]LogWindows: Error: 
[2020.05.20-08.29.35:370][114]LogExit: Executing StaticShutdownAfterError
[2020.05.20-08.29.35:442][114]LogWindows: FPlatformMisc::RequestExit(1)
[2020.05.20-08.29.35:493][114]Log file closed, 05/20/20 17:29:35
