Log file open, 06/09/20 19:29:06
LogWindows: Failed to load 'aqProf.dll' (GetLastError=126)
LogWindows: File 'aqProf.dll' does not exist
LogWindows: Failed to load 'VtuneApi.dll' (GetLastError=126)
LogWindows: File 'VtuneApi.dll' does not exist
LogWindows: Failed to load 'VtuneApi32e.dll' (GetLastError=126)
LogWindows: File 'VtuneApi32e.dll' does not exist
LogConsoleResponse: Display: Failed to find resolution value strings in scalability ini. Falling back to default.
LogInit: Display: Running engine for game: IK2
LogPlatformFile: Not using cached read wrapper
LogTaskGraph: Started task graph with 5 named threads and 14 total threads with 3 sets of task threads.
LogStats: Stats thread started at 0.144348
LogD3D11RHI: Loaded GFSDK_Aftermath_Lib.x64.dll
LogICUInternationalization: ICU TimeZone Detection - Raw Offset: +9:00, Platform Override: ''
LogPluginManager: Mounting plugin Paper2D
LogPluginManager: Mounting plugin AISupport
LogPluginManager: Mounting plugin LightPropagationVolume
LogPluginManager: Mounting plugin ActorLayerUtilities
LogPluginManager: Mounting plugin AnimationSharing
LogPluginManager: Mounting plugin CLionSourceCodeAccess
LogPluginManager: Mounting plugin CodeLiteSourceCodeAccess
LogPluginManager: Mounting plugin GitSourceControl
LogPluginManager: Mounting plugin KDevelopSourceCodeAccess
LogPluginManager: Mounting plugin NullSourceCodeAccess
LogPluginManager: Mounting plugin PerforceSourceControl
LogPluginManager: Mounting plugin SubversionSourceControl
LogPluginManager: Mounting plugin UObjectPlugin
LogPluginManager: Mounting plugin VisualStudioCodeSourceCodeAccess
LogPluginManager: Mounting plugin VisualStudioSourceCodeAccess
LogPluginManager: Mounting plugin XCodeSourceCodeAccess
LogPluginManager: Mounting plugin AssetManagerEditor
LogPluginManager: Mounting plugin CryptoKeys
LogPluginManager: Mounting plugin CurveEditorTools
LogPluginManager: Mounting plugin DataValidation
LogPluginManager: Mounting plugin FacialAnimation
LogPluginManager: Mounting plugin GameplayTagsEditor
LogPluginManager: Mounting plugin MacGraphicsSwitching
LogPluginManager: Mounting plugin MaterialAnalyzer
LogPluginManager: Mounting plugin MobileLauncherProfileWizard
LogPluginManager: Mounting plugin PluginBrowser
LogPluginManager: Mounting plugin SpeedTreeImporter
LogPluginManager: Mounting plugin DatasmithContent
LogPluginManager: Mounting plugin VariantManagerContent
LogPluginManager: Mounting plugin AlembicImporter
LogPluginManager: Mounting plugin AutomationUtils
LogPluginManager: Mounting plugin BackChannel
LogPluginManager: Mounting plugin CharacterAI
LogPluginManager: Mounting plugin GeometryCache
LogPluginManager: Mounting plugin HTML5Networking
LogPluginManager: Mounting plugin PlatformCrypto
LogPluginManager: Mounting plugin ProxyLODPlugin
LogPluginManager: Mounting plugin SkeletalReduction
LogPluginManager: Mounting plugin MagicLeap
LogPluginManager: Mounting plugin MagicLeapMedia
LogPluginManager: Mounting plugin AndroidMedia
LogPluginManager: Mounting plugin AvfMedia
LogPluginManager: Mounting plugin ImgMedia
LogPluginManager: Mounting plugin MediaCompositing
LogPluginManager: Mounting plugin MediaPlayerEditor
LogPluginManager: Mounting plugin WebMMedia
LogPluginManager: Mounting plugin WmfMedia
LogPluginManager: Mounting plugin TcpMessaging
LogPluginManager: Mounting plugin UdpMessaging
LogPluginManager: Mounting plugin ActorSequence
LogPluginManager: Mounting plugin LevelSequenceEditor
LogPluginManager: Mounting plugin MatineeToLevelSequence
LogPluginManager: Mounting plugin NetcodeUnitTest
LogPluginManager: Mounting plugin NUTUnrealEngine4
LogPluginManager: Mounting plugin OnlineSubsystemGooglePlay
LogPluginManager: Mounting plugin OnlineSubsystemIOS
LogPluginManager: Mounting plugin OnlineSubsystem
LogPluginManager: Mounting plugin OnlineSubsystemNull
LogPluginManager: Mounting plugin OnlineSubsystemUtils
LogPluginManager: Mounting plugin LauncherChunkInstaller
LogPluginManager: Mounting plugin AndroidDeviceProfileSelector
LogPluginManager: Mounting plugin AndroidMoviePlayer
LogPluginManager: Mounting plugin AndroidPermission
LogPluginManager: Mounting plugin AppleImageUtils
LogPluginManager: Mounting plugin AppleMoviePlayer
LogPluginManager: Mounting plugin ArchVisCharacter
LogPluginManager: Mounting plugin AudioCapture
LogPluginManager: Mounting plugin CableComponent
LogPluginManager: Mounting plugin CustomMeshComponent
LogPluginManager: Mounting plugin EditableMesh
LogPluginManager: Mounting plugin ExampleDeviceProfileSelector
LogPluginManager: Mounting plugin GoogleCloudMessaging
LogPluginManager: Mounting plugin IOSDeviceProfileSelector
LogPluginManager: Mounting plugin LinuxDeviceProfileSelector
LogPluginManager: Mounting plugin LocationServicesBPLibrary
LogPluginManager: Mounting plugin MobilePatchingUtils
LogPluginManager: Mounting plugin OculusVR
LogPluginManager: Mounting plugin PhysXVehicles
LogPluginManager: Mounting plugin ProceduralMeshComponent
LogPluginManager: Mounting plugin RuntimePhysXCooking
LogPluginManager: Mounting plugin SignificanceManager
LogPluginManager: Mounting plugin SteamVR
LogPluginManager: Mounting plugin WebMMoviePlayer
LogPluginManager: Mounting plugin WindowsMoviePlayer
LogPluginManager: Mounting plugin ScreenshotTools
LogInit: Using libcurl 7.55.1-DEV
LogInit:  - built for x86_64-pc-win32
LogInit:  - supports SSL with OpenSSL/1.1.1
LogInit:  - supports HTTP deflate (compression) using libz 1.2.8
LogInit:  - other features:
LogInit:      CURL_VERSION_SSL
LogInit:      CURL_VERSION_LIBZ
LogInit:      CURL_VERSION_IPV6
LogInit:      CURL_VERSION_ASYNCHDNS
LogInit:      CURL_VERSION_LARGEFILE
LogInit:      CURL_VERSION_IDN
LogInit:  CurlRequestOptions (configurable via config and command line):
LogInit:  - bVerifyPeer = true  - Libcurl will verify peer certificate
LogInit:  - bUseHttpProxy = false  - Libcurl will NOT use HTTP proxy
LogInit:  - bDontReuseConnections = false  - Libcurl will reuse connections
LogInit:  - MaxHostConnections = 16  - Libcurl will limit the number of connections to a host
LogInit:  - LocalHostAddr = Default
LogInit:  - BufferSize = 65536
LogOnline: OSS: Creating online subsystem instance for: NULL
LogInit: WinSock: version 1.1 (2.2), MaxSocks=32767, MaxUdp=65467
LogInit: Build: ++UE4+Release-4.23-CL-9631420
LogInit: Engine Version: 4.23.1-9631420+++UE4+Release-4.23
LogInit: Compatible Engine Version: 4.23.0-8386587+++UE4+Release-4.23
LogInit: Net CL: 8386587
LogInit: OS: Windows 10 (Release 1909) (), CPU:         Intel(R) Core(TM) i5-3570 CPU @ 3.40GHz, GPU: AMD Radeon HD 7800 Series
LogInit: Compiled (64-bit): Oct 18 2019 02:07:44
LogInit: Compiled with Visual C++: 19.16.27030.01
LogInit: Build Configuration: DebugGame
LogInit: Branch Name: ++UE4+Release-4.23
LogInit: Command Line:  -skipcompile
LogInit: Base Directory: C:/Program Files/Epic Games/UE_4.23/Engine/Binaries/Win64/
LogInit: Installed Engine Build: 1
LogDevObjectVersion: Number of dev versions registered: 23
LogDevObjectVersion:   Dev-Blueprints (B0D832E4-1F89-4F0D-ACCF-7EB736FD4AA2): 10
LogDevObjectVersion:   Dev-Build (E1C64328-A22C-4D53-A36C-8E866417BD8C): 0
LogDevObjectVersion:   Dev-Core (375EC13C-06E4-48FB-B500-84F0262A717E): 3
LogDevObjectVersion:   Dev-Editor (E4B068ED-F494-42E9-A231-DA0B2E46BB41): 34
LogDevObjectVersion:   Dev-Framework (CFFC743F-43B0-4480-9391-14DF171D2073): 35
LogDevObjectVersion:   Dev-Mobile (B02B49B5-BB20-44E9-A304-32B752E40360): 2
LogDevObjectVersion:   Dev-Networking (A4E4105C-59A1-49B5-A7C5-40C4547EDFEE): 0
LogDevObjectVersion:   Dev-Online (39C831C9-5AE6-47DC-9A44-9C173E1C8E7C): 0
LogDevObjectVersion:   Dev-Physics (78F01B33-EBEA-4F98-B9B4-84EACCB95AA2): 0
LogDevObjectVersion:   Dev-Platform (6631380F-2D4D-43E0-8009-CF276956A95A): 0
LogDevObjectVersion:   Dev-Rendering (12F88B9F-8875-4AFC-A67C-D90C383ABD29): 31
LogDevObjectVersion:   Dev-Sequencer (7B5AE74C-D270-4C10-A958-57980B212A5A): 11
LogDevObjectVersion:   Dev-VR (D7296918-1DD6-4BDD-9DE2-64A83CC13884): 2
LogDevObjectVersion:   Dev-LoadTimes (C2A15278-BFE7-4AFE-6C17-90FF531DF755): 1
LogDevObjectVersion:   Private-Geometry (6EACA3D4-40EC-4CC1-B786-8BED09428FC5): 3
LogDevObjectVersion:   Dev-AnimPhys (29E575DD-E0A3-4627-9D10-D276232CDCEA): 17
LogDevObjectVersion:   Dev-Anim (AF43A65D-7FD3-4947-9873-3E8ED9C1BB05): 2
LogDevObjectVersion:   Dev-ReflectionCapture (6B266CEC-1EC7-4B8F-A30B-E4D90942FC07): 1
LogDevObjectVersion:   Dev-Automation (0DF73D61-A23F-47EA-B727-89E90C41499A): 1
LogDevObjectVersion:   FortniteMain (601D1886-AC64-4F84-AA16-D3DE0DEAC7D6): 27
LogDevObjectVersion:   Dev-Enterprise (9DFFBCD6-494F-0158-E221-12823C92A888): 6
LogDevObjectVersion:   Dev-Niagara (F2AED0AC-9AFE-416F-8664-AA7FFA26D6FC): 1
LogDevObjectVersion:   Dev-Destruction (174F1F0B-B4C6-45A5-B13F-2EE8D0FB917D): 9
LogInit: Presizing for max 16777216 objects, including 0 objects not considered by GC, pre-allocating 0 bytes for permanent pool.
LogInit: Object subsystem initialized
LogConfig: Setting CVar [[con.DebugEarlyDefault:1]]
LogConfig: Setting CVar [[r.setres:1280x720]]
[2020.06.09-10.29.06:811][  0]LogConfig: Setting CVar [[r.VSync:0]]
[2020.06.09-10.29.06:811][  0]LogConfig: Setting CVar [[r.RHICmdBypass:0]]
[2020.06.09-10.29.06:811][  0]LogConfig: Applying CVar settings from Section [/Script/Engine.RendererSettings] File [D:/UE4Practice/IK2/Saved/Config/Windows/Engine.ini]
[2020.06.09-10.29.06:811][  0]LogConfig: Setting CVar [[r.GPUCrashDebugging:0]]
[2020.06.09-10.29.06:811][  0]LogConfig: Applying CVar settings from Section [/Script/Engine.RendererOverrideSettings] File [D:/UE4Practice/IK2/Saved/Config/Windows/Engine.ini]
[2020.06.09-10.29.06:811][  0]LogConfig: Applying CVar settings from Section [/Script/Engine.StreamingSettings] File [D:/UE4Practice/IK2/Saved/Config/Windows/Engine.ini]
[2020.06.09-10.29.06:811][  0]LogConfig: Setting CVar [[s.MinBulkDataSizeForAsyncLoading:131072]]
[2020.06.09-10.29.06:811][  0]LogConfig: Setting CVar [[s.AsyncLoadingThreadEnabled:0]]
[2020.06.09-10.29.06:811][  0]LogConfig: Setting CVar [[s.EventDrivenLoaderEnabled:1]]
[2020.06.09-10.29.06:811][  0]LogConfig: Setting CVar [[s.WarnIfTimeLimitExceeded:0]]
[2020.06.09-10.29.06:811][  0]LogConfig: Setting CVar [[s.TimeLimitExceededMultiplier:1.5]]
[2020.06.09-10.29.06:811][  0]LogConfig: Setting CVar [[s.TimeLimitExceededMinTime:0.005]]
[2020.06.09-10.29.06:811][  0]LogConfig: Setting CVar [[s.UseBackgroundLevelStreaming:1]]
[2020.06.09-10.29.06:811][  0]LogConfig: Setting CVar [[s.PriorityAsyncLoadingExtraTime:15.0]]
[2020.06.09-10.29.06:811][  0]LogConfig: Setting CVar [[s.LevelStreamingActorsUpdateTimeLimit:5.0]]
[2020.06.09-10.29.06:811][  0]LogConfig: Setting CVar [[s.PriorityLevelStreamingActorsUpdateExtraTime:5.0]]
[2020.06.09-10.29.06:811][  0]LogConfig: Setting CVar [[s.LevelStreamingComponentsRegistrationGranularity:10]]
[2020.06.09-10.29.06:811][  0]LogConfig: Setting CVar [[s.UnregisterComponentsTimeLimit:1.0]]
[2020.06.09-10.29.06:811][  0]LogConfig: Setting CVar [[s.LevelStreamingComponentsUnregistrationGranularity:5]]
[2020.06.09-10.29.06:811][  0]LogConfig: Applying CVar settings from Section [/Script/Engine.GarbageCollectionSettings] File [D:/UE4Practice/IK2/Saved/Config/Windows/Engine.ini]
[2020.06.09-10.29.06:811][  0]LogConfig: Setting CVar [[gc.MaxObjectsNotConsideredByGC:1]]
[2020.06.09-10.29.06:811][  0]LogConfig: Setting CVar [[gc.SizeOfPermanentObjectPool:0]]
[2020.06.09-10.29.06:811][  0]LogConfig: Setting CVar [[gc.FlushStreamingOnGC:0]]
[2020.06.09-10.29.06:811][  0]LogConfig: Setting CVar [[gc.NumRetriesBeforeForcingGC:10]]
[2020.06.09-10.29.06:811][  0]LogConfig: Setting CVar [[gc.AllowParallelGC:1]]
[2020.06.09-10.29.06:811][  0]LogConfig: Setting CVar [[gc.TimeBetweenPurgingPendingKillObjects:61.1]]
[2020.06.09-10.29.06:811][  0]LogConfig: Setting CVar [[gc.MaxObjectsInEditor:16777216]]
[2020.06.09-10.29.06:811][  0]LogConfig: Setting CVar [[gc.IncrementalBeginDestroyEnabled:1]]
[2020.06.09-10.29.06:811][  0]LogConfig: Setting CVar [[gc.CreateGCClusters:1]]
[2020.06.09-10.29.06:811][  0]LogConfig: Setting CVar [[gc.MinGCClusterSize:5]]
[2020.06.09-10.29.06:811][  0]LogConfig: Setting CVar [[gc.ActorClusteringEnabled:0]]
[2020.06.09-10.29.06:811][  0]LogConfig: Setting CVar [[gc.BlueprintClusteringEnabled:0]]
[2020.06.09-10.29.06:811][  0]LogConfig: Setting CVar [[gc.UseDisregardForGCOnDedicatedServers:0]]
[2020.06.09-10.29.06:811][  0]LogConfig: Applying CVar settings from Section [/Script/Engine.NetworkSettings] File [D:/UE4Practice/IK2/Saved/Config/Windows/Engine.ini]
[2020.06.09-10.29.06:811][  0]LogConfig: Applying CVar settings from Section [/Script/UnrealEd.CookerSettings] File [D:/UE4Practice/IK2/Saved/Config/Windows/Engine.ini]
[2020.06.09-10.29.06:820][  0]LogConfig: Applying CVar settings from Section [ViewDistanceQuality@3] File [D:/UE4Practice/IK2/Saved/Config/Windows/Scalability.ini]
[2020.06.09-10.29.06:820][  0]LogConfig: Setting CVar [[r.SkeletalMeshLODBias:0]]
[2020.06.09-10.29.06:820][  0]LogConfig: Setting CVar [[r.ViewDistanceScale:1.0]]
[2020.06.09-10.29.06:820][  0]LogConfig: Applying CVar settings from Section [AntiAliasingQuality@3] File [D:/UE4Practice/IK2/Saved/Config/Windows/Scalability.ini]
[2020.06.09-10.29.06:820][  0]LogConfig: Setting CVar [[r.PostProcessAAQuality:4]]
[2020.06.09-10.29.06:820][  0]LogConfig: Applying CVar settings from Section [ShadowQuality@3] File [D:/UE4Practice/IK2/Saved/Config/Windows/Scalability.ini]
[2020.06.09-10.29.06:820][  0]LogConfig: Setting CVar [[r.LightFunctionQuality:1]]
[2020.06.09-10.29.06:820][  0]LogConfig: Setting CVar [[r.ShadowQuality:5]]
[2020.06.09-10.29.06:820][  0]LogConfig: Setting CVar [[r.Shadow.CSM.MaxCascades:10]]
[2020.06.09-10.29.06:820][  0]LogConfig: Setting CVar [[r.Shadow.MaxResolution:2048]]
[2020.06.09-10.29.06:820][  0]LogConfig: Setting CVar [[r.Shadow.MaxCSMResolution:2048]]
[2020.06.09-10.29.06:820][  0]LogConfig: Setting CVar [[r.Shadow.RadiusThreshold:0.01]]
[2020.06.09-10.29.06:820][  0]LogConfig: Setting CVar [[r.Shadow.DistanceScale:1.0]]
[2020.06.09-10.29.06:820][  0]LogConfig: Setting CVar [[r.Shadow.CSM.TransitionScale:1.0]]
[2020.06.09-10.29.06:820][  0]LogConfig: Setting CVar [[r.Shadow.PreShadowResolutionFactor:1.0]]
[2020.06.09-10.29.06:820][  0]LogConfig: Setting CVar [[r.DistanceFieldShadowing:1]]
[2020.06.09-10.29.06:820][  0]LogConfig: Setting CVar [[r.DistanceFieldAO:1]]
[2020.06.09-10.29.06:820][  0]LogConfig: Setting CVar [[r.AOQuality:2]]
[2020.06.09-10.29.06:820][  0]LogConfig: Setting CVar [[r.VolumetricFog:1]]
[2020.06.09-10.29.06:820][  0]LogConfig: Setting CVar [[r.VolumetricFog.GridPixelSize:8]]
[2020.06.09-10.29.06:820][  0]LogConfig: Setting CVar [[r.VolumetricFog.GridSizeZ:128]]
[2020.06.09-10.29.06:820][  0]LogConfig: Setting CVar [[r.VolumetricFog.HistoryMissSupersampleCount:4]]
[2020.06.09-10.29.06:820][  0]LogConfig: Setting CVar [[r.LightMaxDrawDistanceScale:1]]
[2020.06.09-10.29.06:820][  0]LogConfig: Setting CVar [[r.CapsuleShadows:1]]
[2020.06.09-10.29.06:820][  0]LogConfig: Applying CVar settings from Section [PostProcessQuality@3] File [D:/UE4Practice/IK2/Saved/Config/Windows/Scalability.ini]
[2020.06.09-10.29.06:820][  0]LogConfig: Setting CVar [[r.MotionBlurQuality:4]]
[2020.06.09-10.29.06:820][  0]LogConfig: Setting CVar [[r.AmbientOcclusionMipLevelFactor:0.4]]
[2020.06.09-10.29.06:820][  0]LogConfig: Setting CVar [[r.AmbientOcclusionMaxQuality:100]]
[2020.06.09-10.29.06:820][  0]LogConfig: Setting CVar [[r.AmbientOcclusionLevels:-1]]
[2020.06.09-10.29.06:820][  0]LogConfig: Setting CVar [[r.AmbientOcclusionRadiusScale:1.0]]
[2020.06.09-10.29.06:820][  0]LogConfig: Setting CVar [[r.DepthOfFieldQuality:2]]
[2020.06.09-10.29.06:820][  0]LogConfig: Setting CVar [[r.RenderTargetPoolMin:400]]
[2020.06.09-10.29.06:820][  0]LogConfig: Setting CVar [[r.LensFlareQuality:2]]
[2020.06.09-10.29.06:820][  0]LogConfig: Setting CVar [[r.SceneColorFringeQuality:1]]
[2020.06.09-10.29.06:820][  0]LogConfig: Setting CVar [[r.EyeAdaptationQuality:2]]
[2020.06.09-10.29.06:820][  0]LogConfig: Setting CVar [[r.BloomQuality:5]]
[2020.06.09-10.29.06:820][  0]LogConfig: Setting CVar [[r.FastBlurThreshold:100]]
[2020.06.09-10.29.06:821][  0]LogConfig: Setting CVar [[r.Upscale.Quality:3]]
[2020.06.09-10.29.06:821][  0]LogConfig: Setting CVar [[r.Tonemapper.GrainQuantization:1]]
[2020.06.09-10.29.06:821][  0]LogConfig: Setting CVar [[r.LightShaftQuality:1]]
[2020.06.09-10.29.06:821][  0]LogConfig: Setting CVar [[r.Filter.SizeScale:1]]
[2020.06.09-10.29.06:821][  0]LogConfig: Setting CVar [[r.Tonemapper.Quality:5]]
[2020.06.09-10.29.06:821][  0]LogConfig: Setting CVar [[r.DOF.Gather.AccumulatorQuality:1        ; higher gathering accumulator quality]]
[2020.06.09-10.29.06:821][  0]LogConfig: Setting CVar [[r.DOF.Gather.PostfilterMethod:1          ; Median3x3 postfilering method]]
[2020.06.09-10.29.06:821][  0]LogConfig: Setting CVar [[r.DOF.Gather.EnableBokehSettings:0       ; no bokeh simulation when gathering]]
[2020.06.09-10.29.06:821][  0]LogConfig: Setting CVar [[r.DOF.Gather.RingCount:4                 ; medium number of samples when gathering]]
[2020.06.09-10.29.06:821][  0]LogConfig: Setting CVar [[r.DOF.Scatter.ForegroundCompositing:1    ; additive foreground scattering]]
[2020.06.09-10.29.06:821][  0]LogConfig: Setting CVar [[r.DOF.Scatter.BackgroundCompositing:2    ; additive background scattering]]
[2020.06.09-10.29.06:821][  0]LogConfig: Setting CVar [[r.DOF.Scatter.EnableBokehSettings:1      ; bokeh simulation when scattering]]
[2020.06.09-10.29.06:821][  0]LogConfig: Setting CVar [[r.DOF.Scatter.MaxSpriteRatio:0.1         ; only a maximum of 10% of scattered bokeh]]
[2020.06.09-10.29.06:821][  0]LogConfig: Setting CVar [[r.DOF.Recombine.Quality:1                ; cheap slight out of focus]]
[2020.06.09-10.29.06:821][  0]LogConfig: Setting CVar [[r.DOF.Recombine.EnableBokehSettings:0    ; no bokeh simulation on slight out of focus]]
[2020.06.09-10.29.06:821][  0]LogConfig: Setting CVar [[r.DOF.TemporalAAQuality:1                ; more stable temporal accumulation]]
[2020.06.09-10.29.06:821][  0]LogConfig: Setting CVar [[r.DOF.Kernel.MaxForegroundRadius:0.025]]
[2020.06.09-10.29.06:821][  0]LogConfig: Setting CVar [[r.DOF.Kernel.MaxBackgroundRadius:0.025]]
[2020.06.09-10.29.06:821][  0]LogConfig: Applying CVar settings from Section [TextureQuality@3] File [D:/UE4Practice/IK2/Saved/Config/Windows/Scalability.ini]
[2020.06.09-10.29.06:821][  0]LogConfig: Setting CVar [[r.Streaming.MipBias:0]]
[2020.06.09-10.29.06:821][  0]LogConfig: Setting CVar [[r.Streaming.AmortizeCPUToGPUCopy:0]]
[2020.06.09-10.29.06:821][  0]LogConfig: Setting CVar [[r.Streaming.MaxNumTexturesToStreamPerFrame:0]]
[2020.06.09-10.29.06:821][  0]LogConfig: Setting CVar [[r.Streaming.Boost:1]]
[2020.06.09-10.29.06:821][  0]LogConfig: Setting CVar [[r.MaxAnisotropy:8]]
[2020.06.09-10.29.06:821][  0]LogConfig: Setting CVar [[r.Streaming.LimitPoolSizeToVRAM:0]]
[2020.06.09-10.29.06:821][  0]LogConfig: Setting CVar [[r.Streaming.PoolSize:1000]]
[2020.06.09-10.29.06:821][  0]LogConfig: Setting CVar [[r.Streaming.MaxEffectiveScreenSize:0]]
[2020.06.09-10.29.06:821][  0]LogConfig: Applying CVar settings from Section [EffectsQuality@3] File [D:/UE4Practice/IK2/Saved/Config/Windows/Scalability.ini]
[2020.06.09-10.29.06:821][  0]LogConfig: Setting CVar [[r.TranslucencyLightingVolumeDim:64]]
[2020.06.09-10.29.06:821][  0]LogConfig: Setting CVar [[r.RefractionQuality:2]]
[2020.06.09-10.29.06:821][  0]LogConfig: Setting CVar [[r.SSR.Quality:3]]
[2020.06.09-10.29.06:821][  0]LogConfig: Setting CVar [[r.SceneColorFormat:4]]
[2020.06.09-10.29.06:821][  0]LogConfig: Setting CVar [[r.DetailMode:2]]
[2020.06.09-10.29.06:821][  0]LogConfig: Setting CVar [[r.TranslucencyVolumeBlur:1]]
[2020.06.09-10.29.06:821][  0]LogConfig: Setting CVar [[r.MaterialQualityLevel:1 ; High quality]]
[2020.06.09-10.29.06:821][  0]LogConfig: Setting CVar [[r.SSS.Scale:1]]
[2020.06.09-10.29.06:821][  0]LogConfig: Setting CVar [[r.SSS.SampleSet:2]]
[2020.06.09-10.29.06:821][  0]LogConfig: Setting CVar [[r.SSS.Quality:1]]
[2020.06.09-10.29.06:821][  0]LogConfig: Setting CVar [[r.SSS.HalfRes:1]]
[2020.06.09-10.29.06:821][  0]LogConfig: Setting CVar [[r.EmitterSpawnRateScale:1.0]]
[2020.06.09-10.29.06:821][  0]LogConfig: Setting CVar [[r.ParticleLightQuality:2]]
[2020.06.09-10.29.06:821][  0]LogConfig: Applying CVar settings from Section [FoliageQuality@3] File [D:/UE4Practice/IK2/Saved/Config/Windows/Scalability.ini]
[2020.06.09-10.29.06:821][  0]LogConfig: Setting CVar [[foliage.DensityScale:1.0]]
[2020.06.09-10.29.06:821][  0]LogConfig: Setting CVar [[grass.DensityScale:1.0]]
[2020.06.09-10.29.06:822][  0]LogInit: Selected Device Profile: [Windows]
[2020.06.09-10.29.06:822][  0]LogInit: Applying CVar settings loaded from the selected device profile: [Windows]
[2020.06.09-10.29.06:825][  0]LogHAL: Display: Platform has ~ 16 GB [17123405824 / 17179869184 / 16], which maps to Larger [LargestMinGB=32, LargerMinGB=12, DefaultMinGB=8, SmallerMinGB=6, SmallestMinGB=0)
[2020.06.09-10.29.06:825][  0]LogInit: Going up to parent DeviceProfile []
[2020.06.09-10.29.06:825][  0]LogConfig: Applying CVar settings from Section [ViewDistanceQuality@3] File [D:/UE4Practice/IK2/Saved/Config/Windows/Scalability.ini]
[2020.06.09-10.29.06:825][  0]LogConfig: Setting CVar [[r.SkeletalMeshLODBias:0]]
[2020.06.09-10.29.06:825][  0]LogConfig: Setting CVar [[r.ViewDistanceScale:1.0]]
[2020.06.09-10.29.06:825][  0]LogConfig: Applying CVar settings from Section [AntiAliasingQuality@3] File [D:/UE4Practice/IK2/Saved/Config/Windows/Scalability.ini]
[2020.06.09-10.29.06:825][  0]LogConfig: Setting CVar [[r.PostProcessAAQuality:4]]
[2020.06.09-10.29.06:825][  0]LogConfig: Applying CVar settings from Section [ShadowQuality@3] File [D:/UE4Practice/IK2/Saved/Config/Windows/Scalability.ini]
[2020.06.09-10.29.06:826][  0]LogConfig: Setting CVar [[r.LightFunctionQuality:1]]
[2020.06.09-10.29.06:826][  0]LogConfig: Setting CVar [[r.ShadowQuality:5]]
[2020.06.09-10.29.06:826][  0]LogConfig: Setting CVar [[r.Shadow.CSM.MaxCascades:10]]
[2020.06.09-10.29.06:826][  0]LogConfig: Setting CVar [[r.Shadow.MaxResolution:2048]]
[2020.06.09-10.29.06:826][  0]LogConfig: Setting CVar [[r.Shadow.MaxCSMResolution:2048]]
[2020.06.09-10.29.06:826][  0]LogConfig: Setting CVar [[r.Shadow.RadiusThreshold:0.01]]
[2020.06.09-10.29.06:826][  0]LogConfig: Setting CVar [[r.Shadow.DistanceScale:1.0]]
[2020.06.09-10.29.06:826][  0]LogConfig: Setting CVar [[r.Shadow.CSM.TransitionScale:1.0]]
[2020.06.09-10.29.06:826][  0]LogConfig: Setting CVar [[r.Shadow.PreShadowResolutionFactor:1.0]]
[2020.06.09-10.29.06:826][  0]LogConfig: Setting CVar [[r.DistanceFieldShadowing:1]]
[2020.06.09-10.29.06:826][  0]LogConfig: Setting CVar [[r.DistanceFieldAO:1]]
[2020.06.09-10.29.06:826][  0]LogConfig: Setting CVar [[r.AOQuality:2]]
[2020.06.09-10.29.06:826][  0]LogConfig: Setting CVar [[r.VolumetricFog:1]]
[2020.06.09-10.29.06:826][  0]LogConfig: Setting CVar [[r.VolumetricFog.GridPixelSize:8]]
[2020.06.09-10.29.06:826][  0]LogConfig: Setting CVar [[r.VolumetricFog.GridSizeZ:128]]
[2020.06.09-10.29.06:826][  0]LogConfig: Setting CVar [[r.VolumetricFog.HistoryMissSupersampleCount:4]]
[2020.06.09-10.29.06:826][  0]LogConfig: Setting CVar [[r.LightMaxDrawDistanceScale:1]]
[2020.06.09-10.29.06:826][  0]LogConfig: Setting CVar [[r.CapsuleShadows:1]]
[2020.06.09-10.29.06:826][  0]LogConfig: Applying CVar settings from Section [PostProcessQuality@3] File [D:/UE4Practice/IK2/Saved/Config/Windows/Scalability.ini]
[2020.06.09-10.29.06:826][  0]LogConfig: Setting CVar [[r.MotionBlurQuality:4]]
[2020.06.09-10.29.06:826][  0]LogConfig: Setting CVar [[r.AmbientOcclusionMipLevelFactor:0.4]]
[2020.06.09-10.29.06:826][  0]LogConfig: Setting CVar [[r.AmbientOcclusionMaxQuality:100]]
[2020.06.09-10.29.06:826][  0]LogConfig: Setting CVar [[r.AmbientOcclusionLevels:-1]]
[2020.06.09-10.29.06:826][  0]LogConfig: Setting CVar [[r.AmbientOcclusionRadiusScale:1.0]]
[2020.06.09-10.29.06:826][  0]LogConfig: Setting CVar [[r.DepthOfFieldQuality:2]]
[2020.06.09-10.29.06:826][  0]LogConfig: Setting CVar [[r.RenderTargetPoolMin:400]]
[2020.06.09-10.29.06:826][  0]LogConfig: Setting CVar [[r.LensFlareQuality:2]]
[2020.06.09-10.29.06:826][  0]LogConfig: Setting CVar [[r.SceneColorFringeQuality:1]]
[2020.06.09-10.29.06:826][  0]LogConfig: Setting CVar [[r.EyeAdaptationQuality:2]]
[2020.06.09-10.29.06:826][  0]LogConfig: Setting CVar [[r.BloomQuality:5]]
[2020.06.09-10.29.06:826][  0]LogConfig: Setting CVar [[r.FastBlurThreshold:100]]
[2020.06.09-10.29.06:826][  0]LogConfig: Setting CVar [[r.Upscale.Quality:3]]
[2020.06.09-10.29.06:826][  0]LogConfig: Setting CVar [[r.Tonemapper.GrainQuantization:1]]
[2020.06.09-10.29.06:826][  0]LogConfig: Setting CVar [[r.LightShaftQuality:1]]
[2020.06.09-10.29.06:826][  0]LogConfig: Setting CVar [[r.Filter.SizeScale:1]]
[2020.06.09-10.29.06:826][  0]LogConfig: Setting CVar [[r.Tonemapper.Quality:5]]
[2020.06.09-10.29.06:826][  0]LogConfig: Setting CVar [[r.DOF.Gather.AccumulatorQuality:1        ; higher gathering accumulator quality]]
[2020.06.09-10.29.06:826][  0]LogConfig: Setting CVar [[r.DOF.Gather.PostfilterMethod:1          ; Median3x3 postfilering method]]
[2020.06.09-10.29.06:826][  0]LogConfig: Setting CVar [[r.DOF.Gather.EnableBokehSettings:0       ; no bokeh simulation when gathering]]
[2020.06.09-10.29.06:826][  0]LogConfig: Setting CVar [[r.DOF.Gather.RingCount:4                 ; medium number of samples when gathering]]
[2020.06.09-10.29.06:826][  0]LogConfig: Setting CVar [[r.DOF.Scatter.ForegroundCompositing:1    ; additive foreground scattering]]
[2020.06.09-10.29.06:826][  0]LogConfig: Setting CVar [[r.DOF.Scatter.BackgroundCompositing:2    ; additive background scattering]]
[2020.06.09-10.29.06:826][  0]LogConfig: Setting CVar [[r.DOF.Scatter.EnableBokehSettings:1      ; bokeh simulation when scattering]]
[2020.06.09-10.29.06:826][  0]LogConfig: Setting CVar [[r.DOF.Scatter.MaxSpriteRatio:0.1         ; only a maximum of 10% of scattered bokeh]]
[2020.06.09-10.29.06:826][  0]LogConfig: Setting CVar [[r.DOF.Recombine.Quality:1                ; cheap slight out of focus]]
[2020.06.09-10.29.06:826][  0]LogConfig: Setting CVar [[r.DOF.Recombine.EnableBokehSettings:0    ; no bokeh simulation on slight out of focus]]
[2020.06.09-10.29.06:826][  0]LogConfig: Setting CVar [[r.DOF.TemporalAAQuality:1                ; more stable temporal accumulation]]
[2020.06.09-10.29.06:826][  0]LogConfig: Setting CVar [[r.DOF.Kernel.MaxForegroundRadius:0.025]]
[2020.06.09-10.29.06:827][  0]LogConfig: Setting CVar [[r.DOF.Kernel.MaxBackgroundRadius:0.025]]
[2020.06.09-10.29.06:827][  0]LogConfig: Applying CVar settings from Section [TextureQuality@3] File [D:/UE4Practice/IK2/Saved/Config/Windows/Scalability.ini]
[2020.06.09-10.29.06:827][  0]LogConfig: Setting CVar [[r.Streaming.MipBias:0]]
[2020.06.09-10.29.06:827][  0]LogConfig: Setting CVar [[r.Streaming.AmortizeCPUToGPUCopy:0]]
[2020.06.09-10.29.06:827][  0]LogConfig: Setting CVar [[r.Streaming.MaxNumTexturesToStreamPerFrame:0]]
[2020.06.09-10.29.06:827][  0]LogConfig: Setting CVar [[r.Streaming.Boost:1]]
[2020.06.09-10.29.06:827][  0]LogConfig: Setting CVar [[r.MaxAnisotropy:8]]
[2020.06.09-10.29.06:827][  0]LogConfig: Setting CVar [[r.Streaming.LimitPoolSizeToVRAM:0]]
[2020.06.09-10.29.06:827][  0]LogConfig: Setting CVar [[r.Streaming.PoolSize:1000]]
[2020.06.09-10.29.06:827][  0]LogConfig: Setting CVar [[r.Streaming.MaxEffectiveScreenSize:0]]
[2020.06.09-10.29.06:827][  0]LogConfig: Applying CVar settings from Section [EffectsQuality@3] File [D:/UE4Practice/IK2/Saved/Config/Windows/Scalability.ini]
[2020.06.09-10.29.06:827][  0]LogConfig: Setting CVar [[r.TranslucencyLightingVolumeDim:64]]
[2020.06.09-10.29.06:827][  0]LogConfig: Setting CVar [[r.RefractionQuality:2]]
[2020.06.09-10.29.06:827][  0]LogConfig: Setting CVar [[r.SSR.Quality:3]]
[2020.06.09-10.29.06:827][  0]LogConfig: Setting CVar [[r.SceneColorFormat:4]]
[2020.06.09-10.29.06:827][  0]LogConfig: Setting CVar [[r.DetailMode:2]]
[2020.06.09-10.29.06:827][  0]LogConfig: Setting CVar [[r.TranslucencyVolumeBlur:1]]
[2020.06.09-10.29.06:827][  0]LogConfig: Setting CVar [[r.MaterialQualityLevel:1 ; High quality]]
[2020.06.09-10.29.06:827][  0]LogConfig: Setting CVar [[r.SSS.Scale:1]]
[2020.06.09-10.29.06:827][  0]LogConfig: Setting CVar [[r.SSS.SampleSet:2]]
[2020.06.09-10.29.06:827][  0]LogConfig: Setting CVar [[r.SSS.Quality:1]]
[2020.06.09-10.29.06:827][  0]LogConfig: Setting CVar [[r.SSS.HalfRes:1]]
[2020.06.09-10.29.06:827][  0]LogConfig: Setting CVar [[r.EmitterSpawnRateScale:1.0]]
[2020.06.09-10.29.06:827][  0]LogConfig: Setting CVar [[r.ParticleLightQuality:2]]
[2020.06.09-10.29.06:827][  0]LogConfig: Applying CVar settings from Section [FoliageQuality@3] File [D:/UE4Practice/IK2/Saved/Config/Windows/Scalability.ini]
[2020.06.09-10.29.06:827][  0]LogConfig: Setting CVar [[foliage.DensityScale:1.0]]
[2020.06.09-10.29.06:827][  0]LogConfig: Setting CVar [[grass.DensityScale:1.0]]
[2020.06.09-10.29.06:827][  0]LogConfig: Applying CVar settings from Section [Startup] File [../../../Engine/Config/ConsoleVariables.ini]
[2020.06.09-10.29.06:827][  0]LogConfig: Setting CVar [[net.UseAdaptiveNetUpdateFrequency:0]]
[2020.06.09-10.29.06:827][  0]LogConfig: Setting CVar [[p.chaos.AllowCreatePhysxBodies:1]]
[2020.06.09-10.29.06:827][  0]LogConfig: Applying CVar settings from Section [ConsoleVariables] File [D:/UE4Practice/IK2/Saved/Config/Windows/Engine.ini]
[2020.06.09-10.29.06:828][  0]LogInit: Computer: DESKTOP-2IHUG0K
[2020.06.09-10.29.06:828][  0]LogInit: User: ACA
[2020.06.09-10.29.06:828][  0]LogInit: CPU Page size=4096, Cores=4
[2020.06.09-10.29.06:828][  0]LogInit: High frequency timer resolution =10.000000 MHz
[2020.06.09-10.29.06:828][  0]LogMemory: Memory total: Physical=15.9GB (16GB approx)
[2020.06.09-10.29.06:828][  0]LogMemory: Platform Memory Stats for Windows
[2020.06.09-10.29.06:828][  0]LogMemory: Process Physical Memory: 100.39 MB used, 100.39 MB peak
[2020.06.09-10.29.06:828][  0]LogMemory: Process Virtual Memory: 99.84 MB used, 99.84 MB peak
[2020.06.09-10.29.06:828][  0]LogMemory: Physical Memory: 5943.83 MB used,  10386.32 MB free, 16330.15 MB total
[2020.06.09-10.29.06:828][  0]LogMemory: Virtual Memory: 4655.70 MB used,  134213072.00 MB free, 134217728.00 MB total
[2020.06.09-10.29.06:831][  0]LogWindows: WindowsPlatformFeatures enabled
[2020.06.09-10.29.06:878][  0]LogInit: Using OS detected language (ko-KR).
[2020.06.09-10.29.06:878][  0]LogInit: Using OS detected locale (ko-KR).
[2020.06.09-10.29.06:880][  0]LogTextLocalizationManager: No specific localization for 'ko-KR' exists, so the 'ko' localization will be used.
[2020.06.09-10.29.06:972][  0]LogInit: Setting process to per monitor DPI aware
[2020.06.09-10.29.07:034][  0]LogSlate: New Slate User Created.  User Index 0, Is Virtual User: 0
[2020.06.09-10.29.07:034][  0]LogSlate: Slate User Registered.  User Index 0, Is Virtual User: 0
[2020.06.09-10.29.07:263][  0]LogHMD: Failed to initialize OpenVR with code 110
[2020.06.09-10.29.07:263][  0]LogD3D11RHI: D3D11 adapters:
[2020.06.09-10.29.07:331][  0]LogD3D11RHI:    0. 'AMD Radeon HD 7800 Series' (Feature Level 11_0)
[2020.06.09-10.29.07:331][  0]LogD3D11RHI:       2027/0/8165 MB DedicatedVideo/DedicatedSystem/SharedSystem, Outputs:1, VendorId:0x1002
[2020.06.09-10.29.07:334][  0]LogD3D11RHI:    1. 'Microsoft Basic Render Driver' (Feature Level 11_0)
[2020.06.09-10.29.07:334][  0]LogD3D11RHI:       0/0/8165 MB DedicatedVideo/DedicatedSystem/SharedSystem, Outputs:0, VendorId:0x1414
[2020.06.09-10.29.07:334][  0]LogD3D11RHI: Chosen D3D11 Adapter: 0
[2020.06.09-10.29.07:340][  0]LogD3D11RHI: Creating new Direct3DDevice
[2020.06.09-10.29.07:340][  0]LogD3D11RHI:     GPU DeviceId: 0x679e (for the marketing name, search the web for "GPU Device Id")
[2020.06.09-10.29.07:340][  0]LogWindows: EnumDisplayDevices:
[2020.06.09-10.29.07:341][  0]LogWindows:    0. 'AMD Radeon HD 7800 Series' (P:1 D:1)
[2020.06.09-10.29.07:341][  0]LogWindows:    1. 'AMD Radeon HD 7800 Series' (P:0 D:0)
[2020.06.09-10.29.07:342][  0]LogWindows:    2. 'AMD Radeon HD 7800 Series' (P:0 D:0)
[2020.06.09-10.29.07:343][  0]LogWindows:    3. 'AMD Radeon HD 7800 Series' (P:0 D:0)
[2020.06.09-10.29.07:344][  0]LogWindows:    4. 'AMD Radeon HD 7800 Series' (P:0 D:0)
[2020.06.09-10.29.07:344][  0]LogWindows:    5. 'AMD Radeon HD 7800 Series' (P:0 D:0)
[2020.06.09-10.29.07:345][  0]LogWindows:    6. 'AMD Radeon HD 7800 Series' (P:0 D:0)
[2020.06.09-10.29.07:346][  0]LogWindows:    7. 'AMD Radeon HD 7800 Series' (P:0 D:0)
[2020.06.09-10.29.07:347][  0]LogWindows: DebugString: FoundDriverCount:8 
[2020.06.09-10.29.07:347][  0]LogD3D11RHI:     Adapter Name: AMD Radeon HD 7800 Series
[2020.06.09-10.29.07:347][  0]LogD3D11RHI:   Driver Version: Adrenalin 2020 20.2.2 (internal:26.20.15019.15019, unified:26.20.15019.15019)
[2020.06.09-10.29.07:347][  0]LogD3D11RHI:      Driver Date: 2-26-2020
[2020.06.09-10.29.07:347][  0]LogRHI: Texture pool is 1419 MB (70% of 2027 MB)
[2020.06.09-10.29.07:410][  0]LogD3D11RHI: Async texture creation enabled
[2020.06.09-10.29.07:421][  0]LogD3D11RHI: GPU Timing Frequency: 27.000000 (Debug: 2 1)
[2020.06.09-10.29.07:791][  0]LogTemp: Display: Module 'AllDesktopTargetPlatform' loaded TargetPlatform 'AllDesktop'
[2020.06.09-10.29.07:808][  0]LogTemp: Display: Module 'MacClientTargetPlatform' loaded TargetPlatform 'MacClient'
[2020.06.09-10.29.07:824][  0]LogTemp: Display: Module 'MacNoEditorTargetPlatform' loaded TargetPlatform 'MacNoEditor'
[2020.06.09-10.29.07:840][  0]LogTemp: Display: Module 'MacServerTargetPlatform' loaded TargetPlatform 'MacServer'
[2020.06.09-10.29.07:856][  0]LogTemp: Display: Module 'MacTargetPlatform' loaded TargetPlatform 'Mac'
[2020.06.09-10.29.07:872][  0]LogTemp: Display: Module 'WindowsClientTargetPlatform' loaded TargetPlatform 'WindowsClient'
[2020.06.09-10.29.07:888][  0]LogTemp: Display: Module 'WindowsNoEditorTargetPlatform' loaded TargetPlatform 'WindowsNoEditor'
[2020.06.09-10.29.07:904][  0]LogTemp: Display: Module 'WindowsServerTargetPlatform' loaded TargetPlatform 'WindowsServer'
[2020.06.09-10.29.07:915][  0]LogTemp: Display: Module 'WindowsTargetPlatform' loaded TargetPlatform 'Windows'
[2020.06.09-10.29.07:952][  0]LogTemp: Display: Module 'AndroidTargetPlatform' loaded TargetPlatform 'Android'
[2020.06.09-10.29.07:952][  0]LogTemp: Display: Module 'AndroidTargetPlatform' loaded TargetPlatform 'Android_ASTC'
[2020.06.09-10.29.07:952][  0]LogTemp: Display: Module 'AndroidTargetPlatform' loaded TargetPlatform 'Android_ATC'
[2020.06.09-10.29.07:952][  0]LogTemp: Display: Module 'AndroidTargetPlatform' loaded TargetPlatform 'Android_DXT'
[2020.06.09-10.29.07:952][  0]LogTemp: Display: Module 'AndroidTargetPlatform' loaded TargetPlatform 'Android_ETC1'
[2020.06.09-10.29.07:952][  0]LogTemp: Display: Module 'AndroidTargetPlatform' loaded TargetPlatform 'Android_ETC1a'
[2020.06.09-10.29.07:952][  0]LogTemp: Display: Module 'AndroidTargetPlatform' loaded TargetPlatform 'Android_ETC2'
[2020.06.09-10.29.07:952][  0]LogTemp: Display: Module 'AndroidTargetPlatform' loaded TargetPlatform 'Android_PVRTC'
[2020.06.09-10.29.07:952][  0]LogTemp: Display: Module 'AndroidTargetPlatform' loaded TargetPlatform 'AndroidClient'
[2020.06.09-10.29.07:952][  0]LogTemp: Display: Module 'AndroidTargetPlatform' loaded TargetPlatform 'Android_ASTCClient'
[2020.06.09-10.29.07:952][  0]LogTemp: Display: Module 'AndroidTargetPlatform' loaded TargetPlatform 'Android_ATCClient'
[2020.06.09-10.29.07:952][  0]LogTemp: Display: Module 'AndroidTargetPlatform' loaded TargetPlatform 'Android_DXTClient'
[2020.06.09-10.29.07:952][  0]LogTemp: Display: Module 'AndroidTargetPlatform' loaded TargetPlatform 'Android_ETC1Client'
[2020.06.09-10.29.07:952][  0]LogTemp: Display: Module 'AndroidTargetPlatform' loaded TargetPlatform 'Android_ETC1aClient'
[2020.06.09-10.29.07:952][  0]LogTemp: Display: Module 'AndroidTargetPlatform' loaded TargetPlatform 'Android_ETC2Client'
[2020.06.09-10.29.07:952][  0]LogTemp: Display: Module 'AndroidTargetPlatform' loaded TargetPlatform 'Android_PVRTCClient'
[2020.06.09-10.29.07:952][  0]LogTemp: Display: Module 'AndroidTargetPlatform' loaded TargetPlatform 'Android_Multi'
[2020.06.09-10.29.07:952][  0]LogTemp: Display: Module 'AndroidTargetPlatform' loaded TargetPlatform 'Android_MultiClient'
[2020.06.09-10.29.07:955][  0]LogTemp: Display: Module 'HTML5TargetPlatform' loaded TargetPlatform 'HTML5'
[2020.06.09-10.29.07:982][  0]LogTemp: Display: Module 'IOSTargetPlatform' loaded TargetPlatform 'IOSClient'
[2020.06.09-10.29.07:982][  0]LogTemp: Display: Module 'IOSTargetPlatform' loaded TargetPlatform 'IOS'
[2020.06.09-10.29.08:001][  0]LogTemp: Display: Module 'TVOSTargetPlatform' loaded TargetPlatform 'TVOSClient'
[2020.06.09-10.29.08:001][  0]LogTemp: Display: Module 'TVOSTargetPlatform' loaded TargetPlatform 'TVOS'
[2020.06.09-10.29.08:009][  0]LogTemp: Display: Module 'LinuxClientTargetPlatform' loaded TargetPlatform 'LinuxClient'
[2020.06.09-10.29.08:018][  0]LogTemp: Display: Module 'LinuxNoEditorTargetPlatform' loaded TargetPlatform 'LinuxNoEditor'
[2020.06.09-10.29.08:027][  0]LogTemp: Display: Module 'LinuxServerTargetPlatform' loaded TargetPlatform 'LinuxServer'
[2020.06.09-10.29.08:038][  0]LogTemp: Display: Module 'LinuxTargetPlatform' loaded TargetPlatform 'Linux'
[2020.06.09-10.29.08:069][  0]LogTemp: Display: Module 'LuminTargetPlatform' loaded TargetPlatform 'Lumin'
[2020.06.09-10.29.08:069][  0]LogTemp: Display: Module 'LuminTargetPlatform' loaded TargetPlatform 'LuminClient'
[2020.06.09-10.29.08:069][  0]LogTargetPlatformManager: Display: Building Assets For Windows
[2020.06.09-10.29.08:091][  0]LogAudioDebug: Display: Lib vorbis DLL was dynamically loaded.
[2020.06.09-10.29.08:230][  0]LogShaderCompilers: Guid format shader working directory is 27 characters bigger than the processId version (D:/UE4Practice/IK2/Intermediate/Shaders/WorkingDirectory/13520/).
[2020.06.09-10.29.08:230][  0]LogShaderCompilers: Cleaned the shader compiler working directory 'C:/Users/bear1/AppData/Local/Temp/UnrealShaderWorkingDir/00642BFC422DD7825828E29F30390083/'.
[2020.06.09-10.29.08:238][  0]LogXGEController: Cannot use XGE Controller as Incredibuild is not installed on this machine.
[2020.06.09-10.29.08:239][  0]LogShaderCompilers: Cannot use XGE Shader Compiler as Incredibuild is not installed on this machine.
[2020.06.09-10.29.08:239][  0]LogShaderCompilers: Display: Using Local Shader Compiler.
[2020.06.09-10.29.08:944][  0]LogDerivedDataCache: Display: Max Cache Size: 512 MB
[2020.06.09-10.29.08:997][  0]LogDerivedDataCache: Loaded boot cache 0.05s 77MB C:/Users/bear1/AppData/Local/UnrealEngine/4.23/DerivedDataCache/Boot.ddc.
[2020.06.09-10.29.08:997][  0]LogDerivedDataCache: Display: Loaded Boot cache: C:/Users/bear1/AppData/Local/UnrealEngine/4.23/DerivedDataCache/Boot.ddc
[2020.06.09-10.29.08:997][  0]LogDerivedDataCache: FDerivedDataBackendGraph:  Pak pak cache file D:/UE4Practice/IK2/DerivedDataCache/DDC.ddp not found, will not use a pak cache.
[2020.06.09-10.29.08:997][  0]LogDerivedDataCache: Unable to find inner node Pak for hierarchical cache Hierarchy.
[2020.06.09-10.29.08:997][  0]LogDerivedDataCache: FDerivedDataBackendGraph:  CompressedPak pak cache file D:/UE4Practice/IK2/DerivedDataCache/Compressed.ddp not found, will not use a pak cache.
[2020.06.09-10.29.08:997][  0]LogDerivedDataCache: Unable to find inner node CompressedPak for hierarchical cache Hierarchy.
[2020.06.09-10.29.09:009][  0]LogDerivedDataCache: Display: Pak cache opened for reading ../../../Engine/DerivedDataCache/Compressed.ddp.
[2020.06.09-10.29.09:009][  0]LogDerivedDataCache: FDerivedDataBackendGraph:  EnterprisePak pak cache file ../../../Enterprise/DerivedDataCache/Compressed.ddp not found, will not use a pak cache.
[2020.06.09-10.29.09:009][  0]LogDerivedDataCache: Unable to find inner node EnterprisePak for hierarchical cache Hierarchy.
[2020.06.09-10.29.09:010][  0]LogDerivedDataCache: Using Local data cache path C:/Users/bear1/AppData/Local/UnrealEngine/Common/DerivedDataCache: Writable
[2020.06.09-10.29.09:010][  0]LogDerivedDataCache: Shared data cache path not found in *engine.ini, will not use an Shared cache.
[2020.06.09-10.29.09:010][  0]LogDerivedDataCache: Unable to find inner node Shared for hierarchical cache Hierarchy.
[2020.06.09-10.29.09:037][  0]LogMaterial: Verifying Global Shaders for PCD3D_SM5
[2020.06.09-10.29.09:040][  0]LogSlate: Using FreeType 2.6.0
[2020.06.09-10.29.09:040][  0]LogSlate: SlateFontServices - WITH_FREETYPE: 1, WITH_HARFBUZZ: 1
[2020.06.09-10.29.09:120][  0]LogAssetRegistry: FAssetRegistry took 0.0027 seconds to start up
[2020.06.09-10.29.09:446][  0]LogInit: Selected Device Profile: [Windows]
[2020.06.09-10.29.09:649][  0]LogMeshReduction: Using QuadricMeshReduction for automatic static mesh reduction
[2020.06.09-10.29.09:650][  0]LogMeshReduction: Using SimplygonMeshReduction for automatic skeletal mesh reduction
[2020.06.09-10.29.09:650][  0]LogMeshReduction: Using ProxyLODMeshReduction for automatic mesh merging
[2020.06.09-10.29.09:650][  0]LogMeshReduction: No distributed automatic mesh merging module available
[2020.06.09-10.29.09:650][  0]LogMeshMerging: No distributed automatic mesh merging module available
[2020.06.09-10.29.09:660][  0]LogNetVersion: IK2 1.0.0, NetCL: 8386587, EngineNetVer: 11, GameNetVer: 0 (Checksum: 4186048603)
[2020.06.09-10.29.10:135][  0]LogPackageLocalizationCache: Processed 12 localized package path(s) for 1 prioritized culture(s) in 0.037577 seconds
[2020.06.09-10.29.10:142][  0]LogUObjectArray: 43444 objects as part of root set at end of initial load.
[2020.06.09-10.29.10:143][  0]LogUObjectAllocator: 7548648 out of 0 bytes used by permanent object pool.
[2020.06.09-10.29.10:143][  0]LogUObjectArray: CloseDisregardForGC: 0/0 objects in disregard for GC pool
[2020.06.09-10.29.11:403][  0]LogTcpMessaging: Initializing TcpMessaging bridge
[2020.06.09-10.29.11:407][  0]LogUdpMessaging: Initializing bridge on interface 0.0.0.0:0 to multicast group 230.0.0.1:6666.
[2020.06.09-10.29.11:643][  0]SourceControl: 소스 컨트롤이 꺼졌습니다.
[2020.06.09-10.29.11:643][  0]SourceControl: 소스 컨트롤이 꺼졌습니다.
[2020.06.09-10.29.11:645][  0]SourceControl: 소스 컨트롤이 꺼졌습니다.
[2020.06.09-10.29.11:646][  0]SourceControl: 소스 컨트롤이 꺼졌습니다.
[2020.06.09-10.29.11:768][  0]LogAndroidPermission: UAndroidPermissionCallbackProxy::GetInstance
[2020.06.09-10.29.11:973][  0]LogOcInput: OculusInput pre-init called
[2020.06.09-10.29.11:983][  0]LogWindows: Failed to load 'OVRPlugin.dll' (GetLastError=126)
[2020.06.09-10.29.11:983][  0]LogWindows: File 'OVRPlugin.dll' does not exist
[2020.06.09-10.29.12:079][  0]LogEngine: Initializing Engine...
[2020.06.09-10.29.12:080][  0]LogHMD: Failed to initialize OpenVR with code 110
[2020.06.09-10.29.12:081][  0]LogStats: UGameplayTagsManager::InitializeManager -  0.000 s
[2020.06.09-10.29.12:329][  0]LogInit: Initializing FReadOnlyCVARCache
[2020.06.09-10.29.12:368][  0]LogAIModule: Creating AISystem for world Untitled
[2020.06.09-10.29.12:404][  0]LogInit: XAudio2 using '스피커(Realtek High Definition Audio)' : 2 channels at 48 kHz using 32 bits per sample (channel mask 0x3)
[2020.06.09-10.29.12:422][  0]LogInit: FAudioDevice initialized.
[2020.06.09-10.29.12:422][  0]LogNetVersion: Set ProjectVersion to 1.0.0.0. Version Checksum will be recalculated on next use.
[2020.06.09-10.29.12:703][  0]LogDerivedDataCache: Saved boot cache 0.28s 77MB C:/Users/bear1/AppData/Local/UnrealEngine/4.23/DerivedDataCache/Boot.ddc.
[2020.06.09-10.29.12:708][  0]LogInit: Texture streaming: Enabled
[2020.06.09-10.29.12:771][  0]LogEngineSessionManager: EngineSessionManager initialized
[2020.06.09-10.29.12:771][  0]LogEditorSessionSummary: Verbose: Initializing EditorSessionSummaryWriter for editor session tracking
[2020.06.09-10.29.12:772][  0]LogEditorSessionSummary: EditorSessionSummaryWriter initialized
[2020.06.09-10.29.12:853][  0]LogInit: Transaction tracking system initialized
[2020.06.09-10.29.12:958][  0]BlueprintLog: New page: 에디터 로드
[2020.06.09-10.29.13:193][  0]LocalizationService: 현지화 서비스가 비활성화되었습니다.
[2020.06.09-10.29.13:551][  0]LogFileCache: Scanning file cache for directory 'D:/UE4Practice/IK2/Content/' took 0.00s
[2020.06.09-10.29.13:551][  0]LogCook: Display: Max memory allowance for cook 16384mb min free memory 0mb
[2020.06.09-10.29.13:551][  0]LogCook: Display: Mobile HDR setting 1
[2020.06.09-10.29.13:859][  0]SourceControl: 소스 컨트롤이 꺼졌습니다.
[2020.06.09-10.29.13:859][  0]Cmd: MAP LOAD FILE="D:/UE4Practice/IK2/Content/ThirdPersonCPP/Maps/ThirdPersonExampleMap.umap" TEMPLATE=0 SHOWPROGRESS=1 FEATURELEVEL=3
[2020.06.09-10.29.13:860][  0]LightingResults: New page: 라이팅 빌드
[2020.06.09-10.29.13:868][  0]LogWorld: UWorld::CleanupWorld for Untitled, bSessionEnded=true, bCleanupResources=true
[2020.06.09-10.29.13:868][  0]MapCheck: New page: 맵 체크
[2020.06.09-10.29.13:869][  0]LightingResults: New page: 라이팅 빌드
[2020.06.09-10.29.13:893][  0]LogUObjectHash: Compacting FUObjectHashTables data took   2.39ms
[2020.06.09-10.29.13:996][  0]LogAIModule: Creating AISystem for world ThirdPersonExampleMap
[2020.06.09-10.29.14:004][  0]LogEditorServer: Finished looking for orphan Actors (0.000 secs)
[2020.06.09-10.29.14:032][  0]LogUObjectHash: Compacting FUObjectHashTables data took   2.52ms
[2020.06.09-10.29.14:033][  0]Cmd: MAP CHECKDEP NOCLEARLOG
[2020.06.09-10.29.14:033][  0]MapCheck: 맵 체크 완료: 오류 0 회, 경고 0 회, 소요 시간 0.093ms.
[2020.06.09-10.29.14:033][  0]LogFileHelpers: Loading map 'ThirdPersonExampleMap' took 0.173
[2020.06.09-10.29.14:142][  0]LogSlate: Updating window title bar state: overlay mode, drag disabled, window buttons hidden, title bar hidden
[2020.06.09-10.29.14:150][  0]LogSlate: Updating window title bar state: overlay mode, drag disabled, window buttons hidden, title bar hidden
[2020.06.09-10.29.14:159][  0]LogSlate: Updating window title bar state: overlay mode, drag disabled, window buttons hidden, title bar hidden
[2020.06.09-10.29.14:167][  0]LogSlate: Updating window title bar state: overlay mode, drag disabled, window buttons hidden, title bar hidden
[2020.06.09-10.29.14:185][  0]LogCollectionManager: Loaded 0 collections in 0.007312 seconds
[2020.06.09-10.29.14:197][  0]LogFileCache: Scanning file cache for directory 'D:/UE4Practice/IK2/Saved/Collections/' took 0.00s
[2020.06.09-10.29.14:197][  0]LogFileCache: Scanning file cache for directory 'D:/UE4Practice/IK2/Content/Developers/ACA/Collections/' took 0.00s
[2020.06.09-10.29.14:197][  0]LogFileCache: Scanning file cache for directory 'D:/UE4Practice/IK2/Content/Collections/' took 0.00s
[2020.06.09-10.29.14:197][  0]LogCollectionManager: Rebuilt the GUID cache for 0 collections in 0.000002 seconds
[2020.06.09-10.29.14:207][  0]LogContentBrowser: Native class hierarchy populated in 0.0099 seconds. Added 2867 classes and 682 folders.
[2020.06.09-10.29.14:225][  0]LogContentBrowser: Native class hierarchy updated for 'WidgetCarousel' in 0.0004 seconds. Added 0 classes and 0 folders.
[2020.06.09-10.29.14:317][  0]LogContentBrowser: Native class hierarchy updated for 'AddContentDialog' in 0.0004 seconds. Added 0 classes and 0 folders.
[2020.06.09-10.29.14:331][  0]LogContentBrowser: Native class hierarchy updated for 'SceneOutliner' in 0.0005 seconds. Added 1 classes and 2 folders.
[2020.06.09-10.29.14:411][  0]LogSlate: Took 0.000188 seconds to synchronously load lazily loaded font '../../../Engine/Content/Slate/Fonts/Roboto-Regular.ttf' (155K)
[2020.06.09-10.29.14:414][  0]LogSlate: Took 0.001751 seconds to synchronously load lazily loaded font '../../../Engine/Content/Editor/Slate/Fonts/NanumGothic.ttf' (4243K)
[2020.06.09-10.29.14:417][  0]LogSlate: Took 0.001893 seconds to synchronously load lazily loaded font '../../../Engine/Content/Editor/Slate/Fonts/NanumGothicBold.ttf' (4188K)
[2020.06.09-10.29.14:417][  0]LogSlate: Took 0.000213 seconds to synchronously load lazily loaded font '../../../Engine/Content/Slate/Fonts/Roboto-Bold.ttf' (160K)
[2020.06.09-10.29.14:421][  0]LogSlate: Took 0.000244 seconds to synchronously load lazily loaded font '../../../Engine/Content/Editor/Slate/Fonts/FontAwesome.ttf' (139K)
[2020.06.09-10.29.14:422][  0]LogSlate: Took 0.000147 seconds to synchronously load lazily loaded font '../../../Engine/Content/Slate/Fonts/DroidSansMono.ttf' (77K)
[2020.06.09-10.29.14:462][  0]LogSlate: Took 0.001792 seconds to synchronously load lazily loaded font '../../../Engine/Content/Editor/Slate/Fonts/NanumGothicExtraBold.ttf' (4074K)
[2020.06.09-10.29.14:539][  0]LogRenderer: Reallocating scene render targets to support 1208x584 Format 10 NumSamples 1 (Frame:1).
[2020.06.09-10.29.14:657][  0]LogContentBrowser: Native class hierarchy updated for 'HierarchicalLODOutliner' in 0.0005 seconds. Added 0 classes and 0 folders.
[2020.06.09-10.29.14:657][  0]LogLoad: (Engine Initialization) Total time: 11.04 seconds
[2020.06.09-10.29.14:657][  0]LogLoad: (Engine Initialization) Total Blueprint compile time: 0.00 seconds
[2020.06.09-10.29.14:714][  0]LogAssetRegistry: Asset discovery search completed in 5.5954 seconds
[2020.06.09-10.29.14:718][  0]LogCollectionManager: Rebuilt the object cache for 0 collections in 0.000004 seconds (found 0 objects)
[2020.06.09-10.29.14:718][  0]LogCollectionManager: Fixed up redirectors for 0 collections in 0.000194 seconds (updated 0 objects)
[2020.06.09-10.29.14:720][  0]LogContentStreaming: Texture pool size now 1000 MB
[2020.06.09-10.29.57:076][954]LogD3D11RHI: Timed out while waiting for GPU to catch up. (0.5 s) (ErrorCode 00000001)
[2020.06.09-10.29.57:578][955]LogD3D11RHI: Timed out while waiting for GPU to catch up. (0.5 s) (ErrorCode 00000001)
[2020.06.09-10.29.58:077][955]LogD3D11RHI: Timed out while waiting for GPU to catch up. (0.5 s) (ErrorCode 00000001)
[2020.06.09-10.29.58:578][955]LogD3D11RHI: Timed out while waiting for GPU to catch up. (0.5 s) (ErrorCode 00000001)
[2020.06.09-10.29.59:079][955]LogD3D11RHI: Timed out while waiting for GPU to catch up. (0.5 s) (ErrorCode 00000001)
[2020.06.09-10.29.59:578][955]LogD3D11RHI: Timed out while waiting for GPU to catch up. (0.5 s) (ErrorCode 00000001)
[2020.06.09-10.30.00:078][955]LogD3D11RHI: Timed out while waiting for GPU to catch up. (0.5 s) (ErrorCode 00000001)
[2020.06.09-10.30.00:578][955]LogD3D11RHI: Timed out while waiting for GPU to catch up. (0.5 s) (ErrorCode 00000001)
[2020.06.09-10.30.01:078][955]LogD3D11RHI: Timed out while waiting for GPU to catch up. (0.5 s) (ErrorCode 00000001)
[2020.06.09-10.30.01:578][955]LogD3D11RHI: Timed out while waiting for GPU to catch up. (0.5 s) (ErrorCode 00000001)
[2020.06.09-10.30.02:078][955]LogD3D11RHI: Timed out while waiting for GPU to catch up. (0.5 s) (ErrorCode 00000001)
[2020.06.09-10.30.02:309][955]LogD3D11RHI: Error: Failed to create shader resource view for buffer: ByteWidth=48 NumElements=12 Format=R32_FLOAT
[2020.06.09-10.30.02:333][955]LogD3D11RHI: Error: Direct3DDevice->CreateShaderResourceView failed 
 at D:/Build/++UE4/Sync/Engine/Source/Runtime/Windows/D3D11RHI/Private/D3D11UAV.cpp:256 
 with error DXGI_ERROR_DEVICE_REMOVED DXGI_ERROR_DEVICE_HUNG
[2020.06.09-10.30.02:333][955]LogD3D11RHI: [Aftermath] GDynamicRHI=00000275489400C0, GDX11NVAfterMathEnabled=0, Result=0xFFFFFFFF, bDeviceActive=0
[2020.06.09-10.30.02:333][955]LogWindows: Windows GetLastError: 작업을 완료했습니다. (0)
[2020.06.09-10.30.18:750][955]LogOutputDevice: Warning: 

Script Stack (0 frames):

[2020.06.09-10.30.18:750][955]LogWindows: Windows GetLastError: 작업을 완료했습니다. (0)
[2020.06.09-10.30.18:750][955]LogWindows: Error: === Critical error: ===
[2020.06.09-10.30.18:750][955]LogWindows: Error: 
[2020.06.09-10.30.18:750][955]LogWindows: Error: Fatal error: [File:D:/Build/++UE4/Sync/Engine/Source/Runtime/RenderCore/Private/RenderingThread.cpp] [Line: 836] 
[2020.06.09-10.30.18:750][955]LogWindows: Error: Rendering thread exception:
[2020.06.09-10.30.18:750][955]LogWindows: Error: Fatal error: [File:D:/Build/++UE4/Sync/Engine/Source/Runtime/Windows/D3D11RHI/Private/D3D11Util.cpp] [Line: 198] 
[2020.06.09-10.30.18:750][955]LogWindows: Error: Unreal Engine is exiting due to D3D device being lost. (Error: 0x887A0006 - 'HUNG')
[2020.06.09-10.30.18:750][955]LogWindows: Error: 
[2020.06.09-10.30.18:750][955]LogWindows: Error: 
[2020.06.09-10.30.18:750][955]LogWindows: Error: Unhandled Exception: 0x00008000
[2020.06.09-10.30.18:750][955]LogWindows: Error: 
[2020.06.09-10.30.18:750][955]LogWindows: Error: [Callstack] 0x00007ff8523aa799 KERNELBASE.dll!UnknownFunction []
[2020.06.09-10.30.18:750][955]LogWindows: Error: [Callstack] 0x00007fffead6baa7 UE4Editor-Core.dll!ReportGPUCrash() [d:\build\++ue4\sync\engine\source\runtime\core\private\windows\windowsplatformcrashcontext.cpp:593]
[2020.06.09-10.30.18:750][955]LogWindows: Error: [Callstack] 0x00007fffead6cbbd UE4Editor-Core.dll!FWindowsErrorOutputDevice::Serialize() [d:\build\++ue4\sync\engine\source\runtime\core\private\windows\windowserroroutputdevice.cpp:74]
[2020.06.09-10.30.18:750][955]LogWindows: Error: [Callstack] 0x00007fffeab61ada UE4Editor-Core.dll!FOutputDevice::LogfImpl() [d:\build\++ue4\sync\engine\source\runtime\core\private\misc\outputdevice.cpp:71]
[2020.06.09-10.30.18:750][955]LogWindows: Error: [Callstack] 0x00007fffeaab67a3 UE4Editor-Core.dll!AssertFailedImplV() [d:\build\++ue4\sync\engine\source\runtime\core\private\misc\assertionmacros.cpp:101]
[2020.06.09-10.30.18:750][955]LogWindows: Error: [Callstack] 0x00007fffeaab6688 UE4Editor-Core.dll!FDebug::AssertFailed() [d:\build\++ue4\sync\engine\source\runtime\core\private\misc\assertionmacros.cpp:455]
[2020.06.09-10.30.18:750][955]LogWindows: Error: [Callstack] 0x00007fffe2a2cfa6 UE4Editor-D3D11RHI.dll!TerminateOnDeviceRemoved() [d:\build\++ue4\sync\engine\source\runtime\windows\d3d11rhi\private\d3d11util.cpp:198]
[2020.06.09-10.30.18:750][955]LogWindows: Error: [Callstack] 0x00007fffe2a31600 UE4Editor-D3D11RHI.dll!VerifyD3D11Result() [d:\build\++ue4\sync\engine\source\runtime\windows\d3d11rhi\private\d3d11util.cpp:247]
[2020.06.09-10.30.18:750][955]LogWindows: Error: [Callstack] 0x00007fffe29fef26 UE4Editor-D3D11RHI.dll!CreateD3D11ShaderResourceViewOnBuffer() [d:\build\++ue4\sync\engine\source\runtime\windows\d3d11rhi\private\d3d11uav.cpp:259]
[2020.06.09-10.30.18:751][955]LogWindows: Error: [Callstack] 0x00007fffe2a18a2d UE4Editor-D3D11RHI.dll!FD3D11DynamicRHI::RHICreateShaderResourceView() [d:\build\++ue4\sync\engine\source\runtime\windows\d3d11rhi\private\d3d11uav.cpp:274]
[2020.06.09-10.30.18:751][955]LogWindows: Error: [Callstack] 0x00007fffe2a0022f UE4Editor-D3D11RHI.dll!FD3D11DynamicRHI::CreateShaderResourceView_RenderThread() [d:\build\++ue4\sync\engine\source\runtime\windows\d3d11rhi\private\d3d11uav.cpp:283]
[2020.06.09-10.30.18:751][955]LogWindows: Error: [Callstack] 0x00007fffedd7c68c UE4Editor-Engine.dll!FPositionVertexBuffer::InitRHI() [d:\build\++ue4\sync\engine\source\runtime\engine\private\positionvertexbuffer.cpp:238]
[2020.06.09-10.30.18:751][955]LogWindows: Error: [Callstack] 0x00007fffed495634 UE4Editor-Engine.dll!<lambda_eded8480f9370596c107060619f6e113>::operator()() [d:\build\++ue4\sync\engine\source\runtime\engine\private\components\materialbillboardcomponent.cpp:244]
[2020.06.09-10.30.18:751][955]LogWindows: Error: [Callstack] 0x00007fffed4b54a7 UE4Editor-Engine.dll!FMaterialSpriteSceneProxy::GetDynamicMeshElements() [d:\build\++ue4\sync\engine\source\runtime\engine\private\components\materialbillboardcomponent.cpp:240]
[2020.06.09-10.30.18:751][955]LogWindows: Error: [Callstack] 0x00007fffe4c4cef6 UE4Editor-Renderer.dll!FSceneRenderer::GatherDynamicMeshElements() [d:\build\++ue4\sync\engine\source\runtime\renderer\private\scenevisibility.cpp:2810]
[2020.06.09-10.30.18:751][955]LogWindows: Error: [Callstack] 0x00007fffe4c3e6fe UE4Editor-Renderer.dll!FSceneRenderer::ComputeViewVisibility() [d:\build\++ue4\sync\engine\source\runtime\renderer\private\scenevisibility.cpp:3872]
[2020.06.09-10.30.18:751][955]LogWindows: Error: [Callstack] 0x00007fffe4c52759 UE4Editor-Renderer.dll!FDeferredShadingSceneRenderer::InitViews() [d:\build\++ue4\sync\engine\source\runtime\renderer\private\scenevisibility.cpp:4160]
[2020.06.09-10.30.18:751][955]LogWindows: Error: [Callstack] 0x00007fffe47598ec UE4Editor-Renderer.dll!FDeferredShadingSceneRenderer::Render() [d:\build\++ue4\sync\engine\source\runtime\renderer\private\deferredshadingrenderer.cpp:934]
[2020.06.09-10.30.18:751][955]LogWindows: Error: [Callstack] 0x00007fffe4be2449 UE4Editor-Renderer.dll!RenderViewFamily_RenderThread() [d:\build\++ue4\sync\engine\source\runtime\renderer\private\scenerendering.cpp:3242]
[2020.06.09-10.30.18:751][955]LogWindows: Error: [Callstack] 0x00007fffe4bbe4c1 UE4Editor-Renderer.dll!TGraphTask<TEnqueueUniqueRenderCommandType<`FRendererModule::BeginRenderingViewFamily'::`27'::FDrawSceneCommandName,<lambda_98974a148448e2faeb6b39d7ee44228d> > >::ExecuteTask() [d:\build\++ue4\sync\engine\source\runtime\core\public\async\taskgraphinterfaces.h:847]
[2020.06.09-10.30.18:751][955]LogWindows: Error: [Callstack] 0x00007fffea934e4a UE4Editor-Core.dll!FNamedTaskThread::ProcessTasksNamedThread() [d:\build\++ue4\sync\engine\source\runtime\core\private\async\taskgraph.cpp:686]
[2020.06.09-10.30.18:751][955]LogWindows: Error: [Callstack] 0x00007fffea9351f3 UE4Editor-Core.dll!FNamedTaskThread::ProcessTasksUntilQuit() [d:\build\++ue4\sync\engine\source\runtime\core\private\async\taskgraph.cpp:583]
[2020.06.09-10.30.18:751][955]LogWindows: Error: [Callstack] 0x0
[2020.06.09-10.30.18:751][955]LogWindows: Error: 
[2020.06.09-10.30.18:751][955]LogWindows: Error: 
[2020.06.09-10.30.18:764][955]LogExit: Executing StaticShutdownAfterError
[2020.06.09-10.30.18:768][955]LogWindows: FPlatformMisc::RequestExit(1)
[2020.06.09-10.30.18:780][955]Log file closed, 06/09/20 19:30:18
