Log file open, 06/07/20 16:39:28
LogWindows: Failed to load 'aqProf.dll' (GetLastError=126)
LogWindows: File 'aqProf.dll' does not exist
LogWindows: Failed to load 'VtuneApi.dll' (GetLastError=126)
LogWindows: File 'VtuneApi.dll' does not exist
LogWindows: Failed to load 'VtuneApi32e.dll' (GetLastError=126)
LogWindows: File 'VtuneApi32e.dll' does not exist
LogConsoleResponse: Display: Failed to find resolution value strings in scalability ini. Falling back to default.
LogInit: Display: Running engine for game: IK2
LogPlatformFile: Not using cached read wrapper
LogTaskGraph: Started task graph with 5 named threads and 14 total threads with 3 sets of task threads.
LogStats: Stats thread started at 0.134610
LogD3D11RHI: Loaded GFSDK_Aftermath_Lib.x64.dll
LogICUInternationalization: ICU TimeZone Detection - Raw Offset: +9:00, Platform Override: ''
LogPluginManager: Mounting plugin Paper2D
LogPluginManager: Mounting plugin AISupport
LogPluginManager: Mounting plugin LightPropagationVolume
LogPluginManager: Mounting plugin ActorLayerUtilities
LogPluginManager: Mounting plugin AnimationSharing
LogPluginManager: Mounting plugin CLionSourceCodeAccess
LogPluginManager: Mounting plugin CodeLiteSourceCodeAccess
LogPluginManager: Mounting plugin GitSourceControl
LogPluginManager: Mounting plugin KDevelopSourceCodeAccess
LogPluginManager: Mounting plugin NullSourceCodeAccess
LogPluginManager: Mounting plugin PerforceSourceControl
LogPluginManager: Mounting plugin SubversionSourceControl
LogPluginManager: Mounting plugin UObjectPlugin
LogPluginManager: Mounting plugin VisualStudioCodeSourceCodeAccess
LogPluginManager: Mounting plugin VisualStudioSourceCodeAccess
LogPluginManager: Mounting plugin XCodeSourceCodeAccess
LogPluginManager: Mounting plugin AssetManagerEditor
LogPluginManager: Mounting plugin CryptoKeys
LogPluginManager: Mounting plugin CurveEditorTools
LogPluginManager: Mounting plugin DataValidation
LogPluginManager: Mounting plugin FacialAnimation
LogPluginManager: Mounting plugin GameplayTagsEditor
LogPluginManager: Mounting plugin MacGraphicsSwitching
LogPluginManager: Mounting plugin MaterialAnalyzer
LogPluginManager: Mounting plugin MobileLauncherProfileWizard
LogPluginManager: Mounting plugin PluginBrowser
LogPluginManager: Mounting plugin SpeedTreeImporter
LogPluginManager: Mounting plugin DatasmithContent
LogPluginManager: Mounting plugin VariantManagerContent
LogPluginManager: Mounting plugin AlembicImporter
LogPluginManager: Mounting plugin AutomationUtils
LogPluginManager: Mounting plugin BackChannel
LogPluginManager: Mounting plugin CharacterAI
LogPluginManager: Mounting plugin GeometryCache
LogPluginManager: Mounting plugin HTML5Networking
LogPluginManager: Mounting plugin PlatformCrypto
LogPluginManager: Mounting plugin ProxyLODPlugin
LogPluginManager: Mounting plugin SkeletalReduction
LogPluginManager: Mounting plugin MagicLeap
LogPluginManager: Mounting plugin MagicLeapMedia
LogPluginManager: Mounting plugin AndroidMedia
LogPluginManager: Mounting plugin AvfMedia
LogPluginManager: Mounting plugin ImgMedia
LogPluginManager: Mounting plugin MediaCompositing
LogPluginManager: Mounting plugin MediaPlayerEditor
LogPluginManager: Mounting plugin WebMMedia
LogPluginManager: Mounting plugin WmfMedia
LogPluginManager: Mounting plugin TcpMessaging
LogPluginManager: Mounting plugin UdpMessaging
LogPluginManager: Mounting plugin ActorSequence
LogPluginManager: Mounting plugin LevelSequenceEditor
LogPluginManager: Mounting plugin MatineeToLevelSequence
LogPluginManager: Mounting plugin NetcodeUnitTest
LogPluginManager: Mounting plugin NUTUnrealEngine4
LogPluginManager: Mounting plugin OnlineSubsystemGooglePlay
LogPluginManager: Mounting plugin OnlineSubsystemIOS
LogPluginManager: Mounting plugin OnlineSubsystem
LogPluginManager: Mounting plugin OnlineSubsystemNull
LogPluginManager: Mounting plugin OnlineSubsystemUtils
LogPluginManager: Mounting plugin LauncherChunkInstaller
LogPluginManager: Mounting plugin AndroidDeviceProfileSelector
LogPluginManager: Mounting plugin AndroidMoviePlayer
LogPluginManager: Mounting plugin AndroidPermission
LogPluginManager: Mounting plugin AppleImageUtils
LogPluginManager: Mounting plugin AppleMoviePlayer
LogPluginManager: Mounting plugin ArchVisCharacter
LogPluginManager: Mounting plugin AudioCapture
LogPluginManager: Mounting plugin CableComponent
LogPluginManager: Mounting plugin CustomMeshComponent
LogPluginManager: Mounting plugin EditableMesh
LogPluginManager: Mounting plugin ExampleDeviceProfileSelector
LogPluginManager: Mounting plugin GoogleCloudMessaging
LogPluginManager: Mounting plugin IOSDeviceProfileSelector
LogPluginManager: Mounting plugin LinuxDeviceProfileSelector
LogPluginManager: Mounting plugin LocationServicesBPLibrary
LogPluginManager: Mounting plugin MobilePatchingUtils
LogPluginManager: Mounting plugin OculusVR
LogPluginManager: Mounting plugin PhysXVehicles
LogPluginManager: Mounting plugin ProceduralMeshComponent
LogPluginManager: Mounting plugin RuntimePhysXCooking
LogPluginManager: Mounting plugin SignificanceManager
LogPluginManager: Mounting plugin SteamVR
LogPluginManager: Mounting plugin WebMMoviePlayer
LogPluginManager: Mounting plugin WindowsMoviePlayer
LogPluginManager: Mounting plugin ScreenshotTools
LogInit: Using libcurl 7.55.1-DEV
LogInit:  - built for x86_64-pc-win32
LogInit:  - supports SSL with OpenSSL/1.1.1
LogInit:  - supports HTTP deflate (compression) using libz 1.2.8
LogInit:  - other features:
LogInit:      CURL_VERSION_SSL
LogInit:      CURL_VERSION_LIBZ
LogInit:      CURL_VERSION_IPV6
LogInit:      CURL_VERSION_ASYNCHDNS
LogInit:      CURL_VERSION_LARGEFILE
LogInit:      CURL_VERSION_IDN
LogInit:  CurlRequestOptions (configurable via config and command line):
LogInit:  - bVerifyPeer = true  - Libcurl will verify peer certificate
LogInit:  - bUseHttpProxy = false  - Libcurl will NOT use HTTP proxy
LogInit:  - bDontReuseConnections = false  - Libcurl will reuse connections
LogInit:  - MaxHostConnections = 16  - Libcurl will limit the number of connections to a host
LogInit:  - LocalHostAddr = Default
LogInit:  - BufferSize = 65536
LogOnline: OSS: Creating online subsystem instance for: NULL
LogInit: WinSock: version 1.1 (2.2), MaxSocks=32767, MaxUdp=65467
LogInit: Build: ++UE4+Release-4.23-CL-9631420
LogInit: Engine Version: 4.23.1-9631420+++UE4+Release-4.23
LogInit: Compatible Engine Version: 4.23.0-8386587+++UE4+Release-4.23
LogInit: Net CL: 8386587
LogInit: OS: Windows 10 (Release 1909) (), CPU:         Intel(R) Core(TM) i5-3570 CPU @ 3.40GHz, GPU: AMD Radeon HD 7800 Series
LogInit: Compiled (64-bit): Oct 18 2019 02:07:44
LogInit: Compiled with Visual C++: 19.16.27030.01
LogInit: Build Configuration: DebugGame
LogInit: Branch Name: ++UE4+Release-4.23
LogInit: Command Line:  -skipcompile
LogInit: Base Directory: C:/Program Files/Epic Games/UE_4.23/Engine/Binaries/Win64/
LogInit: Installed Engine Build: 1
LogDevObjectVersion: Number of dev versions registered: 23
LogDevObjectVersion:   Dev-Blueprints (B0D832E4-1F89-4F0D-ACCF-7EB736FD4AA2): 10
LogDevObjectVersion:   Dev-Build (E1C64328-A22C-4D53-A36C-8E866417BD8C): 0
LogDevObjectVersion:   Dev-Core (375EC13C-06E4-48FB-B500-84F0262A717E): 3
LogDevObjectVersion:   Dev-Editor (E4B068ED-F494-42E9-A231-DA0B2E46BB41): 34
LogDevObjectVersion:   Dev-Framework (CFFC743F-43B0-4480-9391-14DF171D2073): 35
LogDevObjectVersion:   Dev-Mobile (B02B49B5-BB20-44E9-A304-32B752E40360): 2
LogDevObjectVersion:   Dev-Networking (A4E4105C-59A1-49B5-A7C5-40C4547EDFEE): 0
LogDevObjectVersion:   Dev-Online (39C831C9-5AE6-47DC-9A44-9C173E1C8E7C): 0
LogDevObjectVersion:   Dev-Physics (78F01B33-EBEA-4F98-B9B4-84EACCB95AA2): 0
LogDevObjectVersion:   Dev-Platform (6631380F-2D4D-43E0-8009-CF276956A95A): 0
LogDevObjectVersion:   Dev-Rendering (12F88B9F-8875-4AFC-A67C-D90C383ABD29): 31
LogDevObjectVersion:   Dev-Sequencer (7B5AE74C-D270-4C10-A958-57980B212A5A): 11
LogDevObjectVersion:   Dev-VR (D7296918-1DD6-4BDD-9DE2-64A83CC13884): 2
LogDevObjectVersion:   Dev-LoadTimes (C2A15278-BFE7-4AFE-6C17-90FF531DF755): 1
LogDevObjectVersion:   Private-Geometry (6EACA3D4-40EC-4CC1-B786-8BED09428FC5): 3
LogDevObjectVersion:   Dev-AnimPhys (29E575DD-E0A3-4627-9D10-D276232CDCEA): 17
LogDevObjectVersion:   Dev-Anim (AF43A65D-7FD3-4947-9873-3E8ED9C1BB05): 2
LogDevObjectVersion:   Dev-ReflectionCapture (6B266CEC-1EC7-4B8F-A30B-E4D90942FC07): 1
LogDevObjectVersion:   Dev-Automation (0DF73D61-A23F-47EA-B727-89E90C41499A): 1
LogDevObjectVersion:   FortniteMain (601D1886-AC64-4F84-AA16-D3DE0DEAC7D6): 27
LogDevObjectVersion:   Dev-Enterprise (9DFFBCD6-494F-0158-E221-12823C92A888): 6
LogDevObjectVersion:   Dev-Niagara (F2AED0AC-9AFE-416F-8664-AA7FFA26D6FC): 1
LogDevObjectVersion:   Dev-Destruction (174F1F0B-B4C6-45A5-B13F-2EE8D0FB917D): 9
LogInit: Presizing for max 16777216 objects, including 0 objects not considered by GC, pre-allocating 0 bytes for permanent pool.
LogInit: Object subsystem initialized
LogConfig: Setting CVar [[con.DebugEarlyDefault:1]]
LogConfig: Setting CVar [[r.setres:1280x720]]
[2020.06.07-07.39.28:618][  0]LogConfig: Setting CVar [[r.VSync:0]]
[2020.06.07-07.39.28:618][  0]LogConfig: Setting CVar [[r.RHICmdBypass:0]]
[2020.06.07-07.39.28:618][  0]LogConfig: Applying CVar settings from Section [/Script/Engine.RendererSettings] File [D:/UE4Practice/IK2/Saved/Config/Windows/Engine.ini]
[2020.06.07-07.39.28:618][  0]LogConfig: Setting CVar [[r.GPUCrashDebugging:0]]
[2020.06.07-07.39.28:618][  0]LogConfig: Applying CVar settings from Section [/Script/Engine.RendererOverrideSettings] File [D:/UE4Practice/IK2/Saved/Config/Windows/Engine.ini]
[2020.06.07-07.39.28:618][  0]LogConfig: Applying CVar settings from Section [/Script/Engine.StreamingSettings] File [D:/UE4Practice/IK2/Saved/Config/Windows/Engine.ini]
[2020.06.07-07.39.28:618][  0]LogConfig: Setting CVar [[s.MinBulkDataSizeForAsyncLoading:131072]]
[2020.06.07-07.39.28:618][  0]LogConfig: Setting CVar [[s.AsyncLoadingThreadEnabled:0]]
[2020.06.07-07.39.28:618][  0]LogConfig: Setting CVar [[s.EventDrivenLoaderEnabled:1]]
[2020.06.07-07.39.28:618][  0]LogConfig: Setting CVar [[s.WarnIfTimeLimitExceeded:0]]
[2020.06.07-07.39.28:618][  0]LogConfig: Setting CVar [[s.TimeLimitExceededMultiplier:1.5]]
[2020.06.07-07.39.28:618][  0]LogConfig: Setting CVar [[s.TimeLimitExceededMinTime:0.005]]
[2020.06.07-07.39.28:618][  0]LogConfig: Setting CVar [[s.UseBackgroundLevelStreaming:1]]
[2020.06.07-07.39.28:618][  0]LogConfig: Setting CVar [[s.PriorityAsyncLoadingExtraTime:15.0]]
[2020.06.07-07.39.28:618][  0]LogConfig: Setting CVar [[s.LevelStreamingActorsUpdateTimeLimit:5.0]]
[2020.06.07-07.39.28:618][  0]LogConfig: Setting CVar [[s.PriorityLevelStreamingActorsUpdateExtraTime:5.0]]
[2020.06.07-07.39.28:619][  0]LogConfig: Setting CVar [[s.LevelStreamingComponentsRegistrationGranularity:10]]
[2020.06.07-07.39.28:619][  0]LogConfig: Setting CVar [[s.UnregisterComponentsTimeLimit:1.0]]
[2020.06.07-07.39.28:619][  0]LogConfig: Setting CVar [[s.LevelStreamingComponentsUnregistrationGranularity:5]]
[2020.06.07-07.39.28:619][  0]LogConfig: Applying CVar settings from Section [/Script/Engine.GarbageCollectionSettings] File [D:/UE4Practice/IK2/Saved/Config/Windows/Engine.ini]
[2020.06.07-07.39.28:619][  0]LogConfig: Setting CVar [[gc.MaxObjectsNotConsideredByGC:1]]
[2020.06.07-07.39.28:619][  0]LogConfig: Setting CVar [[gc.SizeOfPermanentObjectPool:0]]
[2020.06.07-07.39.28:619][  0]LogConfig: Setting CVar [[gc.FlushStreamingOnGC:0]]
[2020.06.07-07.39.28:619][  0]LogConfig: Setting CVar [[gc.NumRetriesBeforeForcingGC:10]]
[2020.06.07-07.39.28:619][  0]LogConfig: Setting CVar [[gc.AllowParallelGC:1]]
[2020.06.07-07.39.28:619][  0]LogConfig: Setting CVar [[gc.TimeBetweenPurgingPendingKillObjects:61.1]]
[2020.06.07-07.39.28:619][  0]LogConfig: Setting CVar [[gc.MaxObjectsInEditor:16777216]]
[2020.06.07-07.39.28:619][  0]LogConfig: Setting CVar [[gc.IncrementalBeginDestroyEnabled:1]]
[2020.06.07-07.39.28:619][  0]LogConfig: Setting CVar [[gc.CreateGCClusters:1]]
[2020.06.07-07.39.28:619][  0]LogConfig: Setting CVar [[gc.MinGCClusterSize:5]]
[2020.06.07-07.39.28:619][  0]LogConfig: Setting CVar [[gc.ActorClusteringEnabled:0]]
[2020.06.07-07.39.28:619][  0]LogConfig: Setting CVar [[gc.BlueprintClusteringEnabled:0]]
[2020.06.07-07.39.28:619][  0]LogConfig: Setting CVar [[gc.UseDisregardForGCOnDedicatedServers:0]]
[2020.06.07-07.39.28:619][  0]LogConfig: Applying CVar settings from Section [/Script/Engine.NetworkSettings] File [D:/UE4Practice/IK2/Saved/Config/Windows/Engine.ini]
[2020.06.07-07.39.28:619][  0]LogConfig: Applying CVar settings from Section [/Script/UnrealEd.CookerSettings] File [D:/UE4Practice/IK2/Saved/Config/Windows/Engine.ini]
[2020.06.07-07.39.28:629][  0]LogConfig: Applying CVar settings from Section [ViewDistanceQuality@3] File [D:/UE4Practice/IK2/Saved/Config/Windows/Scalability.ini]
[2020.06.07-07.39.28:629][  0]LogConfig: Setting CVar [[r.SkeletalMeshLODBias:0]]
[2020.06.07-07.39.28:629][  0]LogConfig: Setting CVar [[r.ViewDistanceScale:1.0]]
[2020.06.07-07.39.28:630][  0]LogConfig: Applying CVar settings from Section [AntiAliasingQuality@3] File [D:/UE4Practice/IK2/Saved/Config/Windows/Scalability.ini]
[2020.06.07-07.39.28:630][  0]LogConfig: Setting CVar [[r.PostProcessAAQuality:4]]
[2020.06.07-07.39.28:630][  0]LogConfig: Applying CVar settings from Section [ShadowQuality@3] File [D:/UE4Practice/IK2/Saved/Config/Windows/Scalability.ini]
[2020.06.07-07.39.28:630][  0]LogConfig: Setting CVar [[r.LightFunctionQuality:1]]
[2020.06.07-07.39.28:630][  0]LogConfig: Setting CVar [[r.ShadowQuality:5]]
[2020.06.07-07.39.28:630][  0]LogConfig: Setting CVar [[r.Shadow.CSM.MaxCascades:10]]
[2020.06.07-07.39.28:630][  0]LogConfig: Setting CVar [[r.Shadow.MaxResolution:2048]]
[2020.06.07-07.39.28:630][  0]LogConfig: Setting CVar [[r.Shadow.MaxCSMResolution:2048]]
[2020.06.07-07.39.28:630][  0]LogConfig: Setting CVar [[r.Shadow.RadiusThreshold:0.01]]
[2020.06.07-07.39.28:630][  0]LogConfig: Setting CVar [[r.Shadow.DistanceScale:1.0]]
[2020.06.07-07.39.28:630][  0]LogConfig: Setting CVar [[r.Shadow.CSM.TransitionScale:1.0]]
[2020.06.07-07.39.28:630][  0]LogConfig: Setting CVar [[r.Shadow.PreShadowResolutionFactor:1.0]]
[2020.06.07-07.39.28:630][  0]LogConfig: Setting CVar [[r.DistanceFieldShadowing:1]]
[2020.06.07-07.39.28:630][  0]LogConfig: Setting CVar [[r.DistanceFieldAO:1]]
[2020.06.07-07.39.28:630][  0]LogConfig: Setting CVar [[r.AOQuality:2]]
[2020.06.07-07.39.28:630][  0]LogConfig: Setting CVar [[r.VolumetricFog:1]]
[2020.06.07-07.39.28:630][  0]LogConfig: Setting CVar [[r.VolumetricFog.GridPixelSize:8]]
[2020.06.07-07.39.28:630][  0]LogConfig: Setting CVar [[r.VolumetricFog.GridSizeZ:128]]
[2020.06.07-07.39.28:630][  0]LogConfig: Setting CVar [[r.VolumetricFog.HistoryMissSupersampleCount:4]]
[2020.06.07-07.39.28:630][  0]LogConfig: Setting CVar [[r.LightMaxDrawDistanceScale:1]]
[2020.06.07-07.39.28:630][  0]LogConfig: Setting CVar [[r.CapsuleShadows:1]]
[2020.06.07-07.39.28:630][  0]LogConfig: Applying CVar settings from Section [PostProcessQuality@3] File [D:/UE4Practice/IK2/Saved/Config/Windows/Scalability.ini]
[2020.06.07-07.39.28:630][  0]LogConfig: Setting CVar [[r.MotionBlurQuality:4]]
[2020.06.07-07.39.28:630][  0]LogConfig: Setting CVar [[r.AmbientOcclusionMipLevelFactor:0.4]]
[2020.06.07-07.39.28:630][  0]LogConfig: Setting CVar [[r.AmbientOcclusionMaxQuality:100]]
[2020.06.07-07.39.28:631][  0]LogConfig: Setting CVar [[r.AmbientOcclusionLevels:-1]]
[2020.06.07-07.39.28:631][  0]LogConfig: Setting CVar [[r.AmbientOcclusionRadiusScale:1.0]]
[2020.06.07-07.39.28:631][  0]LogConfig: Setting CVar [[r.DepthOfFieldQuality:2]]
[2020.06.07-07.39.28:631][  0]LogConfig: Setting CVar [[r.RenderTargetPoolMin:400]]
[2020.06.07-07.39.28:631][  0]LogConfig: Setting CVar [[r.LensFlareQuality:2]]
[2020.06.07-07.39.28:631][  0]LogConfig: Setting CVar [[r.SceneColorFringeQuality:1]]
[2020.06.07-07.39.28:631][  0]LogConfig: Setting CVar [[r.EyeAdaptationQuality:2]]
[2020.06.07-07.39.28:631][  0]LogConfig: Setting CVar [[r.BloomQuality:5]]
[2020.06.07-07.39.28:631][  0]LogConfig: Setting CVar [[r.FastBlurThreshold:100]]
[2020.06.07-07.39.28:631][  0]LogConfig: Setting CVar [[r.Upscale.Quality:3]]
[2020.06.07-07.39.28:631][  0]LogConfig: Setting CVar [[r.Tonemapper.GrainQuantization:1]]
[2020.06.07-07.39.28:631][  0]LogConfig: Setting CVar [[r.LightShaftQuality:1]]
[2020.06.07-07.39.28:631][  0]LogConfig: Setting CVar [[r.Filter.SizeScale:1]]
[2020.06.07-07.39.28:631][  0]LogConfig: Setting CVar [[r.Tonemapper.Quality:5]]
[2020.06.07-07.39.28:631][  0]LogConfig: Setting CVar [[r.DOF.Gather.AccumulatorQuality:1        ; higher gathering accumulator quality]]
[2020.06.07-07.39.28:631][  0]LogConfig: Setting CVar [[r.DOF.Gather.PostfilterMethod:1          ; Median3x3 postfilering method]]
[2020.06.07-07.39.28:631][  0]LogConfig: Setting CVar [[r.DOF.Gather.EnableBokehSettings:0       ; no bokeh simulation when gathering]]
[2020.06.07-07.39.28:631][  0]LogConfig: Setting CVar [[r.DOF.Gather.RingCount:4                 ; medium number of samples when gathering]]
[2020.06.07-07.39.28:631][  0]LogConfig: Setting CVar [[r.DOF.Scatter.ForegroundCompositing:1    ; additive foreground scattering]]
[2020.06.07-07.39.28:631][  0]LogConfig: Setting CVar [[r.DOF.Scatter.BackgroundCompositing:2    ; additive background scattering]]
[2020.06.07-07.39.28:631][  0]LogConfig: Setting CVar [[r.DOF.Scatter.EnableBokehSettings:1      ; bokeh simulation when scattering]]
[2020.06.07-07.39.28:631][  0]LogConfig: Setting CVar [[r.DOF.Scatter.MaxSpriteRatio:0.1         ; only a maximum of 10% of scattered bokeh]]
[2020.06.07-07.39.28:631][  0]LogConfig: Setting CVar [[r.DOF.Recombine.Quality:1                ; cheap slight out of focus]]
[2020.06.07-07.39.28:631][  0]LogConfig: Setting CVar [[r.DOF.Recombine.EnableBokehSettings:0    ; no bokeh simulation on slight out of focus]]
[2020.06.07-07.39.28:631][  0]LogConfig: Setting CVar [[r.DOF.TemporalAAQuality:1                ; more stable temporal accumulation]]
[2020.06.07-07.39.28:631][  0]LogConfig: Setting CVar [[r.DOF.Kernel.MaxForegroundRadius:0.025]]
[2020.06.07-07.39.28:631][  0]LogConfig: Setting CVar [[r.DOF.Kernel.MaxBackgroundRadius:0.025]]
[2020.06.07-07.39.28:632][  0]LogConfig: Applying CVar settings from Section [TextureQuality@3] File [D:/UE4Practice/IK2/Saved/Config/Windows/Scalability.ini]
[2020.06.07-07.39.28:632][  0]LogConfig: Setting CVar [[r.Streaming.MipBias:0]]
[2020.06.07-07.39.28:632][  0]LogConfig: Setting CVar [[r.Streaming.AmortizeCPUToGPUCopy:0]]
[2020.06.07-07.39.28:632][  0]LogConfig: Setting CVar [[r.Streaming.MaxNumTexturesToStreamPerFrame:0]]
[2020.06.07-07.39.28:632][  0]LogConfig: Setting CVar [[r.Streaming.Boost:1]]
[2020.06.07-07.39.28:632][  0]LogConfig: Setting CVar [[r.MaxAnisotropy:8]]
[2020.06.07-07.39.28:632][  0]LogConfig: Setting CVar [[r.Streaming.LimitPoolSizeToVRAM:0]]
[2020.06.07-07.39.28:632][  0]LogConfig: Setting CVar [[r.Streaming.PoolSize:1000]]
[2020.06.07-07.39.28:632][  0]LogConfig: Setting CVar [[r.Streaming.MaxEffectiveScreenSize:0]]
[2020.06.07-07.39.28:632][  0]LogConfig: Applying CVar settings from Section [EffectsQuality@3] File [D:/UE4Practice/IK2/Saved/Config/Windows/Scalability.ini]
[2020.06.07-07.39.28:632][  0]LogConfig: Setting CVar [[r.TranslucencyLightingVolumeDim:64]]
[2020.06.07-07.39.28:632][  0]LogConfig: Setting CVar [[r.RefractionQuality:2]]
[2020.06.07-07.39.28:632][  0]LogConfig: Setting CVar [[r.SSR.Quality:3]]
[2020.06.07-07.39.28:632][  0]LogConfig: Setting CVar [[r.SceneColorFormat:4]]
[2020.06.07-07.39.28:632][  0]LogConfig: Setting CVar [[r.DetailMode:2]]
[2020.06.07-07.39.28:632][  0]LogConfig: Setting CVar [[r.TranslucencyVolumeBlur:1]]
[2020.06.07-07.39.28:632][  0]LogConfig: Setting CVar [[r.MaterialQualityLevel:1 ; High quality]]
[2020.06.07-07.39.28:632][  0]LogConfig: Setting CVar [[r.SSS.Scale:1]]
[2020.06.07-07.39.28:632][  0]LogConfig: Setting CVar [[r.SSS.SampleSet:2]]
[2020.06.07-07.39.28:632][  0]LogConfig: Setting CVar [[r.SSS.Quality:1]]
[2020.06.07-07.39.28:632][  0]LogConfig: Setting CVar [[r.SSS.HalfRes:1]]
[2020.06.07-07.39.28:632][  0]LogConfig: Setting CVar [[r.EmitterSpawnRateScale:1.0]]
[2020.06.07-07.39.28:632][  0]LogConfig: Setting CVar [[r.ParticleLightQuality:2]]
[2020.06.07-07.39.28:632][  0]LogConfig: Applying CVar settings from Section [FoliageQuality@3] File [D:/UE4Practice/IK2/Saved/Config/Windows/Scalability.ini]
[2020.06.07-07.39.28:632][  0]LogConfig: Setting CVar [[foliage.DensityScale:1.0]]
[2020.06.07-07.39.28:632][  0]LogConfig: Setting CVar [[grass.DensityScale:1.0]]
[2020.06.07-07.39.28:633][  0]LogInit: Selected Device Profile: [Windows]
[2020.06.07-07.39.28:633][  0]LogInit: Applying CVar settings loaded from the selected device profile: [Windows]
[2020.06.07-07.39.28:637][  0]LogHAL: Display: Platform has ~ 16 GB [17123405824 / 17179869184 / 16], which maps to Larger [LargestMinGB=32, LargerMinGB=12, DefaultMinGB=8, SmallerMinGB=6, SmallestMinGB=0)
[2020.06.07-07.39.28:637][  0]LogInit: Going up to parent DeviceProfile []
[2020.06.07-07.39.28:637][  0]LogConfig: Applying CVar settings from Section [ViewDistanceQuality@3] File [D:/UE4Practice/IK2/Saved/Config/Windows/Scalability.ini]
[2020.06.07-07.39.28:637][  0]LogConfig: Setting CVar [[r.SkeletalMeshLODBias:0]]
[2020.06.07-07.39.28:637][  0]LogConfig: Setting CVar [[r.ViewDistanceScale:1.0]]
[2020.06.07-07.39.28:637][  0]LogConfig: Applying CVar settings from Section [AntiAliasingQuality@3] File [D:/UE4Practice/IK2/Saved/Config/Windows/Scalability.ini]
[2020.06.07-07.39.28:637][  0]LogConfig: Setting CVar [[r.PostProcessAAQuality:4]]
[2020.06.07-07.39.28:637][  0]LogConfig: Applying CVar settings from Section [ShadowQuality@3] File [D:/UE4Practice/IK2/Saved/Config/Windows/Scalability.ini]
[2020.06.07-07.39.28:637][  0]LogConfig: Setting CVar [[r.LightFunctionQuality:1]]
[2020.06.07-07.39.28:637][  0]LogConfig: Setting CVar [[r.ShadowQuality:5]]
[2020.06.07-07.39.28:637][  0]LogConfig: Setting CVar [[r.Shadow.CSM.MaxCascades:10]]
[2020.06.07-07.39.28:637][  0]LogConfig: Setting CVar [[r.Shadow.MaxResolution:2048]]
[2020.06.07-07.39.28:637][  0]LogConfig: Setting CVar [[r.Shadow.MaxCSMResolution:2048]]
[2020.06.07-07.39.28:637][  0]LogConfig: Setting CVar [[r.Shadow.RadiusThreshold:0.01]]
[2020.06.07-07.39.28:637][  0]LogConfig: Setting CVar [[r.Shadow.DistanceScale:1.0]]
[2020.06.07-07.39.28:637][  0]LogConfig: Setting CVar [[r.Shadow.CSM.TransitionScale:1.0]]
[2020.06.07-07.39.28:637][  0]LogConfig: Setting CVar [[r.Shadow.PreShadowResolutionFactor:1.0]]
[2020.06.07-07.39.28:637][  0]LogConfig: Setting CVar [[r.DistanceFieldShadowing:1]]
[2020.06.07-07.39.28:637][  0]LogConfig: Setting CVar [[r.DistanceFieldAO:1]]
[2020.06.07-07.39.28:637][  0]LogConfig: Setting CVar [[r.AOQuality:2]]
[2020.06.07-07.39.28:638][  0]LogConfig: Setting CVar [[r.VolumetricFog:1]]
[2020.06.07-07.39.28:638][  0]LogConfig: Setting CVar [[r.VolumetricFog.GridPixelSize:8]]
[2020.06.07-07.39.28:638][  0]LogConfig: Setting CVar [[r.VolumetricFog.GridSizeZ:128]]
[2020.06.07-07.39.28:638][  0]LogConfig: Setting CVar [[r.VolumetricFog.HistoryMissSupersampleCount:4]]
[2020.06.07-07.39.28:638][  0]LogConfig: Setting CVar [[r.LightMaxDrawDistanceScale:1]]
[2020.06.07-07.39.28:638][  0]LogConfig: Setting CVar [[r.CapsuleShadows:1]]
[2020.06.07-07.39.28:638][  0]LogConfig: Applying CVar settings from Section [PostProcessQuality@3] File [D:/UE4Practice/IK2/Saved/Config/Windows/Scalability.ini]
[2020.06.07-07.39.28:638][  0]LogConfig: Setting CVar [[r.MotionBlurQuality:4]]
[2020.06.07-07.39.28:638][  0]LogConfig: Setting CVar [[r.AmbientOcclusionMipLevelFactor:0.4]]
[2020.06.07-07.39.28:638][  0]LogConfig: Setting CVar [[r.AmbientOcclusionMaxQuality:100]]
[2020.06.07-07.39.28:638][  0]LogConfig: Setting CVar [[r.AmbientOcclusionLevels:-1]]
[2020.06.07-07.39.28:638][  0]LogConfig: Setting CVar [[r.AmbientOcclusionRadiusScale:1.0]]
[2020.06.07-07.39.28:638][  0]LogConfig: Setting CVar [[r.DepthOfFieldQuality:2]]
[2020.06.07-07.39.28:638][  0]LogConfig: Setting CVar [[r.RenderTargetPoolMin:400]]
[2020.06.07-07.39.28:638][  0]LogConfig: Setting CVar [[r.LensFlareQuality:2]]
[2020.06.07-07.39.28:638][  0]LogConfig: Setting CVar [[r.SceneColorFringeQuality:1]]
[2020.06.07-07.39.28:638][  0]LogConfig: Setting CVar [[r.EyeAdaptationQuality:2]]
[2020.06.07-07.39.28:638][  0]LogConfig: Setting CVar [[r.BloomQuality:5]]
[2020.06.07-07.39.28:638][  0]LogConfig: Setting CVar [[r.FastBlurThreshold:100]]
[2020.06.07-07.39.28:638][  0]LogConfig: Setting CVar [[r.Upscale.Quality:3]]
[2020.06.07-07.39.28:638][  0]LogConfig: Setting CVar [[r.Tonemapper.GrainQuantization:1]]
[2020.06.07-07.39.28:638][  0]LogConfig: Setting CVar [[r.LightShaftQuality:1]]
[2020.06.07-07.39.28:638][  0]LogConfig: Setting CVar [[r.Filter.SizeScale:1]]
[2020.06.07-07.39.28:638][  0]LogConfig: Setting CVar [[r.Tonemapper.Quality:5]]
[2020.06.07-07.39.28:638][  0]LogConfig: Setting CVar [[r.DOF.Gather.AccumulatorQuality:1        ; higher gathering accumulator quality]]
[2020.06.07-07.39.28:638][  0]LogConfig: Setting CVar [[r.DOF.Gather.PostfilterMethod:1          ; Median3x3 postfilering method]]
[2020.06.07-07.39.28:638][  0]LogConfig: Setting CVar [[r.DOF.Gather.EnableBokehSettings:0       ; no bokeh simulation when gathering]]
[2020.06.07-07.39.28:639][  0]LogConfig: Setting CVar [[r.DOF.Gather.RingCount:4                 ; medium number of samples when gathering]]
[2020.06.07-07.39.28:639][  0]LogConfig: Setting CVar [[r.DOF.Scatter.ForegroundCompositing:1    ; additive foreground scattering]]
[2020.06.07-07.39.28:639][  0]LogConfig: Setting CVar [[r.DOF.Scatter.BackgroundCompositing:2    ; additive background scattering]]
[2020.06.07-07.39.28:639][  0]LogConfig: Setting CVar [[r.DOF.Scatter.EnableBokehSettings:1      ; bokeh simulation when scattering]]
[2020.06.07-07.39.28:639][  0]LogConfig: Setting CVar [[r.DOF.Scatter.MaxSpriteRatio:0.1         ; only a maximum of 10% of scattered bokeh]]
[2020.06.07-07.39.28:639][  0]LogConfig: Setting CVar [[r.DOF.Recombine.Quality:1                ; cheap slight out of focus]]
[2020.06.07-07.39.28:639][  0]LogConfig: Setting CVar [[r.DOF.Recombine.EnableBokehSettings:0    ; no bokeh simulation on slight out of focus]]
[2020.06.07-07.39.28:639][  0]LogConfig: Setting CVar [[r.DOF.TemporalAAQuality:1                ; more stable temporal accumulation]]
[2020.06.07-07.39.28:639][  0]LogConfig: Setting CVar [[r.DOF.Kernel.MaxForegroundRadius:0.025]]
[2020.06.07-07.39.28:639][  0]LogConfig: Setting CVar [[r.DOF.Kernel.MaxBackgroundRadius:0.025]]
[2020.06.07-07.39.28:639][  0]LogConfig: Applying CVar settings from Section [TextureQuality@3] File [D:/UE4Practice/IK2/Saved/Config/Windows/Scalability.ini]
[2020.06.07-07.39.28:639][  0]LogConfig: Setting CVar [[r.Streaming.MipBias:0]]
[2020.06.07-07.39.28:639][  0]LogConfig: Setting CVar [[r.Streaming.AmortizeCPUToGPUCopy:0]]
[2020.06.07-07.39.28:639][  0]LogConfig: Setting CVar [[r.Streaming.MaxNumTexturesToStreamPerFrame:0]]
[2020.06.07-07.39.28:639][  0]LogConfig: Setting CVar [[r.Streaming.Boost:1]]
[2020.06.07-07.39.28:639][  0]LogConfig: Setting CVar [[r.MaxAnisotropy:8]]
[2020.06.07-07.39.28:639][  0]LogConfig: Setting CVar [[r.Streaming.LimitPoolSizeToVRAM:0]]
[2020.06.07-07.39.28:639][  0]LogConfig: Setting CVar [[r.Streaming.PoolSize:1000]]
[2020.06.07-07.39.28:639][  0]LogConfig: Setting CVar [[r.Streaming.MaxEffectiveScreenSize:0]]
[2020.06.07-07.39.28:639][  0]LogConfig: Applying CVar settings from Section [EffectsQuality@3] File [D:/UE4Practice/IK2/Saved/Config/Windows/Scalability.ini]
[2020.06.07-07.39.28:639][  0]LogConfig: Setting CVar [[r.TranslucencyLightingVolumeDim:64]]
[2020.06.07-07.39.28:639][  0]LogConfig: Setting CVar [[r.RefractionQuality:2]]
[2020.06.07-07.39.28:639][  0]LogConfig: Setting CVar [[r.SSR.Quality:3]]
[2020.06.07-07.39.28:639][  0]LogConfig: Setting CVar [[r.SceneColorFormat:4]]
[2020.06.07-07.39.28:639][  0]LogConfig: Setting CVar [[r.DetailMode:2]]
[2020.06.07-07.39.28:639][  0]LogConfig: Setting CVar [[r.TranslucencyVolumeBlur:1]]
[2020.06.07-07.39.28:640][  0]LogConfig: Setting CVar [[r.MaterialQualityLevel:1 ; High quality]]
[2020.06.07-07.39.28:640][  0]LogConfig: Setting CVar [[r.SSS.Scale:1]]
[2020.06.07-07.39.28:640][  0]LogConfig: Setting CVar [[r.SSS.SampleSet:2]]
[2020.06.07-07.39.28:640][  0]LogConfig: Setting CVar [[r.SSS.Quality:1]]
[2020.06.07-07.39.28:640][  0]LogConfig: Setting CVar [[r.SSS.HalfRes:1]]
[2020.06.07-07.39.28:640][  0]LogConfig: Setting CVar [[r.EmitterSpawnRateScale:1.0]]
[2020.06.07-07.39.28:640][  0]LogConfig: Setting CVar [[r.ParticleLightQuality:2]]
[2020.06.07-07.39.28:640][  0]LogConfig: Applying CVar settings from Section [FoliageQuality@3] File [D:/UE4Practice/IK2/Saved/Config/Windows/Scalability.ini]
[2020.06.07-07.39.28:640][  0]LogConfig: Setting CVar [[foliage.DensityScale:1.0]]
[2020.06.07-07.39.28:640][  0]LogConfig: Setting CVar [[grass.DensityScale:1.0]]
[2020.06.07-07.39.28:640][  0]LogConfig: Applying CVar settings from Section [Startup] File [../../../Engine/Config/ConsoleVariables.ini]
[2020.06.07-07.39.28:640][  0]LogConfig: Setting CVar [[net.UseAdaptiveNetUpdateFrequency:0]]
[2020.06.07-07.39.28:640][  0]LogConfig: Setting CVar [[p.chaos.AllowCreatePhysxBodies:1]]
[2020.06.07-07.39.28:640][  0]LogConfig: Applying CVar settings from Section [ConsoleVariables] File [D:/UE4Practice/IK2/Saved/Config/Windows/Engine.ini]
[2020.06.07-07.39.28:641][  0]LogInit: Computer: DESKTOP-2IHUG0K
[2020.06.07-07.39.28:641][  0]LogInit: User: ACA
[2020.06.07-07.39.28:641][  0]LogInit: CPU Page size=4096, Cores=4
[2020.06.07-07.39.28:641][  0]LogInit: High frequency timer resolution =10.000000 MHz
[2020.06.07-07.39.28:641][  0]LogMemory: Memory total: Physical=15.9GB (16GB approx)
[2020.06.07-07.39.28:641][  0]LogMemory: Platform Memory Stats for Windows
[2020.06.07-07.39.28:641][  0]LogMemory: Process Physical Memory: 100.14 MB used, 100.14 MB peak
[2020.06.07-07.39.28:641][  0]LogMemory: Process Virtual Memory: 87.82 MB used, 87.82 MB peak
[2020.06.07-07.39.28:641][  0]LogMemory: Physical Memory: 6657.30 MB used,  9672.85 MB free, 16330.15 MB total
[2020.06.07-07.39.28:641][  0]LogMemory: Virtual Memory: 4629.41 MB used,  134213096.00 MB free, 134217728.00 MB total
[2020.06.07-07.39.28:645][  0]LogWindows: WindowsPlatformFeatures enabled
[2020.06.07-07.39.28:696][  0]LogInit: Using OS detected language (ko-KR).
[2020.06.07-07.39.28:697][  0]LogInit: Using OS detected locale (ko-KR).
[2020.06.07-07.39.28:699][  0]LogTextLocalizationManager: No specific localization for 'ko-KR' exists, so the 'ko' localization will be used.
[2020.06.07-07.39.28:794][  0]LogInit: Setting process to per monitor DPI aware
[2020.06.07-07.39.28:870][  0]LogSlate: New Slate User Created.  User Index 0, Is Virtual User: 0
[2020.06.07-07.39.28:870][  0]LogSlate: Slate User Registered.  User Index 0, Is Virtual User: 0
[2020.06.07-07.39.29:153][  0]LogHMD: Failed to initialize OpenVR with code 110
[2020.06.07-07.39.29:153][  0]LogD3D11RHI: D3D11 adapters:
[2020.06.07-07.39.29:219][  0]LogD3D11RHI:    0. 'AMD Radeon HD 7800 Series' (Feature Level 11_0)
[2020.06.07-07.39.29:219][  0]LogD3D11RHI:       2027/0/8165 MB DedicatedVideo/DedicatedSystem/SharedSystem, Outputs:1, VendorId:0x1002
[2020.06.07-07.39.29:224][  0]LogD3D11RHI:    1. 'Microsoft Basic Render Driver' (Feature Level 11_0)
[2020.06.07-07.39.29:224][  0]LogD3D11RHI:       0/0/8165 MB DedicatedVideo/DedicatedSystem/SharedSystem, Outputs:0, VendorId:0x1414
[2020.06.07-07.39.29:224][  0]LogD3D11RHI: Chosen D3D11 Adapter: 0
[2020.06.07-07.39.29:230][  0]LogD3D11RHI: Creating new Direct3DDevice
[2020.06.07-07.39.29:230][  0]LogD3D11RHI:     GPU DeviceId: 0x679e (for the marketing name, search the web for "GPU Device Id")
[2020.06.07-07.39.29:230][  0]LogWindows: EnumDisplayDevices:
[2020.06.07-07.39.29:230][  0]LogWindows:    0. 'AMD Radeon HD 7800 Series' (P:1 D:1)
[2020.06.07-07.39.29:231][  0]LogWindows:    1. 'AMD Radeon HD 7800 Series' (P:0 D:0)
[2020.06.07-07.39.29:232][  0]LogWindows:    2. 'AMD Radeon HD 7800 Series' (P:0 D:0)
[2020.06.07-07.39.29:233][  0]LogWindows:    3. 'AMD Radeon HD 7800 Series' (P:0 D:0)
[2020.06.07-07.39.29:234][  0]LogWindows:    4. 'AMD Radeon HD 7800 Series' (P:0 D:0)
[2020.06.07-07.39.29:235][  0]LogWindows:    5. 'AMD Radeon HD 7800 Series' (P:0 D:0)
[2020.06.07-07.39.29:236][  0]LogWindows:    6. 'AMD Radeon HD 7800 Series' (P:0 D:0)
[2020.06.07-07.39.29:237][  0]LogWindows:    7. 'AMD Radeon HD 7800 Series' (P:0 D:0)
[2020.06.07-07.39.29:238][  0]LogWindows: DebugString: FoundDriverCount:8 
[2020.06.07-07.39.29:238][  0]LogD3D11RHI:     Adapter Name: AMD Radeon HD 7800 Series
[2020.06.07-07.39.29:238][  0]LogD3D11RHI:   Driver Version: Adrenalin 2020 20.2.2 (internal:26.20.15019.15019, unified:26.20.15019.15019)
[2020.06.07-07.39.29:238][  0]LogD3D11RHI:      Driver Date: 2-26-2020
[2020.06.07-07.39.29:238][  0]LogRHI: Texture pool is 1419 MB (70% of 2027 MB)
[2020.06.07-07.39.29:307][  0]LogD3D11RHI: Async texture creation enabled
[2020.06.07-07.39.29:318][  0]LogD3D11RHI: GPU Timing Frequency: 27.000000 (Debug: 2 1)
[2020.06.07-07.39.29:745][  0]LogTemp: Display: Module 'AllDesktopTargetPlatform' loaded TargetPlatform 'AllDesktop'
[2020.06.07-07.39.29:762][  0]LogTemp: Display: Module 'MacClientTargetPlatform' loaded TargetPlatform 'MacClient'
[2020.06.07-07.39.29:778][  0]LogTemp: Display: Module 'MacNoEditorTargetPlatform' loaded TargetPlatform 'MacNoEditor'
[2020.06.07-07.39.29:795][  0]LogTemp: Display: Module 'MacServerTargetPlatform' loaded TargetPlatform 'MacServer'
[2020.06.07-07.39.29:812][  0]LogTemp: Display: Module 'MacTargetPlatform' loaded TargetPlatform 'Mac'
[2020.06.07-07.39.29:828][  0]LogTemp: Display: Module 'WindowsClientTargetPlatform' loaded TargetPlatform 'WindowsClient'
[2020.06.07-07.39.29:845][  0]LogTemp: Display: Module 'WindowsNoEditorTargetPlatform' loaded TargetPlatform 'WindowsNoEditor'
[2020.06.07-07.39.29:864][  0]LogTemp: Display: Module 'WindowsServerTargetPlatform' loaded TargetPlatform 'WindowsServer'
[2020.06.07-07.39.29:876][  0]LogTemp: Display: Module 'WindowsTargetPlatform' loaded TargetPlatform 'Windows'
[2020.06.07-07.39.29:915][  0]LogTemp: Display: Module 'AndroidTargetPlatform' loaded TargetPlatform 'Android'
[2020.06.07-07.39.29:915][  0]LogTemp: Display: Module 'AndroidTargetPlatform' loaded TargetPlatform 'Android_ASTC'
[2020.06.07-07.39.29:915][  0]LogTemp: Display: Module 'AndroidTargetPlatform' loaded TargetPlatform 'Android_ATC'
[2020.06.07-07.39.29:915][  0]LogTemp: Display: Module 'AndroidTargetPlatform' loaded TargetPlatform 'Android_DXT'
[2020.06.07-07.39.29:915][  0]LogTemp: Display: Module 'AndroidTargetPlatform' loaded TargetPlatform 'Android_ETC1'
[2020.06.07-07.39.29:915][  0]LogTemp: Display: Module 'AndroidTargetPlatform' loaded TargetPlatform 'Android_ETC1a'
[2020.06.07-07.39.29:915][  0]LogTemp: Display: Module 'AndroidTargetPlatform' loaded TargetPlatform 'Android_ETC2'
[2020.06.07-07.39.29:915][  0]LogTemp: Display: Module 'AndroidTargetPlatform' loaded TargetPlatform 'Android_PVRTC'
[2020.06.07-07.39.29:915][  0]LogTemp: Display: Module 'AndroidTargetPlatform' loaded TargetPlatform 'AndroidClient'
[2020.06.07-07.39.29:915][  0]LogTemp: Display: Module 'AndroidTargetPlatform' loaded TargetPlatform 'Android_ASTCClient'
[2020.06.07-07.39.29:916][  0]LogTemp: Display: Module 'AndroidTargetPlatform' loaded TargetPlatform 'Android_ATCClient'
[2020.06.07-07.39.29:916][  0]LogTemp: Display: Module 'AndroidTargetPlatform' loaded TargetPlatform 'Android_DXTClient'
[2020.06.07-07.39.29:916][  0]LogTemp: Display: Module 'AndroidTargetPlatform' loaded TargetPlatform 'Android_ETC1Client'
[2020.06.07-07.39.29:916][  0]LogTemp: Display: Module 'AndroidTargetPlatform' loaded TargetPlatform 'Android_ETC1aClient'
[2020.06.07-07.39.29:916][  0]LogTemp: Display: Module 'AndroidTargetPlatform' loaded TargetPlatform 'Android_ETC2Client'
[2020.06.07-07.39.29:916][  0]LogTemp: Display: Module 'AndroidTargetPlatform' loaded TargetPlatform 'Android_PVRTCClient'
[2020.06.07-07.39.29:916][  0]LogTemp: Display: Module 'AndroidTargetPlatform' loaded TargetPlatform 'Android_Multi'
[2020.06.07-07.39.29:916][  0]LogTemp: Display: Module 'AndroidTargetPlatform' loaded TargetPlatform 'Android_MultiClient'
[2020.06.07-07.39.29:919][  0]LogTemp: Display: Module 'HTML5TargetPlatform' loaded TargetPlatform 'HTML5'
[2020.06.07-07.39.29:947][  0]LogTemp: Display: Module 'IOSTargetPlatform' loaded TargetPlatform 'IOSClient'
[2020.06.07-07.39.29:947][  0]LogTemp: Display: Module 'IOSTargetPlatform' loaded TargetPlatform 'IOS'
[2020.06.07-07.39.29:966][  0]LogTemp: Display: Module 'TVOSTargetPlatform' loaded TargetPlatform 'TVOSClient'
[2020.06.07-07.39.29:966][  0]LogTemp: Display: Module 'TVOSTargetPlatform' loaded TargetPlatform 'TVOS'
[2020.06.07-07.39.29:976][  0]LogTemp: Display: Module 'LinuxClientTargetPlatform' loaded TargetPlatform 'LinuxClient'
[2020.06.07-07.39.29:985][  0]LogTemp: Display: Module 'LinuxNoEditorTargetPlatform' loaded TargetPlatform 'LinuxNoEditor'
[2020.06.07-07.39.29:995][  0]LogTemp: Display: Module 'LinuxServerTargetPlatform' loaded TargetPlatform 'LinuxServer'
[2020.06.07-07.39.30:006][  0]LogTemp: Display: Module 'LinuxTargetPlatform' loaded TargetPlatform 'Linux'
[2020.06.07-07.39.30:040][  0]LogTemp: Display: Module 'LuminTargetPlatform' loaded TargetPlatform 'Lumin'
[2020.06.07-07.39.30:040][  0]LogTemp: Display: Module 'LuminTargetPlatform' loaded TargetPlatform 'LuminClient'
[2020.06.07-07.39.30:040][  0]LogTargetPlatformManager: Display: Building Assets For Windows
[2020.06.07-07.39.30:064][  0]LogAudioDebug: Display: Lib vorbis DLL was dynamically loaded.
[2020.06.07-07.39.30:209][  0]LogShaderCompilers: Guid format shader working directory is 28 characters bigger than the processId version (D:/UE4Practice/IK2/Intermediate/Shaders/WorkingDirectory/6204/).
[2020.06.07-07.39.30:209][  0]LogShaderCompilers: Cleaned the shader compiler working directory 'C:/Users/bear1/AppData/Local/Temp/UnrealShaderWorkingDir/5F0A4B2541C09524D15CFBA41CBAB10B/'.
[2020.06.07-07.39.30:218][  0]LogXGEController: Cannot use XGE Controller as Incredibuild is not installed on this machine.
[2020.06.07-07.39.30:218][  0]LogShaderCompilers: Cannot use XGE Shader Compiler as Incredibuild is not installed on this machine.
[2020.06.07-07.39.30:218][  0]LogShaderCompilers: Display: Using Local Shader Compiler.
[2020.06.07-07.39.30:969][  0]LogDerivedDataCache: Display: Max Cache Size: 512 MB
[2020.06.07-07.39.31:026][  0]LogDerivedDataCache: Loaded boot cache 0.06s 84MB C:/Users/bear1/AppData/Local/UnrealEngine/4.23/DerivedDataCache/Boot.ddc.
[2020.06.07-07.39.31:026][  0]LogDerivedDataCache: Display: Loaded Boot cache: C:/Users/bear1/AppData/Local/UnrealEngine/4.23/DerivedDataCache/Boot.ddc
[2020.06.07-07.39.31:026][  0]LogDerivedDataCache: FDerivedDataBackendGraph:  Pak pak cache file D:/UE4Practice/IK2/DerivedDataCache/DDC.ddp not found, will not use a pak cache.
[2020.06.07-07.39.31:026][  0]LogDerivedDataCache: Unable to find inner node Pak for hierarchical cache Hierarchy.
[2020.06.07-07.39.31:027][  0]LogDerivedDataCache: FDerivedDataBackendGraph:  CompressedPak pak cache file D:/UE4Practice/IK2/DerivedDataCache/Compressed.ddp not found, will not use a pak cache.
[2020.06.07-07.39.31:027][  0]LogDerivedDataCache: Unable to find inner node CompressedPak for hierarchical cache Hierarchy.
[2020.06.07-07.39.31:038][  0]LogDerivedDataCache: Display: Pak cache opened for reading ../../../Engine/DerivedDataCache/Compressed.ddp.
[2020.06.07-07.39.31:039][  0]LogDerivedDataCache: FDerivedDataBackendGraph:  EnterprisePak pak cache file ../../../Enterprise/DerivedDataCache/Compressed.ddp not found, will not use a pak cache.
[2020.06.07-07.39.31:039][  0]LogDerivedDataCache: Unable to find inner node EnterprisePak for hierarchical cache Hierarchy.
[2020.06.07-07.39.31:040][  0]LogDerivedDataCache: Using Local data cache path C:/Users/bear1/AppData/Local/UnrealEngine/Common/DerivedDataCache: Writable
[2020.06.07-07.39.31:040][  0]LogDerivedDataCache: Shared data cache path not found in *engine.ini, will not use an Shared cache.
[2020.06.07-07.39.31:040][  0]LogDerivedDataCache: Unable to find inner node Shared for hierarchical cache Hierarchy.
[2020.06.07-07.39.31:068][  0]LogMaterial: Verifying Global Shaders for PCD3D_SM5
[2020.06.07-07.39.31:072][  0]LogSlate: Using FreeType 2.6.0
[2020.06.07-07.39.31:072][  0]LogSlate: SlateFontServices - WITH_FREETYPE: 1, WITH_HARFBUZZ: 1
[2020.06.07-07.39.31:164][  0]LogAssetRegistry: FAssetRegistry took 0.0030 seconds to start up
[2020.06.07-07.39.31:512][  0]LogInit: Selected Device Profile: [Windows]
[2020.06.07-07.39.31:729][  0]LogMeshReduction: Using QuadricMeshReduction for automatic static mesh reduction
[2020.06.07-07.39.31:729][  0]LogMeshReduction: Using SimplygonMeshReduction for automatic skeletal mesh reduction
[2020.06.07-07.39.31:730][  0]LogMeshReduction: Using ProxyLODMeshReduction for automatic mesh merging
[2020.06.07-07.39.31:730][  0]LogMeshReduction: No distributed automatic mesh merging module available
[2020.06.07-07.39.31:730][  0]LogMeshMerging: No distributed automatic mesh merging module available
[2020.06.07-07.39.31:741][  0]LogNetVersion: IK2 1.0.0, NetCL: 8386587, EngineNetVer: 11, GameNetVer: 0 (Checksum: 4186048603)
[2020.06.07-07.39.32:257][  0]LogPackageLocalizationCache: Processed 12 localized package path(s) for 1 prioritized culture(s) in 0.043449 seconds
[2020.06.07-07.39.32:265][  0]LogUObjectArray: 43444 objects as part of root set at end of initial load.
[2020.06.07-07.39.32:265][  0]LogUObjectAllocator: 7548648 out of 0 bytes used by permanent object pool.
[2020.06.07-07.39.32:265][  0]LogUObjectArray: CloseDisregardForGC: 0/0 objects in disregard for GC pool
[2020.06.07-07.39.33:684][  0]LogTcpMessaging: Initializing TcpMessaging bridge
[2020.06.07-07.39.33:688][  0]LogUdpMessaging: Initializing bridge on interface 0.0.0.0:0 to multicast group 230.0.0.1:6666.
[2020.06.07-07.39.33:934][  0]SourceControl: 소스 컨트롤이 꺼졌습니다.
[2020.06.07-07.39.33:934][  0]SourceControl: 소스 컨트롤이 꺼졌습니다.
[2020.06.07-07.39.33:936][  0]SourceControl: 소스 컨트롤이 꺼졌습니다.
[2020.06.07-07.39.33:938][  0]SourceControl: 소스 컨트롤이 꺼졌습니다.
[2020.06.07-07.39.34:078][  0]LogAndroidPermission: UAndroidPermissionCallbackProxy::GetInstance
[2020.06.07-07.39.34:308][  0]LogOcInput: OculusInput pre-init called
[2020.06.07-07.39.34:320][  0]LogWindows: Failed to load 'OVRPlugin.dll' (GetLastError=126)
[2020.06.07-07.39.34:321][  0]LogWindows: File 'OVRPlugin.dll' does not exist
[2020.06.07-07.39.34:422][  0]LogEngine: Initializing Engine...
[2020.06.07-07.39.34:423][  0]LogHMD: Failed to initialize OpenVR with code 110
[2020.06.07-07.39.34:425][  0]LogStats: UGameplayTagsManager::InitializeManager -  0.000 s
[2020.06.07-07.39.34:695][  0]LogInit: Initializing FReadOnlyCVARCache
[2020.06.07-07.39.34:735][  0]LogAIModule: Creating AISystem for world Untitled
[2020.06.07-07.39.34:776][  0]LogInit: XAudio2 using '스피커(Realtek High Definition Audio)' : 2 channels at 48 kHz using 32 bits per sample (channel mask 0x3)
[2020.06.07-07.39.34:828][  0]LogInit: FAudioDevice initialized.
[2020.06.07-07.39.34:829][  0]LogNetVersion: Set ProjectVersion to 1.0.0.0. Version Checksum will be recalculated on next use.
[2020.06.07-07.39.35:022][  0]LogDerivedDataCache: Saved boot cache 0.19s 84MB C:/Users/bear1/AppData/Local/UnrealEngine/4.23/DerivedDataCache/Boot.ddc.
[2020.06.07-07.39.35:025][  0]LogInit: Texture streaming: Enabled
[2020.06.07-07.39.35:081][  0]LogEngineSessionManager: EngineSessionManager initialized
[2020.06.07-07.39.35:081][  0]LogEditorSessionSummary: Verbose: Initializing EditorSessionSummaryWriter for editor session tracking
[2020.06.07-07.39.35:090][  0]LogEditorSessionSummary: EditorSessionSummaryWriter initialized
[2020.06.07-07.39.35:162][  0]LogInit: Transaction tracking system initialized
[2020.06.07-07.39.35:271][  0]BlueprintLog: New page: 에디터 로드
[2020.06.07-07.39.35:515][  0]LocalizationService: 현지화 서비스가 비활성화되었습니다.
[2020.06.07-07.39.35:903][  0]LogFileCache: Scanning file cache for directory 'D:/UE4Practice/IK2/Content/' took 0.00s
[2020.06.07-07.39.35:904][  0]LogCook: Display: Max memory allowance for cook 16384mb min free memory 0mb
[2020.06.07-07.39.35:904][  0]LogCook: Display: Mobile HDR setting 1
[2020.06.07-07.39.36:258][  0]SourceControl: 소스 컨트롤이 꺼졌습니다.
[2020.06.07-07.39.36:258][  0]Cmd: MAP LOAD FILE="D:/UE4Practice/IK2/Content/ThirdPersonCPP/Maps/ThirdPersonExampleMap.umap" TEMPLATE=0 SHOWPROGRESS=1 FEATURELEVEL=3
[2020.06.07-07.39.36:259][  0]LightingResults: New page: 라이팅 빌드
[2020.06.07-07.39.36:268][  0]LogWorld: UWorld::CleanupWorld for Untitled, bSessionEnded=true, bCleanupResources=true
[2020.06.07-07.39.36:268][  0]MapCheck: New page: 맵 체크
[2020.06.07-07.39.36:268][  0]LightingResults: New page: 라이팅 빌드
[2020.06.07-07.39.36:298][  0]LogUObjectHash: Compacting FUObjectHashTables data took   2.45ms
[2020.06.07-07.39.36:409][  0]LogAIModule: Creating AISystem for world ThirdPersonExampleMap
[2020.06.07-07.39.36:426][  0]LogEditorServer: Finished looking for orphan Actors (0.000 secs)
[2020.06.07-07.39.36:452][  0]LogUObjectHash: Compacting FUObjectHashTables data took   2.56ms
[2020.06.07-07.39.36:452][  0]Cmd: MAP CHECKDEP NOCLEARLOG
[2020.06.07-07.39.36:452][  0]MapCheck: 맵 체크 완료: 오류 0 회, 경고 0 회, 소요 시간 0.098ms.
[2020.06.07-07.39.36:452][  0]LogFileHelpers: Loading map 'ThirdPersonExampleMap' took 0.194
[2020.06.07-07.39.36:561][  0]LogSlate: Updating window title bar state: overlay mode, drag disabled, window buttons hidden, title bar hidden
[2020.06.07-07.39.36:570][  0]LogSlate: Updating window title bar state: overlay mode, drag disabled, window buttons hidden, title bar hidden
[2020.06.07-07.39.36:579][  0]LogSlate: Updating window title bar state: overlay mode, drag disabled, window buttons hidden, title bar hidden
[2020.06.07-07.39.36:589][  0]LogSlate: Updating window title bar state: overlay mode, drag disabled, window buttons hidden, title bar hidden
[2020.06.07-07.39.36:610][  0]LogCollectionManager: Loaded 0 collections in 0.008148 seconds
[2020.06.07-07.39.36:623][  0]LogFileCache: Scanning file cache for directory 'D:/UE4Practice/IK2/Saved/Collections/' took 0.00s
[2020.06.07-07.39.36:623][  0]LogFileCache: Scanning file cache for directory 'D:/UE4Practice/IK2/Content/Developers/ACA/Collections/' took 0.00s
[2020.06.07-07.39.36:623][  0]LogFileCache: Scanning file cache for directory 'D:/UE4Practice/IK2/Content/Collections/' took 0.00s
[2020.06.07-07.39.36:623][  0]LogCollectionManager: Rebuilt the GUID cache for 0 collections in 0.000002 seconds
[2020.06.07-07.39.36:635][  0]LogContentBrowser: Native class hierarchy populated in 0.0116 seconds. Added 2867 classes and 682 folders.
[2020.06.07-07.39.36:655][  0]LogContentBrowser: Native class hierarchy updated for 'WidgetCarousel' in 0.0005 seconds. Added 0 classes and 0 folders.
[2020.06.07-07.39.36:769][  0]LogContentBrowser: Native class hierarchy updated for 'AddContentDialog' in 0.0006 seconds. Added 0 classes and 0 folders.
[2020.06.07-07.39.36:783][  0]LogContentBrowser: Native class hierarchy updated for 'SceneOutliner' in 0.0006 seconds. Added 1 classes and 2 folders.
[2020.06.07-07.39.36:873][  0]LogSlate: Took 0.000230 seconds to synchronously load lazily loaded font '../../../Engine/Content/Slate/Fonts/Roboto-Regular.ttf' (155K)
[2020.06.07-07.39.36:876][  0]LogSlate: Took 0.001790 seconds to synchronously load lazily loaded font '../../../Engine/Content/Editor/Slate/Fonts/NanumGothic.ttf' (4243K)
[2020.06.07-07.39.36:879][  0]LogSlate: Took 0.001939 seconds to synchronously load lazily loaded font '../../../Engine/Content/Editor/Slate/Fonts/NanumGothicBold.ttf' (4188K)
[2020.06.07-07.39.36:879][  0]LogSlate: Took 0.000239 seconds to synchronously load lazily loaded font '../../../Engine/Content/Slate/Fonts/Roboto-Bold.ttf' (160K)
[2020.06.07-07.39.36:883][  0]LogSlate: Took 0.000246 seconds to synchronously load lazily loaded font '../../../Engine/Content/Editor/Slate/Fonts/FontAwesome.ttf' (139K)
[2020.06.07-07.39.36:956][  0]LogRenderer: Reallocating scene render targets to support 1208x584 Format 10 NumSamples 1 (Frame:1).
[2020.06.07-07.39.37:110][  0]LogContentBrowser: Native class hierarchy updated for 'HierarchicalLODOutliner' in 0.0006 seconds. Added 0 classes and 0 folders.
[2020.06.07-07.39.37:111][  0]LogLoad: (Engine Initialization) Total time: 11.98 seconds
[2020.06.07-07.39.37:111][  0]LogLoad: (Engine Initialization) Total Blueprint compile time: 0.00 seconds
[2020.06.07-07.39.37:178][  0]LogContentStreaming: Texture pool size now 1000 MB
[2020.06.07-07.39.37:214][  0]LogSlate: Took 0.000295 seconds to synchronously load lazily loaded font '../../../Engine/Content/Slate/Fonts/Roboto-Light.ttf' (167K)
[2020.06.07-07.39.37:258][  1]LogAssetRegistry: Asset discovery search completed in 6.0950 seconds
[2020.06.07-07.39.37:262][  1]LogCollectionManager: Rebuilt the object cache for 0 collections in 0.000007 seconds (found 0 objects)
[2020.06.07-07.39.37:263][  1]LogCollectionManager: Fixed up redirectors for 0 collections in 0.000144 seconds (updated 0 objects)
[2020.06.07-07.40.35:961][337]LogSlate: FSceneViewport::OnFocusLost() reason 0
[2020.06.07-07.40.36:230][354]LogSlate: Took 0.000302 seconds to synchronously load lazily loaded font '../../../Engine/Content/Slate/Fonts/Roboto-Light.ttf' (167K)
[2020.06.07-07.40.36:239][354]LogAssetEditorManager: Opening Asset editor for AnimBlueprint /Game/Mannequin/Animations/ThirdPerson_AnimBP.ThirdPerson_AnimBP
[2020.06.07-07.40.36:266][354]LogContentBrowser: Native class hierarchy updated for 'SkeletonEditor' in 0.0005 seconds. Added 1 classes and 2 folders.
[2020.06.07-07.40.36:454][354]LogActorComponent: RegisterComponentWithWorld: (/Engine/Transient.World_4:PersistentLevel.AnimationEditorPreviewActor_0.DebugSkelMeshComponent_0) Already registered. Aborting.
[2020.06.07-07.40.36:464][354]LogContentBrowser: Native class hierarchy updated for 'PinnedCommandList' in 0.0005 seconds. Added 1 classes and 0 folders.
[2020.06.07-07.40.36:783][354]LogContentBrowser: Native class hierarchy updated for 'BlueprintGraph' in 0.0008 seconds. Added 121 classes and 0 folders.
[2020.06.07-07.40.37:817][354]LogSkeletalMesh: USkeletalMeshComponent::InitArticulated : Bodies already created (/Engine/Transient.World_4:PersistentLevel.AnimationEditorPreviewActor_0.DebugSkelMeshComponent_0) - call TermArticulated first.
[2020.06.07-07.40.38:099][354]LogSlate: Took 0.000349 seconds to synchronously load lazily loaded font '../../../Engine/Content/Slate/Fonts/Roboto-BoldCondensed.ttf' (158K)
[2020.06.07-07.40.38:219][355]LogEditorSessionSummary: EditorSessionSummary sent report. Type=Shutdown, SessionId={33E2E965-446A-BEF5-1648-40B12EF6A62B}
[2020.06.07-07.40.38:230][355]LogSlate: Took 0.000276 seconds to synchronously load lazily loaded font '../../../Engine/Content/Slate/Fonts/Roboto-Italic.ttf' (157K)
[2020.06.07-07.41.03:110][612]LogSlate: Window '블루프린트 부모변경' being destroyed
[2020.06.07-07.41.03:841][659]LogSlate: Window 'ThirdPerson_AnimBP' being destroyed
[2020.06.07-07.41.03:855][659]LogWorld: UWorld::CleanupWorld for World_4, bSessionEnded=true, bCleanupResources=true
[2020.06.07-07.41.03:859][659]LogWorld: UWorld::CleanupWorld for World_3, bSessionEnded=true, bCleanupResources=true
[2020.06.07-07.41.03:932][659]LogWorld: UWorld::CleanupWorld for World_5, bSessionEnded=true, bCleanupResources=true
[2020.06.07-07.41.05:893][781]LogAssetEditorManager: Opening Asset editor for AnimBlueprint /Game/Mannequin/Animations/ThirdPerson_AnimBP.ThirdPerson_AnimBP
[2020.06.07-07.41.05:907][781]LogActorComponent: RegisterComponentWithWorld: (/Engine/Transient.World_9:PersistentLevel.AnimationEditorPreviewActor_0.DebugSkelMeshComponent_0) Already registered. Aborting.
[2020.06.07-07.41.06:232][781]LogSkeletalMesh: USkeletalMeshComponent::InitArticulated : Bodies already created (/Engine/Transient.World_9:PersistentLevel.AnimationEditorPreviewActor_0.DebugSkelMeshComponent_0) - call TermArticulated first.
[2020.06.07-07.41.08:814][924]Cmd: OBJ SAVEPACKAGE PACKAGE="/Game/Mannequin/Animations/ThirdPerson_AnimBP" FILE="D:/UE4Practice/IK2/Content/Mannequin/Animations/ThirdPerson_AnimBP.uasset" SILENT=true
[2020.06.07-07.41.08:899][924]LogSavePackage: Moving 'D:/UE4Practice/IK2/Saved/ThirdPerson_AnimBP70A345B04DA34503E087C2AE48A04B5A.tmp' to 'D:/UE4Practice/IK2/Content/Mannequin/Animations/ThirdPerson_AnimBP.uasset'
[2020.06.07-07.41.08:899][924]LogFileManager: Warning: DeleteFile was unable to delete 'D:/UE4Practice/IK2/Content/Mannequin/Animations/ThirdPerson_AnimBP.uasset', retrying in .5s...
[2020.06.07-07.41.09:400][924]LogFileManager: Error: Error deleting file 'D:/UE4Practice/IK2/Content/Mannequin/Animations/ThirdPerson_AnimBP.uasset'.
[2020.06.07-07.41.09:400][924]LogSavePackage: Error: Error saving 'D:/UE4Practice/IK2/Content/Mannequin/Animations/ThirdPerson_AnimBP.uasset'
[2020.06.07-07.41.11:945][924]LogSlate: Window '메시지' being destroyed
[2020.06.07-07.41.11:950][924]Cmd: OBJ SAVEPACKAGE PACKAGE="/Game/Mannequin/Animations/ThirdPerson_AnimBP" FILE="D:/UE4Practice/IK2/Content/Mannequin/Animations/ThirdPerson_AnimBP.uasset" SILENT=true
[2020.06.07-07.41.12:000][924]LogSavePackage: Moving 'D:/UE4Practice/IK2/Saved/ThirdPerson_AnimBP5DB45751495DD4BA083A27A7F21D1375.tmp' to 'D:/UE4Practice/IK2/Content/Mannequin/Animations/ThirdPerson_AnimBP.uasset'
[2020.06.07-07.41.12:000][924]LogFileManager: Warning: DeleteFile was unable to delete 'D:/UE4Practice/IK2/Content/Mannequin/Animations/ThirdPerson_AnimBP.uasset', retrying in .5s...
[2020.06.07-07.41.12:502][924]LogFileManager: Error: Error deleting file 'D:/UE4Practice/IK2/Content/Mannequin/Animations/ThirdPerson_AnimBP.uasset'.
[2020.06.07-07.41.12:502][924]LogSavePackage: Error: Error saving 'D:/UE4Practice/IK2/Content/Mannequin/Animations/ThirdPerson_AnimBP.uasset'
[2020.06.07-07.41.14:874][924]LogSlate: Window '메시지' being destroyed
[2020.06.07-07.41.14:882][924]EditorErrors: New page: 출력 저장
[2020.06.07-07.41.14:883][924]EditorErrors: Warning: 'D:/UE4Practice/IK2/Content/Mannequin/Animations/ThirdPerson_AnimBP.uasset' 저장 오류입니다.
[2020.06.07-07.41.14:883][924]EditorErrors: Warning: 'D:/UE4Practice/IK2/Content/Mannequin/Animations/ThirdPerson_AnimBP.uasset' 저장 오류입니다.
[2020.06.07-07.41.16:911][ 52]LogSlate: Window '메시지 로그' being destroyed
[2020.06.07-07.41.16:917][ 52]LogSlate: Window '메시지 로그' being destroyed
[2020.06.07-07.41.19:036][187]BlueprintLog: New page: ThirdPerson_AnimBP 컴파일
[2020.06.07-07.41.19:547][187]LogUObjectHash: Compacting FUObjectHashTables data took   4.57ms
[2020.06.07-07.41.21:250][292]Cmd: OBJ SAVEPACKAGE PACKAGE="/Game/Mannequin/Animations/ThirdPerson_AnimBP" FILE="D:/UE4Practice/IK2/Content/Mannequin/Animations/ThirdPerson_AnimBP.uasset" SILENT=true
[2020.06.07-07.41.21:307][292]LogSavePackage: Moving 'D:/UE4Practice/IK2/Saved/ThirdPerson_AnimBPB2927C26463EA4E667F924A6F4EA710E.tmp' to 'D:/UE4Practice/IK2/Content/Mannequin/Animations/ThirdPerson_AnimBP.uasset'
[2020.06.07-07.41.21:307][292]LogFileManager: Warning: DeleteFile was unable to delete 'D:/UE4Practice/IK2/Content/Mannequin/Animations/ThirdPerson_AnimBP.uasset', retrying in .5s...
[2020.06.07-07.41.21:807][292]LogFileManager: Error: Error deleting file 'D:/UE4Practice/IK2/Content/Mannequin/Animations/ThirdPerson_AnimBP.uasset'.
[2020.06.07-07.41.21:807][292]LogSavePackage: Error: Error saving 'D:/UE4Practice/IK2/Content/Mannequin/Animations/ThirdPerson_AnimBP.uasset'
[2020.06.07-07.41.23:495][292]LogSlate: Window '메시지' being destroyed
[2020.06.07-07.41.23:499][292]Cmd: OBJ SAVEPACKAGE PACKAGE="/Game/Mannequin/Animations/ThirdPerson_AnimBP" FILE="D:/UE4Practice/IK2/Content/Mannequin/Animations/ThirdPerson_AnimBP.uasset" SILENT=true
[2020.06.07-07.41.23:549][292]LogSavePackage: Moving 'D:/UE4Practice/IK2/Saved/ThirdPerson_AnimBP347B5A9A49C43801EC894D98D229E72A.tmp' to 'D:/UE4Practice/IK2/Content/Mannequin/Animations/ThirdPerson_AnimBP.uasset'
[2020.06.07-07.41.23:549][292]LogFileManager: Warning: DeleteFile was unable to delete 'D:/UE4Practice/IK2/Content/Mannequin/Animations/ThirdPerson_AnimBP.uasset', retrying in .5s...
[2020.06.07-07.41.24:051][292]LogFileManager: Error: Error deleting file 'D:/UE4Practice/IK2/Content/Mannequin/Animations/ThirdPerson_AnimBP.uasset'.
[2020.06.07-07.41.24:051][292]LogSavePackage: Error: Error saving 'D:/UE4Practice/IK2/Content/Mannequin/Animations/ThirdPerson_AnimBP.uasset'
[2020.06.07-07.41.25:852][292]LogSlate: Window '메시지' being destroyed
[2020.06.07-07.41.25:860][292]EditorErrors: New page: 출력 저장
[2020.06.07-07.41.25:860][292]EditorErrors: Warning: 'D:/UE4Practice/IK2/Content/Mannequin/Animations/ThirdPerson_AnimBP.uasset' 저장 오류입니다.
[2020.06.07-07.41.25:860][292]EditorErrors: Warning: 'D:/UE4Practice/IK2/Content/Mannequin/Animations/ThirdPerson_AnimBP.uasset' 저장 오류입니다.
[2020.06.07-07.41.27:581][401]LogSlate: Window '메시지 로그' being destroyed
[2020.06.07-07.41.27:587][401]LogSlate: Window '메시지 로그' being destroyed
[2020.06.07-07.41.57:644][356]LogContentBrowser: Verbose: The majority of assets in the view are of type: Skeleton
[2020.06.07-07.42.00:014][356]LogContentBrowser: Verbose: The majority of assets in the view are of type: Skeleton
[2020.06.07-07.42.03:804][356]LogSlate: Window '애니메이션 블루프린트 생성' being destroyed
[2020.06.07-07.42.08:023][521]LogAssetEditorManager: Opening Asset editor for AnimBlueprint /Game/Mannequin/Animations/ABP_Third.ABP_Third
[2020.06.07-07.42.08:035][521]LogActorComponent: RegisterComponentWithWorld: (/Engine/Transient.World_13:PersistentLevel.AnimationEditorPreviewActor_0.DebugSkelMeshComponent_0) Already registered. Aborting.
[2020.06.07-07.42.08:364][521]LogSkeletalMesh: USkeletalMeshComponent::InitArticulated : Bodies already created (/Engine/Transient.World_13:PersistentLevel.AnimationEditorPreviewActor_0.DebugSkelMeshComponent_0) - call TermArticulated first.
[2020.06.07-07.42.10:063][634]BlueprintLog: New page: ABP_Third 컴파일
[2020.06.07-07.42.10:290][634]LogUObjectHash: Compacting FUObjectHashTables data took   4.03ms
[2020.06.07-07.42.10:696][662]Cmd: OBJ SAVEPACKAGE PACKAGE="/Game/Mannequin/Animations/ABP_Third" FILE="D:/UE4Practice/IK2/Content/Mannequin/Animations/ABP_Third.uasset" SILENT=true
[2020.06.07-07.42.10:712][662]LogSavePackage: Moving 'D:/UE4Practice/IK2/Saved/ABP_ThirdED164F86499A3C0D807034A4A135F5BE.tmp' to 'D:/UE4Practice/IK2/Content/Mannequin/Animations/ABP_Third.uasset'
[2020.06.07-07.42.21:702][444]BlueprintLog: New page: ABP_Third 컴파일
[2020.06.07-07.42.21:705][444]LogBlueprint: Warning: [Compiler ABP_Third] 'ABP_Third_C' 에서 "Foot_L_Rot" 라는 이름의 변수를 찾을 수 없습니다.
 Foot_L_Rot 설정  에 대해 'ABP_Third_C' 컴파일이 되었는지 확인하세요.
[2020.06.07-07.42.21:706][444]LogBlueprint: Warning: [Compiler ABP_Third] 'ABP_Third_C' 에서 "IsInAir?" 라는 이름의 변수를 찾을 수 없습니다.
 IsInAir? 설정  에 대해 'ABP_Third_C' 컴파일이 되었는지 확인하세요.
[2020.06.07-07.42.21:706][444]LogBlueprint: Warning: [Compiler ABP_Third] 'ABP_Third_C' 에서 "Speed" 라는 이름의 변수를 찾을 수 없습니다.
 Speed 설정  에 대해 'ABP_Third_C' 컴파일이 되었는지 확인하세요.
[2020.06.07-07.42.21:707][444]LogBlueprint: Warning: [Compiler ABP_Third] 'ABP_Third_C' 에서 "IsInAir?" 라는 이름의 변수를 찾을 수 없습니다.
 IsInAir? 설정  에 대해 'ABP_Third_C' 컴파일이 되었는지 확인하세요.
[2020.06.07-07.42.21:707][444]LogBlueprint: Warning: [Compiler ABP_Third] 'ABP_Third_C' 에서 "Speed" 라는 이름의 변수를 찾을 수 없습니다.
 Speed 설정  에 대해 'ABP_Third_C' 컴파일이 되었는지 확인하세요.
[2020.06.07-07.42.21:708][444]LogBlueprint: Error: [Compiler ABP_Third] Speed  와 연관된 프로퍼티를 찾지 못했습니다.
[2020.06.07-07.42.21:708][444]LogBlueprint: Error: [Compiler ABP_Third] Is in Air?  와 연관된 프로퍼티를 찾지 못했습니다.
[2020.06.07-07.42.21:933][444]LogUObjectHash: Compacting FUObjectHashTables data took   3.80ms
[2020.06.07-07.42.22:333][468]Cmd: OBJ SAVEPACKAGE PACKAGE="/Game/Mannequin/Animations/ABP_Third" FILE="D:/UE4Practice/IK2/Content/Mannequin/Animations/ABP_Third.uasset" SILENT=true
[2020.06.07-07.42.22:358][468]LogSavePackage: Moving 'D:/UE4Practice/IK2/Saved/ABP_Third88B5D34C4422C74B790FC98F76E341DB.tmp' to 'D:/UE4Practice/IK2/Content/Mannequin/Animations/ABP_Third.uasset'
[2020.06.07-07.42.51:420][488]LogSlate: FSceneViewport::OnFocusLost() reason 0
[2020.06.07-07.43.00:834][153]BlueprintLog: New page: ABP_Third 컴파일
[2020.06.07-07.43.00:838][153]LogBlueprint: Warning: [Compiler ABP_Third] 'ABP_Third_C' 에서 "Foot_L_Rot" 라는 이름의 변수를 찾을 수 없습니다.
 Foot_L_Rot 설정  에 대해 'ABP_Third_C' 컴파일이 되었는지 확인하세요.
[2020.06.07-07.43.00:838][153]LogBlueprint: Warning: [Compiler ABP_Third] 'ABP_Third_C' 에서 "IsInAir?" 라는 이름의 변수를 찾을 수 없습니다.
 IsInAir? 설정  에 대해 'ABP_Third_C' 컴파일이 되었는지 확인하세요.
[2020.06.07-07.43.00:838][153]LogBlueprint: Warning: [Compiler ABP_Third] 'ABP_Third_C' 에서 "Speed" 라는 이름의 변수를 찾을 수 없습니다.
 Speed 설정  에 대해 'ABP_Third_C' 컴파일이 되었는지 확인하세요.
[2020.06.07-07.43.00:839][153]LogBlueprint: Warning: [Compiler ABP_Third] 'ABP_Third_C' 에서 "IsInAir?" 라는 이름의 변수를 찾을 수 없습니다.
 IsInAir? 설정  에 대해 'ABP_Third_C' 컴파일이 되었는지 확인하세요.
[2020.06.07-07.43.00:839][153]LogBlueprint: Warning: [Compiler ABP_Third] 'ABP_Third_C' 에서 "Speed" 라는 이름의 변수를 찾을 수 없습니다.
 Speed 설정  에 대해 'ABP_Third_C' 컴파일이 되었는지 확인하세요.
[2020.06.07-07.43.00:840][153]LogBlueprint: Error: [Compiler ABP_Third] Speed  와 연관된 프로퍼티를 찾지 못했습니다.
[2020.06.07-07.43.00:840][153]LogBlueprint: Error: [Compiler ABP_Third] Is in Air?  와 연관된 프로퍼티를 찾지 못했습니다.
[2020.06.07-07.43.01:068][153]LogUObjectHash: Compacting FUObjectHashTables data took   4.10ms
[2020.06.07-07.43.20:965][ 94]LogD3D11RHI: GetQueryData is taking a very long time (5.0 s)
[2020.06.07-07.43.25:964][ 94]LogD3D11RHI: GetQueryData is taking a very long time (10.0 s)
[2020.06.07-07.43.30:964][ 94]LogD3D11RHI: GetQueryData is taking a very long time (15.0 s)
[2020.06.07-07.43.35:964][ 94]LogD3D11RHI: GetQueryData is taking a very long time (20.0 s)
[2020.06.07-07.43.40:964][ 94]LogD3D11RHI: GetQueryData is taking a very long time (25.0 s)
[2020.06.07-07.43.45:964][ 94]LogD3D11RHI: GetQueryData is taking a very long time (30.0 s)
[2020.06.07-07.43.45:964][ 94]LogD3D11RHI: Timed out while waiting for GPU to catch up. (30.0 s) (ErrorCode 00000001)
[2020.06.07-07.43.46:050][ 94]LogWindows: Windows GetLastError: 작업을 완료했습니다. (0)
[2020.06.07-07.44.19:593][ 94]LogOutputDevice: Warning: 

Script Stack (0 frames):

[2020.06.07-07.44.19:593][ 94]LogWindows: Windows GetLastError: 작업을 완료했습니다. (0)
[2020.06.07-07.44.19:623][ 94]LogWindows: Error: === Critical error: ===
[2020.06.07-07.44.19:623][ 94]LogWindows: Error: 
[2020.06.07-07.44.19:624][ 94]LogWindows: Error: Fatal error: [File:D:/Build/++UE4/Sync/Engine/Source/Runtime/RenderCore/Private/RenderingThread.cpp] [Line: 836] 
[2020.06.07-07.44.19:624][ 94]LogWindows: Error: Rendering thread exception:
[2020.06.07-07.44.19:624][ 94]LogWindows: Error: Assertion failed: GD3D11RHI->GetQueryData(Query->Resource, &Query->Result, sizeof(Query->Result), Query->QueryType, true, false) [File:D:/Build/++UE4/Sync/Engine/Source/Runtime/Windows/D3D11RHI/Private/D3D11Query.cpp] [Line: 45] 
[2020.06.07-07.44.19:624][ 94]LogWindows: Error: 
[2020.06.07-07.44.19:624][ 94]LogWindows: Error: 
[2020.06.07-07.44.19:624][ 94]LogWindows: Error: 
[2020.06.07-07.44.19:624][ 94]LogWindows: Error: [Callstack] 0x00007ff8523aa799 KERNELBASE.dll!UnknownFunction []
[2020.06.07-07.44.19:624][ 94]LogWindows: Error: [Callstack] 0x00007ffff020a367 UE4Editor-Core.dll!ReportAssert() [d:\build\++ue4\sync\engine\source\runtime\core\private\windows\windowsplatformcrashcontext.cpp:582]
[2020.06.07-07.44.19:624][ 94]LogWindows: Error: [Callstack] 0x00007ffff020cbc4 UE4Editor-Core.dll!FWindowsErrorOutputDevice::Serialize() [d:\build\++ue4\sync\engine\source\runtime\core\private\windows\windowserroroutputdevice.cpp:79]
[2020.06.07-07.44.19:624][ 94]LogWindows: Error: [Callstack] 0x00007ffff0001ada UE4Editor-Core.dll!FOutputDevice::LogfImpl() [d:\build\++ue4\sync\engine\source\runtime\core\private\misc\outputdevice.cpp:71]
[2020.06.07-07.44.19:624][ 94]LogWindows: Error: [Callstack] 0x00007fffeff567a3 UE4Editor-Core.dll!AssertFailedImplV() [d:\build\++ue4\sync\engine\source\runtime\core\private\misc\assertionmacros.cpp:101]
[2020.06.07-07.44.19:624][ 94]LogWindows: Error: [Callstack] 0x00007fffeff56eb0 UE4Editor-Core.dll!FDebug::CheckVerifyFailedImpl() [d:\build\++ue4\sync\engine\source\runtime\core\private\misc\assertionmacros.cpp:445]
[2020.06.07-07.44.19:624][ 94]LogWindows: Error: [Callstack] 0x00007fffe419fccd UE4Editor-D3D11RHI.dll!FD3D11RenderQueryBatcher::PerFrameFlush() [d:\build\++ue4\sync\engine\source\runtime\windows\d3d11rhi\private\d3d11query.cpp:45]
[2020.06.07-07.44.19:624][ 94]LogWindows: Error: [Callstack] 0x00007fffe41af6f9 UE4Editor-D3D11RHI.dll!FD3D11DynamicRHI::RHIPerFrameRHIFlushComplete() [d:\build\++ue4\sync\engine\source\runtime\windows\d3d11rhi\private\windows\windowsd3d11device.cpp:1782]
[2020.06.07-07.44.19:624][ 94]LogWindows: Error: [Callstack] 0x00007ff834c5caf7 UE4Editor-RHI.dll!FRHIResource::FlushPendingDeletes() [d:\build\++ue4\sync\engine\source\runtime\rhi\private\rhi.cpp:314]
[2020.06.07-07.44.19:624][ 94]LogWindows: Error: [Callstack] 0x00007fffe63ae4c7 UE4Editor-Renderer.dll!TGraphTask<TEnqueueUniqueRenderCommandType<`FRendererModule::BeginRenderingViewFamily'::`27'::FDrawSceneCommandName,<lambda_98974a148448e2faeb6b39d7ee44228d> > >::ExecuteTask() [d:\build\++ue4\sync\engine\source\runtime\core\public\async\taskgraphinterfaces.h:847]
[2020.06.07-07.44.19:624][ 94]LogWindows: Error: [Callstack] 0x00007fffefdd4e4a UE4Editor-Core.dll!FNamedTaskThread::ProcessTasksNamedThread() [d:\build\++ue4\sync\engine\source\runtime\core\private\async\taskgraph.cpp:686]
[2020.06.07-07.44.19:624][ 94]LogWindows: Error: [Callstack] 0x00007fffefdd51f3 UE4Editor-Core.dll!FNamedTaskThread::ProcessTasksUntilQuit() [d:\build\++ue4\sync\engine\source\runtime\core\private\async\taskgraph.cpp:583]
[2020.06.07-07.44.19:624][ 94]LogWindows: Error: [Callstack] 0x00007ff82ae60021 UE4Editor-RenderCore.dll!RenderingThreadMain() [d:\build\++ue4\sync\engine\source\runtime\rendercore\private\renderingthread.cpp:340]
[2020.06.07-07.44.19:624][ 94]LogWindows: Error: [Callstack] 0x00007ff82ae685b4 UE4Editor-RenderCore.dll!FRenderingThread::Run() [d:\build\++ue4\sync\engine\source\runtime\rendercore\private\renderingthread.cpp:471]
[2020.06.07-07.44.19:624][ 94]LogWindows: Error: [Callstack] 0x00007ffff0229f5f UE4Editor-Core.dll!FRunnableThreadWin::Run() [d:\build\++ue4\sync\engine\source\runtime\core\private\windows\windowsrunnablethread.cpp:96]
[2020.06.07-07.44.19:624][ 94]LogWindows: Error: [Callstack] 0x00007ffff02204b1 UE4Editor-Core.dll!FRunnableThreadWin::GuardedRun() [d:\build\++ue4\sync\engine\source\runtime\core\private\windows\windowsrunnablethread.cpp:53]
[2020.06.07-07.44.19:624][ 94]LogWindows: Error: [Callstack] 0x00007ff854877bd4 KERNEL32.DLL!UnknownFunction []
[2020.06.07-07.44.19:625][ 94]LogWindows: Error: [Callstack] 0x00007ff85532ce51 ntdll.dll!UnknownFunction []
[2020.06.07-07.44.19:625][ 94]LogWindows: Error: 
[2020.06.07-07.44.19:625][ 94]LogWindows: Error: 
[2020.06.07-07.44.19:625][ 94]LogWindows: Error: 
[2020.06.07-07.44.19:625][ 94]LogWindows: Error: 
[2020.06.07-07.44.19:639][ 94]LogExit: Executing StaticShutdownAfterError
[2020.06.07-07.44.19:647][ 94]LogWindows: FPlatformMisc::RequestExit(1)
[2020.06.07-07.44.19:671][ 94]Log file closed, 06/07/20 16:44:19
