Log file open, 06/09/20 19:52:39
LogWindows: Failed to load 'aqProf.dll' (GetLastError=126)
LogWindows: File 'aqProf.dll' does not exist
LogWindows: Failed to load 'VtuneApi.dll' (GetLastError=126)
LogWindows: File 'VtuneApi.dll' does not exist
LogWindows: Failed to load 'VtuneApi32e.dll' (GetLastError=126)
LogWindows: File 'VtuneApi32e.dll' does not exist
LogConsoleResponse: Display: Failed to find resolution value strings in scalability ini. Falling back to default.
LogInit: Display: Running engine for game: IK2
LogPlatformFile: Not using cached read wrapper
LogTaskGraph: Started task graph with 5 named threads and 14 total threads with 3 sets of task threads.
LogStats: Stats thread started at 0.155234
LogD3D11RHI: Loaded GFSDK_Aftermath_Lib.x64.dll
LogICUInternationalization: ICU TimeZone Detection - Raw Offset: +9:00, Platform Override: ''
LogPluginManager: Mounting plugin Paper2D
LogPluginManager: Mounting plugin AISupport
LogPluginManager: Mounting plugin LightPropagationVolume
LogPluginManager: Mounting plugin ActorLayerUtilities
LogPluginManager: Mounting plugin AnimationSharing
LogPluginManager: Mounting plugin CLionSourceCodeAccess
LogPluginManager: Mounting plugin CodeLiteSourceCodeAccess
LogPluginManager: Mounting plugin GitSourceControl
LogPluginManager: Mounting plugin KDevelopSourceCodeAccess
LogPluginManager: Mounting plugin NullSourceCodeAccess
LogPluginManager: Mounting plugin PerforceSourceControl
LogPluginManager: Mounting plugin SubversionSourceControl
LogPluginManager: Mounting plugin UObjectPlugin
LogPluginManager: Mounting plugin VisualStudioCodeSourceCodeAccess
LogPluginManager: Mounting plugin VisualStudioSourceCodeAccess
LogPluginManager: Mounting plugin XCodeSourceCodeAccess
LogPluginManager: Mounting plugin AssetManagerEditor
LogPluginManager: Mounting plugin CryptoKeys
LogPluginManager: Mounting plugin CurveEditorTools
LogPluginManager: Mounting plugin DataValidation
LogPluginManager: Mounting plugin FacialAnimation
LogPluginManager: Mounting plugin GameplayTagsEditor
LogPluginManager: Mounting plugin MacGraphicsSwitching
LogPluginManager: Mounting plugin MaterialAnalyzer
LogPluginManager: Mounting plugin MobileLauncherProfileWizard
LogPluginManager: Mounting plugin PluginBrowser
LogPluginManager: Mounting plugin SpeedTreeImporter
LogPluginManager: Mounting plugin DatasmithContent
LogPluginManager: Mounting plugin VariantManagerContent
LogPluginManager: Mounting plugin AlembicImporter
LogPluginManager: Mounting plugin AutomationUtils
LogPluginManager: Mounting plugin BackChannel
LogPluginManager: Mounting plugin CharacterAI
LogPluginManager: Mounting plugin GeometryCache
LogPluginManager: Mounting plugin HTML5Networking
LogPluginManager: Mounting plugin PlatformCrypto
LogPluginManager: Mounting plugin ProxyLODPlugin
LogPluginManager: Mounting plugin SkeletalReduction
LogPluginManager: Mounting plugin MagicLeap
LogPluginManager: Mounting plugin MagicLeapMedia
LogPluginManager: Mounting plugin AndroidMedia
LogPluginManager: Mounting plugin AvfMedia
LogPluginManager: Mounting plugin ImgMedia
LogPluginManager: Mounting plugin MediaCompositing
LogPluginManager: Mounting plugin MediaPlayerEditor
LogPluginManager: Mounting plugin WebMMedia
LogPluginManager: Mounting plugin WmfMedia
LogPluginManager: Mounting plugin TcpMessaging
LogPluginManager: Mounting plugin UdpMessaging
LogPluginManager: Mounting plugin ActorSequence
LogPluginManager: Mounting plugin LevelSequenceEditor
LogPluginManager: Mounting plugin MatineeToLevelSequence
LogPluginManager: Mounting plugin NetcodeUnitTest
LogPluginManager: Mounting plugin NUTUnrealEngine4
LogPluginManager: Mounting plugin OnlineSubsystemGooglePlay
LogPluginManager: Mounting plugin OnlineSubsystemIOS
LogPluginManager: Mounting plugin OnlineSubsystem
LogPluginManager: Mounting plugin OnlineSubsystemNull
LogPluginManager: Mounting plugin OnlineSubsystemUtils
LogPluginManager: Mounting plugin LauncherChunkInstaller
LogPluginManager: Mounting plugin AndroidDeviceProfileSelector
LogPluginManager: Mounting plugin AndroidMoviePlayer
LogPluginManager: Mounting plugin AndroidPermission
LogPluginManager: Mounting plugin AppleImageUtils
LogPluginManager: Mounting plugin AppleMoviePlayer
LogPluginManager: Mounting plugin ArchVisCharacter
LogPluginManager: Mounting plugin AudioCapture
LogPluginManager: Mounting plugin CableComponent
LogPluginManager: Mounting plugin CustomMeshComponent
LogPluginManager: Mounting plugin EditableMesh
LogPluginManager: Mounting plugin ExampleDeviceProfileSelector
LogPluginManager: Mounting plugin GoogleCloudMessaging
LogPluginManager: Mounting plugin IOSDeviceProfileSelector
LogPluginManager: Mounting plugin LinuxDeviceProfileSelector
LogPluginManager: Mounting plugin LocationServicesBPLibrary
LogPluginManager: Mounting plugin MobilePatchingUtils
LogPluginManager: Mounting plugin OculusVR
LogPluginManager: Mounting plugin PhysXVehicles
LogPluginManager: Mounting plugin ProceduralMeshComponent
LogPluginManager: Mounting plugin RuntimePhysXCooking
LogPluginManager: Mounting plugin SignificanceManager
LogPluginManager: Mounting plugin SteamVR
LogPluginManager: Mounting plugin WebMMoviePlayer
LogPluginManager: Mounting plugin WindowsMoviePlayer
LogPluginManager: Mounting plugin ScreenshotTools
LogInit: Using libcurl 7.55.1-DEV
LogInit:  - built for x86_64-pc-win32
LogInit:  - supports SSL with OpenSSL/1.1.1
LogInit:  - supports HTTP deflate (compression) using libz 1.2.8
LogInit:  - other features:
LogInit:      CURL_VERSION_SSL
LogInit:      CURL_VERSION_LIBZ
LogInit:      CURL_VERSION_IPV6
LogInit:      CURL_VERSION_ASYNCHDNS
LogInit:      CURL_VERSION_LARGEFILE
LogInit:      CURL_VERSION_IDN
LogInit:  CurlRequestOptions (configurable via config and command line):
LogInit:  - bVerifyPeer = true  - Libcurl will verify peer certificate
LogInit:  - bUseHttpProxy = false  - Libcurl will NOT use HTTP proxy
LogInit:  - bDontReuseConnections = false  - Libcurl will reuse connections
LogInit:  - MaxHostConnections = 16  - Libcurl will limit the number of connections to a host
LogInit:  - LocalHostAddr = Default
LogInit:  - BufferSize = 65536
LogOnline: OSS: Creating online subsystem instance for: NULL
LogInit: WinSock: version 1.1 (2.2), MaxSocks=32767, MaxUdp=65467
LogInit: Build: ++UE4+Release-4.23-CL-9631420
LogInit: Engine Version: 4.23.1-9631420+++UE4+Release-4.23
LogInit: Compatible Engine Version: 4.23.0-8386587+++UE4+Release-4.23
LogInit: Net CL: 8386587
LogInit: OS: Windows 10 (Release 1909) (), CPU:         Intel(R) Core(TM) i5-3570 CPU @ 3.40GHz, GPU: AMD Radeon HD 7800 Series
LogInit: Compiled (64-bit): Oct 18 2019 02:07:44
LogInit: Compiled with Visual C++: 19.16.27030.01
LogInit: Build Configuration: DebugGame
LogInit: Branch Name: ++UE4+Release-4.23
LogInit: Command Line:  -skipcompile
LogInit: Base Directory: C:/Program Files/Epic Games/UE_4.23/Engine/Binaries/Win64/
LogInit: Installed Engine Build: 1
LogDevObjectVersion: Number of dev versions registered: 23
LogDevObjectVersion:   Dev-Blueprints (B0D832E4-1F89-4F0D-ACCF-7EB736FD4AA2): 10
LogDevObjectVersion:   Dev-Build (E1C64328-A22C-4D53-A36C-8E866417BD8C): 0
LogDevObjectVersion:   Dev-Core (375EC13C-06E4-48FB-B500-84F0262A717E): 3
LogDevObjectVersion:   Dev-Editor (E4B068ED-F494-42E9-A231-DA0B2E46BB41): 34
LogDevObjectVersion:   Dev-Framework (CFFC743F-43B0-4480-9391-14DF171D2073): 35
LogDevObjectVersion:   Dev-Mobile (B02B49B5-BB20-44E9-A304-32B752E40360): 2
LogDevObjectVersion:   Dev-Networking (A4E4105C-59A1-49B5-A7C5-40C4547EDFEE): 0
LogDevObjectVersion:   Dev-Online (39C831C9-5AE6-47DC-9A44-9C173E1C8E7C): 0
LogDevObjectVersion:   Dev-Physics (78F01B33-EBEA-4F98-B9B4-84EACCB95AA2): 0
LogDevObjectVersion:   Dev-Platform (6631380F-2D4D-43E0-8009-CF276956A95A): 0
LogDevObjectVersion:   Dev-Rendering (12F88B9F-8875-4AFC-A67C-D90C383ABD29): 31
LogDevObjectVersion:   Dev-Sequencer (7B5AE74C-D270-4C10-A958-57980B212A5A): 11
LogDevObjectVersion:   Dev-VR (D7296918-1DD6-4BDD-9DE2-64A83CC13884): 2
LogDevObjectVersion:   Dev-LoadTimes (C2A15278-BFE7-4AFE-6C17-90FF531DF755): 1
LogDevObjectVersion:   Private-Geometry (6EACA3D4-40EC-4CC1-B786-8BED09428FC5): 3
LogDevObjectVersion:   Dev-AnimPhys (29E575DD-E0A3-4627-9D10-D276232CDCEA): 17
LogDevObjectVersion:   Dev-Anim (AF43A65D-7FD3-4947-9873-3E8ED9C1BB05): 2
LogDevObjectVersion:   Dev-ReflectionCapture (6B266CEC-1EC7-4B8F-A30B-E4D90942FC07): 1
LogDevObjectVersion:   Dev-Automation (0DF73D61-A23F-47EA-B727-89E90C41499A): 1
LogDevObjectVersion:   FortniteMain (601D1886-AC64-4F84-AA16-D3DE0DEAC7D6): 27
LogDevObjectVersion:   Dev-Enterprise (9DFFBCD6-494F-0158-E221-12823C92A888): 6
LogDevObjectVersion:   Dev-Niagara (F2AED0AC-9AFE-416F-8664-AA7FFA26D6FC): 1
LogDevObjectVersion:   Dev-Destruction (174F1F0B-B4C6-45A5-B13F-2EE8D0FB917D): 9
LogInit: Presizing for max 16777216 objects, including 0 objects not considered by GC, pre-allocating 0 bytes for permanent pool.
LogInit: Object subsystem initialized
LogConfig: Setting CVar [[con.DebugEarlyDefault:1]]
LogConfig: Setting CVar [[r.setres:1280x720]]
[2020.06.09-10.52.39:543][  0]LogConfig: Setting CVar [[r.VSync:0]]
[2020.06.09-10.52.39:543][  0]LogConfig: Setting CVar [[r.RHICmdBypass:0]]
[2020.06.09-10.52.39:543][  0]LogConfig: Applying CVar settings from Section [/Script/Engine.RendererSettings] File [D:/UE4Practice/IK2/Saved/Config/Windows/Engine.ini]
[2020.06.09-10.52.39:543][  0]LogConfig: Setting CVar [[r.GPUCrashDebugging:0]]
[2020.06.09-10.52.39:543][  0]LogConfig: Applying CVar settings from Section [/Script/Engine.RendererOverrideSettings] File [D:/UE4Practice/IK2/Saved/Config/Windows/Engine.ini]
[2020.06.09-10.52.39:543][  0]LogConfig: Applying CVar settings from Section [/Script/Engine.StreamingSettings] File [D:/UE4Practice/IK2/Saved/Config/Windows/Engine.ini]
[2020.06.09-10.52.39:543][  0]LogConfig: Setting CVar [[s.MinBulkDataSizeForAsyncLoading:131072]]
[2020.06.09-10.52.39:543][  0]LogConfig: Setting CVar [[s.AsyncLoadingThreadEnabled:0]]
[2020.06.09-10.52.39:543][  0]LogConfig: Setting CVar [[s.EventDrivenLoaderEnabled:1]]
[2020.06.09-10.52.39:543][  0]LogConfig: Setting CVar [[s.WarnIfTimeLimitExceeded:0]]
[2020.06.09-10.52.39:543][  0]LogConfig: Setting CVar [[s.TimeLimitExceededMultiplier:1.5]]
[2020.06.09-10.52.39:543][  0]LogConfig: Setting CVar [[s.TimeLimitExceededMinTime:0.005]]
[2020.06.09-10.52.39:543][  0]LogConfig: Setting CVar [[s.UseBackgroundLevelStreaming:1]]
[2020.06.09-10.52.39:543][  0]LogConfig: Setting CVar [[s.PriorityAsyncLoadingExtraTime:15.0]]
[2020.06.09-10.52.39:543][  0]LogConfig: Setting CVar [[s.LevelStreamingActorsUpdateTimeLimit:5.0]]
[2020.06.09-10.52.39:543][  0]LogConfig: Setting CVar [[s.PriorityLevelStreamingActorsUpdateExtraTime:5.0]]
[2020.06.09-10.52.39:543][  0]LogConfig: Setting CVar [[s.LevelStreamingComponentsRegistrationGranularity:10]]
[2020.06.09-10.52.39:543][  0]LogConfig: Setting CVar [[s.UnregisterComponentsTimeLimit:1.0]]
[2020.06.09-10.52.39:543][  0]LogConfig: Setting CVar [[s.LevelStreamingComponentsUnregistrationGranularity:5]]
[2020.06.09-10.52.39:543][  0]LogConfig: Applying CVar settings from Section [/Script/Engine.GarbageCollectionSettings] File [D:/UE4Practice/IK2/Saved/Config/Windows/Engine.ini]
[2020.06.09-10.52.39:543][  0]LogConfig: Setting CVar [[gc.MaxObjectsNotConsideredByGC:1]]
[2020.06.09-10.52.39:543][  0]LogConfig: Setting CVar [[gc.SizeOfPermanentObjectPool:0]]
[2020.06.09-10.52.39:543][  0]LogConfig: Setting CVar [[gc.FlushStreamingOnGC:0]]
[2020.06.09-10.52.39:543][  0]LogConfig: Setting CVar [[gc.NumRetriesBeforeForcingGC:10]]
[2020.06.09-10.52.39:543][  0]LogConfig: Setting CVar [[gc.AllowParallelGC:1]]
[2020.06.09-10.52.39:544][  0]LogConfig: Setting CVar [[gc.TimeBetweenPurgingPendingKillObjects:61.1]]
[2020.06.09-10.52.39:544][  0]LogConfig: Setting CVar [[gc.MaxObjectsInEditor:16777216]]
[2020.06.09-10.52.39:544][  0]LogConfig: Setting CVar [[gc.IncrementalBeginDestroyEnabled:1]]
[2020.06.09-10.52.39:544][  0]LogConfig: Setting CVar [[gc.CreateGCClusters:1]]
[2020.06.09-10.52.39:544][  0]LogConfig: Setting CVar [[gc.MinGCClusterSize:5]]
[2020.06.09-10.52.39:544][  0]LogConfig: Setting CVar [[gc.ActorClusteringEnabled:0]]
[2020.06.09-10.52.39:544][  0]LogConfig: Setting CVar [[gc.BlueprintClusteringEnabled:0]]
[2020.06.09-10.52.39:544][  0]LogConfig: Setting CVar [[gc.UseDisregardForGCOnDedicatedServers:0]]
[2020.06.09-10.52.39:544][  0]LogConfig: Applying CVar settings from Section [/Script/Engine.NetworkSettings] File [D:/UE4Practice/IK2/Saved/Config/Windows/Engine.ini]
[2020.06.09-10.52.39:544][  0]LogConfig: Applying CVar settings from Section [/Script/UnrealEd.CookerSettings] File [D:/UE4Practice/IK2/Saved/Config/Windows/Engine.ini]
[2020.06.09-10.52.39:552][  0]LogConfig: Applying CVar settings from Section [ViewDistanceQuality@3] File [D:/UE4Practice/IK2/Saved/Config/Windows/Scalability.ini]
[2020.06.09-10.52.39:552][  0]LogConfig: Setting CVar [[r.SkeletalMeshLODBias:0]]
[2020.06.09-10.52.39:552][  0]LogConfig: Setting CVar [[r.ViewDistanceScale:1.0]]
[2020.06.09-10.52.39:552][  0]LogConfig: Applying CVar settings from Section [AntiAliasingQuality@3] File [D:/UE4Practice/IK2/Saved/Config/Windows/Scalability.ini]
[2020.06.09-10.52.39:552][  0]LogConfig: Setting CVar [[r.PostProcessAAQuality:4]]
[2020.06.09-10.52.39:552][  0]LogConfig: Applying CVar settings from Section [ShadowQuality@3] File [D:/UE4Practice/IK2/Saved/Config/Windows/Scalability.ini]
[2020.06.09-10.52.39:552][  0]LogConfig: Setting CVar [[r.LightFunctionQuality:1]]
[2020.06.09-10.52.39:552][  0]LogConfig: Setting CVar [[r.ShadowQuality:5]]
[2020.06.09-10.52.39:552][  0]LogConfig: Setting CVar [[r.Shadow.CSM.MaxCascades:10]]
[2020.06.09-10.52.39:552][  0]LogConfig: Setting CVar [[r.Shadow.MaxResolution:2048]]
[2020.06.09-10.52.39:552][  0]LogConfig: Setting CVar [[r.Shadow.MaxCSMResolution:2048]]
[2020.06.09-10.52.39:552][  0]LogConfig: Setting CVar [[r.Shadow.RadiusThreshold:0.01]]
[2020.06.09-10.52.39:552][  0]LogConfig: Setting CVar [[r.Shadow.DistanceScale:1.0]]
[2020.06.09-10.52.39:552][  0]LogConfig: Setting CVar [[r.Shadow.CSM.TransitionScale:1.0]]
[2020.06.09-10.52.39:552][  0]LogConfig: Setting CVar [[r.Shadow.PreShadowResolutionFactor:1.0]]
[2020.06.09-10.52.39:552][  0]LogConfig: Setting CVar [[r.DistanceFieldShadowing:1]]
[2020.06.09-10.52.39:552][  0]LogConfig: Setting CVar [[r.DistanceFieldAO:1]]
[2020.06.09-10.52.39:552][  0]LogConfig: Setting CVar [[r.AOQuality:2]]
[2020.06.09-10.52.39:552][  0]LogConfig: Setting CVar [[r.VolumetricFog:1]]
[2020.06.09-10.52.39:552][  0]LogConfig: Setting CVar [[r.VolumetricFog.GridPixelSize:8]]
[2020.06.09-10.52.39:552][  0]LogConfig: Setting CVar [[r.VolumetricFog.GridSizeZ:128]]
[2020.06.09-10.52.39:552][  0]LogConfig: Setting CVar [[r.VolumetricFog.HistoryMissSupersampleCount:4]]
[2020.06.09-10.52.39:552][  0]LogConfig: Setting CVar [[r.LightMaxDrawDistanceScale:1]]
[2020.06.09-10.52.39:552][  0]LogConfig: Setting CVar [[r.CapsuleShadows:1]]
[2020.06.09-10.52.39:553][  0]LogConfig: Applying CVar settings from Section [PostProcessQuality@3] File [D:/UE4Practice/IK2/Saved/Config/Windows/Scalability.ini]
[2020.06.09-10.52.39:553][  0]LogConfig: Setting CVar [[r.MotionBlurQuality:4]]
[2020.06.09-10.52.39:553][  0]LogConfig: Setting CVar [[r.AmbientOcclusionMipLevelFactor:0.4]]
[2020.06.09-10.52.39:553][  0]LogConfig: Setting CVar [[r.AmbientOcclusionMaxQuality:100]]
[2020.06.09-10.52.39:553][  0]LogConfig: Setting CVar [[r.AmbientOcclusionLevels:-1]]
[2020.06.09-10.52.39:553][  0]LogConfig: Setting CVar [[r.AmbientOcclusionRadiusScale:1.0]]
[2020.06.09-10.52.39:553][  0]LogConfig: Setting CVar [[r.DepthOfFieldQuality:2]]
[2020.06.09-10.52.39:553][  0]LogConfig: Setting CVar [[r.RenderTargetPoolMin:400]]
[2020.06.09-10.52.39:553][  0]LogConfig: Setting CVar [[r.LensFlareQuality:2]]
[2020.06.09-10.52.39:553][  0]LogConfig: Setting CVar [[r.SceneColorFringeQuality:1]]
[2020.06.09-10.52.39:553][  0]LogConfig: Setting CVar [[r.EyeAdaptationQuality:2]]
[2020.06.09-10.52.39:553][  0]LogConfig: Setting CVar [[r.BloomQuality:5]]
[2020.06.09-10.52.39:553][  0]LogConfig: Setting CVar [[r.FastBlurThreshold:100]]
[2020.06.09-10.52.39:553][  0]LogConfig: Setting CVar [[r.Upscale.Quality:3]]
[2020.06.09-10.52.39:553][  0]LogConfig: Setting CVar [[r.Tonemapper.GrainQuantization:1]]
[2020.06.09-10.52.39:553][  0]LogConfig: Setting CVar [[r.LightShaftQuality:1]]
[2020.06.09-10.52.39:553][  0]LogConfig: Setting CVar [[r.Filter.SizeScale:1]]
[2020.06.09-10.52.39:553][  0]LogConfig: Setting CVar [[r.Tonemapper.Quality:5]]
[2020.06.09-10.52.39:553][  0]LogConfig: Setting CVar [[r.DOF.Gather.AccumulatorQuality:1        ; higher gathering accumulator quality]]
[2020.06.09-10.52.39:553][  0]LogConfig: Setting CVar [[r.DOF.Gather.PostfilterMethod:1          ; Median3x3 postfilering method]]
[2020.06.09-10.52.39:553][  0]LogConfig: Setting CVar [[r.DOF.Gather.EnableBokehSettings:0       ; no bokeh simulation when gathering]]
[2020.06.09-10.52.39:553][  0]LogConfig: Setting CVar [[r.DOF.Gather.RingCount:4                 ; medium number of samples when gathering]]
[2020.06.09-10.52.39:553][  0]LogConfig: Setting CVar [[r.DOF.Scatter.ForegroundCompositing:1    ; additive foreground scattering]]
[2020.06.09-10.52.39:553][  0]LogConfig: Setting CVar [[r.DOF.Scatter.BackgroundCompositing:2    ; additive background scattering]]
[2020.06.09-10.52.39:553][  0]LogConfig: Setting CVar [[r.DOF.Scatter.EnableBokehSettings:1      ; bokeh simulation when scattering]]
[2020.06.09-10.52.39:553][  0]LogConfig: Setting CVar [[r.DOF.Scatter.MaxSpriteRatio:0.1         ; only a maximum of 10% of scattered bokeh]]
[2020.06.09-10.52.39:553][  0]LogConfig: Setting CVar [[r.DOF.Recombine.Quality:1                ; cheap slight out of focus]]
[2020.06.09-10.52.39:553][  0]LogConfig: Setting CVar [[r.DOF.Recombine.EnableBokehSettings:0    ; no bokeh simulation on slight out of focus]]
[2020.06.09-10.52.39:553][  0]LogConfig: Setting CVar [[r.DOF.TemporalAAQuality:1                ; more stable temporal accumulation]]
[2020.06.09-10.52.39:553][  0]LogConfig: Setting CVar [[r.DOF.Kernel.MaxForegroundRadius:0.025]]
[2020.06.09-10.52.39:553][  0]LogConfig: Setting CVar [[r.DOF.Kernel.MaxBackgroundRadius:0.025]]
[2020.06.09-10.52.39:553][  0]LogConfig: Applying CVar settings from Section [TextureQuality@3] File [D:/UE4Practice/IK2/Saved/Config/Windows/Scalability.ini]
[2020.06.09-10.52.39:553][  0]LogConfig: Setting CVar [[r.Streaming.MipBias:0]]
[2020.06.09-10.52.39:553][  0]LogConfig: Setting CVar [[r.Streaming.AmortizeCPUToGPUCopy:0]]
[2020.06.09-10.52.39:553][  0]LogConfig: Setting CVar [[r.Streaming.MaxNumTexturesToStreamPerFrame:0]]
[2020.06.09-10.52.39:553][  0]LogConfig: Setting CVar [[r.Streaming.Boost:1]]
[2020.06.09-10.52.39:553][  0]LogConfig: Setting CVar [[r.MaxAnisotropy:8]]
[2020.06.09-10.52.39:553][  0]LogConfig: Setting CVar [[r.Streaming.LimitPoolSizeToVRAM:0]]
[2020.06.09-10.52.39:553][  0]LogConfig: Setting CVar [[r.Streaming.PoolSize:1000]]
[2020.06.09-10.52.39:553][  0]LogConfig: Setting CVar [[r.Streaming.MaxEffectiveScreenSize:0]]
[2020.06.09-10.52.39:553][  0]LogConfig: Applying CVar settings from Section [EffectsQuality@3] File [D:/UE4Practice/IK2/Saved/Config/Windows/Scalability.ini]
[2020.06.09-10.52.39:553][  0]LogConfig: Setting CVar [[r.TranslucencyLightingVolumeDim:64]]
[2020.06.09-10.52.39:553][  0]LogConfig: Setting CVar [[r.RefractionQuality:2]]
[2020.06.09-10.52.39:553][  0]LogConfig: Setting CVar [[r.SSR.Quality:3]]
[2020.06.09-10.52.39:553][  0]LogConfig: Setting CVar [[r.SceneColorFormat:4]]
[2020.06.09-10.52.39:554][  0]LogConfig: Setting CVar [[r.DetailMode:2]]
[2020.06.09-10.52.39:554][  0]LogConfig: Setting CVar [[r.TranslucencyVolumeBlur:1]]
[2020.06.09-10.52.39:554][  0]LogConfig: Setting CVar [[r.MaterialQualityLevel:1 ; High quality]]
[2020.06.09-10.52.39:554][  0]LogConfig: Setting CVar [[r.SSS.Scale:1]]
[2020.06.09-10.52.39:554][  0]LogConfig: Setting CVar [[r.SSS.SampleSet:2]]
[2020.06.09-10.52.39:554][  0]LogConfig: Setting CVar [[r.SSS.Quality:1]]
[2020.06.09-10.52.39:554][  0]LogConfig: Setting CVar [[r.SSS.HalfRes:1]]
[2020.06.09-10.52.39:554][  0]LogConfig: Setting CVar [[r.EmitterSpawnRateScale:1.0]]
[2020.06.09-10.52.39:554][  0]LogConfig: Setting CVar [[r.ParticleLightQuality:2]]
[2020.06.09-10.52.39:554][  0]LogConfig: Applying CVar settings from Section [FoliageQuality@3] File [D:/UE4Practice/IK2/Saved/Config/Windows/Scalability.ini]
[2020.06.09-10.52.39:554][  0]LogConfig: Setting CVar [[foliage.DensityScale:1.0]]
[2020.06.09-10.52.39:554][  0]LogConfig: Setting CVar [[grass.DensityScale:1.0]]
[2020.06.09-10.52.39:554][  0]LogInit: Selected Device Profile: [Windows]
[2020.06.09-10.52.39:554][  0]LogInit: Applying CVar settings loaded from the selected device profile: [Windows]
[2020.06.09-10.52.39:558][  0]LogHAL: Display: Platform has ~ 16 GB [17123405824 / 17179869184 / 16], which maps to Larger [LargestMinGB=32, LargerMinGB=12, DefaultMinGB=8, SmallerMinGB=6, SmallestMinGB=0)
[2020.06.09-10.52.39:558][  0]LogInit: Going up to parent DeviceProfile []
[2020.06.09-10.52.39:558][  0]LogConfig: Applying CVar settings from Section [ViewDistanceQuality@3] File [D:/UE4Practice/IK2/Saved/Config/Windows/Scalability.ini]
[2020.06.09-10.52.39:558][  0]LogConfig: Setting CVar [[r.SkeletalMeshLODBias:0]]
[2020.06.09-10.52.39:558][  0]LogConfig: Setting CVar [[r.ViewDistanceScale:1.0]]
[2020.06.09-10.52.39:558][  0]LogConfig: Applying CVar settings from Section [AntiAliasingQuality@3] File [D:/UE4Practice/IK2/Saved/Config/Windows/Scalability.ini]
[2020.06.09-10.52.39:558][  0]LogConfig: Setting CVar [[r.PostProcessAAQuality:4]]
[2020.06.09-10.52.39:558][  0]LogConfig: Applying CVar settings from Section [ShadowQuality@3] File [D:/UE4Practice/IK2/Saved/Config/Windows/Scalability.ini]
[2020.06.09-10.52.39:558][  0]LogConfig: Setting CVar [[r.LightFunctionQuality:1]]
[2020.06.09-10.52.39:558][  0]LogConfig: Setting CVar [[r.ShadowQuality:5]]
[2020.06.09-10.52.39:558][  0]LogConfig: Setting CVar [[r.Shadow.CSM.MaxCascades:10]]
[2020.06.09-10.52.39:558][  0]LogConfig: Setting CVar [[r.Shadow.MaxResolution:2048]]
[2020.06.09-10.52.39:558][  0]LogConfig: Setting CVar [[r.Shadow.MaxCSMResolution:2048]]
[2020.06.09-10.52.39:558][  0]LogConfig: Setting CVar [[r.Shadow.RadiusThreshold:0.01]]
[2020.06.09-10.52.39:558][  0]LogConfig: Setting CVar [[r.Shadow.DistanceScale:1.0]]
[2020.06.09-10.52.39:558][  0]LogConfig: Setting CVar [[r.Shadow.CSM.TransitionScale:1.0]]
[2020.06.09-10.52.39:558][  0]LogConfig: Setting CVar [[r.Shadow.PreShadowResolutionFactor:1.0]]
[2020.06.09-10.52.39:558][  0]LogConfig: Setting CVar [[r.DistanceFieldShadowing:1]]
[2020.06.09-10.52.39:558][  0]LogConfig: Setting CVar [[r.DistanceFieldAO:1]]
[2020.06.09-10.52.39:558][  0]LogConfig: Setting CVar [[r.AOQuality:2]]
[2020.06.09-10.52.39:558][  0]LogConfig: Setting CVar [[r.VolumetricFog:1]]
[2020.06.09-10.52.39:558][  0]LogConfig: Setting CVar [[r.VolumetricFog.GridPixelSize:8]]
[2020.06.09-10.52.39:558][  0]LogConfig: Setting CVar [[r.VolumetricFog.GridSizeZ:128]]
[2020.06.09-10.52.39:558][  0]LogConfig: Setting CVar [[r.VolumetricFog.HistoryMissSupersampleCount:4]]
[2020.06.09-10.52.39:558][  0]LogConfig: Setting CVar [[r.LightMaxDrawDistanceScale:1]]
[2020.06.09-10.52.39:558][  0]LogConfig: Setting CVar [[r.CapsuleShadows:1]]
[2020.06.09-10.52.39:558][  0]LogConfig: Applying CVar settings from Section [PostProcessQuality@3] File [D:/UE4Practice/IK2/Saved/Config/Windows/Scalability.ini]
[2020.06.09-10.52.39:558][  0]LogConfig: Setting CVar [[r.MotionBlurQuality:4]]
[2020.06.09-10.52.39:558][  0]LogConfig: Setting CVar [[r.AmbientOcclusionMipLevelFactor:0.4]]
[2020.06.09-10.52.39:558][  0]LogConfig: Setting CVar [[r.AmbientOcclusionMaxQuality:100]]
[2020.06.09-10.52.39:558][  0]LogConfig: Setting CVar [[r.AmbientOcclusionLevels:-1]]
[2020.06.09-10.52.39:558][  0]LogConfig: Setting CVar [[r.AmbientOcclusionRadiusScale:1.0]]
[2020.06.09-10.52.39:558][  0]LogConfig: Setting CVar [[r.DepthOfFieldQuality:2]]
[2020.06.09-10.52.39:558][  0]LogConfig: Setting CVar [[r.RenderTargetPoolMin:400]]
[2020.06.09-10.52.39:558][  0]LogConfig: Setting CVar [[r.LensFlareQuality:2]]
[2020.06.09-10.52.39:558][  0]LogConfig: Setting CVar [[r.SceneColorFringeQuality:1]]
[2020.06.09-10.52.39:558][  0]LogConfig: Setting CVar [[r.EyeAdaptationQuality:2]]
[2020.06.09-10.52.39:558][  0]LogConfig: Setting CVar [[r.BloomQuality:5]]
[2020.06.09-10.52.39:558][  0]LogConfig: Setting CVar [[r.FastBlurThreshold:100]]
[2020.06.09-10.52.39:558][  0]LogConfig: Setting CVar [[r.Upscale.Quality:3]]
[2020.06.09-10.52.39:558][  0]LogConfig: Setting CVar [[r.Tonemapper.GrainQuantization:1]]
[2020.06.09-10.52.39:558][  0]LogConfig: Setting CVar [[r.LightShaftQuality:1]]
[2020.06.09-10.52.39:558][  0]LogConfig: Setting CVar [[r.Filter.SizeScale:1]]
[2020.06.09-10.52.39:559][  0]LogConfig: Setting CVar [[r.Tonemapper.Quality:5]]
[2020.06.09-10.52.39:559][  0]LogConfig: Setting CVar [[r.DOF.Gather.AccumulatorQuality:1        ; higher gathering accumulator quality]]
[2020.06.09-10.52.39:559][  0]LogConfig: Setting CVar [[r.DOF.Gather.PostfilterMethod:1          ; Median3x3 postfilering method]]
[2020.06.09-10.52.39:559][  0]LogConfig: Setting CVar [[r.DOF.Gather.EnableBokehSettings:0       ; no bokeh simulation when gathering]]
[2020.06.09-10.52.39:559][  0]LogConfig: Setting CVar [[r.DOF.Gather.RingCount:4                 ; medium number of samples when gathering]]
[2020.06.09-10.52.39:559][  0]LogConfig: Setting CVar [[r.DOF.Scatter.ForegroundCompositing:1    ; additive foreground scattering]]
[2020.06.09-10.52.39:559][  0]LogConfig: Setting CVar [[r.DOF.Scatter.BackgroundCompositing:2    ; additive background scattering]]
[2020.06.09-10.52.39:559][  0]LogConfig: Setting CVar [[r.DOF.Scatter.EnableBokehSettings:1      ; bokeh simulation when scattering]]
[2020.06.09-10.52.39:559][  0]LogConfig: Setting CVar [[r.DOF.Scatter.MaxSpriteRatio:0.1         ; only a maximum of 10% of scattered bokeh]]
[2020.06.09-10.52.39:559][  0]LogConfig: Setting CVar [[r.DOF.Recombine.Quality:1                ; cheap slight out of focus]]
[2020.06.09-10.52.39:559][  0]LogConfig: Setting CVar [[r.DOF.Recombine.EnableBokehSettings:0    ; no bokeh simulation on slight out of focus]]
[2020.06.09-10.52.39:559][  0]LogConfig: Setting CVar [[r.DOF.TemporalAAQuality:1                ; more stable temporal accumulation]]
[2020.06.09-10.52.39:559][  0]LogConfig: Setting CVar [[r.DOF.Kernel.MaxForegroundRadius:0.025]]
[2020.06.09-10.52.39:559][  0]LogConfig: Setting CVar [[r.DOF.Kernel.MaxBackgroundRadius:0.025]]
[2020.06.09-10.52.39:559][  0]LogConfig: Applying CVar settings from Section [TextureQuality@3] File [D:/UE4Practice/IK2/Saved/Config/Windows/Scalability.ini]
[2020.06.09-10.52.39:559][  0]LogConfig: Setting CVar [[r.Streaming.MipBias:0]]
[2020.06.09-10.52.39:559][  0]LogConfig: Setting CVar [[r.Streaming.AmortizeCPUToGPUCopy:0]]
[2020.06.09-10.52.39:559][  0]LogConfig: Setting CVar [[r.Streaming.MaxNumTexturesToStreamPerFrame:0]]
[2020.06.09-10.52.39:559][  0]LogConfig: Setting CVar [[r.Streaming.Boost:1]]
[2020.06.09-10.52.39:559][  0]LogConfig: Setting CVar [[r.MaxAnisotropy:8]]
[2020.06.09-10.52.39:559][  0]LogConfig: Setting CVar [[r.Streaming.LimitPoolSizeToVRAM:0]]
[2020.06.09-10.52.39:559][  0]LogConfig: Setting CVar [[r.Streaming.PoolSize:1000]]
[2020.06.09-10.52.39:559][  0]LogConfig: Setting CVar [[r.Streaming.MaxEffectiveScreenSize:0]]
[2020.06.09-10.52.39:559][  0]LogConfig: Applying CVar settings from Section [EffectsQuality@3] File [D:/UE4Practice/IK2/Saved/Config/Windows/Scalability.ini]
[2020.06.09-10.52.39:559][  0]LogConfig: Setting CVar [[r.TranslucencyLightingVolumeDim:64]]
[2020.06.09-10.52.39:559][  0]LogConfig: Setting CVar [[r.RefractionQuality:2]]
[2020.06.09-10.52.39:559][  0]LogConfig: Setting CVar [[r.SSR.Quality:3]]
[2020.06.09-10.52.39:559][  0]LogConfig: Setting CVar [[r.SceneColorFormat:4]]
[2020.06.09-10.52.39:559][  0]LogConfig: Setting CVar [[r.DetailMode:2]]
[2020.06.09-10.52.39:559][  0]LogConfig: Setting CVar [[r.TranslucencyVolumeBlur:1]]
[2020.06.09-10.52.39:559][  0]LogConfig: Setting CVar [[r.MaterialQualityLevel:1 ; High quality]]
[2020.06.09-10.52.39:559][  0]LogConfig: Setting CVar [[r.SSS.Scale:1]]
[2020.06.09-10.52.39:559][  0]LogConfig: Setting CVar [[r.SSS.SampleSet:2]]
[2020.06.09-10.52.39:559][  0]LogConfig: Setting CVar [[r.SSS.Quality:1]]
[2020.06.09-10.52.39:559][  0]LogConfig: Setting CVar [[r.SSS.HalfRes:1]]
[2020.06.09-10.52.39:559][  0]LogConfig: Setting CVar [[r.EmitterSpawnRateScale:1.0]]
[2020.06.09-10.52.39:559][  0]LogConfig: Setting CVar [[r.ParticleLightQuality:2]]
[2020.06.09-10.52.39:559][  0]LogConfig: Applying CVar settings from Section [FoliageQuality@3] File [D:/UE4Practice/IK2/Saved/Config/Windows/Scalability.ini]
[2020.06.09-10.52.39:559][  0]LogConfig: Setting CVar [[foliage.DensityScale:1.0]]
[2020.06.09-10.52.39:559][  0]LogConfig: Setting CVar [[grass.DensityScale:1.0]]
[2020.06.09-10.52.39:559][  0]LogConfig: Applying CVar settings from Section [Startup] File [../../../Engine/Config/ConsoleVariables.ini]
[2020.06.09-10.52.39:560][  0]LogConfig: Setting CVar [[net.UseAdaptiveNetUpdateFrequency:0]]
[2020.06.09-10.52.39:560][  0]LogConfig: Setting CVar [[p.chaos.AllowCreatePhysxBodies:1]]
[2020.06.09-10.52.39:560][  0]LogConfig: Applying CVar settings from Section [ConsoleVariables] File [D:/UE4Practice/IK2/Saved/Config/Windows/Engine.ini]
[2020.06.09-10.52.39:560][  0]LogInit: Computer: DESKTOP-2IHUG0K
[2020.06.09-10.52.39:560][  0]LogInit: User: ACA
[2020.06.09-10.52.39:560][  0]LogInit: CPU Page size=4096, Cores=4
[2020.06.09-10.52.39:560][  0]LogInit: High frequency timer resolution =10.000000 MHz
[2020.06.09-10.52.39:560][  0]LogMemory: Memory total: Physical=15.9GB (16GB approx)
[2020.06.09-10.52.39:560][  0]LogMemory: Platform Memory Stats for Windows
[2020.06.09-10.52.39:560][  0]LogMemory: Process Physical Memory: 100.36 MB used, 100.36 MB peak
[2020.06.09-10.52.39:560][  0]LogMemory: Process Virtual Memory: 99.79 MB used, 99.79 MB peak
[2020.06.09-10.52.39:560][  0]LogMemory: Physical Memory: 6488.49 MB used,  9841.66 MB free, 16330.15 MB total
[2020.06.09-10.52.39:560][  0]LogMemory: Virtual Memory: 4655.70 MB used,  134213072.00 MB free, 134217728.00 MB total
[2020.06.09-10.52.39:564][  0]LogWindows: WindowsPlatformFeatures enabled
[2020.06.09-10.52.39:612][  0]LogInit: Using OS detected language (ko-KR).
[2020.06.09-10.52.39:612][  0]LogInit: Using OS detected locale (ko-KR).
[2020.06.09-10.52.39:614][  0]LogTextLocalizationManager: No specific localization for 'ko-KR' exists, so the 'ko' localization will be used.
[2020.06.09-10.52.39:703][  0]LogInit: Setting process to per monitor DPI aware
[2020.06.09-10.52.39:760][  0]LogSlate: New Slate User Created.  User Index 0, Is Virtual User: 0
[2020.06.09-10.52.39:760][  0]LogSlate: Slate User Registered.  User Index 0, Is Virtual User: 0
[2020.06.09-10.52.40:018][  0]LogHMD: Failed to initialize OpenVR with code 110
[2020.06.09-10.52.40:018][  0]LogD3D11RHI: D3D11 adapters:
[2020.06.09-10.52.40:147][  0]LogD3D11RHI:    0. 'AMD Radeon HD 7800 Series' (Feature Level 11_0)
[2020.06.09-10.52.40:147][  0]LogD3D11RHI:       2027/0/8165 MB DedicatedVideo/DedicatedSystem/SharedSystem, Outputs:1, VendorId:0x1002
[2020.06.09-10.52.40:153][  0]LogD3D11RHI:    1. 'Microsoft Basic Render Driver' (Feature Level 11_0)
[2020.06.09-10.52.40:153][  0]LogD3D11RHI:       0/0/8165 MB DedicatedVideo/DedicatedSystem/SharedSystem, Outputs:0, VendorId:0x1414
[2020.06.09-10.52.40:153][  0]LogD3D11RHI: Chosen D3D11 Adapter: 0
[2020.06.09-10.52.40:164][  0]LogD3D11RHI: Creating new Direct3DDevice
[2020.06.09-10.52.40:164][  0]LogD3D11RHI:     GPU DeviceId: 0x679e (for the marketing name, search the web for "GPU Device Id")
[2020.06.09-10.52.40:164][  0]LogWindows: EnumDisplayDevices:
[2020.06.09-10.52.40:165][  0]LogWindows:    0. 'AMD Radeon HD 7800 Series' (P:1 D:1)
[2020.06.09-10.52.40:166][  0]LogWindows:    1. 'AMD Radeon HD 7800 Series' (P:0 D:0)
[2020.06.09-10.52.40:168][  0]LogWindows:    2. 'AMD Radeon HD 7800 Series' (P:0 D:0)
[2020.06.09-10.52.40:169][  0]LogWindows:    3. 'AMD Radeon HD 7800 Series' (P:0 D:0)
[2020.06.09-10.52.40:171][  0]LogWindows:    4. 'AMD Radeon HD 7800 Series' (P:0 D:0)
[2020.06.09-10.52.40:173][  0]LogWindows:    5. 'AMD Radeon HD 7800 Series' (P:0 D:0)
[2020.06.09-10.52.40:174][  0]LogWindows:    6. 'AMD Radeon HD 7800 Series' (P:0 D:0)
[2020.06.09-10.52.40:176][  0]LogWindows:    7. 'AMD Radeon HD 7800 Series' (P:0 D:0)
[2020.06.09-10.52.40:177][  0]LogWindows: DebugString: FoundDriverCount:8 
[2020.06.09-10.52.40:177][  0]LogD3D11RHI:     Adapter Name: AMD Radeon HD 7800 Series
[2020.06.09-10.52.40:177][  0]LogD3D11RHI:   Driver Version: Adrenalin 2020 20.2.2 (internal:26.20.15019.15019, unified:26.20.15019.15019)
[2020.06.09-10.52.40:177][  0]LogD3D11RHI:      Driver Date: 2-26-2020
[2020.06.09-10.52.40:177][  0]LogRHI: Texture pool is 1419 MB (70% of 2027 MB)
[2020.06.09-10.52.40:252][  0]LogD3D11RHI: Async texture creation enabled
[2020.06.09-10.52.40:264][  0]LogD3D11RHI: GPU Timing Frequency: 27.000000 (Debug: 2 1)
[2020.06.09-10.52.40:624][  0]LogTemp: Display: Module 'AllDesktopTargetPlatform' loaded TargetPlatform 'AllDesktop'
[2020.06.09-10.52.40:640][  0]LogTemp: Display: Module 'MacClientTargetPlatform' loaded TargetPlatform 'MacClient'
[2020.06.09-10.52.40:656][  0]LogTemp: Display: Module 'MacNoEditorTargetPlatform' loaded TargetPlatform 'MacNoEditor'
[2020.06.09-10.52.40:673][  0]LogTemp: Display: Module 'MacServerTargetPlatform' loaded TargetPlatform 'MacServer'
[2020.06.09-10.52.40:689][  0]LogTemp: Display: Module 'MacTargetPlatform' loaded TargetPlatform 'Mac'
[2020.06.09-10.52.40:706][  0]LogTemp: Display: Module 'WindowsClientTargetPlatform' loaded TargetPlatform 'WindowsClient'
[2020.06.09-10.52.40:722][  0]LogTemp: Display: Module 'WindowsNoEditorTargetPlatform' loaded TargetPlatform 'WindowsNoEditor'
[2020.06.09-10.52.40:739][  0]LogTemp: Display: Module 'WindowsServerTargetPlatform' loaded TargetPlatform 'WindowsServer'
[2020.06.09-10.52.40:750][  0]LogTemp: Display: Module 'WindowsTargetPlatform' loaded TargetPlatform 'Windows'
[2020.06.09-10.52.40:789][  0]LogTemp: Display: Module 'AndroidTargetPlatform' loaded TargetPlatform 'Android'
[2020.06.09-10.52.40:789][  0]LogTemp: Display: Module 'AndroidTargetPlatform' loaded TargetPlatform 'Android_ASTC'
[2020.06.09-10.52.40:789][  0]LogTemp: Display: Module 'AndroidTargetPlatform' loaded TargetPlatform 'Android_ATC'
[2020.06.09-10.52.40:789][  0]LogTemp: Display: Module 'AndroidTargetPlatform' loaded TargetPlatform 'Android_DXT'
[2020.06.09-10.52.40:789][  0]LogTemp: Display: Module 'AndroidTargetPlatform' loaded TargetPlatform 'Android_ETC1'
[2020.06.09-10.52.40:789][  0]LogTemp: Display: Module 'AndroidTargetPlatform' loaded TargetPlatform 'Android_ETC1a'
[2020.06.09-10.52.40:789][  0]LogTemp: Display: Module 'AndroidTargetPlatform' loaded TargetPlatform 'Android_ETC2'
[2020.06.09-10.52.40:789][  0]LogTemp: Display: Module 'AndroidTargetPlatform' loaded TargetPlatform 'Android_PVRTC'
[2020.06.09-10.52.40:789][  0]LogTemp: Display: Module 'AndroidTargetPlatform' loaded TargetPlatform 'AndroidClient'
[2020.06.09-10.52.40:789][  0]LogTemp: Display: Module 'AndroidTargetPlatform' loaded TargetPlatform 'Android_ASTCClient'
[2020.06.09-10.52.40:789][  0]LogTemp: Display: Module 'AndroidTargetPlatform' loaded TargetPlatform 'Android_ATCClient'
[2020.06.09-10.52.40:789][  0]LogTemp: Display: Module 'AndroidTargetPlatform' loaded TargetPlatform 'Android_DXTClient'
[2020.06.09-10.52.40:789][  0]LogTemp: Display: Module 'AndroidTargetPlatform' loaded TargetPlatform 'Android_ETC1Client'
[2020.06.09-10.52.40:789][  0]LogTemp: Display: Module 'AndroidTargetPlatform' loaded TargetPlatform 'Android_ETC1aClient'
[2020.06.09-10.52.40:789][  0]LogTemp: Display: Module 'AndroidTargetPlatform' loaded TargetPlatform 'Android_ETC2Client'
[2020.06.09-10.52.40:789][  0]LogTemp: Display: Module 'AndroidTargetPlatform' loaded TargetPlatform 'Android_PVRTCClient'
[2020.06.09-10.52.40:789][  0]LogTemp: Display: Module 'AndroidTargetPlatform' loaded TargetPlatform 'Android_Multi'
[2020.06.09-10.52.40:789][  0]LogTemp: Display: Module 'AndroidTargetPlatform' loaded TargetPlatform 'Android_MultiClient'
[2020.06.09-10.52.40:792][  0]LogTemp: Display: Module 'HTML5TargetPlatform' loaded TargetPlatform 'HTML5'
[2020.06.09-10.52.40:820][  0]LogTemp: Display: Module 'IOSTargetPlatform' loaded TargetPlatform 'IOSClient'
[2020.06.09-10.52.40:820][  0]LogTemp: Display: Module 'IOSTargetPlatform' loaded TargetPlatform 'IOS'
[2020.06.09-10.52.40:839][  0]LogTemp: Display: Module 'TVOSTargetPlatform' loaded TargetPlatform 'TVOSClient'
[2020.06.09-10.52.40:839][  0]LogTemp: Display: Module 'TVOSTargetPlatform' loaded TargetPlatform 'TVOS'
[2020.06.09-10.52.40:849][  0]LogTemp: Display: Module 'LinuxClientTargetPlatform' loaded TargetPlatform 'LinuxClient'
[2020.06.09-10.52.40:857][  0]LogTemp: Display: Module 'LinuxNoEditorTargetPlatform' loaded TargetPlatform 'LinuxNoEditor'
[2020.06.09-10.52.40:868][  0]LogTemp: Display: Module 'LinuxServerTargetPlatform' loaded TargetPlatform 'LinuxServer'
[2020.06.09-10.52.40:878][  0]LogTemp: Display: Module 'LinuxTargetPlatform' loaded TargetPlatform 'Linux'
[2020.06.09-10.52.40:910][  0]LogTemp: Display: Module 'LuminTargetPlatform' loaded TargetPlatform 'Lumin'
[2020.06.09-10.52.40:910][  0]LogTemp: Display: Module 'LuminTargetPlatform' loaded TargetPlatform 'LuminClient'
[2020.06.09-10.52.40:910][  0]LogTargetPlatformManager: Display: Building Assets For Windows
[2020.06.09-10.52.40:934][  0]LogAudioDebug: Display: Lib vorbis DLL was dynamically loaded.
[2020.06.09-10.52.41:073][  0]LogShaderCompilers: Guid format shader working directory is 28 characters bigger than the processId version (D:/UE4Practice/IK2/Intermediate/Shaders/WorkingDirectory/8228/).
[2020.06.09-10.52.41:073][  0]LogShaderCompilers: Cleaned the shader compiler working directory 'C:/Users/bear1/AppData/Local/Temp/UnrealShaderWorkingDir/FA6B0656475E753CF505B7B36F446783/'.
[2020.06.09-10.52.41:082][  0]LogXGEController: Cannot use XGE Controller as Incredibuild is not installed on this machine.
[2020.06.09-10.52.41:082][  0]LogShaderCompilers: Cannot use XGE Shader Compiler as Incredibuild is not installed on this machine.
[2020.06.09-10.52.41:082][  0]LogShaderCompilers: Display: Using Local Shader Compiler.
[2020.06.09-10.52.41:812][  0]LogDerivedDataCache: Display: Max Cache Size: 512 MB
[2020.06.09-10.52.41:869][  0]LogDerivedDataCache: Loaded boot cache 0.06s 77MB C:/Users/bear1/AppData/Local/UnrealEngine/4.23/DerivedDataCache/Boot.ddc.
[2020.06.09-10.52.41:869][  0]LogDerivedDataCache: Display: Loaded Boot cache: C:/Users/bear1/AppData/Local/UnrealEngine/4.23/DerivedDataCache/Boot.ddc
[2020.06.09-10.52.41:870][  0]LogDerivedDataCache: FDerivedDataBackendGraph:  Pak pak cache file D:/UE4Practice/IK2/DerivedDataCache/DDC.ddp not found, will not use a pak cache.
[2020.06.09-10.52.41:870][  0]LogDerivedDataCache: Unable to find inner node Pak for hierarchical cache Hierarchy.
[2020.06.09-10.52.41:870][  0]LogDerivedDataCache: FDerivedDataBackendGraph:  CompressedPak pak cache file D:/UE4Practice/IK2/DerivedDataCache/Compressed.ddp not found, will not use a pak cache.
[2020.06.09-10.52.41:870][  0]LogDerivedDataCache: Unable to find inner node CompressedPak for hierarchical cache Hierarchy.
[2020.06.09-10.52.41:881][  0]LogDerivedDataCache: Display: Pak cache opened for reading ../../../Engine/DerivedDataCache/Compressed.ddp.
[2020.06.09-10.52.41:881][  0]LogDerivedDataCache: FDerivedDataBackendGraph:  EnterprisePak pak cache file ../../../Enterprise/DerivedDataCache/Compressed.ddp not found, will not use a pak cache.
[2020.06.09-10.52.41:881][  0]LogDerivedDataCache: Unable to find inner node EnterprisePak for hierarchical cache Hierarchy.
[2020.06.09-10.52.41:883][  0]LogDerivedDataCache: Using Local data cache path C:/Users/bear1/AppData/Local/UnrealEngine/Common/DerivedDataCache: Writable
[2020.06.09-10.52.41:883][  0]LogDerivedDataCache: Shared data cache path not found in *engine.ini, will not use an Shared cache.
[2020.06.09-10.52.41:883][  0]LogDerivedDataCache: Unable to find inner node Shared for hierarchical cache Hierarchy.
[2020.06.09-10.52.41:909][  0]LogMaterial: Verifying Global Shaders for PCD3D_SM5
[2020.06.09-10.52.41:912][  0]LogSlate: Using FreeType 2.6.0
[2020.06.09-10.52.41:912][  0]LogSlate: SlateFontServices - WITH_FREETYPE: 1, WITH_HARFBUZZ: 1
[2020.06.09-10.52.42:000][  0]LogAssetRegistry: FAssetRegistry took 0.0028 seconds to start up
[2020.06.09-10.52.42:333][  0]LogInit: Selected Device Profile: [Windows]
[2020.06.09-10.52.42:543][  0]LogMeshReduction: Using QuadricMeshReduction for automatic static mesh reduction
[2020.06.09-10.52.42:543][  0]LogMeshReduction: Using SimplygonMeshReduction for automatic skeletal mesh reduction
[2020.06.09-10.52.42:543][  0]LogMeshReduction: Using ProxyLODMeshReduction for automatic mesh merging
[2020.06.09-10.52.42:543][  0]LogMeshReduction: No distributed automatic mesh merging module available
[2020.06.09-10.52.42:543][  0]LogMeshMerging: No distributed automatic mesh merging module available
[2020.06.09-10.52.42:553][  0]LogNetVersion: IK2 1.0.0, NetCL: 8386587, EngineNetVer: 11, GameNetVer: 0 (Checksum: 4186048603)
[2020.06.09-10.52.43:042][  0]LogPackageLocalizationCache: Processed 12 localized package path(s) for 1 prioritized culture(s) in 0.037910 seconds
[2020.06.09-10.52.43:050][  0]LogUObjectArray: 43444 objects as part of root set at end of initial load.
[2020.06.09-10.52.43:050][  0]LogUObjectAllocator: 7548648 out of 0 bytes used by permanent object pool.
[2020.06.09-10.52.43:050][  0]LogUObjectArray: CloseDisregardForGC: 0/0 objects in disregard for GC pool
[2020.06.09-10.52.44:393][  0]LogTcpMessaging: Initializing TcpMessaging bridge
[2020.06.09-10.52.44:397][  0]LogUdpMessaging: Initializing bridge on interface 0.0.0.0:0 to multicast group 230.0.0.1:6666.
[2020.06.09-10.52.44:540][  0]LogLinker: Error: HOTRELOADED_IkAnimComponent_0 has an inappropriate outermost, it was probably saved with a deprecated outer (file: D:/UE4Practice/IK2/Content/Mannequin/Animations/ABP_Third.uasset)
[2020.06.09-10.52.44:540][  0]LogLinker: Error: HOTRELOADED_IkAnimComponent_0 has an inappropriate outermost, it was probably saved with a deprecated outer (file: D:/UE4Practice/IK2/Content/Mannequin/Animations/ABP_Third.uasset)
[2020.06.09-10.52.44:540][  0]LogLinker: Error: HOTRELOADED_IkAnimComponent_0 has an inappropriate outermost, it was probably saved with a deprecated outer (file: D:/UE4Practice/IK2/Content/Mannequin/Animations/ABP_Third.uasset)
[2020.06.09-10.52.44:542][  0]LogLinker: Error: HOTRELOADED_IkAnimComponent_0 has an inappropriate outermost, it was probably saved with a deprecated outer (file: D:/UE4Practice/IK2/Content/Mannequin/Animations/ABP_Third.uasset)
[2020.06.09-10.52.44:542][  0]LogLinker: Error: HOTRELOADED_IkAnimComponent_0 has an inappropriate outermost, it was probably saved with a deprecated outer (file: D:/UE4Practice/IK2/Content/Mannequin/Animations/ABP_Third.uasset)
[2020.06.09-10.52.44:542][  0]LogLinker: Error: HOTRELOADED_IkAnimComponent_0 has an inappropriate outermost, it was probably saved with a deprecated outer (file: D:/UE4Practice/IK2/Content/Mannequin/Animations/ABP_Third.uasset)
[2020.06.09-10.52.44:544][  0]LogLinker: Error: HOTRELOADED_IkAnimComponent_0 has an inappropriate outermost, it was probably saved with a deprecated outer (file: D:/UE4Practice/IK2/Content/Mannequin/Animations/ABP_Third.uasset)
[2020.06.09-10.52.44:544][  0]LogLinker: Error: HOTRELOADED_IkAnimComponent_0 has an inappropriate outermost, it was probably saved with a deprecated outer (file: D:/UE4Practice/IK2/Content/Mannequin/Animations/ABP_Third.uasset)
[2020.06.09-10.52.44:544][  0]LogLinker: Error: HOTRELOADED_IkAnimComponent_0 has an inappropriate outermost, it was probably saved with a deprecated outer (file: D:/UE4Practice/IK2/Content/Mannequin/Animations/ABP_Third.uasset)
[2020.06.09-10.52.44:595][  0]LogBlueprint: Error: [Compiler ABP_Third] 사용 중인  IkAnimComponent  핀은 더 이상  <unknown struct> 분해  노드에 존재하지 않습니다. 노드를 새로고치거나 연결을 끊어 제거하세요.
[2020.06.09-10.52.44:595][  0]LogBlueprint: Error: [Compiler ABP_Third] 사용 중인  Current Left Foot Rotation  핀은 더 이상  <unknown struct> 분해  노드에 존재하지 않습니다. 노드를 새로고치거나 연결을 끊어 제거하세요.
[2020.06.09-10.52.44:595][  0]LogBlueprint: Error: [Compiler ABP_Third] 사용 중인  Current Right Foot Rotation  핀은 더 이상  <unknown struct> 분해  노드에 존재하지 않습니다. 노드를 새로고치거나 연결을 끊어 제거하세요.
[2020.06.09-10.52.44:595][  0]LogBlueprint: Error: [Compiler ABP_Third] <unknown struct> 분해  에 구조체가 없습니다.
[2020.06.09-10.52.44:596][  0]LogBlueprint: Error: [Compiler ABP_Third] 사용 중인  AnimComp  핀은 더 이상  Get  노드에 존재하지 않습니다. 노드를 새로고치거나 연결을 끊어 제거하세요.
[2020.06.09-10.52.44:599][  0]LogBlueprint: Error: [Compiler ABP_Third] 사용 중인  IkAnimComponent  핀은 더 이상  <unknown struct> 분해  노드에 존재하지 않습니다. 노드를 새로고치거나 연결을 끊어 제거하세요.
[2020.06.09-10.52.44:599][  0]LogBlueprint: Error: [Compiler ABP_Third] 사용 중인  Current Left Foot Rotation  핀은 더 이상  <unknown struct> 분해  노드에 존재하지 않습니다. 노드를 새로고치거나 연결을 끊어 제거하세요.
[2020.06.09-10.52.44:600][  0]LogBlueprint: Error: [Compiler ABP_Third] 사용 중인  Current Right Foot Rotation  핀은 더 이상  <unknown struct> 분해  노드에 존재하지 않습니다. 노드를 새로고치거나 연결을 끊어 제거하세요.
[2020.06.09-10.52.44:600][  0]LogBlueprint: Error: [Compiler ABP_Third] <unknown struct> 분해  에 구조체가 없습니다.
[2020.06.09-10.52.44:600][  0]LogBlueprint: Error: [Compiler ABP_Third] 사용 중인  AnimComp  핀은 더 이상  Get  노드에 존재하지 않습니다. 노드를 새로고치거나 연결을 끊어 제거하세요.
[2020.06.09-10.52.44:601][  0]LogBlueprint: Warning: [Compiler ABP_Third] 이 구조체는 범용  <unknown struct> 분해  'break' 노드로 분해할 수 없습니다. 가능하다면 전용 'break' 함수를 사용해 보세요.
[2020.06.09-10.52.44:601][  0]LogBlueprint: Error: [Compiler ABP_Third] <unknown struct> 분해  의 분해를 위해 알려지지 않은 구조체입니다.
[2020.06.09-10.52.44:679][  0]SourceControl: 소스 컨트롤이 꺼졌습니다.
[2020.06.09-10.52.44:679][  0]SourceControl: 소스 컨트롤이 꺼졌습니다.
[2020.06.09-10.52.44:681][  0]SourceControl: 소스 컨트롤이 꺼졌습니다.
[2020.06.09-10.52.44:683][  0]SourceControl: 소스 컨트롤이 꺼졌습니다.
[2020.06.09-10.52.44:811][  0]LogAndroidPermission: UAndroidPermissionCallbackProxy::GetInstance
[2020.06.09-10.52.45:018][  0]LogOcInput: OculusInput pre-init called
[2020.06.09-10.52.45:028][  0]LogWindows: Failed to load 'OVRPlugin.dll' (GetLastError=126)
[2020.06.09-10.52.45:028][  0]LogWindows: File 'OVRPlugin.dll' does not exist
[2020.06.09-10.52.45:126][  0]LogClass: Warning: FIkAnimComponent::HipOffset is not initialized properly
[2020.06.09-10.52.45:126][  0]LogClass: Display: 1 Uninitialized script stuct members found
[2020.06.09-10.52.45:126][  0]LogAutomationTest: Warning: FIkAnimComponent::HipOffset is not initialized properly
[2020.06.09-10.52.45:127][  0]LogEngine: Initializing Engine...
[2020.06.09-10.52.45:128][  0]LogHMD: Failed to initialize OpenVR with code 110
[2020.06.09-10.52.45:129][  0]LogStats: UGameplayTagsManager::InitializeManager -  0.000 s
[2020.06.09-10.52.45:398][  0]LogInit: Initializing FReadOnlyCVARCache
[2020.06.09-10.52.45:439][  0]LogAIModule: Creating AISystem for world Untitled
[2020.06.09-10.52.45:477][  0]LogInit: XAudio2 using '스피커(Realtek High Definition Audio)' : 2 channels at 48 kHz using 32 bits per sample (channel mask 0x3)
[2020.06.09-10.52.45:496][  0]LogInit: FAudioDevice initialized.
[2020.06.09-10.52.45:496][  0]LogNetVersion: Set ProjectVersion to 1.0.0.0. Version Checksum will be recalculated on next use.
[2020.06.09-10.52.45:776][  0]LogDerivedDataCache: Saved boot cache 0.28s 77MB C:/Users/bear1/AppData/Local/UnrealEngine/4.23/DerivedDataCache/Boot.ddc.
[2020.06.09-10.52.45:778][  0]LogInit: Texture streaming: Enabled
[2020.06.09-10.52.45:833][  0]LogEngineSessionManager: EngineSessionManager initialized
[2020.06.09-10.52.45:833][  0]LogEditorSessionSummary: Verbose: Initializing EditorSessionSummaryWriter for editor session tracking
[2020.06.09-10.52.45:834][  0]LogEditorSessionSummary: EditorSessionSummaryWriter initialized
[2020.06.09-10.52.45:906][  0]LogInit: Transaction tracking system initialized
[2020.06.09-10.52.46:016][  0]BlueprintLog: New page: 에디터 로드
[2020.06.09-10.52.46:256][  0]LocalizationService: 현지화 서비스가 비활성화되었습니다.
[2020.06.09-10.52.46:626][  0]LogFileCache: Scanning file cache for directory 'D:/UE4Practice/IK2/Content/' took 0.00s
[2020.06.09-10.52.46:626][  0]LogCook: Display: Max memory allowance for cook 16384mb min free memory 0mb
[2020.06.09-10.52.46:626][  0]LogCook: Display: Mobile HDR setting 1
[2020.06.09-10.52.46:954][  0]SourceControl: 소스 컨트롤이 꺼졌습니다.
[2020.06.09-10.52.46:954][  0]Cmd: MAP LOAD FILE="D:/UE4Practice/IK2/Content/ThirdPersonCPP/Maps/ThirdPersonExampleMap.umap" TEMPLATE=0 SHOWPROGRESS=1 FEATURELEVEL=3
[2020.06.09-10.52.46:954][  0]LightingResults: New page: 라이팅 빌드
[2020.06.09-10.52.46:965][  0]LogWorld: UWorld::CleanupWorld for Untitled, bSessionEnded=true, bCleanupResources=true
[2020.06.09-10.52.46:965][  0]MapCheck: New page: 맵 체크
[2020.06.09-10.52.46:965][  0]LightingResults: New page: 라이팅 빌드
[2020.06.09-10.52.47:003][  0]LogUObjectHash: Compacting FUObjectHashTables data took   2.82ms
[2020.06.09-10.52.47:120][  0]LogAIModule: Creating AISystem for world ThirdPersonExampleMap
[2020.06.09-10.52.47:128][  0]LogEditorServer: Finished looking for orphan Actors (0.000 secs)
[2020.06.09-10.52.47:163][  0]LogUObjectHash: Compacting FUObjectHashTables data took   2.58ms
[2020.06.09-10.52.47:164][  0]Cmd: MAP CHECKDEP NOCLEARLOG
[2020.06.09-10.52.47:164][  0]MapCheck: 맵 체크 완료: 오류 0 회, 경고 0 회, 소요 시간 0.092ms.
[2020.06.09-10.52.47:164][  0]LogFileHelpers: Loading map 'ThirdPersonExampleMap' took 0.210
[2020.06.09-10.52.47:261][  0]LogSlate: Updating window title bar state: overlay mode, drag disabled, window buttons hidden, title bar hidden
[2020.06.09-10.52.47:269][  0]LogSlate: Updating window title bar state: overlay mode, drag disabled, window buttons hidden, title bar hidden
[2020.06.09-10.52.47:277][  0]LogSlate: Updating window title bar state: overlay mode, drag disabled, window buttons hidden, title bar hidden
[2020.06.09-10.52.47:285][  0]LogSlate: Updating window title bar state: overlay mode, drag disabled, window buttons hidden, title bar hidden
[2020.06.09-10.52.47:303][  0]LogCollectionManager: Loaded 0 collections in 0.007684 seconds
[2020.06.09-10.52.47:315][  0]LogFileCache: Scanning file cache for directory 'D:/UE4Practice/IK2/Saved/Collections/' took 0.00s
[2020.06.09-10.52.47:315][  0]LogFileCache: Scanning file cache for directory 'D:/UE4Practice/IK2/Content/Developers/ACA/Collections/' took 0.00s
[2020.06.09-10.52.47:315][  0]LogFileCache: Scanning file cache for directory 'D:/UE4Practice/IK2/Content/Collections/' took 0.00s
[2020.06.09-10.52.47:315][  0]LogCollectionManager: Rebuilt the GUID cache for 0 collections in 0.000002 seconds
[2020.06.09-10.52.47:325][  0]LogContentBrowser: Native class hierarchy populated in 0.0097 seconds. Added 2867 classes and 682 folders.
[2020.06.09-10.52.47:344][  0]LogContentBrowser: Native class hierarchy updated for 'WidgetCarousel' in 0.0005 seconds. Added 0 classes and 0 folders.
[2020.06.09-10.52.47:450][  0]LogContentBrowser: Native class hierarchy updated for 'AddContentDialog' in 0.0006 seconds. Added 0 classes and 0 folders.
[2020.06.09-10.52.47:464][  0]LogContentBrowser: Native class hierarchy updated for 'SceneOutliner' in 0.0005 seconds. Added 1 classes and 2 folders.
[2020.06.09-10.52.47:551][  0]LogSlate: Took 0.000218 seconds to synchronously load lazily loaded font '../../../Engine/Content/Slate/Fonts/Roboto-Regular.ttf' (155K)
[2020.06.09-10.52.47:554][  0]LogSlate: Took 0.002180 seconds to synchronously load lazily loaded font '../../../Engine/Content/Editor/Slate/Fonts/NanumGothic.ttf' (4243K)
[2020.06.09-10.52.47:557][  0]LogSlate: Took 0.002060 seconds to synchronously load lazily loaded font '../../../Engine/Content/Editor/Slate/Fonts/NanumGothicBold.ttf' (4188K)
[2020.06.09-10.52.47:558][  0]LogSlate: Took 0.000279 seconds to synchronously load lazily loaded font '../../../Engine/Content/Slate/Fonts/Roboto-Bold.ttf' (160K)
[2020.06.09-10.52.47:562][  0]LogSlate: Took 0.000288 seconds to synchronously load lazily loaded font '../../../Engine/Content/Editor/Slate/Fonts/FontAwesome.ttf' (139K)
[2020.06.09-10.52.47:636][  0]LogRenderer: Reallocating scene render targets to support 1208x584 Format 10 NumSamples 1 (Frame:1).
[2020.06.09-10.52.47:758][  0]LogContentBrowser: Native class hierarchy updated for 'HierarchicalLODOutliner' in 0.0005 seconds. Added 0 classes and 0 folders.
[2020.06.09-10.52.47:758][  0]LogLoad: (Engine Initialization) Total time: 11.43 seconds
[2020.06.09-10.52.47:758][  0]LogLoad: (Engine Initialization) Total Blueprint compile time: 0.00 seconds
[2020.06.09-10.52.47:824][  0]LogContentStreaming: Texture pool size now 1000 MB
[2020.06.09-10.52.47:854][  0]LogSlate: Took 0.000245 seconds to synchronously load lazily loaded font '../../../Engine/Content/Slate/Fonts/Roboto-Light.ttf' (167K)
[2020.06.09-10.52.47:889][  1]LogAssetRegistry: Asset discovery search completed in 5.8893 seconds
[2020.06.09-10.52.47:893][  1]LogCollectionManager: Rebuilt the object cache for 0 collections in 0.000005 seconds (found 0 objects)
[2020.06.09-10.52.47:893][  1]LogCollectionManager: Fixed up redirectors for 0 collections in 0.000108 seconds (updated 0 objects)
[2020.06.09-10.53.49:016][249]LogSlate: FSceneViewport::OnFocusLost() reason 0
[2020.06.09-10.53.49:139][256]LogSlate: Took 0.000201 seconds to synchronously load lazily loaded font '../../../Engine/Content/Slate/Fonts/Roboto-Light.ttf' (167K)
[2020.06.09-10.53.49:148][256]LogAssetEditorManager: Opening Asset editor for AnimBlueprint /Game/Mannequin/Animations/ABP_Third.ABP_Third
[2020.06.09-10.53.49:168][256]LogContentBrowser: Native class hierarchy updated for 'SkeletonEditor' in 0.0005 seconds. Added 1 classes and 2 folders.
[2020.06.09-10.53.49:352][256]LogActorComponent: RegisterComponentWithWorld: (/Engine/Transient.World_5:PersistentLevel.AnimationEditorPreviewActor_0.DebugSkelMeshComponent_0) Already registered. Aborting.
[2020.06.09-10.53.49:361][256]LogContentBrowser: Native class hierarchy updated for 'PinnedCommandList' in 0.0004 seconds. Added 1 classes and 0 folders.
[2020.06.09-10.53.49:666][256]LogContentBrowser: Native class hierarchy updated for 'BlueprintGraph' in 0.0008 seconds. Added 121 classes and 0 folders.
[2020.06.09-10.53.50:720][256]LogSkeletalMesh: USkeletalMeshComponent::InitArticulated : Bodies already created (/Engine/Transient.World_5:PersistentLevel.AnimationEditorPreviewActor_0.DebugSkelMeshComponent_0) - call TermArticulated first.
[2020.06.09-10.53.50:970][256]LogSlate: Took 0.000286 seconds to synchronously load lazily loaded font '../../../Engine/Content/Slate/Fonts/Roboto-BoldCondensed.ttf' (158K)
[2020.06.09-10.53.51:084][257]LogSlate: Took 0.000271 seconds to synchronously load lazily loaded font '../../../Engine/Content/Slate/Fonts/Roboto-Italic.ttf' (157K)
[2020.06.09-10.54.17:323][ 32]BlueprintLog: New page: ABP_Third 컴파일
[2020.06.09-10.54.17:524][ 32]LogScript: Warning: MyCharacter 프로퍼티를 읽으려던 중 None 에 접근했습니다.
	ABP_Third_C /Engine/Transient.World_1:PersistentLevel.SkeletalMeshActor_0.SkeletalMeshComponent0.ABP_Third_C_1
	Function /Game/Mannequin/Animations/ABP_Third.ABP_Third_C:ExecuteUbergraph_ABP_Third:00A3
[2020.06.09-10.54.17:524][ 32]LogScript: Warning: None 에 접근
	ABP_Third_C /Engine/Transient.World_1:PersistentLevel.SkeletalMeshActor_0.SkeletalMeshComponent0.ABP_Third_C_1
	Function /Game/Mannequin/Animations/ABP_Third.ABP_Third_C:ExecuteUbergraph_ABP_Third:00B8
[2020.06.09-10.54.17:524][ 32]LogScript: Warning: CurrentLeftFootRotation 구조체를 읽으려던 중 None 에 접근했습니다.
	ABP_Third_C /Engine/Transient.World_1:PersistentLevel.SkeletalMeshActor_0.SkeletalMeshComponent0.ABP_Third_C_1
	Function /Game/Mannequin/Animations/ABP_Third.ABP_Third_C:ExecuteUbergraph_ABP_Third:00CD
[2020.06.09-10.54.17:524][ 32]LogScript: Warning: MyCharacter 프로퍼티를 읽으려던 중 None 에 접근했습니다.
	ABP_Third_C /Engine/Transient.World_1:PersistentLevel.SkeletalMeshActor_0.SkeletalMeshComponent0.ABP_Third_C_1
	Function /Game/Mannequin/Animations/ABP_Third.ABP_Third_C:ExecuteUbergraph_ABP_Third:00F6
[2020.06.09-10.54.17:524][ 32]LogScript: Warning: None 에 접근
	ABP_Third_C /Engine/Transient.World_1:PersistentLevel.SkeletalMeshActor_0.SkeletalMeshComponent0.ABP_Third_C_1
	Function /Game/Mannequin/Animations/ABP_Third.ABP_Third_C:ExecuteUbergraph_ABP_Third:010B
[2020.06.09-10.54.17:524][ 32]LogScript: Warning: CurrentRightFootRotation 구조체를 읽으려던 중 None 에 접근했습니다.
	ABP_Third_C /Engine/Transient.World_1:PersistentLevel.SkeletalMeshActor_0.SkeletalMeshComponent0.ABP_Third_C_1
	Function /Game/Mannequin/Animations/ABP_Third.ABP_Third_C:ExecuteUbergraph_ABP_Third:0120
[2020.06.09-10.54.17:524][ 32]LogScript: Warning: MyCharacter 프로퍼티를 읽으려던 중 None 에 접근했습니다.
	ABP_Third_C /Engine/Transient.World_1:PersistentLevel.SkeletalMeshActor_0.SkeletalMeshComponent0.ABP_Third_C_1
	Function /Game/Mannequin/Animations/ABP_Third.ABP_Third_C:ExecuteUbergraph_ABP_Third:0050
[2020.06.09-10.54.17:524][ 32]LogScript: Warning: None 에 접근
	ABP_Third_C /Engine/Transient.World_1:PersistentLevel.SkeletalMeshActor_0.SkeletalMeshComponent0.ABP_Third_C_1
	Function /Game/Mannequin/Animations/ABP_Third.ABP_Third_C:ExecuteUbergraph_ABP_Third:0065
[2020.06.09-10.54.17:524][ 32]LogScript: Warning: HipOffset 구조체를 읽으려던 중 None 에 접근했습니다.
	ABP_Third_C /Engine/Transient.World_1:PersistentLevel.SkeletalMeshActor_0.SkeletalMeshComponent0.ABP_Third_C_1
	Function /Game/Mannequin/Animations/ABP_Third.ABP_Third_C:ExecuteUbergraph_ABP_Third:007A
[2020.06.09-10.54.17:525][ 32]LogScript: Warning: MyCharacter 프로퍼티를 읽으려던 중 None 에 접근했습니다.
	ABP_Third_C /Engine/Transient.World_5:PersistentLevel.AnimationEditorPreviewActor_0.DebugSkelMeshComponent_0.ABP_Third_C_1
	Function /Game/Mannequin/Animations/ABP_Third.ABP_Third_C:ExecuteUbergraph_ABP_Third:00A3
[2020.06.09-10.54.17:525][ 32]LogScript: Warning: None 에 접근
	ABP_Third_C /Engine/Transient.World_5:PersistentLevel.AnimationEditorPreviewActor_0.DebugSkelMeshComponent_0.ABP_Third_C_1
	Function /Game/Mannequin/Animations/ABP_Third.ABP_Third_C:ExecuteUbergraph_ABP_Third:00B8
[2020.06.09-10.54.17:525][ 32]LogScript: Warning: CurrentLeftFootRotation 구조체를 읽으려던 중 None 에 접근했습니다.
	ABP_Third_C /Engine/Transient.World_5:PersistentLevel.AnimationEditorPreviewActor_0.DebugSkelMeshComponent_0.ABP_Third_C_1
	Function /Game/Mannequin/Animations/ABP_Third.ABP_Third_C:ExecuteUbergraph_ABP_Third:00CD
[2020.06.09-10.54.17:525][ 32]LogScript: Warning: MyCharacter 프로퍼티를 읽으려던 중 None 에 접근했습니다.
	ABP_Third_C /Engine/Transient.World_5:PersistentLevel.AnimationEditorPreviewActor_0.DebugSkelMeshComponent_0.ABP_Third_C_1
	Function /Game/Mannequin/Animations/ABP_Third.ABP_Third_C:ExecuteUbergraph_ABP_Third:00F6
[2020.06.09-10.54.17:525][ 32]LogScript: Warning: None 에 접근
	ABP_Third_C /Engine/Transient.World_5:PersistentLevel.AnimationEditorPreviewActor_0.DebugSkelMeshComponent_0.ABP_Third_C_1
	Function /Game/Mannequin/Animations/ABP_Third.ABP_Third_C:ExecuteUbergraph_ABP_Third:010B
[2020.06.09-10.54.17:525][ 32]LogScript: Warning: CurrentRightFootRotation 구조체를 읽으려던 중 None 에 접근했습니다.
	ABP_Third_C /Engine/Transient.World_5:PersistentLevel.AnimationEditorPreviewActor_0.DebugSkelMeshComponent_0.ABP_Third_C_1
	Function /Game/Mannequin/Animations/ABP_Third.ABP_Third_C:ExecuteUbergraph_ABP_Third:0120
[2020.06.09-10.54.17:525][ 32]LogScript: Warning: MyCharacter 프로퍼티를 읽으려던 중 None 에 접근했습니다.
	ABP_Third_C /Engine/Transient.World_5:PersistentLevel.AnimationEditorPreviewActor_0.DebugSkelMeshComponent_0.ABP_Third_C_1
	Function /Game/Mannequin/Animations/ABP_Third.ABP_Third_C:ExecuteUbergraph_ABP_Third:0050
[2020.06.09-10.54.17:525][ 32]LogScript: Warning: None 에 접근
	ABP_Third_C /Engine/Transient.World_5:PersistentLevel.AnimationEditorPreviewActor_0.DebugSkelMeshComponent_0.ABP_Third_C_1
	Function /Game/Mannequin/Animations/ABP_Third.ABP_Third_C:ExecuteUbergraph_ABP_Third:0065
[2020.06.09-10.54.17:565][ 32]LogUObjectHash: Compacting FUObjectHashTables data took   4.15ms
[2020.06.09-10.54.18:950][113]Cmd: OBJ SAVEPACKAGE PACKAGE="/Game/Mannequin/Animations/ABP_Third" FILE="D:/UE4Practice/IK2/Content/Mannequin/Animations/ABP_Third.uasset" SILENT=true
[2020.06.09-10.54.19:016][113]LogSavePackage: Moving 'D:/UE4Practice/IK2/Saved/ABP_Third09FD26BD4A3E36D7708BAC8964F9FC03.tmp' to 'D:/UE4Practice/IK2/Content/Mannequin/Animations/ABP_Third.uasset'
[2020.06.09-10.54.22:348][336]Cmd: OBJ SAVEPACKAGE PACKAGE="/Game/Mannequin/Animations/ABP_Third" FILE="D:/UE4Practice/IK2/Content/Mannequin/Animations/ABP_Third.uasset" SILENT=true
[2020.06.09-10.54.22:404][336]LogSavePackage: Moving 'D:/UE4Practice/IK2/Saved/ABP_Third6DF70D86421D0D947A3FC88CF720EB14.tmp' to 'D:/UE4Practice/IK2/Content/Mannequin/Animations/ABP_Third.uasset'
[2020.06.09-10.54.22:706][356]LogSlate: Window 'ABP_Third' being destroyed
[2020.06.09-10.54.22:724][356]LogWorld: UWorld::CleanupWorld for World_5, bSessionEnded=true, bCleanupResources=true
[2020.06.09-10.54.22:728][356]LogWorld: UWorld::CleanupWorld for World_4, bSessionEnded=true, bCleanupResources=true
[2020.06.09-10.54.22:816][356]LogWorld: UWorld::CleanupWorld for World_6, bSessionEnded=true, bCleanupResources=true
[2020.06.09-10.54.26:360][576]LogAssetEditorManager: Opening Asset editor for AnimBlueprint /Game/Mannequin/Animations/ABP_Third.ABP_Third
[2020.06.09-10.54.26:373][576]LogActorComponent: RegisterComponentWithWorld: (/Engine/Transient.World_10:PersistentLevel.AnimationEditorPreviewActor_0.DebugSkelMeshComponent_0) Already registered. Aborting.
[2020.06.09-10.54.26:373][576]LogScript: Warning: MyCharacter 프로퍼티를 읽으려던 중 None 에 접근했습니다.
	ABP_Third_C /Engine/Transient.World_10:PersistentLevel.AnimationEditorPreviewActor_0.DebugSkelMeshComponent_0.ABP_Third_C_0
	Function /Game/Mannequin/Animations/ABP_Third.ABP_Third_C:ExecuteUbergraph_ABP_Third:00A3
[2020.06.09-10.54.26:373][576]LogScript: Warning: None 에 접근
	ABP_Third_C /Engine/Transient.World_10:PersistentLevel.AnimationEditorPreviewActor_0.DebugSkelMeshComponent_0.ABP_Third_C_0
	Function /Game/Mannequin/Animations/ABP_Third.ABP_Third_C:ExecuteUbergraph_ABP_Third:00B8
[2020.06.09-10.54.26:373][576]LogScript: Warning: CurrentLeftFootRotation 구조체를 읽으려던 중 None 에 접근했습니다.
	ABP_Third_C /Engine/Transient.World_10:PersistentLevel.AnimationEditorPreviewActor_0.DebugSkelMeshComponent_0.ABP_Third_C_0
	Function /Game/Mannequin/Animations/ABP_Third.ABP_Third_C:ExecuteUbergraph_ABP_Third:00CD
[2020.06.09-10.54.26:374][576]LogScript: Warning: MyCharacter 프로퍼티를 읽으려던 중 None 에 접근했습니다.
	ABP_Third_C /Engine/Transient.World_10:PersistentLevel.AnimationEditorPreviewActor_0.DebugSkelMeshComponent_0.ABP_Third_C_0
	Function /Game/Mannequin/Animations/ABP_Third.ABP_Third_C:ExecuteUbergraph_ABP_Third:00F6
[2020.06.09-10.54.26:374][576]LogScript: Warning: None 에 접근
	ABP_Third_C /Engine/Transient.World_10:PersistentLevel.AnimationEditorPreviewActor_0.DebugSkelMeshComponent_0.ABP_Third_C_0
	Function /Game/Mannequin/Animations/ABP_Third.ABP_Third_C:ExecuteUbergraph_ABP_Third:010B
[2020.06.09-10.54.26:374][576]LogScript: Warning: CurrentRightFootRotation 구조체를 읽으려던 중 None 에 접근했습니다.
	ABP_Third_C /Engine/Transient.World_10:PersistentLevel.AnimationEditorPreviewActor_0.DebugSkelMeshComponent_0.ABP_Third_C_0
	Function /Game/Mannequin/Animations/ABP_Third.ABP_Third_C:ExecuteUbergraph_ABP_Third:0120
[2020.06.09-10.54.26:374][576]LogScript: Warning: MyCharacter 프로퍼티를 읽으려던 중 None 에 접근했습니다.
	ABP_Third_C /Engine/Transient.World_10:PersistentLevel.AnimationEditorPreviewActor_0.DebugSkelMeshComponent_0.ABP_Third_C_0
	Function /Game/Mannequin/Animations/ABP_Third.ABP_Third_C:ExecuteUbergraph_ABP_Third:0050
[2020.06.09-10.54.26:374][576]LogScript: Warning: None 에 접근
	ABP_Third_C /Engine/Transient.World_10:PersistentLevel.AnimationEditorPreviewActor_0.DebugSkelMeshComponent_0.ABP_Third_C_0
	Function /Game/Mannequin/Animations/ABP_Third.ABP_Third_C:ExecuteUbergraph_ABP_Third:0065
[2020.06.09-10.54.26:374][576]LogScript: Warning: HipOffset 구조체를 읽으려던 중 None 에 접근했습니다.
	ABP_Third_C /Engine/Transient.World_10:PersistentLevel.AnimationEditorPreviewActor_0.DebugSkelMeshComponent_0.ABP_Third_C_0
	Function /Game/Mannequin/Animations/ABP_Third.ABP_Third_C:ExecuteUbergraph_ABP_Third:007A
[2020.06.09-10.54.26:699][576]LogSkeletalMesh: USkeletalMeshComponent::InitArticulated : Bodies already created (/Engine/Transient.World_10:PersistentLevel.AnimationEditorPreviewActor_0.DebugSkelMeshComponent_0) - call TermArticulated first.
[2020.06.09-10.54.26:902][576]LogScript: Warning: MyCharacter 프로퍼티를 읽으려던 중 None 에 접근했습니다.
	ABP_Third_C /Engine/Transient.World_10:PersistentLevel.AnimationEditorPreviewActor_0.DebugSkelMeshComponent_0.ABP_Third_C_0
	Function /Game/Mannequin/Animations/ABP_Third.ABP_Third_C:ExecuteUbergraph_ABP_Third:00A3
[2020.06.09-10.54.26:902][576]LogScript: Warning: None 에 접근
	ABP_Third_C /Engine/Transient.World_10:PersistentLevel.AnimationEditorPreviewActor_0.DebugSkelMeshComponent_0.ABP_Third_C_0
	Function /Game/Mannequin/Animations/ABP_Third.ABP_Third_C:ExecuteUbergraph_ABP_Third:00B8
[2020.06.09-10.54.26:902][576]LogScript: Warning: CurrentLeftFootRotation 구조체를 읽으려던 중 None 에 접근했습니다.
	ABP_Third_C /Engine/Transient.World_10:PersistentLevel.AnimationEditorPreviewActor_0.DebugSkelMeshComponent_0.ABP_Third_C_0
	Function /Game/Mannequin/Animations/ABP_Third.ABP_Third_C:ExecuteUbergraph_ABP_Third:00CD
[2020.06.09-10.54.26:902][576]LogScript: Warning: MyCharacter 프로퍼티를 읽으려던 중 None 에 접근했습니다.
	ABP_Third_C /Engine/Transient.World_10:PersistentLevel.AnimationEditorPreviewActor_0.DebugSkelMeshComponent_0.ABP_Third_C_0
	Function /Game/Mannequin/Animations/ABP_Third.ABP_Third_C:ExecuteUbergraph_ABP_Third:00F6
[2020.06.09-10.54.26:902][576]LogScript: Warning: None 에 접근
	ABP_Third_C /Engine/Transient.World_10:PersistentLevel.AnimationEditorPreviewActor_0.DebugSkelMeshComponent_0.ABP_Third_C_0
	Function /Game/Mannequin/Animations/ABP_Third.ABP_Third_C:ExecuteUbergraph_ABP_Third:010B
[2020.06.09-10.54.26:902][576]LogScript: Warning: CurrentRightFootRotation 구조체를 읽으려던 중 None 에 접근했습니다.
	ABP_Third_C /Engine/Transient.World_10:PersistentLevel.AnimationEditorPreviewActor_0.DebugSkelMeshComponent_0.ABP_Third_C_0
	Function /Game/Mannequin/Animations/ABP_Third.ABP_Third_C:ExecuteUbergraph_ABP_Third:0120
[2020.06.09-10.54.26:903][576]LogScript: Warning: MyCharacter 프로퍼티를 읽으려던 중 None 에 접근했습니다.
	ABP_Third_C /Engine/Transient.World_10:PersistentLevel.AnimationEditorPreviewActor_0.DebugSkelMeshComponent_0.ABP_Third_C_0
	Function /Game/Mannequin/Animations/ABP_Third.ABP_Third_C:ExecuteUbergraph_ABP_Third:0050
[2020.06.09-10.54.26:903][576]LogScript: Warning: None 에 접근
	ABP_Third_C /Engine/Transient.World_10:PersistentLevel.AnimationEditorPreviewActor_0.DebugSkelMeshComponent_0.ABP_Third_C_0
	Function /Game/Mannequin/Animations/ABP_Third.ABP_Third_C:ExecuteUbergraph_ABP_Third:0065
[2020.06.09-10.55.05:196][630]BlueprintLog: New page: ABP_Third 컴파일
[2020.06.09-10.55.05:391][630]LogScript: Warning: MyCharacter 프로퍼티를 읽으려던 중 None 에 접근했습니다.
	ABP_Third_C /Engine/Transient.World_1:PersistentLevel.SkeletalMeshActor_0.SkeletalMeshComponent0.ABP_Third_C_2
	Function /Game/Mannequin/Animations/ABP_Third.ABP_Third_C:ExecuteUbergraph_ABP_Third:00A3
[2020.06.09-10.55.05:391][630]LogScript: Warning: None 에 접근
	ABP_Third_C /Engine/Transient.World_1:PersistentLevel.SkeletalMeshActor_0.SkeletalMeshComponent0.ABP_Third_C_2
	Function /Game/Mannequin/Animations/ABP_Third.ABP_Third_C:ExecuteUbergraph_ABP_Third:00B8
[2020.06.09-10.55.05:391][630]LogScript: Warning: CurrentLeftFootRotation 구조체를 읽으려던 중 None 에 접근했습니다.
	ABP_Third_C /Engine/Transient.World_1:PersistentLevel.SkeletalMeshActor_0.SkeletalMeshComponent0.ABP_Third_C_2
	Function /Game/Mannequin/Animations/ABP_Third.ABP_Third_C:ExecuteUbergraph_ABP_Third:00CD
[2020.06.09-10.55.05:391][630]LogScript: Warning: MyCharacter 프로퍼티를 읽으려던 중 None 에 접근했습니다.
	ABP_Third_C /Engine/Transient.World_1:PersistentLevel.SkeletalMeshActor_0.SkeletalMeshComponent0.ABP_Third_C_2
	Function /Game/Mannequin/Animations/ABP_Third.ABP_Third_C:ExecuteUbergraph_ABP_Third:00F6
[2020.06.09-10.55.05:391][630]LogScript: Warning: None 에 접근
	ABP_Third_C /Engine/Transient.World_1:PersistentLevel.SkeletalMeshActor_0.SkeletalMeshComponent0.ABP_Third_C_2
	Function /Game/Mannequin/Animations/ABP_Third.ABP_Third_C:ExecuteUbergraph_ABP_Third:010B
[2020.06.09-10.55.05:391][630]LogScript: Warning: CurrentRightFootRotation 구조체를 읽으려던 중 None 에 접근했습니다.
	ABP_Third_C /Engine/Transient.World_1:PersistentLevel.SkeletalMeshActor_0.SkeletalMeshComponent0.ABP_Third_C_2
	Function /Game/Mannequin/Animations/ABP_Third.ABP_Third_C:ExecuteUbergraph_ABP_Third:0120
[2020.06.09-10.55.05:391][630]LogScript: Warning: MyCharacter 프로퍼티를 읽으려던 중 None 에 접근했습니다.
	ABP_Third_C /Engine/Transient.World_1:PersistentLevel.SkeletalMeshActor_0.SkeletalMeshComponent0.ABP_Third_C_2
	Function /Game/Mannequin/Animations/ABP_Third.ABP_Third_C:ExecuteUbergraph_ABP_Third:0050
[2020.06.09-10.55.05:391][630]LogScript: Warning: None 에 접근
	ABP_Third_C /Engine/Transient.World_1:PersistentLevel.SkeletalMeshActor_0.SkeletalMeshComponent0.ABP_Third_C_2
	Function /Game/Mannequin/Animations/ABP_Third.ABP_Third_C:ExecuteUbergraph_ABP_Third:0065
[2020.06.09-10.55.05:391][630]LogScript: Warning: HipOffset 구조체를 읽으려던 중 None 에 접근했습니다.
	ABP_Third_C /Engine/Transient.World_1:PersistentLevel.SkeletalMeshActor_0.SkeletalMeshComponent0.ABP_Third_C_2
	Function /Game/Mannequin/Animations/ABP_Third.ABP_Third_C:ExecuteUbergraph_ABP_Third:007A
[2020.06.09-10.55.05:431][630]LogUObjectHash: Compacting FUObjectHashTables data took   4.23ms
[2020.06.09-10.55.05:715][644]Cmd: OBJ SAVEPACKAGE PACKAGE="/Game/Mannequin/Animations/ABP_Third" FILE="D:/UE4Practice/IK2/Content/Mannequin/Animations/ABP_Third.uasset" SILENT=true
[2020.06.09-10.55.05:781][644]LogSavePackage: Moving 'D:/UE4Practice/IK2/Saved/ABP_ThirdACDD0F75485DA58FFC1F598BD1EAB16A.tmp' to 'D:/UE4Practice/IK2/Content/Mannequin/Animations/ABP_Third.uasset'
[2020.06.09-10.55.20:476][266]LogD3D11RHI: GetQueryData is taking a very long time (5.0 s)
[2020.06.09-10.55.25:477][266]LogD3D11RHI: GetQueryData is taking a very long time (10.0 s)
[2020.06.09-10.55.30:477][266]LogD3D11RHI: GetQueryData is taking a very long time (15.0 s)
[2020.06.09-10.55.35:491][266]LogD3D11RHI: GetQueryData is taking a very long time (20.0 s)
[2020.06.09-10.55.40:477][266]LogD3D11RHI: GetQueryData is taking a very long time (25.0 s)
[2020.06.09-10.55.45:476][266]LogD3D11RHI: GetQueryData is taking a very long time (30.0 s)
[2020.06.09-10.55.45:476][266]LogD3D11RHI: Timed out while waiting for GPU to catch up. (30.0 s) (ErrorCode 00000001)
[2020.06.09-10.55.45:476][266]LogWindows: Windows GetLastError: 작업을 완료했습니다. (0)
[2020.06.09-10.55.51:183][266]LogOutputDevice: Warning: 

Script Stack (0 frames):

[2020.06.09-10.55.51:183][266]LogWindows: Windows GetLastError: 작업을 완료했습니다. (0)
[2020.06.09-10.55.51:183][266]LogWindows: Error: === Critical error: ===
[2020.06.09-10.55.51:183][266]LogWindows: Error: 
[2020.06.09-10.55.51:183][266]LogWindows: Error: Fatal error: [File:D:/Build/++UE4/Sync/Engine/Source/Runtime/RenderCore/Private/RenderingThread.cpp] [Line: 836] 
[2020.06.09-10.55.51:183][266]LogWindows: Error: Rendering thread exception:
[2020.06.09-10.55.51:183][266]LogWindows: Error: Assertion failed: GD3D11RHI->GetQueryData(Query->Resource, &Query->Result, sizeof(Query->Result), Query->QueryType, true, false) [File:D:/Build/++UE4/Sync/Engine/Source/Runtime/Windows/D3D11RHI/Private/D3D11Query.cpp] [Line: 45] 
[2020.06.09-10.55.51:183][266]LogWindows: Error: 
[2020.06.09-10.55.51:183][266]LogWindows: Error: 
[2020.06.09-10.55.51:183][266]LogWindows: Error: 
[2020.06.09-10.55.51:183][266]LogWindows: Error: [Callstack] 0x00007ff8523aa799 KERNELBASE.dll!UnknownFunction []
[2020.06.09-10.55.51:183][266]LogWindows: Error: [Callstack] 0x00007fffead6a367 UE4Editor-Core.dll!ReportAssert() [d:\build\++ue4\sync\engine\source\runtime\core\private\windows\windowsplatformcrashcontext.cpp:582]
[2020.06.09-10.55.51:183][266]LogWindows: Error: [Callstack] 0x00007fffead6cbc4 UE4Editor-Core.dll!FWindowsErrorOutputDevice::Serialize() [d:\build\++ue4\sync\engine\source\runtime\core\private\windows\windowserroroutputdevice.cpp:79]
[2020.06.09-10.55.51:183][266]LogWindows: Error: [Callstack] 0x00007fffeab61ada UE4Editor-Core.dll!FOutputDevice::LogfImpl() [d:\build\++ue4\sync\engine\source\runtime\core\private\misc\outputdevice.cpp:71]
[2020.06.09-10.55.51:183][266]LogWindows: Error: [Callstack] 0x00007fffeaab67a3 UE4Editor-Core.dll!AssertFailedImplV() [d:\build\++ue4\sync\engine\source\runtime\core\private\misc\assertionmacros.cpp:101]
[2020.06.09-10.55.51:183][266]LogWindows: Error: [Callstack] 0x00007fffeaab6eb0 UE4Editor-Core.dll!FDebug::CheckVerifyFailedImpl() [d:\build\++ue4\sync\engine\source\runtime\core\private\misc\assertionmacros.cpp:445]
[2020.06.09-10.55.51:183][266]LogWindows: Error: [Callstack] 0x00007fffe2a0fccd UE4Editor-D3D11RHI.dll!FD3D11RenderQueryBatcher::PerFrameFlush() [d:\build\++ue4\sync\engine\source\runtime\windows\d3d11rhi\private\d3d11query.cpp:45]
[2020.06.09-10.55.51:183][266]LogWindows: Error: [Callstack] 0x00007fffe2a1f6f9 UE4Editor-D3D11RHI.dll!FD3D11DynamicRHI::RHIPerFrameRHIFlushComplete() [d:\build\++ue4\sync\engine\source\runtime\windows\d3d11rhi\private\windows\windowsd3d11device.cpp:1782]
[2020.06.09-10.55.51:183][266]LogWindows: Error: [Callstack] 0x00007ff805ebcaf7 UE4Editor-RHI.dll!FRHIResource::FlushPendingDeletes() [d:\build\++ue4\sync\engine\source\runtime\rhi\private\rhi.cpp:314]
[2020.06.09-10.55.51:183][266]LogWindows: Error: [Callstack] 0x00007fffe4bbe4c7 UE4Editor-Renderer.dll!TGraphTask<TEnqueueUniqueRenderCommandType<`FRendererModule::BeginRenderingViewFamily'::`27'::FDrawSceneCommandName,<lambda_98974a148448e2faeb6b39d7ee44228d> > >::ExecuteTask() [d:\build\++ue4\sync\engine\source\runtime\core\public\async\taskgraphinterfaces.h:847]
[2020.06.09-10.55.51:183][266]LogWindows: Error: [Callstack] 0x00007fffea934e4a UE4Editor-Core.dll!FNamedTaskThread::ProcessTasksNamedThread() [d:\build\++ue4\sync\engine\source\runtime\core\private\async\taskgraph.cpp:686]
[2020.06.09-10.55.51:183][266]LogWindows: Error: [Callstack] 0x00007fffea9351f3 UE4Editor-Core.dll!FNamedTaskThread::ProcessTasksUntilQuit() [d:\build\++ue4\sync\engine\source\runtime\core\private\async\taskgraph.cpp:583]
[2020.06.09-10.55.51:183][266]LogWindows: Error: [Callstack] 0x00007ff807050021 UE4Editor-RenderCore.dll!RenderingThreadMain() [d:\build\++ue4\sync\engine\source\runtime\rendercore\private\renderingthread.cpp:340]
[2020.06.09-10.55.51:183][266]LogWindows: Error: [Callstack] 0x00007ff8070585b4 UE4Editor-RenderCore.dll!FRenderingThread::Run() [d:\build\++ue4\sync\engine\source\runtime\rendercore\private\renderingthread.cpp:471]
[2020.06.09-10.55.51:183][266]LogWindows: Error: [Callstack] 0x00007fffead89f5f UE4Editor-Core.dll!FRunnableThreadWin::Run() [d:\build\++ue4\sync\engine\source\runtime\core\private\windows\windowsrunnablethread.cpp:96]
[2020.06.09-10.55.51:183][266]LogWindows: Error: [Callstack] 0x00007fffead804b1 UE4Editor-Core.dll!FRunnableThreadWin::GuardedRun() [d:\build\++ue4\sync\engine\source\runtime\core\private\windows\windowsrunnablethread.cpp:53]
[2020.06.09-10.55.51:183][266]LogWindows: Error: [Callstack] 0x00007ff854877bd4 KERNEL32.DLL!UnknownFunction []
[2020.06.09-10.55.51:183][266]LogWindows: Error: [Callstack] 0x00007ff85532ce51 ntdll.dll!UnknownFunction []
[2020.06.09-10.55.51:184][266]LogWindows: Error: 
[2020.06.09-10.55.51:184][266]LogWindows: Error: 
[2020.06.09-10.55.51:184][266]LogWindows: Error: 
[2020.06.09-10.55.51:184][266]LogWindows: Error: 
[2020.06.09-10.55.51:200][266]LogExit: Executing StaticShutdownAfterError
[2020.06.09-10.55.51:204][266]LogWindows: FPlatformMisc::RequestExit(1)
[2020.06.09-10.55.51:268][266]Log file closed, 06/09/20 19:55:51
